#
# There is insufficient memory for the Java Runtime Environment to continue.
# Native memory allocation (malloc) failed to allocate 74448896 bytes for committing reserved memory.
# Possible reasons:
#   The system is out of physical RAM or swap space
#   In 32 bit mode, the process size limit was hit
# Possible solutions:
#   Reduce memory load on the system
#   Increase physical memory or swap space
#   Check if swap backing store is full
#   Use 64 bit Java on a 64 bit OS
#   Decrease Java heap size (-Xmx/-Xms)
#   Decrease number of Java threads
#   Decrease Java thread stack sizes (-Xss)
#   Set larger code cache with -XX:ReservedCodeCacheSize=
# This output file may be truncated or incomplete.
#
#  Out of Memory Error (os_linux.cpp:2827), pid=13052, tid=139882259330816
#
# JRE version: OpenJDK Runtime Environment (7.0_121) (build 1.7.0_121-b00)
# Java VM: OpenJDK 64-Bit Server VM (24.121-b00 mixed mode linux-amd64 compressed oops)
# Derivative: IcedTea 2.6.8
# Distribution: Ubuntu 14.04 LTS, package 7u121-2.6.8-1ubuntu0.14.04.1
# Failed to write core dump. Core dumps have been disabled. To enable core dumping, try "ulimit -c unlimited" before starting Java again
#

---------------  T H R E A D  ---------------

Current thread (0x00007f38dc076000):  VMThread [stack: 0x00007f38e050b000,0x00007f38e060c000] [id=13278]

Stack: [0x00007f38e050b000,0x00007f38e060c000],  sp=0x00007f38e060a490,  free space=1021k
Native frames: (J=compiled Java code, j=interpreted, Vv=VM code, C=native code)
V  [libjvm.so+0x95d825]
V  [libjvm.so+0x497994]
V  [libjvm.so+0x7d692b]
V  [libjvm.so+0x7d12ef]
V  [libjvm.so+0x8465eb]
V  [libjvm.so+0x847460]
V  [libjvm.so+0x847b4b]
V  [libjvm.so+0x843538]
V  [libjvm.so+0x843da8]
V  [libjvm.so+0x7f9443]
V  [libjvm.so+0x95f234]
V  [libjvm.so+0x963337]
V  [libjvm.so+0x961df8]
V  [libjvm.so+0x962259]
V  [libjvm.so+0x9626a2]
V  [libjvm.so+0x7d3722]

VM_Operation (0x00007f38e576d6d0): ParallelGCFailedAllocation, mode: safepoint, requested by thread 0x00007f38dc00a800


---------------  P R O C E S S  ---------------

Java Threads: ( => current thread )
  0x00007f38dc0b1000 JavaThread "Service Thread" daemon [_thread_blocked, id=13308, stack(0x00007f38d881d000,0x00007f38d891e000)]
  0x00007f38dc0ae800 JavaThread "C2 CompilerThread1" daemon [_thread_blocked, id=13307, stack(0x00007f38e0006000,0x00007f38e0107000)]
  0x00007f38dc0ab800 JavaThread "C2 CompilerThread0" daemon [_thread_blocked, id=13306, stack(0x00007f38e0107000,0x00007f38e0208000)]
  0x00007f38dc0a9800 JavaThread "Signal Dispatcher" daemon [_thread_blocked, id=13305, stack(0x00007f38e0208000,0x00007f38e0309000)]
  0x00007f38dc07c000 JavaThread "Finalizer" daemon [_thread_blocked, id=13285, stack(0x00007f38e0309000,0x00007f38e040a000)]
  0x00007f38dc07a000 JavaThread "Reference Handler" daemon [_thread_blocked, id=13283, stack(0x00007f38e040a000,0x00007f38e050b000)]
  0x00007f38dc00a800 JavaThread "main" [_thread_blocked, id=13241, stack(0x00007f38e5671000,0x00007f38e5772000)]

Other Threads:
=>0x00007f38dc076000 VMThread [stack: 0x00007f38e050b000,0x00007f38e060c000] [id=13278]
  0x00007f38dc0bb800 WatcherThread [stack: 0x00007f38d871c000,0x00007f38d881d000] [id=13309]

VM state:at safepoint (normal execution)

VM Mutex/Monitor currently owned by a thread:  ([mutex/lock_event])
[0x00007f38dc0068a0] Threads_lock - owner thread: 0x00007f38dc076000
[0x00007f38dc006da0] Heap_lock - owner thread: 0x00007f38dc00a800

Heap
 PSYoungGen      total 64000K, used 2544K [0x00000000ec500000, 0x00000000f0600000, 0x0000000100000000)
  eden space 61440K, 0% used [0x00000000ec500000,0x00000000ec500000,0x00000000f0100000)
  from space 2560K, 99% used [0x00000000f0100000,0x00000000f037c010,0x00000000f0380000)
  to   space 2560K, 0% used [0x00000000f0380000,0x00000000f0380000,0x00000000f0600000)
 ParOldGen       total 39936K, used 10767K [0x00000000c5000000, 0x00000000c7700000, 0x00000000ec500000)
  object space 39936K, 26% used [0x00000000c5000000,0x00000000c5a83e48,0x00000000c7700000)
 PSPermGen       total 21504K, used 16804K [0x00000000baa00000, 0x00000000bbf00000, 0x00000000c5000000)
  object space 21504K, 78% used [0x00000000baa00000,0x00000000bba69120,0x00000000bbf00000)

Card table byte_map: [0x00007f38e2072000,0x00007f38e229e000] byte_map_base: 0x00007f38e1a9d000

Polling page: 0x00007f38e5790000

Code Cache  [0x00007f38d9000000, 0x00007f38d9270000, 0x00007f38dc000000)
 total_blobs=810 nmethods=280 adapters=483 free_code_cache=47096Kb largest_free_block=48179456

Compilation events (10 events):
Event: 140.827 Thread 0x00007f38dc0ae800 nmethod 306% 0x00007f38d91fdc50 code [0x00007f38d91fddc0, 0x00007f38d91fdf78]
Event: 159.081 Thread 0x00007f38dc0ab800  307             org.codehaus.groovy.reflection.ParameterTypes::getParameterTypes (16 bytes)
Event: 163.284 Thread 0x00007f38dc0ae800  308             sun.misc.URLClassPath::findResource (38 bytes)
Event: 169.191 Thread 0x00007f38dc0ae800 nmethod 308 0x00007f38d91fd810 code [0x00007f38d91fd980, 0x00007f38d91fdaa8]
Event: 217.273 Thread 0x00007f38dc0ae800  309             java.net.URLStreamHandler::parseURL (1158 bytes)
Event: 219.898 Thread 0x00007f38dc0ab800 nmethod 307 0x00007f38d92064d0 code [0x00007f38d9206760, 0x00007f38d92077b0]
Event: 220.018 Thread 0x00007f38dc0ab800  310   !         org.json.JSONTokener::next (144 bytes)
Event: 223.761 Thread 0x00007f38dc0ab800 nmethod 310 0x00007f38d9204150 code [0x00007f38d92042c0, 0x00007f38d92046b8]
Event: 225.086 Thread 0x00007f38dc0ab800  311  s!         sun.misc.URLClassPath::getLoader (154 bytes)
Event: 255.541 Thread 0x00007f38dc0ab800 nmethod 311 0x00007f38d920b890 code [0x00007f38d920baa0, 0x00007f38d920cba0]

GC Heap History (9 events):
Event: 2.504 GC heap before
{Heap before GC invocations=1 (full 0):
 PSYoungGen      total 17920K, used 15360K [0x00000000ec500000, 0x00000000ed900000, 0x0000000100000000)
  eden space 15360K, 100% used [0x00000000ec500000,0x00000000ed400000,0x00000000ed400000)
  from space 2560K, 0% used [0x00000000ed680000,0x00000000ed680000,0x00000000ed900000)
  to   space 2560K, 0% used [0x00000000ed400000,0x00000000ed400000,0x00000000ed680000)
 ParOldGen       total 39936K, used 0K [0x00000000c5000000, 0x00000000c7700000, 0x00000000ec500000)
  object space 39936K, 0% used [0x00000000c5000000,0x00000000c5000000,0x00000000c7700000)
 PSPermGen       total 21504K, used 6540K [0x00000000baa00000, 0x00000000bbf00000, 0x00000000c5000000)
  object space 21504K, 30% used [0x00000000baa00000,0x00000000bb0630d0,0x00000000bbf00000)
Event: 2.541 GC heap after
Heap after GC invocations=1 (full 0):
 PSYoungGen      total 17920K, used 2550K [0x00000000ec500000, 0x00000000ee800000, 0x0000000100000000)
  eden space 15360K, 0% used [0x00000000ec500000,0x00000000ec500000,0x00000000ed400000)
  from space 2560K, 99% used [0x00000000ed400000,0x00000000ed67db40,0x00000000ed680000)
  to   space 2560K, 0% used [0x00000000ee580000,0x00000000ee580000,0x00000000ee800000)
 ParOldGen       total 39936K, used 16K [0x00000000c5000000, 0x00000000c7700000, 0x00000000ec500000)
  object space 39936K, 0% used [0x00000000c5000000,0x00000000c5004000,0x00000000c7700000)
 PSPermGen       total 21504K, used 6540K [0x00000000baa00000, 0x00000000bbf00000, 0x00000000c5000000)
  object space 21504K, 30% used [0x00000000baa00000,0x00000000bb0630d0,0x00000000bbf00000)
}
Event: 7.605 GC heap before
{Heap before GC invocations=2 (full 0):
 PSYoungGen      total 17920K, used 17910K [0x00000000ec500000, 0x00000000ee800000, 0x0000000100000000)
  eden space 15360K, 100% used [0x00000000ec500000,0x00000000ed400000,0x00000000ed400000)
  from space 2560K, 99% used [0x00000000ed400000,0x00000000ed67db40,0x00000000ed680000)
  to   space 2560K, 0% used [0x00000000ee580000,0x00000000ee580000,0x00000000ee800000)
 ParOldGen       total 39936K, used 16K [0x00000000c5000000, 0x00000000c7700000, 0x00000000ec500000)
  object space 39936K, 0% used [0x00000000c5000000,0x00000000c5004000,0x00000000c7700000)
 PSPermGen       total 21504K, used 9062K [0x00000000baa00000, 0x00000000bbf00000, 0x00000000c5000000)
  object space 21504K, 42% used [0x00000000baa00000,0x00000000bb2d9b40,0x00000000bbf00000)
Event: 7.691 GC heap after
Heap after GC invocations=2 (full 0):
 PSYoungGen      total 33280K, used 2532K [0x00000000ec500000, 0x00000000ee800000, 0x0000000100000000)
  eden space 30720K, 0% used [0x00000000ec500000,0x00000000ec500000,0x00000000ee300000)
  from space 2560K, 98% used [0x00000000ee580000,0x00000000ee7f90e0,0x00000000ee800000)
  to   space 2560K, 0% used [0x00000000ee300000,0x00000000ee300000,0x00000000ee580000)
 ParOldGen       total 39936K, used 1562K [0x00000000c5000000, 0x00000000c7700000, 0x00000000ec500000)
  object space 39936K, 3% used [0x00000000c5000000,0x00000000c5186960,0x00000000c7700000)
 PSPermGen       total 21504K, used 9062K [0x00000000baa00000, 0x00000000bbf00000, 0x00000000c5000000)
  object space 21504K, 42% used [0x00000000baa00000,0x00000000bb2d9b40,0x00000000bbf00000)
}
Event: 11.115 GC heap before
{Heap before GC invocations=3 (full 0):
 PSYoungGen      total 33280K, used 33252K [0x00000000ec500000, 0x00000000ee800000, 0x0000000100000000)
  eden space 30720K, 100% used [0x00000000ec500000,0x00000000ee300000,0x00000000ee300000)
  from space 2560K, 98% used [0x00000000ee580000,0x00000000ee7f90e0,0x00000000ee800000)
  to   space 2560K, 0% used [0x00000000ee300000,0x00000000ee300000,0x00000000ee580000)
 ParOldGen       total 39936K, used 1562K [0x00000000c5000000, 0x00000000c7700000, 0x00000000ec500000)
  object space 39936K, 3% used [0x00000000c5000000,0x00000000c5186960,0x00000000c7700000)
 PSPermGen       total 21504K, used 9834K [0x00000000baa00000, 0x00000000bbf00000, 0x00000000c5000000)
  object space 21504K, 45% used [0x00000000baa00000,0x00000000bb39ab88,0x00000000bbf00000)
Event: 11.428 GC heap after
Heap after GC invocations=3 (full 0):
 PSYoungGen      total 33280K, used 2544K [0x00000000ec500000, 0x00000000f0600000, 0x0000000100000000)
  eden space 30720K, 0% used [0x00000000ec500000,0x00000000ec500000,0x00000000ee300000)
  from space 2560K, 99% used [0x00000000ee300000,0x00000000ee57c0d0,0x00000000ee580000)
  to   space 2560K, 0% used [0x00000000f0380000,0x00000000f0380000,0x00000000f0600000)
 ParOldGen       total 39936K, used 2948K [0x00000000c5000000, 0x00000000c7700000, 0x00000000ec500000)
  object space 39936K, 7% used [0x00000000c5000000,0x00000000c52e1370,0x00000000c7700000)
 PSPermGen       total 21504K, used 9834K [0x00000000baa00000, 0x00000000bbf00000, 0x00000000c5000000)
  object space 21504K, 45% used [0x00000000baa00000,0x00000000bb39ab88,0x00000000bbf00000)
}
Event: 36.819 GC heap before
{Heap before GC invocations=4 (full 0):
 PSYoungGen      total 33280K, used 33264K [0x00000000ec500000, 0x00000000f0600000, 0x0000000100000000)
  eden space 30720K, 100% used [0x00000000ec500000,0x00000000ee300000,0x00000000ee300000)
  from space 2560K, 99% used [0x00000000ee300000,0x00000000ee57c0d0,0x00000000ee580000)
  to   space 2560K, 0% used [0x00000000f0380000,0x00000000f0380000,0x00000000f0600000)
 ParOldGen       total 39936K, used 2948K [0x00000000c5000000, 0x00000000c7700000, 0x00000000ec500000)
  object space 39936K, 7% used [0x00000000c5000000,0x00000000c52e1370,0x00000000c7700000)
 PSPermGen       total 21504K, used 12308K [0x00000000baa00000, 0x00000000bbf00000, 0x00000000c5000000)
  object space 21504K, 57% used [0x00000000baa00000,0x00000000bb605290,0x00000000bbf00000)
Event: 36.844 GC heap after
Heap after GC invocations=4 (full 0):
 PSYoungGen      total 64000K, used 2544K [0x00000000ec500000, 0x00000000f0600000, 0x0000000100000000)
  eden space 61440K, 0% used [0x00000000ec500000,0x00000000ec500000,0x00000000f0100000)
  from space 2560K, 99% used [0x00000000f0380000,0x00000000f05fc010,0x00000000f0600000)
  to   space 2560K, 0% used [0x00000000f0100000,0x00000000f0100000,0x00000000f0380000)
 ParOldGen       total 39936K, used 6424K [0x00000000c5000000, 0x00000000c7700000, 0x00000000ec500000)
  object space 39936K, 16% used [0x00000000c5000000,0x00000000c5646190,0x00000000c7700000)
 PSPermGen       total 21504K, used 12308K [0x00000000baa00000, 0x00000000bbf00000, 0x00000000c5000000)
  object space 21504K, 57% used [0x00000000baa00000,0x00000000bb605290,0x00000000bbf00000)
}
Event: 258.510 GC heap before
{Heap before GC invocations=5 (full 0):
 PSYoungGen      total 64000K, used 63984K [0x00000000ec500000, 0x00000000f0600000, 0x0000000100000000)
  eden space 61440K, 100% used [0x00000000ec500000,0x00000000f0100000,0x00000000f0100000)
  from space 2560K, 99% used [0x00000000f0380000,0x00000000f05fc010,0x00000000f0600000)
  to   space 2560K, 0% used [0x00000000f0100000,0x00000000f0100000,0x00000000f0380000)
 ParOldGen       total 39936K, used 6424K [0x00000000c5000000, 0x00000000c7700000, 0x00000000ec500000)
  object space 39936K, 16% used [0x00000000c5000000,0x00000000c5646190,0x00000000c7700000)
 PSPermGen       total 21504K, used 16804K [0x00000000baa00000, 0x00000000bbf00000, 0x00000000c5000000)
  object space 21504K, 78% used [0x00000000baa00000,0x00000000bba69120,0x00000000bbf00000)

Deoptimization events (10 events):
Event: 37.172 Thread 0x00007f38dc00a800 Uncommon trap: reason=unstable_if action=reinterpret pc=0x00007f38d9073b00 method=java.io.DataInputStream.readUTF(Ljava/io/DataInput;)Ljava/lang/String; @ 31
Event: 37.595 Thread 0x00007f38dc00a800 Uncommon trap: reason=unstable_if action=reinterpret pc=0x00007f38d9069084 method=java.util.jar.Manifest$FastInputStream.readLine([BII)I @ 87
Event: 37.976 Thread 0x00007f38dc00a800 Uncommon trap: reason=bimorphic action=maybe_recompile pc=0x00007f38d90a0a7c method=java.util.HashMap.<init>(IF)V @ 115
Event: 38.104 Thread 0x00007f38dc00a800 Uncommon trap: reason=null_check action=make_not_entrant pc=0x00007f38d91f9388 method=java.util.LinkedHashMap.get(Ljava/lang/Object;)Ljava/lang/Object; @ 5
Event: 38.104 Thread 0x00007f38dc00a800 Uncommon trap: reason=null_check action=make_not_entrant pc=0x00007f38d91eb8b4 method=java.util.LinkedHashMap.get(Ljava/lang/Object;)Ljava/lang/Object; @ 5
Event: 38.184 Thread 0x00007f38dc00a800 Uncommon trap: reason=unstable_if action=reinterpret pc=0x00007f38d9064cec method=java.net.URI.match(CJJ)Z @ 45
Event: 38.354 Thread 0x00007f38dc00a800 Uncommon trap: reason=bimorphic action=maybe_recompile pc=0x00007f38d90b9310 method=java.net.URL.<init>(Ljava/net/URL;Ljava/lang/String;Ljava/net/URLStreamHandler;)V @ 504
Event: 38.528 Thread 0x00007f38dc00a800 Uncommon trap: reason=bimorphic action=maybe_recompile pc=0x00007f38d90a0a7c method=java.util.HashMap.<init>(IF)V @ 115
Event: 38.641 Thread 0x00007f38dc00a800 Uncommon trap: reason=unstable_if action=reinterpret pc=0x00007f38d907eb94 method=java.lang.String.regionMatches(ZILjava/lang/String;II)Z @ 123
Event: 76.835 Thread 0x00007f38dc00a800 Uncommon trap: reason=unstable_if action=reinterpret pc=0x00007f38d90c6148 method=java.util.HashMap.put(Ljava/lang/Object;Ljava/lang/Object;)Ljava/lang/Object; @ 19

Internal exceptions (10 events):
Event: 254.688 Thread 0x00007f38dc00a800 Threw 0x00000000effd1f70 at /build/openjdk-7-A9DpoP/openjdk-7-7u121-2.6.8/build/openjdk/hotspot/src/share/vm/classfile/systemDictionary.cpp:185
Event: 254.700 Thread 0x00007f38dc00a800 Threw 0x00000000effddd20 at /build/openjdk-7-A9DpoP/openjdk-7-7u121-2.6.8/build/openjdk/hotspot/src/share/vm/prims/jvm.cpp:1322
Event: 254.700 Thread 0x00007f38dc00a800 Threw 0x00000000effdeca0 at /build/openjdk-7-A9DpoP/openjdk-7-7u121-2.6.8/build/openjdk/hotspot/src/share/vm/prims/jvm.cpp:1322
Event: 254.700 Thread 0x00007f38dc00a800 Threw 0x00000000effdf4e0 at /build/openjdk-7-A9DpoP/openjdk-7-7u121-2.6.8/build/openjdk/hotspot/src/share/vm/prims/jvm.cpp:1322
Event: 254.700 Thread 0x00007f38dc00a800 Threw 0x00000000effdfbf8 at /build/openjdk-7-A9DpoP/openjdk-7-7u121-2.6.8/build/openjdk/hotspot/src/share/vm/prims/jvm.cpp:1322
Event: 255.154 Thread 0x00007f38dc00a800 Threw 0x00000000f00030d8 at /build/openjdk-7-A9DpoP/openjdk-7-7u121-2.6.8/build/openjdk/hotspot/src/share/vm/prims/jvm.cpp:1322
Event: 255.552 Thread 0x00007f38dc00a800 Threw 0x00000000f0004018 at /build/openjdk-7-A9DpoP/openjdk-7-7u121-2.6.8/build/openjdk/hotspot/src/share/vm/prims/jvm.cpp:1322
Event: 255.589 Thread 0x00007f38dc00a800 Threw 0x00000000f0004858 at /build/openjdk-7-A9DpoP/openjdk-7-7u121-2.6.8/build/openjdk/hotspot/src/share/vm/prims/jvm.cpp:1322
Event: 255.589 Thread 0x00007f38dc00a800 Threw 0x00000000f0004f70 at /build/openjdk-7-A9DpoP/openjdk-7-7u121-2.6.8/build/openjdk/hotspot/src/share/vm/prims/jvm.cpp:1322
Event: 255.647 Thread 0x00007f38dc00a800 Threw 0x00000000f001cb78 at /build/openjdk-7-A9DpoP/openjdk-7-7u121-2.6.8/build/openjdk/hotspot/src/share/vm/classfile/systemDictionary.cpp:185

Events (10 events):
Event: 254.674 loading class 0x00007f38dc7e9420 done
Event: 254.688 loading class 0x00007f38dc7e9420
Event: 254.688 loading class 0x00007f38dc7e9420 done
Event: 254.700 loading class 0x00007f38dc829590
Event: 254.700 loading class 0x00007f38dc829590 done
Event: 255.339 loading class 0x00007f38dc829590
Event: 255.352 loading class 0x00007f38dc829590 done
Event: 255.626 loading class 0x00007f38dc829590
Event: 255.646 loading class 0x00007f38dc829590 done
Event: 258.444 Executing VM operation: ParallelGCFailedAllocation


Dynamic libraries:
00400000-00401000 r-xp 00000000 08:01 1663021                            /usr/lib/jvm/java-7-openjdk-amd64/jre/bin/java
00600000-00601000 r--p 00000000 08:01 1663021                            /usr/lib/jvm/java-7-openjdk-amd64/jre/bin/java
00601000-00602000 rw-p 00001000 08:01 1663021                            /usr/lib/jvm/java-7-openjdk-amd64/jre/bin/java
016f6000-01717000 rw-p 00000000 00:00 0                                  [heap]
baa00000-bbf00000 rw-p 00000000 00:00 0 
bbf00000-c5000000 rw-p 00000000 00:00 0 
c5000000-c7700000 rw-p 00000000 00:00 0 
c7700000-ec500000 rw-p 00000000 00:00 0 
ec500000-f0600000 rw-p 00000000 00:00 0 
f4d00000-100000000 rw-p 00000000 00:00 0 
7f389c000000-7f389c021000 rw-p 00000000 00:00 0 
7f389c021000-7f38a0000000 ---p 00000000 00:00 0 
7f38a0000000-7f38a0021000 rw-p 00000000 00:00 0 
7f38a0021000-7f38a4000000 ---p 00000000 00:00 0 
7f38a4000000-7f38a45b0000 rw-p 00000000 00:00 0 
7f38a45b0000-7f38a8000000 ---p 00000000 00:00 0 
7f38a8000000-7f38a8021000 rw-p 00000000 00:00 0 
7f38a8021000-7f38ac000000 ---p 00000000 00:00 0 
7f38ac000000-7f38ac021000 rw-p 00000000 00:00 0 
7f38ac021000-7f38b0000000 ---p 00000000 00:00 0 
7f38b0000000-7f38b0fa3000 rw-p 00000000 00:00 0 
7f38b0fa3000-7f38b4000000 ---p 00000000 00:00 0 
7f38b4000000-7f38b4021000 rw-p 00000000 00:00 0 
7f38b4021000-7f38b8000000 ---p 00000000 00:00 0 
7f38b8000000-7f38b8021000 rw-p 00000000 00:00 0 
7f38b8021000-7f38bc000000 ---p 00000000 00:00 0 
7f38bc000000-7f38bc021000 rw-p 00000000 00:00 0 
7f38bc021000-7f38c0000000 ---p 00000000 00:00 0 
7f38c0000000-7f38c0039000 rw-p 00000000 00:00 0 
7f38c0039000-7f38c4000000 ---p 00000000 00:00 0 
7f38c4000000-7f38c4021000 rw-p 00000000 00:00 0 
7f38c4021000-7f38c8000000 ---p 00000000 00:00 0 
7f38cc000000-7f38cc021000 rw-p 00000000 00:00 0 
7f38cc021000-7f38d0000000 ---p 00000000 00:00 0 
7f38d03e1000-7f38d03e6000 r-xp 00000000 08:01 1572758                    /lib/x86_64-linux-gnu/libnss_dns-2.19.so
7f38d03e6000-7f38d05e5000 ---p 00005000 08:01 1572758                    /lib/x86_64-linux-gnu/libnss_dns-2.19.so
7f38d05e5000-7f38d05e6000 r--p 00004000 08:01 1572758                    /lib/x86_64-linux-gnu/libnss_dns-2.19.so
7f38d05e6000-7f38d05e7000 rw-p 00005000 08:01 1572758                    /lib/x86_64-linux-gnu/libnss_dns-2.19.so
7f38d05e7000-7f38d05e9000 r-xp 00000000 08:01 1572564                    /lib/x86_64-linux-gnu/libnss_mdns4_minimal.so.2
7f38d05e9000-7f38d07e8000 ---p 00002000 08:01 1572564                    /lib/x86_64-linux-gnu/libnss_mdns4_minimal.so.2
7f38d07e8000-7f38d07e9000 r--p 00001000 08:01 1572564                    /lib/x86_64-linux-gnu/libnss_mdns4_minimal.so.2
7f38d07e9000-7f38d07ea000 rw-p 00002000 08:01 1572564                    /lib/x86_64-linux-gnu/libnss_mdns4_minimal.so.2
7f38d07ea000-7f38d07fa000 r-xp 00000000 08:01 1662942                    /usr/lib/jvm/java-7-openjdk-amd64/jre/lib/amd64/libnio.so
7f38d07fa000-7f38d09fa000 ---p 00010000 08:01 1662942                    /usr/lib/jvm/java-7-openjdk-amd64/jre/lib/amd64/libnio.so
7f38d09fa000-7f38d09fb000 r--p 00010000 08:01 1662942                    /usr/lib/jvm/java-7-openjdk-amd64/jre/lib/amd64/libnio.so
7f38d09fb000-7f38d09fc000 rw-p 00011000 08:01 1662942                    /usr/lib/jvm/java-7-openjdk-amd64/jre/lib/amd64/libnio.so
7f38d09fc000-7f38d0a39000 r-xp 00000000 08:01 1572536                    /lib/x86_64-linux-gnu/libpcre.so.3.13.1
7f38d0a39000-7f38d0c38000 ---p 0003d000 08:01 1572536                    /lib/x86_64-linux-gnu/libpcre.so.3.13.1
7f38d0c38000-7f38d0c39000 r--p 0003c000 08:01 1572536                    /lib/x86_64-linux-gnu/libpcre.so.3.13.1
7f38d0c39000-7f38d0c3a000 rw-p 0003d000 08:01 1572536                    /lib/x86_64-linux-gnu/libpcre.so.3.13.1
7f38d0c3a000-7f38d0c41000 r-xp 00000000 08:01 1107289                    /usr/lib/x86_64-linux-gnu/libffi.so.6.0.1
7f38d0c41000-7f38d0e40000 ---p 00007000 08:01 1107289                    /usr/lib/x86_64-linux-gnu/libffi.so.6.0.1
7f38d0e40000-7f38d0e41000 r--p 00006000 08:01 1107289                    /usr/lib/x86_64-linux-gnu/libffi.so.6.0.1
7f38d0e41000-7f38d0e42000 rw-p 00007000 08:01 1107289                    /usr/lib/x86_64-linux-gnu/libffi.so.6.0.1
7f38d0e42000-7f38d0e59000 r-xp 00000000 08:01 1570902                    /lib/x86_64-linux-gnu/libresolv-2.19.so
7f38d0e59000-7f38d1059000 ---p 00017000 08:01 1570902                    /lib/x86_64-linux-gnu/libresolv-2.19.so
7f38d1059000-7f38d105a000 r--p 00017000 08:01 1570902                    /lib/x86_64-linux-gnu/libresolv-2.19.so
7f38d105a000-7f38d105b000 rw-p 00018000 08:01 1570902                    /lib/x86_64-linux-gnu/libresolv-2.19.so
7f38d105b000-7f38d105d000 rw-p 00000000 00:00 0 
7f38d105d000-7f38d107d000 r-xp 00000000 08:01 1572613                    /lib/x86_64-linux-gnu/libselinux.so.1
7f38d107d000-7f38d127c000 ---p 00020000 08:01 1572613                    /lib/x86_64-linux-gnu/libselinux.so.1
7f38d127c000-7f38d127d000 r--p 0001f000 08:01 1572613                    /lib/x86_64-linux-gnu/libselinux.so.1
7f38d127d000-7f38d127e000 rw-p 00020000 08:01 1572613                    /lib/x86_64-linux-gnu/libselinux.so.1
7f38d127e000-7f38d1280000 rw-p 00000000 00:00 0 
7f38d1280000-7f38d1283000 r-xp 00000000 08:01 1107402                    /usr/lib/x86_64-linux-gnu/libgmodule-2.0.so.0.4002.0
7f38d1283000-7f38d1482000 ---p 00003000 08:01 1107402                    /usr/lib/x86_64-linux-gnu/libgmodule-2.0.so.0.4002.0
7f38d1482000-7f38d1483000 r--p 00002000 08:01 1107402                    /usr/lib/x86_64-linux-gnu/libgmodule-2.0.so.0.4002.0
7f38d1483000-7f38d1484000 rw-p 00003000 08:01 1107402                    /usr/lib/x86_64-linux-gnu/libgmodule-2.0.so.0.4002.0
7f38d1484000-7f38d158a000 r-xp 00000000 08:01 1572514                    /lib/x86_64-linux-gnu/libglib-2.0.so.0.4002.0
7f38d158a000-7f38d1789000 ---p 00106000 08:01 1572514                    /lib/x86_64-linux-gnu/libglib-2.0.so.0.4002.0
7f38d1789000-7f38d178a000 r--p 00105000 08:01 1572514                    /lib/x86_64-linux-gnu/libglib-2.0.so.0.4002.0
7f38d178a000-7f38d178b000 rw-p 00106000 08:01 1572514                    /lib/x86_64-linux-gnu/libglib-2.0.so.0.4002.0
7f38d178b000-7f38d178c000 rw-p 00000000 00:00 0 
7f38d178c000-7f38d17db000 r-xp 00000000 08:01 1107418                    /usr/lib/x86_64-linux-gnu/libgobject-2.0.so.0.4002.0
7f38d17db000-7f38d19db000 ---p 0004f000 08:01 1107418                    /usr/lib/x86_64-linux-gnu/libgobject-2.0.so.0.4002.0
7f38d19db000-7f38d19dc000 r--p 0004f000 08:01 1107418                    /usr/lib/x86_64-linux-gnu/libgobject-2.0.so.0.4002.0
7f38d19dc000-7f38d19dd000 rw-p 00050000 08:01 1107418                    /usr/lib/x86_64-linux-gnu/libgobject-2.0.so.0.4002.0
7f38d19dd000-7f38d1b49000 r-xp 00000000 08:01 1107390                    /usr/lib/x86_64-linux-gnu/libgio-2.0.so.0.4002.0
7f38d1b49000-7f38d1d48000 ---p 0016c000 08:01 1107390                    /usr/lib/x86_64-linux-gnu/libgio-2.0.so.0.4002.0
7f38d1d48000-7f38d1d4c000 r--p 0016b000 08:01 1107390                    /usr/lib/x86_64-linux-gnu/libgio-2.0.so.0.4002.0
7f38d1d4c000-7f38d1d4e000 rw-p 0016f000 08:01 1107390                    /usr/lib/x86_64-linux-gnu/libgio-2.0.so.0.4002.0
7f38d1d4e000-7f38d4000000 rw-p 00000000 00:00 0 
7f38d4000000-7f38d4021000 rw-p 00000000 00:00 0 
7f38d4021000-7f38d8000000 ---p 00000000 00:00 0 
7f38d806a000-7f38d806b000 rw-p 00000000 00:00 0 
7f38d806b000-7f38d806e000 ---p 00000000 00:00 0 
7f38d806e000-7f38d816c000 rw-p 00000000 00:00 0 
7f38d816c000-7f38d8183000 r-xp 00000000 08:01 1662964                    /usr/lib/jvm/java-7-openjdk-amd64/jre/lib/amd64/libnet.so
7f38d8183000-7f38d8382000 ---p 00017000 08:01 1662964                    /usr/lib/jvm/java-7-openjdk-amd64/jre/lib/amd64/libnet.so
7f38d8382000-7f38d8383000 r--p 00016000 08:01 1662964                    /usr/lib/jvm/java-7-openjdk-amd64/jre/lib/amd64/libnet.so
7f38d8383000-7f38d8384000 rw-p 00017000 08:01 1662964                    /usr/lib/jvm/java-7-openjdk-amd64/jre/lib/amd64/libnet.so
7f38d8384000-7f38d838e000 r--s 000ae000 08:01 1662975                    /usr/lib/jvm/java-7-openjdk-amd64/jre/lib/resources.jar
7f38d838e000-7f38d8391000 r--s 00023000 08:01 2511636                    /home/sarnobat/github/groovy_libraries/.groovy/lib/maven-shared-utils-0.1.jar
7f38d8391000-7f38d8394000 r--s 0000b000 08:01 2511571                    /home/sarnobat/github/groovy_libraries/.groovy/lib/concurrentlinkedhashmap-lru-1.3.1.jar
7f38d8394000-7f38d8395000 r--s 0000a000 08:01 2511570                    /home/sarnobat/github/groovy_libraries/.groovy/lib/commons-logging-api-1.1.jar
7f38d8395000-7f38d8397000 r--s 00008000 08:01 2511663                    /home/sarnobat/github/groovy_libraries/.groovy/lib/vget-1.1.5.jar
7f38d8397000-7f38d8398000 r--s 00004000 08:01 2511639                    /home/sarnobat/github/groovy_libraries/.groovy/lib/opencsv-2.3.jar
7f38d8398000-7f38d83a6000 r--s 000ad000 08:01 2511597                    /home/sarnobat/github/groovy_libraries/.groovy/lib/jackson-mapper-asl-1.9.2.jar
7f38d83a6000-7f38d83b3000 r--s 000a2000 08:01 2511566                    /home/sarnobat/github/groovy_libraries/.groovy/lib/commons-imaging-1.0-R1480221.jar
7f38d83b3000-7f38d83b5000 r--s 00000000 08:01 2511645                    /home/sarnobat/github/groovy_libraries/.groovy/lib/plexus-component-annotations-1.5.5.jar
7f38d83b5000-7f38d83b9000 r--s 0000c000 08:01 2511662                    /home/sarnobat/github/groovy_libraries/.groovy/lib/validation-api-1.1.0.Final.jar
7f38d83b9000-7f38d83bb000 r--s 00005000 08:01 2511658                    /home/sarnobat/github/groovy_libraries/.groovy/lib/slf4j-api-1.7.5.jar
7f38d83bb000-7f38d83c0000 r--s 0002a000 08:01 2511583                    /home/sarnobat/github/groovy_libraries/.groovy/lib/gson-2.2.4.jar
7f38d83c0000-7f38d83c1000 r--s 00002000 08:01 2511617                    /home/sarnobat/github/groovy_libraries/.groovy/lib/jsch.agentproxy.connector-factory-0.0.6.jar
7f38d83c1000-7f38d83ce000 r--s 00082000 08:01 2511605                    /home/sarnobat/github/groovy_libraries/.groovy/lib/jersey-common-2.0.jar
7f38d83ce000-7f38d83d0000 r--s 0000d000 08:01 2511647                    /home/sarnobat/github/groovy_libraries/.groovy/lib/plexus-interpolation-1.13.jar
7f38d83d0000-7f38d83f5000 r--s 002e3000 08:01 2511665                    /home/sarnobat/github/groovy_libraries/.groovy/lib/xalan-2.7.1.jar
7f38d83f5000-7f38d83f8000 r--s 0001b000 08:01 2511628                    /home/sarnobat/github/groovy_libraries/.groovy/lib/junit-3.8.2.jar
7f38d83f8000-7f38d83f9000 r--s 00001000 08:01 2511572                    /home/sarnobat/github/groovy_libraries/.groovy/lib/doxia-sink-api-1.0-alpha-7.jar
7f38d83f9000-7f38d83fb000 r--s 00011000 08:01 2511615                    /home/sarnobat/github/groovy_libraries/.groovy/lib/jsch-extension-0.1.3.jar
7f38d83fb000-7f38d83ff000 r--s 00040000 08:01 2511613                    /home/sarnobat/github/groovy_libraries/.groovy/lib/jsch-0.1.53-sources.jar
7f38d83ff000-7f38d8402000 r--s 00023000 08:01 2511602                    /home/sarnobat/github/groovy_libraries/.groovy/lib/jdom-1.0.jar
7f38d8402000-7f38d8403000 r--s 00003000 08:01 2511574                    /home/sarnobat/github/groovy_libraries/.groovy/lib/geronimo-jta_1.1_spec-1.1.1.jar
7f38d8403000-7f38d8404000 r--s 00003000 08:01 2511606                    /home/sarnobat/github/groovy_libraries/.groovy/lib/jersey-container-jdk-http-2.0.jar
7f38d8404000-7f38d8408000 r--s 0003b000 08:01 2511612                    /home/sarnobat/github/groovy_libraries/.groovy/lib/jsch-0.1.50.jar.disabled
7f38d8408000-7f38d840c000 r--s 00032000 08:01 2511650                    /home/sarnobat/github/groovy_libraries/.groovy/lib/rome-1.0.jar
7f38d840c000-7f38d8417000 r--s 00068000 08:01 2511607                    /home/sarnobat/github/groovy_libraries/.groovy/lib/jersey-core-1.17.1.jar
7f38d8417000-7f38d8418000 r--s 00007000 08:01 2511657                    /home/sarnobat/github/groovy_libraries/.groovy/lib/slf4j-api-1.7.12.jar
7f38d8418000-7f38d841a000 r--s 0000a000 08:01 2511664                    /home/sarnobat/github/groovy_libraries/.groovy/lib/wget-1.2.9.jar
7f38d841a000-7f38d8429000 r--s 00095000 08:01 2511660                    /home/sarnobat/github/groovy_libraries/.groovy/lib/sshd-core-0.14.0.jar
7f38d8429000-7f38d842a000 r--s 00001000 08:01 2511622                    /home/sarnobat/github/groovy_libraries/.groovy/lib/jsch.agentproxy.usocket-jna-0.0.6.jar
7f38d842a000-7f38d842c000 r--s 00000000 08:01 2511619                    /home/sarnobat/github/groovy_libraries/.groovy/lib/jsch.agentproxy.jsch-0.0.6.jar
7f38d842c000-7f38d8430000 r--s 0001d000 08:01 2511666                    /home/sarnobat/github/groovy_libraries/.groovy/lib/xbean-reflect-3.4.jar
7f38d8430000-7f38d8435000 r--s 00047000 08:01 2511560                    /home/sarnobat/github/groovy_libraries/.groovy/lib/asm-all-repackaged-2.1.88.jar
7f38d8435000-7f38d8437000 r--s 00000000 08:01 2511644                    /home/sarnobat/github/groovy_libraries/.groovy/lib/plexus-compiler-manager-2.0.jar
7f38d8437000-7f38d8439000 r--s 00002000 08:01 2511635                    /home/sarnobat/github/groovy_libraries/.groovy/lib/maven-shared-incremental-1.0.jar
7f38d8439000-7f38d843b000 r--s 00001000 08:01 2511618                    /home/sarnobat/github/groovy_libraries/.groovy/lib/jsch.agentproxy.core-0.0.6.jar
7f38d843b000-7f38d843d000 r--s 00282000 08:01 2511654                    /home/sarnobat/github/groovy_libraries/.groovy/lib/selenium-firefox-driver-2.45.0.jar
7f38d843d000-7f38d843f000 r--s 00005000 08:01 2511598                    /home/sarnobat/github/groovy_libraries/.groovy/lib/javax.annotation-api-1.2.jar
7f38d843f000-7f38d8440000 r--s 00001000 08:01 2511620                    /home/sarnobat/github/groovy_libraries/.groovy/lib/jsch.agentproxy.pageant-0.0.6.jar
7f38d8440000-7f38d8442000 r--s 00000000 08:01 2511621                    /home/sarnobat/github/groovy_libraries/.groovy/lib/jsch.agentproxy.sshagent-0.0.6.jar
7f38d8442000-7f38d8444000 r--s 0000d000 08:01 2511580                    /home/sarnobat/github/groovy_libraries/.groovy/lib/google-oauth-client-1.17.0-rc.jar
7f38d8444000-7f38d8448000 r--s 00025000 08:01 2511575                    /home/sarnobat/github/groovy_libraries/.groovy/lib/google-api-client-1.17.0-rc.jar
7f38d8448000-7f38d8449000 r--s 00001000 08:01 2511641                    /home/sarnobat/github/groovy_libraries/.groovy/lib/plexus-build-api-0.0.4.jar
7f38d8449000-7f38d844c000 r--s 0001b000 08:01 2511627                    /home/sarnobat/github/groovy_libraries/.groovy/lib/junit-3.8.1.jar
7f38d844c000-7f38d8450000 r--s 00019000 08:01 2511604                    /home/sarnobat/github/groovy_libraries/.groovy/lib/jersey-client-2.0.jar
7f38d8450000-7f38d8452000 r--s 0000d000 08:01 2511616                    /home/sarnobat/github/groovy_libraries/.groovy/lib/jsch-nio-0.1.5.jar
7f38d8452000-7f38d8458000 r--s 00033000 08:01 2511655                    /home/sarnobat/github/groovy_libraries/.groovy/lib/selenium-remote-driver-2.45.0.jar
7f38d8458000-7f38d845c000 r--s 0002f000 08:01 2511596                    /home/sarnobat/github/groovy_libraries/.groovy/lib/jackson-core-2.1.3.jar
7f38d845c000-7f38d8485000 r--s 001ee000 08:01 2511584                    /home/sarnobat/github/groovy_libraries/.groovy/lib/guava-14.0.1.jar
7f38d8485000-7f38d8488000 r--s 00015000 08:01 2511576                    /home/sarnobat/github/groovy_libraries/.groovy/lib/google-api-services-calendar-v3-rev72-1.17.0-rc.jar
7f38d8488000-7f38d848a000 r--s 0000b000 08:01 2511587                    /home/sarnobat/github/groovy_libraries/.groovy/lib/hk2-utils-2.1.88.jar
7f38d848a000-7f38d8490000 r--s 00042000 08:01 2511625                    /home/sarnobat/github/groovy_libraries/.groovy/lib/jsoup-1.7.2.jar
7f38d8490000-7f38d849e000 r--s 0007f000 08:01 2511564                    /home/sarnobat/github/groovy_libraries/.groovy/lib/commons-collections-3.2.1.jar
7f38d849e000-7f38d84a9000 r--s 00085000 08:01 2511589                    /home/sarnobat/github/groovy_libraries/.groovy/lib/httpclient-4.3.3.jar
7f38d84a9000-7f38d84aa000 r--s 00002000 08:01 2511581                    /home/sarnobat/github/groovy_libraries/.groovy/lib/google-oauth-client-java6-1.17.0-rc.jar
7f38d84aa000-7f38d84ab000 r--s 00001000 08:01 2511623                    /home/sarnobat/github/groovy_libraries/.groovy/lib/jsch.agentproxy.usocket-nc-0.0.6.jar
7f38d84ab000-7f38d84af000 r--s 00017000 08:01 2511661                    /home/sarnobat/github/groovy_libraries/.groovy/lib/thumbnailator-0.4.8.jar
7f38d84af000-7f38d84b1000 r--s 0001f000 08:01 2511656                    /home/sarnobat/github/groovy_libraries/.groovy/lib/servlet-api-2.5-20081211.jar
7f38d84b1000-7f38d851a000 r--s 003e4000 08:01 2511637                    /home/sarnobat/github/groovy_libraries/.groovy/lib/neo4j-cypher-1.9.2.jar
7f38d851a000-7f38d851c000 r--s 0001d000 08:01 2511586                    /home/sarnobat/github/groovy_libraries/.groovy/lib/hk2-locator-2.1.88.jar
7f38d851c000-7f38d8520000 r--s 00018000 08:01 2511585                    /home/sarnobat/github/groovy_libraries/.groovy/lib/hk2-api-2.1.88.jar
7f38d8520000-7f38d8521000 r--s 00002000 08:01 2511653                    /home/sarnobat/github/groovy_libraries/.groovy/lib/selenium-chrome-driver-2.45.0.jar
7f38d8521000-7f38d8525000 r--s 00024000 08:01 2511608                    /home/sarnobat/github/groovy_libraries/.groovy/lib/jersey-json-1.17.1.jar
7f38d8525000-7f38d8529000 r--s 0002a000 08:01 2511567                    /home/sarnobat/github/groovy_libraries/.groovy/lib/commons-io-2.4.jar
7f38d8529000-7f38d8548000 r--s 00153000 08:01 2511638                    /home/sarnobat/github/groovy_libraries/.groovy/lib/neo4j-kernel-1.9.2.jar
7f38d8548000-7f38d854f000 r--s 00051000 08:01 2511629                    /home/sarnobat/github/groovy_libraries/.groovy/lib/log4j-1.2.12.jar
7f38d854f000-7f38d8553000 r--s 00018000 08:01 2511601                    /home/sarnobat/github/groovy_libraries/.groovy/lib/javax.ws.rs-api-2.0.jar
7f38d8553000-7f38d8555000 r--s 0000b000 08:01 2511565                    /home/sarnobat/github/groovy_libraries/.groovy/lib/commons-exec-1.1.jar
7f38d8555000-7f38d8557000 r--s 00001000 08:01 2511659                    /home/sarnobat/github/groovy_libraries/.groovy/lib/slf4j-log4j12-1.7.12.jar
7f38d8557000-7f38d8559000 r--s 00005000 08:01 2511642                    /home/sarnobat/github/groovy_libraries/.groovy/lib/plexus-compiler-api-2.0.jar
7f38d8559000-7f38d855a000 r--s 00002000 08:01 2511633                    /home/sarnobat/github/groovy_libraries/.groovy/lib/maven-reporting-api-2.0.6.jar
7f38d855a000-7f38d8560000 r--s 0003c000 08:01 2511578                    /home/sarnobat/github/groovy_libraries/.groovy/lib/google-http-client-1.17.0-rc.jar
7f38d8560000-7f38d8564000 r--s 00028000 08:01 2511611                    /home/sarnobat/github/groovy_libraries/.groovy/lib/jetty-util-6.1.26.jar
7f38d8564000-7f38d8566000 r--s 00009000 08:01 2511631                    /home/sarnobat/github/groovy_libraries/.groovy/lib/maven-compiler-plugin-3.0.jar
7f38d8566000-7f38d856d000 r--s 00058000 08:01 2511569                    /home/sarnobat/github/groovy_libraries/.groovy/lib/commons-lang3-3.2.1.jar
7f38d856d000-7f38d856f000 r--s 0000a000 08:01 2511563                    /home/sarnobat/github/groovy_libraries/.groovy/lib/commons-codec-1.3.jar
7f38d856f000-7f38d8571000 r--s 00007000 08:01 2511632                    /home/sarnobat/github/groovy_libraries/.groovy/lib/maven-filtering-1.0-beta-4.jar
7f38d8571000-7f38d8572000 r--s 00004000 08:01 2511643                    /home/sarnobat/github/groovy_libraries/.groovy/lib/plexus-compiler-javac-2.0.jar
7f38d8572000-7f38d8579000 r--s 00048000 08:01 2511593                    /home/sarnobat/github/groovy_libraries/.groovy/lib/httpcore-4.4.1.jar
7f38d8579000-7f38d857d000 r--s 000dc000 08:01 2512041                    /home/sarnobat/github/groovy_libraries/.groovy/lib/jna-4.1.0.jar
7f38d857d000-7f38d8583000 r--s 00043000 08:01 2511573                    /home/sarnobat/github/groovy_libraries/.groovy/lib/genson-0.98.jar
7f38d8583000-7f38d8584000 r--s 00005000 08:01 2511634                    /home/sarnobat/github/groovy_libraries/.groovy/lib/maven-resources-plugin-2.4.3.jar
7f38d8584000-7f38d8586000 r--s 00005000 08:01 2511595                    /home/sarnobat/github/groovy_libraries/.groovy/lib/httpmime-4.2.3.jar
7f38d8586000-7f38d858a000 r--s 0003c000 08:01 2511568                    /home/sarnobat/github/groovy_libraries/.groovy/lib/commons-lang-2.4.jar
7f38d858a000-7f38d858e000 r--s 00030000 08:01 2511648                    /home/sarnobat/github/groovy_libraries/.groovy/lib/plexus-utils-1.5.1.jar
7f38d858e000-7f38d8595000 r--s 0003f000 08:01 2511561                    /home/sarnobat/github/groovy_libraries/.groovy/lib/cglib-2.1.88.jar
7f38d8595000-7f38d8597000 r--s 00006000 08:01 2511562                    /home/sarnobat/github/groovy_libraries/.groovy/lib/commons-cli-1.0.jar
7f38d8597000-7f38d859a000 r--s 00012000 08:01 2511600                    /home/sarnobat/github/groovy_libraries/.groovy/lib/javax.json-1.0.4.jar
7f38d859a000-7f38d859b000 r--s 0000f000 08:01 2511624                    /home/sarnobat/github/groovy_libraries/.groovy/lib/json-20131018.jar
7f38d859b000-7f38d859c000 r--s 00001000 08:01 2511582                    /home/sarnobat/github/groovy_libraries/.groovy/lib/google-oauth-client-jetty-1.17.0-rc.jar
7f38d859c000-7f38d85a1000 r--s 0002b000 08:01 2512040                    /home/sarnobat/github/groovy_libraries/.groovy/lib/fuse-jna-0.0.1-SNAPSHOT.jar
7f38d85a1000-7f38d85b3000 r--s 00099000 08:01 2511609                    /home/sarnobat/github/groovy_libraries/.groovy/lib/jersey-server-2.0.jar
7f38d85b3000-7f38d85b5000 r--s 00006000 08:01 2511626                    /home/sarnobat/github/groovy_libraries/.groovy/lib/jsr305-2.0.1.jar
7f38d85b5000-7f38d85b6000 r--s 00001000 08:01 2511579                    /home/sarnobat/github/groovy_libraries/.groovy/lib/google-http-client-jackson2-1.17.0-rc.jar
7f38d85b6000-7f38d85b8000 r--s 00002000 08:01 2511646                    /home/sarnobat/github/groovy_libraries/.groovy/lib/plexus-interactivity-api-1.0-alpha-4.jar
7f38d85b8000-7f38d85b9000 r--s 00004000 08:01 2511640                    /home/sarnobat/github/groovy_libraries/.groovy/lib/osgi-resource-locator-1.0.1.jar
7f38d85b9000-7f38d85d4000 r--s 0018b000 08:01 2512099                    /home/sarnobat/github/groovy_libraries/.groovy/lib/jetty-all-server-7.6.11.v20130520.jar
7f38d85d4000-7f38d85d9000 r--s 0001d000 08:01 2511652                    /home/sarnobat/github/groovy_libraries/.groovy/lib/selenium-api-2.45.0.jar
7f38d85d9000-7f38d85e0000 r--s 00064000 08:01 2511630                    /home/sarnobat/github/groovy_libraries/.groovy/lib/mail-1.4.2.jar
7f38d85e0000-7f38d85e1000 r--s 00001000 08:01 2511599                    /home/sarnobat/github/groovy_libraries/.groovy/lib/javax.inject-2.1.88.jar
7f38d85e1000-7f38d85e8000 r--s 00050000 08:01 2511594                    /home/sarnobat/github/groovy_libraries/.groovy/lib/httpcore-nio-4.4.1.jar
7f38d85e8000-7f38d85ec000 r--s 00033000 08:01 2511649                    /home/sarnobat/github/groovy_libraries/.groovy/lib/plexus-utils-2.0.5.jar
7f38d85ec000-7f38d85ef000 r--s 0001d000 08:01 2511603                    /home/sarnobat/github/groovy_libraries/.groovy/lib/jersey-client-1.17.1.jar
7f38d85ef000-7f38d85f6000 r--s 0007d000 08:01 2511610                    /home/sarnobat/github/groovy_libraries/.groovy/lib/jetty-6.1.26.jar
7f38d85f6000-7f38d8667000 r--s 00658000 08:01 2511651                    /home/sarnobat/github/groovy_libraries/.groovy/lib/scala-library-2.10.0.jar
7f38d8667000-7f38d8669000 r--s 00008000 08:01 1146709                    /usr/share/java/asm3-util-3.3.2.jar
7f38d8669000-7f38d866a000 r--s 00004000 08:01 1148502                    /usr/share/java/ant-launcher-1.9.6.jar
7f38d866a000-7f38d866b000 r--s 00004000 08:01 1146595                    /usr/share/java/asm3-analysis-3.3.2.jar
7f38d866b000-7f38d8680000 r--s 00124000 08:01 1148695                    /usr/share/java/ivy-2.3.0.jar
7f38d8680000-7f38d8682000 r--s 00011000 08:01 1145203                    /usr/share/java/jsp-api-2.1.jar
7f38d8682000-7f38d8683000 r--s 00003000 08:01 1145178                    /usr/share/java/hawtjni-runtime-1.10.jar
7f38d8683000-7f38d8684000 r--s 00001000 08:01 1148613                    /usr/share/java/jansi-native-1.0.jar
7f38d8684000-7f38d8685000 r--s 00005000 08:01 1148616                    /usr/share/java/jansi-1.4.jar
7f38d8685000-7f38d8692000 r--s 00076000 08:01 1145205                    /usr/share/java/xstream-1.4.8.jar
7f38d8692000-7f38d8693000 r--s 0000d000 08:01 1146728                    /usr/share/java/commons-logging-1.2.jar
7f38d8693000-7f38d8698000 r--s 00068000 08:01 1145167                    /usr/share/java/antlr.jar
7f38d8698000-7f38d869a000 r--s 0000a000 08:01 1145172                    /usr/share/java/commons-cli-1.3.1.jar
7f38d869a000-7f38d869c000 r--s 0000f000 08:01 1148594                    /usr/share/java/jline-1.0.jar
7f38d869c000-7f38d869f000 r--s 00010000 08:01 1145187                    /usr/share/java/bsf-2.4.0.jar
7f38d869f000-7f38d86a1000 r--s 0001b000 08:01 1148200                    /usr/share/java/ant-junit-1.9.6.jar
7f38d86a1000-7f38d86c0000 r--s 001d1000 08:01 1148500                    /usr/share/java/ant-1.9.6.jar
7f38d86c0000-7f38d86c8000 r--s 00045000 08:01 1145199                    /usr/share/java/junit4-4.12.jar
7f38d86c8000-7f38d871c000 r--s 004e8000 08:01 1668956                    /usr/share/groovy/lib/groovy-1.8.6.jar
7f38d871c000-7f38d871d000 ---p 00000000 00:00 0 
7f38d871d000-7f38d881d000 rw-p 00000000 00:00 0                          [stack:13309]
7f38d881d000-7f38d8820000 ---p 00000000 00:00 0 
7f38d8820000-7f38d891e000 rw-p 00000000 00:00 0                          [stack:13308]
7f38d891e000-7f38d9000000 r--p 00000000 08:01 1106118                    /usr/lib/locale/locale-archive
7f38d9000000-7f38d9270000 rwxp 00000000 00:00 0 
7f38d9270000-7f38dd480000 rw-p 00000000 00:00 0 
7f38dd480000-7f38e0000000 ---p 00000000 00:00 0 
7f38e0000000-7f38e0001000 r--s 0000a000 08:01 1146592                    /usr/share/java/asm3-3.3.2.jar
7f38e0001000-7f38e0003000 r--s 00007000 08:01 1148589                    /usr/share/java/regexp-1.5.jar
7f38e0003000-7f38e0006000 r--s 0001e000 08:01 1145202                    /usr/share/java/servlet-api-2.5.jar
7f38e0006000-7f38e0009000 ---p 00000000 00:00 0 
7f38e0009000-7f38e0107000 rw-p 00000000 00:00 0                          [stack:13307]
7f38e0107000-7f38e010a000 ---p 00000000 00:00 0 
7f38e010a000-7f38e0208000 rw-p 00000000 00:00 0                          [stack:13306]
7f38e0208000-7f38e020b000 ---p 00000000 00:00 0 
7f38e020b000-7f38e0309000 rw-p 00000000 00:00 0                          [stack:13305]
7f38e0309000-7f38e030c000 ---p 00000000 00:00 0 
7f38e030c000-7f38e040a000 rw-p 00000000 00:00 0                          [stack:13285]
7f38e040a000-7f38e040d000 ---p 00000000 00:00 0 
7f38e040d000-7f38e050b000 rw-p 00000000 00:00 0                          [stack:13283]
7f38e050b000-7f38e050c000 ---p 00000000 00:00 0 
7f38e050c000-7f38e1609000 rw-p 00000000 00:00 0                          [stack:13278]
7f38e1609000-7f38e17bc000 r--s 01d41000 08:01 1662976                    /usr/lib/jvm/java-7-openjdk-amd64/jre/lib/rt.jar
7f38e17bc000-7f38e1ae0000 rw-p 00000000 00:00 0 
7f38e1ae0000-7f38e1ae1000 ---p 00000000 00:00 0 
7f38e1ae1000-7f38e1be1000 rw-p 00000000 00:00 0                          [stack:13252]
7f38e1be1000-7f38e1be2000 ---p 00000000 00:00 0 
7f38e1be2000-7f38e1ce2000 rw-p 00000000 00:00 0                          [stack:13251]
7f38e1ce2000-7f38e1ce3000 ---p 00000000 00:00 0 
7f38e1ce3000-7f38e1de3000 rw-p 00000000 00:00 0                          [stack:13250]
7f38e1de3000-7f38e1de4000 ---p 00000000 00:00 0 
7f38e1de4000-7f38e1eef000 rw-p 00000000 00:00 0                          [stack:13248]
7f38e1eef000-7f38e1f37000 rw-p 00000000 00:00 0 
7f38e1f37000-7f38e1f4b000 rw-p 00000000 00:00 0 
7f38e1f4b000-7f38e2072000 rw-p 00000000 00:00 0 
7f38e2072000-7f38e207d000 rw-p 00000000 00:00 0 
7f38e207d000-7f38e20c5000 rw-p 00000000 00:00 0 
7f38e20c5000-7f38e20d9000 rw-p 00000000 00:00 0 
7f38e20d9000-7f38e21ff000 rw-p 00000000 00:00 0 
7f38e21ff000-7f38e2220000 rw-p 00000000 00:00 0 
7f38e2220000-7f38e229d000 rw-p 00000000 00:00 0 
7f38e229d000-7f38e229e000 rw-p 00000000 00:00 0 
7f38e229e000-7f38e22a6000 r-xp 00000000 08:01 1662962                    /usr/lib/jvm/java-7-openjdk-amd64/jre/lib/amd64/libzip.so
7f38e22a6000-7f38e24a5000 ---p 00008000 08:01 1662962                    /usr/lib/jvm/java-7-openjdk-amd64/jre/lib/amd64/libzip.so
7f38e24a5000-7f38e24a6000 r--p 00007000 08:01 1662962                    /usr/lib/jvm/java-7-openjdk-amd64/jre/lib/amd64/libzip.so
7f38e24a6000-7f38e24a7000 rw-p 00008000 08:01 1662962                    /usr/lib/jvm/java-7-openjdk-amd64/jre/lib/amd64/libzip.so
7f38e24a7000-7f38e24b1000 r-xp 00000000 08:01 1572764                    /lib/x86_64-linux-gnu/libnss_files-2.19.so
7f38e24b1000-7f38e26b0000 ---p 0000a000 08:01 1572764                    /lib/x86_64-linux-gnu/libnss_files-2.19.so
7f38e26b0000-7f38e26b1000 r--p 00009000 08:01 1572764                    /lib/x86_64-linux-gnu/libnss_files-2.19.so
7f38e26b1000-7f38e26b2000 rw-p 0000a000 08:01 1572764                    /lib/x86_64-linux-gnu/libnss_files-2.19.so
7f38e26b2000-7f38e26bd000 r-xp 00000000 08:01 1572756                    /lib/x86_64-linux-gnu/libnss_nis-2.19.so
7f38e26bd000-7f38e28bc000 ---p 0000b000 08:01 1572756                    /lib/x86_64-linux-gnu/libnss_nis-2.19.so
7f38e28bc000-7f38e28bd000 r--p 0000a000 08:01 1572756                    /lib/x86_64-linux-gnu/libnss_nis-2.19.so
7f38e28bd000-7f38e28be000 rw-p 0000b000 08:01 1572756                    /lib/x86_64-linux-gnu/libnss_nis-2.19.so
7f38e28be000-7f38e28d5000 r-xp 00000000 08:01 1572577                    /lib/x86_64-linux-gnu/libnsl-2.19.so
7f38e28d5000-7f38e2ad4000 ---p 00017000 08:01 1572577                    /lib/x86_64-linux-gnu/libnsl-2.19.so
7f38e2ad4000-7f38e2ad5000 r--p 00016000 08:01 1572577                    /lib/x86_64-linux-gnu/libnsl-2.19.so
7f38e2ad5000-7f38e2ad6000 rw-p 00017000 08:01 1572577                    /lib/x86_64-linux-gnu/libnsl-2.19.so
7f38e2ad6000-7f38e2ad8000 rw-p 00000000 00:00 0 
7f38e2ad8000-7f38e2ae1000 r-xp 00000000 08:01 1572576                    /lib/x86_64-linux-gnu/libnss_compat-2.19.so
7f38e2ae1000-7f38e2ce0000 ---p 00009000 08:01 1572576                    /lib/x86_64-linux-gnu/libnss_compat-2.19.so
7f38e2ce0000-7f38e2ce1000 r--p 00008000 08:01 1572576                    /lib/x86_64-linux-gnu/libnss_compat-2.19.so
7f38e2ce1000-7f38e2ce2000 rw-p 00009000 08:01 1572576                    /lib/x86_64-linux-gnu/libnss_compat-2.19.so
7f38e2ce2000-7f38e2d0c000 r-xp 00000000 08:01 1662961                    /usr/lib/jvm/java-7-openjdk-amd64/jre/lib/amd64/libjava.so
7f38e2d0c000-7f38e2f0c000 ---p 0002a000 08:01 1662961                    /usr/lib/jvm/java-7-openjdk-amd64/jre/lib/amd64/libjava.so
7f38e2f0c000-7f38e2f0d000 r--p 0002a000 08:01 1662961                    /usr/lib/jvm/java-7-openjdk-amd64/jre/lib/amd64/libjava.so
7f38e2f0d000-7f38e2f0f000 rw-p 0002b000 08:01 1662961                    /usr/lib/jvm/java-7-openjdk-amd64/jre/lib/amd64/libjava.so
7f38e2f0f000-7f38e2f1f000 r-xp 00000000 08:01 1662963                    /usr/lib/jvm/java-7-openjdk-amd64/jre/lib/amd64/libverify.so
7f38e2f1f000-7f38e311e000 ---p 00010000 08:01 1662963                    /usr/lib/jvm/java-7-openjdk-amd64/jre/lib/amd64/libverify.so
7f38e311e000-7f38e3120000 r--p 0000f000 08:01 1662963                    /usr/lib/jvm/java-7-openjdk-amd64/jre/lib/amd64/libverify.so
7f38e3120000-7f38e3121000 rw-p 00011000 08:01 1662963                    /usr/lib/jvm/java-7-openjdk-amd64/jre/lib/amd64/libverify.so
7f38e3121000-7f38e3128000 r-xp 00000000 08:01 1572760                    /lib/x86_64-linux-gnu/librt-2.19.so
7f38e3128000-7f38e3327000 ---p 00007000 08:01 1572760                    /lib/x86_64-linux-gnu/librt-2.19.so
7f38e3327000-7f38e3328000 r--p 00006000 08:01 1572760                    /lib/x86_64-linux-gnu/librt-2.19.so
7f38e3328000-7f38e3329000 rw-p 00007000 08:01 1572760                    /lib/x86_64-linux-gnu/librt-2.19.so
7f38e3329000-7f38e333f000 r-xp 00000000 08:01 1572510                    /lib/x86_64-linux-gnu/libgcc_s.so.1
7f38e333f000-7f38e353e000 ---p 00016000 08:01 1572510                    /lib/x86_64-linux-gnu/libgcc_s.so.1
7f38e353e000-7f38e353f000 rw-p 00015000 08:01 1572510                    /lib/x86_64-linux-gnu/libgcc_s.so.1
7f38e353f000-7f38e3644000 r-xp 00000000 08:01 1572453                    /lib/x86_64-linux-gnu/libm-2.19.so
7f38e3644000-7f38e3843000 ---p 00105000 08:01 1572453                    /lib/x86_64-linux-gnu/libm-2.19.so
7f38e3843000-7f38e3844000 r--p 00104000 08:01 1572453                    /lib/x86_64-linux-gnu/libm-2.19.so
7f38e3844000-7f38e3845000 rw-p 00105000 08:01 1572453                    /lib/x86_64-linux-gnu/libm-2.19.so
7f38e3845000-7f38e392b000 r-xp 00000000 08:01 1108444                    /usr/lib/x86_64-linux-gnu/libstdc++.so.6.0.19
7f38e392b000-7f38e3b2a000 ---p 000e6000 08:01 1108444                    /usr/lib/x86_64-linux-gnu/libstdc++.so.6.0.19
7f38e3b2a000-7f38e3b32000 r--p 000e5000 08:01 1108444                    /usr/lib/x86_64-linux-gnu/libstdc++.so.6.0.19
7f38e3b32000-7f38e3b34000 rw-p 000ed000 08:01 1108444                    /usr/lib/x86_64-linux-gnu/libstdc++.so.6.0.19
7f38e3b34000-7f38e3b49000 rw-p 00000000 00:00 0 
7f38e3b49000-7f38e4677000 r-xp 00000000 08:01 1662935                    /usr/lib/jvm/java-7-openjdk-amd64/jre/lib/amd64/server/libjvm.so
7f38e4677000-7f38e4877000 ---p 00b2e000 08:01 1662935                    /usr/lib/jvm/java-7-openjdk-amd64/jre/lib/amd64/server/libjvm.so
7f38e4877000-7f38e4911000 r--p 00b2e000 08:01 1662935                    /usr/lib/jvm/java-7-openjdk-amd64/jre/lib/amd64/server/libjvm.so
7f38e4911000-7f38e4934000 rw-p 00bc8000 08:01 1662935                    /usr/lib/jvm/java-7-openjdk-amd64/jre/lib/amd64/server/libjvm.so
7f38e4934000-7f38e4963000 rw-p 00000000 00:00 0 
7f38e4963000-7f38e497b000 r-xp 00000000 08:01 1572646                    /lib/x86_64-linux-gnu/libz.so.1.2.8
7f38e497b000-7f38e4b7a000 ---p 00018000 08:01 1572646                    /lib/x86_64-linux-gnu/libz.so.1.2.8
7f38e4b7a000-7f38e4b7b000 r--p 00017000 08:01 1572646                    /lib/x86_64-linux-gnu/libz.so.1.2.8
7f38e4b7b000-7f38e4b7c000 rw-p 00018000 08:01 1572646                    /lib/x86_64-linux-gnu/libz.so.1.2.8
7f38e4b7c000-7f38e4b95000 r-xp 00000000 08:01 1572578                    /lib/x86_64-linux-gnu/libpthread-2.19.so
7f38e4b95000-7f38e4d94000 ---p 00019000 08:01 1572578                    /lib/x86_64-linux-gnu/libpthread-2.19.so
7f38e4d94000-7f38e4d95000 r--p 00018000 08:01 1572578                    /lib/x86_64-linux-gnu/libpthread-2.19.so
7f38e4d95000-7f38e4d96000 rw-p 00019000 08:01 1572578                    /lib/x86_64-linux-gnu/libpthread-2.19.so
7f38e4d96000-7f38e4d9a000 rw-p 00000000 00:00 0 
7f38e4d9a000-7f38e4d9d000 r-xp 00000000 08:01 1572498                    /lib/x86_64-linux-gnu/libdl-2.19.so
7f38e4d9d000-7f38e4f9c000 ---p 00003000 08:01 1572498                    /lib/x86_64-linux-gnu/libdl-2.19.so
7f38e4f9c000-7f38e4f9d000 r--p 00002000 08:01 1572498                    /lib/x86_64-linux-gnu/libdl-2.19.so
7f38e4f9d000-7f38e4f9e000 rw-p 00003000 08:01 1572498                    /lib/x86_64-linux-gnu/libdl-2.19.so
7f38e4f9e000-7f38e5158000 r-xp 00000000 08:01 1572761                    /lib/x86_64-linux-gnu/libc-2.19.so
7f38e5158000-7f38e5358000 ---p 001ba000 08:01 1572761                    /lib/x86_64-linux-gnu/libc-2.19.so
7f38e5358000-7f38e535c000 r--p 001ba000 08:01 1572761                    /lib/x86_64-linux-gnu/libc-2.19.so
7f38e535c000-7f38e535e000 rw-p 001be000 08:01 1572761                    /lib/x86_64-linux-gnu/libc-2.19.so
7f38e535e000-7f38e5363000 rw-p 00000000 00:00 0 
7f38e5363000-7f38e5370000 r-xp 00000000 08:01 1662967                    /usr/lib/jvm/java-7-openjdk-amd64/jre/lib/amd64/jli/libjli.so
7f38e5370000-7f38e556f000 ---p 0000d000 08:01 1662967                    /usr/lib/jvm/java-7-openjdk-amd64/jre/lib/amd64/jli/libjli.so
7f38e556f000-7f38e5570000 r--p 0000c000 08:01 1662967                    /usr/lib/jvm/java-7-openjdk-amd64/jre/lib/amd64/jli/libjli.so
7f38e5570000-7f38e5571000 rw-p 0000d000 08:01 1662967                    /usr/lib/jvm/java-7-openjdk-amd64/jre/lib/amd64/jli/libjli.so
7f38e5571000-7f38e5594000 r-xp 00000000 08:01 1572579                    /lib/x86_64-linux-gnu/ld-2.19.so
7f38e5594000-7f38e5596000 r--s 0000c000 08:01 1148183                    /usr/share/java/mockobjects-core-0.09.jar
7f38e5596000-7f38e5598000 r--s 00004000 08:01 1146594                    /usr/share/java/asm3-tree-3.3.2.jar
7f38e5598000-7f38e559a000 r--s 00012000 08:01 1662979                    /usr/lib/jvm/java-7-openjdk-amd64/jre/lib/ext/zipfs.jar
7f38e559a000-7f38e559b000 r--s 00002000 08:01 1662980                    /usr/lib/jvm/java-7-openjdk-amd64/jre/lib/ext/dnsns.jar
7f38e559b000-7f38e55bb000 rw-p 00000000 00:00 0 
7f38e55bb000-7f38e5671000 rw-p 00000000 00:00 0 
7f38e5671000-7f38e5674000 ---p 00000000 00:00 0 
7f38e5674000-7f38e5777000 rw-p 00000000 00:00 0                          [stack:13241]
7f38e5777000-7f38e577b000 r--s 00034000 08:01 1662978                    /usr/lib/jvm/java-7-openjdk-amd64/jre/lib/ext/sunjce_provider.jar
7f38e577b000-7f38e577d000 r--s 00007000 08:01 1148835                    /usr/share/java/java-atk-wrapper.jar
7f38e577d000-7f38e5780000 r--s 0000f000 08:01 1662981                    /usr/lib/jvm/java-7-openjdk-amd64/jre/lib/ext/icedtea-sound.jar
7f38e5780000-7f38e5783000 r--s 0003d000 08:01 1662977                    /usr/lib/jvm/java-7-openjdk-amd64/jre/lib/ext/sunpkcs11.jar
7f38e5783000-7f38e5787000 r--s 00085000 08:01 1662982                    /usr/lib/jvm/java-7-openjdk-amd64/jre/lib/ext/localedata.jar
7f38e5787000-7f38e578f000 rw-s 00000000 08:01 2740063                    /tmp/hsperfdata_sarnobat/13052
7f38e578f000-7f38e5790000 rw-p 00000000 00:00 0 
7f38e5790000-7f38e5791000 ---p 00000000 00:00 0 
7f38e5791000-7f38e5793000 rw-p 00000000 00:00 0 
7f38e5793000-7f38e5794000 r--p 00022000 08:01 1572579                    /lib/x86_64-linux-gnu/ld-2.19.so
7f38e5794000-7f38e5795000 rw-p 00023000 08:01 1572579                    /lib/x86_64-linux-gnu/ld-2.19.so
7f38e5795000-7f38e5796000 rw-p 00000000 00:00 0 
7fffaa3ef000-7fffaa410000 rw-p 00000000 00:00 0                          [stack]
7fffaa4a6000-7fffaa4a8000 r--p 00000000 00:00 0                          [vvar]
7fffaa4a8000-7fffaa4aa000 r-xp 00000000 00:00 0                          [vdso]
ffffffffff600000-ffffffffff601000 r-xp 00000000 00:00 0                  [vsyscall]

VM Arguments:
jvm_args: -Dscript.name=/usr/bin/groovy -Dprogram.name=groovy -Dgroovy.starter.conf=/etc/groovy/groovy-starter.conf -Dgroovy.home=/usr/share/groovy -Dtools.jar=/usr/lib/jvm/java-7-openjdk-amd64/jre/lib/tools.jar 
java_command: org.codehaus.groovy.tools.GroovyStarter --main groovy.ui.GroovyMain --conf /etc/groovy/groovy-starter.conf --classpath . server.groovy /home/sarnobat/yurl
Launcher Type: SUN_STANDARD

Environment Variables:
JAVA_HOME=/usr/lib/jvm/java-7-openjdk-amd64/jre
PATH=/usr/bin:/bin
SHELL=/bin/sh

Signal Handlers:
SIGSEGV: [libjvm.so+0x95e310], sa_mask[0]=0x7ffbfeff, sa_flags=0x10000004
SIGBUS: [libjvm.so+0x95e310], sa_mask[0]=0x7ffbfeff, sa_flags=0x10000004
SIGFPE: [libjvm.so+0x7d1ef0], sa_mask[0]=0x7ffbfeff, sa_flags=0x10000004
SIGPIPE: [libjvm.so+0x7d1ef0], sa_mask[0]=0x7ffbfeff, sa_flags=0x10000004
SIGXFSZ: [libjvm.so+0x7d1ef0], sa_mask[0]=0x7ffbfeff, sa_flags=0x10000004
SIGILL: [libjvm.so+0x7d1ef0], sa_mask[0]=0x7ffbfeff, sa_flags=0x10000004
SIGUSR1: SIG_DFL, sa_mask[0]=0x00000000, sa_flags=0x00000000
SIGUSR2: [libjvm.so+0x7d2020], sa_mask[0]=0x00000000, sa_flags=0x10000004
SIGHUP: [libjvm.so+0x7d1f70], sa_mask[0]=0x7ffbfeff, sa_flags=0x10000004
SIGINT: [libjvm.so+0x7d1f70], sa_mask[0]=0x7ffbfeff, sa_flags=0x10000004
SIGTERM: [libjvm.so+0x7d1f70], sa_mask[0]=0x7ffbfeff, sa_flags=0x10000004
SIGQUIT: [libjvm.so+0x7d1f70], sa_mask[0]=0x7ffbfeff, sa_flags=0x10000004
SIGTRAP: SIG_DFL, sa_mask[0]=0x00000000, sa_flags=0x00000000


---------------  S Y S T E M  ---------------

OS:Ubuntu 14.04 (trusty)
uname:Linux 4.2.0-34-generic #39~14.04.1-Ubuntu SMP Fri Mar 11 11:38:02 UTC 2016 x86_64
libc:glibc 2.19 NPTL 2.19 
rlimit: STACK 8192k, CORE 0k, NPROC 15006, NOFILE 4096, AS infinity
load average:41.03 23.25 10.51

/proc/meminfo:
MemTotal:        3864416 kB
MemFree:           24732 kB
MemAvailable:      65872 kB
Buffers:            2000 kB
Cached:            31052 kB
SwapCached:         2164 kB
Active:          2670888 kB
Inactive:         809120 kB
Active(anon):    2666176 kB
Inactive(anon):   804036 kB
Active(file):       4712 kB
Inactive(file):     5084 kB
Unevictable:           0 kB
Mlocked:               0 kB
SwapTotal:       4007932 kB
SwapFree:              0 kB
Dirty:               272 kB
Writeback:            88 kB
AnonPages:       3446364 kB
Mapped:             8248 kB
Shmem:             23256 kB
Slab:             129668 kB
SReclaimable:      55600 kB
SUnreclaim:        74068 kB
KernelStack:       48768 kB
PageTables:       121720 kB
NFS_Unstable:          0 kB
Bounce:                0 kB
WritebackTmp:          0 kB
CommitLimit:     5940140 kB
Committed_AS:   24491296 kB
VmallocTotal:   34359738367 kB
VmallocUsed:      347972 kB
VmallocChunk:   34358947836 kB
HardwareCorrupted:     0 kB
AnonHugePages:    645120 kB
CmaTotal:              0 kB
CmaFree:               0 kB
HugePages_Total:       0
HugePages_Free:        0
HugePages_Rsvd:        0
HugePages_Surp:        0
Hugepagesize:       2048 kB
DirectMap4k:      521856 kB
DirectMap2M:     3487744 kB


CPU:total 4 (2 cores per cpu, 2 threads per core) family 6 model 58 stepping 9, cmov, cx8, fxsr, mmx, sse, sse2, sse3, ssse3, sse4.1, sse4.2, popcnt, avx, aes, erms, ht, tsc, tscinvbit, tscinv

/proc/cpuinfo:
processor	: 0
vendor_id	: GenuineIntel
cpu family	: 6
model		: 58
model name	: Intel(R) Core(TM) i5-3427U CPU @ 1.80GHz
stepping	: 9
microcode	: 0x17
cpu MHz		: 2495.679
cache size	: 3072 KB
physical id	: 0
siblings	: 4
core id		: 0
cpu cores	: 2
apicid		: 0
initial apicid	: 0
fpu		: yes
fpu_exception	: yes
cpuid level	: 13
wp		: yes
flags		: fpu vme de pse tsc msr pae mce cx8 apic sep mtrr pge mca cmov pat pse36 clflush dts acpi mmx fxsr sse sse2 ss ht tm pbe syscall nx rdtscp lm constant_tsc arch_perfmon pebs bts rep_good nopl xtopology nonstop_tsc aperfmperf eagerfpu pni pclmulqdq dtes64 monitor ds_cpl vmx smx est tm2 ssse3 cx16 xtpr pdcm pcid sse4_1 sse4_2 x2apic popcnt tsc_deadline_timer aes xsave avx f16c rdrand lahf_lm ida arat epb pln pts dtherm tpr_shadow vnmi flexpriority ept vpid fsgsbase smep erms xsaveopt
bugs		:
bogomips	: 4589.67
clflush size	: 64
cache_alignment	: 64
address sizes	: 36 bits physical, 48 bits virtual
power management:

processor	: 1
vendor_id	: GenuineIntel
cpu family	: 6
model		: 58
model name	: Intel(R) Core(TM) i5-3427U CPU @ 1.80GHz
stepping	: 9
microcode	: 0x17
cpu MHz		: 2528.472
cache size	: 3072 KB
physical id	: 0
siblings	: 4
core id		: 1
cpu cores	: 2
apicid		: 2
initial apicid	: 2
fpu		: yes
fpu_exception	: yes
cpuid level	: 13
wp		: yes
flags		: fpu vme de pse tsc msr pae mce cx8 apic sep mtrr pge mca cmov pat pse36 clflush dts acpi mmx fxsr sse sse2 ss ht tm pbe syscall nx rdtscp lm constant_tsc arch_perfmon pebs bts rep_good nopl xtopology nonstop_tsc aperfmperf eagerfpu pni pclmulqdq dtes64 monitor ds_cpl vmx smx est tm2 ssse3 cx16 xtpr pdcm pcid sse4_1 sse4_2 x2apic popcnt tsc_deadline_timer aes xsave avx f16c rdrand lahf_lm ida arat epb pln pts dtherm tpr_shadow vnmi flexpriority ept vpid fsgsbase smep erms xsaveopt
bugs		:
bogomips	: 4589.67
clflush size	: 64
cache_alignment	: 64
address sizes	: 36 bits physical, 48 bits virtual
power management:

processor	: 2
vendor_id	: GenuineIntel
cpu family	: 6
model		: 58
model name	: Intel(R) Core(TM) i5-3427U CPU @ 1.80GHz
stepping	: 9
microcode	: 0x17
cpu MHz		: 2518.140
cache size	: 3072 KB
physical id	: 0
siblings	: 4
core id		: 0
cpu cores	: 2
apicid		: 1
initial apicid	: 1
fpu		: yes
fpu_exception	: yes
cpuid level	: 13
wp		: yes
flags		: fpu vme de pse tsc msr pae mce cx8 apic sep mtrr pge mca cmov pat pse36 clflush dts acpi mmx fxsr sse sse2 ss ht tm pbe syscall nx rdtscp lm constant_tsc arch_perfmon pebs bts rep_good nopl xtopology nonstop_tsc aperfmperf eagerfpu pni pclmulqdq dtes64 monitor ds_cpl vmx smx est tm2 ssse3 cx16 xtpr pdcm pcid sse4_1 sse4_2 x2apic popcnt tsc_deadline_timer aes xsave avx f16c rdrand lahf_lm ida arat epb pln pts dtherm tpr_shadow vnmi flexpriority ept vpid fsgsbase smep erms xsaveopt
bugs		:
bogomips	: 4589.67
clflush size	: 64
cache_alignment	: 64
address sizes	: 36 bits physical, 48 bits virtual
power management:

processor	: 3
vendor_id	: GenuineIntel
cpu family	: 6
model		: 58
model name	: Intel(R) Core(TM) i5-3427U CPU @ 1.80GHz
stepping	: 9
microcode	: 0x17
cpu MHz		: 2586.242
cache size	: 3072 KB
physical id	: 0
siblings	: 4
core id		: 1
cpu cores	: 2
apicid		: 3
initial apicid	: 3
fpu		: yes
fpu_exception	: yes
cpuid level	: 13
wp		: yes
flags		: fpu vme de pse tsc msr pae mce cx8 apic sep mtrr pge mca cmov pat pse36 clflush dts acpi mmx fxsr sse sse2 ss ht tm pbe syscall nx rdtscp lm constant_tsc arch_perfmon pebs bts rep_good nopl xtopology nonstop_tsc aperfmperf eagerfpu pni pclmulqdq dtes64 monitor ds_cpl vmx smx est tm2 ssse3 cx16 xtpr pdcm pcid sse4_1 sse4_2 x2apic popcnt tsc_deadline_timer aes xsave avx f16c rdrand lahf_lm ida arat epb pln pts dtherm tpr_shadow vnmi flexpriority ept vpid fsgsbase smep erms xsaveopt
bugs		:
bogomips	: 4589.67
clflush size	: 64
cache_alignment	: 64
address sizes	: 36 bits physical, 48 bits virtual
power management:



Memory: 4k page, physical 3864416k(24900k free), swap 4007932k(0k free)

vm_info: OpenJDK 64-Bit Server VM (24.121-b00) for linux-amd64 JRE (1.7.0_121-b00), built on Nov 16 2016 00:46:21 by "buildd" with gcc 4.8.4

time: Tue Mar  7 21:44:35 2017
elapsed time: 273 seconds

