#
# There is insufficient memory for the Java Runtime Environment to continue.
# Native memory allocation (malloc) failed to allocate 74448896 bytes for committing reserved memory.
# Possible reasons:
#   The system is out of physical RAM or swap space
#   In 32 bit mode, the process size limit was hit
# Possible solutions:
#   Reduce memory load on the system
#   Increase physical memory or swap space
#   Check if swap backing store is full
#   Use 64 bit Java on a 64 bit OS
#   Decrease Java heap size (-Xmx/-Xms)
#   Decrease number of Java threads
#   Decrease Java thread stack sizes (-Xss)
#   Set larger code cache with -XX:ReservedCodeCacheSize=
# This output file may be truncated or incomplete.
#
#  Out of Memory Error (os_linux.cpp:2827), pid=21451, tid=140546385123072
#
# JRE version: OpenJDK Runtime Environment (7.0_121) (build 1.7.0_121-b00)
# Java VM: OpenJDK 64-Bit Server VM (24.121-b00 mixed mode linux-amd64 compressed oops)
# Derivative: IcedTea 2.6.8
# Distribution: Ubuntu 14.04 LTS, package 7u121-2.6.8-1ubuntu0.14.04.1
# Failed to write core dump. Core dumps have been disabled. To enable core dumping, try "ulimit -c unlimited" before starting Java again
#

---------------  T H R E A D  ---------------

Current thread (0x00007fd388076000):  VMThread [stack: 0x00007fd3814c1000,0x00007fd3815c2000] [id=21660]

Stack: [0x00007fd3814c1000,0x00007fd3815c2000],  sp=0x00007fd3815c0490,  free space=1021k
Native frames: (J=compiled Java code, j=interpreted, Vv=VM code, C=native code)
V  [libjvm.so+0x95d825]
V  [libjvm.so+0x497994]
V  [libjvm.so+0x7d692b]
V  [libjvm.so+0x7d12ef]
V  [libjvm.so+0x8465eb]
V  [libjvm.so+0x847460]
V  [libjvm.so+0x847b4b]
V  [libjvm.so+0x843538]
V  [libjvm.so+0x843da8]
V  [libjvm.so+0x7f9443]
V  [libjvm.so+0x95f234]
V  [libjvm.so+0x963337]
V  [libjvm.so+0x961df8]
V  [libjvm.so+0x962259]
V  [libjvm.so+0x9626a2]
V  [libjvm.so+0x7d3722]

VM_Operation (0x00007fd38f9e0530): ParallelGCFailedAllocation, mode: safepoint, requested by thread 0x00007fd38800a800


---------------  P R O C E S S  ---------------

Java Threads: ( => current thread )
  0x00007fd3887f9800 JavaThread "Keep-Alive-Timer" daemon [_thread_blocked, id=21846, stack(0x00007fd38002e000,0x00007fd38012f000)]
  0x00007fd3880b1000 JavaThread "Service Thread" daemon [_thread_blocked, id=21717, stack(0x00007fd3807d9000,0x00007fd3808da000)]
  0x00007fd3880ae800 JavaThread "C2 CompilerThread1" daemon [_thread_blocked, id=21716, stack(0x00007fd3808da000,0x00007fd3809db000)]
  0x00007fd3880ab800 JavaThread "C2 CompilerThread0" daemon [_thread_blocked, id=21714, stack(0x00007fd3809db000,0x00007fd380adc000)]
  0x00007fd3880a9800 JavaThread "Signal Dispatcher" daemon [_thread_blocked, id=21705, stack(0x00007fd380adc000,0x00007fd380bdd000)]
  0x00007fd38807c000 JavaThread "Finalizer" daemon [_thread_blocked, id=21665, stack(0x00007fd3812bf000,0x00007fd3813c0000)]
  0x00007fd38807a000 JavaThread "Reference Handler" daemon [_thread_blocked, id=21664, stack(0x00007fd3813c0000,0x00007fd3814c1000)]
  0x00007fd38800a800 JavaThread "main" [_thread_blocked, id=21606, stack(0x00007fd38f8e4000,0x00007fd38f9e5000)]

Other Threads:
=>0x00007fd388076000 VMThread [stack: 0x00007fd3814c1000,0x00007fd3815c2000] [id=21660]
  0x00007fd3880bb800 WatcherThread [stack: 0x00007fd3806d8000,0x00007fd3807d9000] [id=21718]

VM state:at safepoint (normal execution)

VM Mutex/Monitor currently owned by a thread:  ([mutex/lock_event])
[0x00007fd3880068a0] Threads_lock - owner thread: 0x00007fd388076000
[0x00007fd388006da0] Heap_lock - owner thread: 0x00007fd38800a800

Heap
 PSYoungGen      total 64000K, used 2544K [0x00000000ec500000, 0x00000000f0600000, 0x0000000100000000)
  eden space 61440K, 0% used [0x00000000ec500000,0x00000000ec500000,0x00000000f0100000)
  from space 2560K, 99% used [0x00000000f0100000,0x00000000f037c010,0x00000000f0380000)
  to   space 2560K, 0% used [0x00000000f0380000,0x00000000f0380000,0x00000000f0600000)
 ParOldGen       total 39936K, used 10857K [0x00000000c5000000, 0x00000000c7700000, 0x00000000ec500000)
  object space 39936K, 27% used [0x00000000c5000000,0x00000000c5a9a720,0x00000000c7700000)
 PSPermGen       total 21504K, used 16781K [0x00000000baa00000, 0x00000000bbf00000, 0x00000000c5000000)
  object space 21504K, 78% used [0x00000000baa00000,0x00000000bba63740,0x00000000bbf00000)

Card table byte_map: [0x00007fd38c2e5000,0x00007fd38c511000] byte_map_base: 0x00007fd38bd10000

Polling page: 0x00007fd38fa03000

Code Cache  [0x00007fd385000000, 0x00007fd385270000, 0x00007fd388000000)
 total_blobs=818 nmethods=288 adapters=483 free_code_cache=47038Kb largest_free_block=48111616

Compilation events (10 events):
Event: 134.428 Thread 0x00007fd3880ae800  311  s!         sun.misc.URLClassPath::getLoader (154 bytes)
Event: 134.484 Thread 0x00007fd3880ae800 nmethod 311 0x00007fd38520c110 code [0x00007fd38520c320, 0x00007fd38520d420]
Event: 134.488 Thread 0x00007fd3880ab800  312             java.net.URLStreamHandler::parseURL (1158 bytes)
Event: 134.533 Thread 0x00007fd3880ae800  313   !         org.json.JSONTokener::next (144 bytes)
Event: 134.537 Thread 0x00007fd3880ae800 nmethod 313 0x00007fd3852009d0 code [0x00007fd385200b40, 0x00007fd385200f58]
Event: 134.538 Thread 0x00007fd3880ae800  314             org.codehaus.groovy.reflection.ParameterTypes::getParameterTypes (16 bytes)
Event: 134.767 Thread 0x00007fd3880ae800 nmethod 314 0x00007fd38520df90 code [0x00007fd38520e220, 0x00007fd38520f270]
Event: 134.795 Thread 0x00007fd3880ab800 nmethod 312 0x00007fd385215a90 code [0x00007fd385215f00, 0x00007fd385219688]
Event: 134.864 Thread 0x00007fd3880ab800  316             java.lang.CharacterDataLatin1::isJavaIdentifierPart (20 bytes)
Event: 134.864 Thread 0x00007fd3880ae800  315   !         java.io.BufferedReader::readLine (304 bytes)

GC Heap History (9 events):
Event: 2.714 GC heap before
{Heap before GC invocations=1 (full 0):
 PSYoungGen      total 17920K, used 15360K [0x00000000ec500000, 0x00000000ed900000, 0x0000000100000000)
  eden space 15360K, 100% used [0x00000000ec500000,0x00000000ed400000,0x00000000ed400000)
  from space 2560K, 0% used [0x00000000ed680000,0x00000000ed680000,0x00000000ed900000)
  to   space 2560K, 0% used [0x00000000ed400000,0x00000000ed400000,0x00000000ed680000)
 ParOldGen       total 39936K, used 0K [0x00000000c5000000, 0x00000000c7700000, 0x00000000ec500000)
  object space 39936K, 0% used [0x00000000c5000000,0x00000000c5000000,0x00000000c7700000)
 PSPermGen       total 21504K, used 6540K [0x00000000baa00000, 0x00000000bbf00000, 0x00000000c5000000)
  object space 21504K, 30% used [0x00000000baa00000,0x00000000bb063110,0x00000000bbf00000)
Event: 2.863 GC heap after
Heap after GC invocations=1 (full 0):
 PSYoungGen      total 17920K, used 2535K [0x00000000ec500000, 0x00000000ee800000, 0x0000000100000000)
  eden space 15360K, 0% used [0x00000000ec500000,0x00000000ec500000,0x00000000ed400000)
  from space 2560K, 99% used [0x00000000ed400000,0x00000000ed679fb0,0x00000000ed680000)
  to   space 2560K, 0% used [0x00000000ee580000,0x00000000ee580000,0x00000000ee800000)
 ParOldGen       total 39936K, used 8K [0x00000000c5000000, 0x00000000c7700000, 0x00000000ec500000)
  object space 39936K, 0% used [0x00000000c5000000,0x00000000c5002000,0x00000000c7700000)
 PSPermGen       total 21504K, used 6540K [0x00000000baa00000, 0x00000000bbf00000, 0x00000000c5000000)
  object space 21504K, 30% used [0x00000000baa00000,0x00000000bb063110,0x00000000bbf00000)
}
Event: 22.480 GC heap before
{Heap before GC invocations=2 (full 0):
 PSYoungGen      total 17920K, used 17895K [0x00000000ec500000, 0x00000000ee800000, 0x0000000100000000)
  eden space 15360K, 100% used [0x00000000ec500000,0x00000000ed400000,0x00000000ed400000)
  from space 2560K, 99% used [0x00000000ed400000,0x00000000ed679fb0,0x00000000ed680000)
  to   space 2560K, 0% used [0x00000000ee580000,0x00000000ee580000,0x00000000ee800000)
 ParOldGen       total 39936K, used 8K [0x00000000c5000000, 0x00000000c7700000, 0x00000000ec500000)
  object space 39936K, 0% used [0x00000000c5000000,0x00000000c5002000,0x00000000c7700000)
 PSPermGen       total 21504K, used 9064K [0x00000000baa00000, 0x00000000bbf00000, 0x00000000c5000000)
  object space 21504K, 42% used [0x00000000baa00000,0x00000000bb2da2e8,0x00000000bbf00000)
Event: 22.643 GC heap after
Heap after GC invocations=2 (full 0):
 PSYoungGen      total 33280K, used 2538K [0x00000000ec500000, 0x00000000ee800000, 0x0000000100000000)
  eden space 30720K, 0% used [0x00000000ec500000,0x00000000ec500000,0x00000000ee300000)
  from space 2560K, 99% used [0x00000000ee580000,0x00000000ee7fa9f0,0x00000000ee800000)
  to   space 2560K, 0% used [0x00000000ee300000,0x00000000ee300000,0x00000000ee580000)
 ParOldGen       total 39936K, used 1541K [0x00000000c5000000, 0x00000000c7700000, 0x00000000ec500000)
  object space 39936K, 3% used [0x00000000c5000000,0x00000000c51816d0,0x00000000c7700000)
 PSPermGen       total 21504K, used 9064K [0x00000000baa00000, 0x00000000bbf00000, 0x00000000c5000000)
  object space 21504K, 42% used [0x00000000baa00000,0x00000000bb2da2e8,0x00000000bbf00000)
}
Event: 26.831 GC heap before
{Heap before GC invocations=3 (full 0):
 PSYoungGen      total 33280K, used 33258K [0x00000000ec500000, 0x00000000ee800000, 0x0000000100000000)
  eden space 30720K, 100% used [0x00000000ec500000,0x00000000ee300000,0x00000000ee300000)
  from space 2560K, 99% used [0x00000000ee580000,0x00000000ee7fa9f0,0x00000000ee800000)
  to   space 2560K, 0% used [0x00000000ee300000,0x00000000ee300000,0x00000000ee580000)
 ParOldGen       total 39936K, used 1541K [0x00000000c5000000, 0x00000000c7700000, 0x00000000ec500000)
  object space 39936K, 3% used [0x00000000c5000000,0x00000000c51816d0,0x00000000c7700000)
 PSPermGen       total 21504K, used 9836K [0x00000000baa00000, 0x00000000bbf00000, 0x00000000c5000000)
  object space 21504K, 45% used [0x00000000baa00000,0x00000000bb39b330,0x00000000bbf00000)
Event: 26.996 GC heap after
Heap after GC invocations=3 (full 0):
 PSYoungGen      total 33280K, used 2550K [0x00000000ec500000, 0x00000000f0600000, 0x0000000100000000)
  eden space 30720K, 0% used [0x00000000ec500000,0x00000000ec500000,0x00000000ee300000)
  from space 2560K, 99% used [0x00000000ee300000,0x00000000ee57d9c0,0x00000000ee580000)
  to   space 2560K, 0% used [0x00000000f0380000,0x00000000f0380000,0x00000000f0600000)
 ParOldGen       total 39936K, used 2952K [0x00000000c5000000, 0x00000000c7700000, 0x00000000ec500000)
  object space 39936K, 7% used [0x00000000c5000000,0x00000000c52e2200,0x00000000c7700000)
 PSPermGen       total 21504K, used 9836K [0x00000000baa00000, 0x00000000bbf00000, 0x00000000c5000000)
  object space 21504K, 45% used [0x00000000baa00000,0x00000000bb39b330,0x00000000bbf00000)
}
Event: 33.946 GC heap before
{Heap before GC invocations=4 (full 0):
 PSYoungGen      total 33280K, used 33270K [0x00000000ec500000, 0x00000000f0600000, 0x0000000100000000)
  eden space 30720K, 100% used [0x00000000ec500000,0x00000000ee300000,0x00000000ee300000)
  from space 2560K, 99% used [0x00000000ee300000,0x00000000ee57d9c0,0x00000000ee580000)
  to   space 2560K, 0% used [0x00000000f0380000,0x00000000f0380000,0x00000000f0600000)
 ParOldGen       total 39936K, used 2952K [0x00000000c5000000, 0x00000000c7700000, 0x00000000ec500000)
  object space 39936K, 7% used [0x00000000c5000000,0x00000000c52e2200,0x00000000c7700000)
 PSPermGen       total 21504K, used 12311K [0x00000000baa00000, 0x00000000bbf00000, 0x00000000c5000000)
  object space 21504K, 57% used [0x00000000baa00000,0x00000000bb605c48,0x00000000bbf00000)
Event: 34.065 GC heap after
Heap after GC invocations=4 (full 0):
 PSYoungGen      total 64000K, used 2552K [0x00000000ec500000, 0x00000000f0600000, 0x0000000100000000)
  eden space 61440K, 0% used [0x00000000ec500000,0x00000000ec500000,0x00000000f0100000)
  from space 2560K, 99% used [0x00000000f0380000,0x00000000f05fe0f0,0x00000000f0600000)
  to   space 2560K, 0% used [0x00000000f0100000,0x00000000f0100000,0x00000000f0380000)
 ParOldGen       total 39936K, used 6451K [0x00000000c5000000, 0x00000000c7700000, 0x00000000ec500000)
  object space 39936K, 16% used [0x00000000c5000000,0x00000000c564cf68,0x00000000c7700000)
 PSPermGen       total 21504K, used 12311K [0x00000000baa00000, 0x00000000bbf00000, 0x00000000c5000000)
  object space 21504K, 57% used [0x00000000baa00000,0x00000000bb605c48,0x00000000bbf00000)
}
Event: 135.006 GC heap before
{Heap before GC invocations=5 (full 0):
 PSYoungGen      total 64000K, used 63992K [0x00000000ec500000, 0x00000000f0600000, 0x0000000100000000)
  eden space 61440K, 100% used [0x00000000ec500000,0x00000000f0100000,0x00000000f0100000)
  from space 2560K, 99% used [0x00000000f0380000,0x00000000f05fe0f0,0x00000000f0600000)
  to   space 2560K, 0% used [0x00000000f0100000,0x00000000f0100000,0x00000000f0380000)
 ParOldGen       total 39936K, used 6451K [0x00000000c5000000, 0x00000000c7700000, 0x00000000ec500000)
  object space 39936K, 16% used [0x00000000c5000000,0x00000000c564cf68,0x00000000c7700000)
 PSPermGen       total 21504K, used 16781K [0x00000000baa00000, 0x00000000bbf00000, 0x00000000c5000000)
  object space 21504K, 78% used [0x00000000baa00000,0x00000000bba63740,0x00000000bbf00000)

Deoptimization events (10 events):
Event: 69.696 Thread 0x00007fd38800a800 Uncommon trap: reason=class_check action=maybe_recompile pc=0x00007fd385060bb4 method=java.util.Properties$LineReader.readLine()I @ 62
Event: 69.699 Thread 0x00007fd38800a800 Uncommon trap: reason=class_check action=maybe_recompile pc=0x00007fd385060bcc method=java.util.Properties$LineReader.readLine()I @ 402
Event: 69.699 Thread 0x00007fd38800a800 Uncommon trap: reason=class_check action=maybe_recompile pc=0x00007fd385060bb4 method=java.util.Properties$LineReader.readLine()I @ 62
Event: 69.749 Thread 0x00007fd38800a800 Uncommon trap: reason=bimorphic action=maybe_recompile pc=0x00007fd3851f07fc method=java.util.HashMap.<init>(IF)V @ 115
Event: 69.836 Thread 0x00007fd38800a800 Uncommon trap: reason=null_check action=make_not_entrant pc=0x00007fd3851ffc88 method=java.util.LinkedHashMap.get(Ljava/lang/Object;)Ljava/lang/Object; @ 5
Event: 69.940 Thread 0x00007fd38800a800 Uncommon trap: reason=unstable_if action=reinterpret pc=0x00007fd3850661ec method=java.net.URI.match(CJJ)Z @ 45
Event: 70.177 Thread 0x00007fd38800a800 Uncommon trap: reason=bimorphic action=maybe_recompile pc=0x00007fd3850c3950 method=java.net.URL.<init>(Ljava/net/URL;Ljava/lang/String;Ljava/net/URLStreamHandler;)V @ 504
Event: 70.320 Thread 0x00007fd38800a800 Uncommon trap: reason=bimorphic action=maybe_recompile pc=0x00007fd3851f07fc method=java.util.HashMap.<init>(IF)V @ 115
Event: 70.492 Thread 0x00007fd38800a800 Uncommon trap: reason=unstable_if action=reinterpret pc=0x00007fd38507bd14 method=java.lang.String.regionMatches(ZILjava/lang/String;II)Z @ 123
Event: 133.791 Thread 0x00007fd38800a800 Uncommon trap: reason=unstable_if action=reinterpret pc=0x00007fd3850bccc8 method=java.util.HashMap.put(Ljava/lang/Object;Ljava/lang/Object;)Ljava/lang/Object; @ 19

Internal exceptions (10 events):
Event: 134.622 Thread 0x00007fd38800a800 Threw 0x00000000eff416e0 at /build/openjdk-7-A9DpoP/openjdk-7-7u121-2.6.8/build/openjdk/hotspot/src/share/vm/prims/jvm.cpp:1322
Event: 134.623 Thread 0x00007fd38800a800 Threw 0x00000000eff42660 at /build/openjdk-7-A9DpoP/openjdk-7-7u121-2.6.8/build/openjdk/hotspot/src/share/vm/prims/jvm.cpp:1322
Event: 134.623 Thread 0x00007fd38800a800 Threw 0x00000000eff42ea0 at /build/openjdk-7-A9DpoP/openjdk-7-7u121-2.6.8/build/openjdk/hotspot/src/share/vm/prims/jvm.cpp:1322
Event: 134.623 Thread 0x00007fd38800a800 Threw 0x00000000eff435b8 at /build/openjdk-7-A9DpoP/openjdk-7-7u121-2.6.8/build/openjdk/hotspot/src/share/vm/prims/jvm.cpp:1322
Event: 134.623 Thread 0x00007fd38800a800 Threw 0x00000000eff66a98 at /build/openjdk-7-A9DpoP/openjdk-7-7u121-2.6.8/build/openjdk/hotspot/src/share/vm/prims/jvm.cpp:1322
Event: 134.623 Thread 0x00007fd38800a800 Threw 0x00000000eff679d8 at /build/openjdk-7-A9DpoP/openjdk-7-7u121-2.6.8/build/openjdk/hotspot/src/share/vm/prims/jvm.cpp:1322
Event: 134.623 Thread 0x00007fd38800a800 Threw 0x00000000eff68218 at /build/openjdk-7-A9DpoP/openjdk-7-7u121-2.6.8/build/openjdk/hotspot/src/share/vm/prims/jvm.cpp:1322
Event: 134.624 Thread 0x00007fd38800a800 Threw 0x00000000eff68930 at /build/openjdk-7-A9DpoP/openjdk-7-7u121-2.6.8/build/openjdk/hotspot/src/share/vm/prims/jvm.cpp:1322
Event: 134.624 Thread 0x00007fd38800a800 Threw 0x00000000eff80538 at /build/openjdk-7-A9DpoP/openjdk-7-7u121-2.6.8/build/openjdk/hotspot/src/share/vm/classfile/systemDictionary.cpp:185
Event: 134.938 Thread 0x00007fd38800a800 Threw 0x00000000f00bbf48 at /build/openjdk-7-A9DpoP/openjdk-7-7u121-2.6.8/build/openjdk/hotspot/src/share/vm/prims/jvm.cpp:1322

Events (10 events):
Event: 134.618 loading class 0x00007fd3888b2130 done
Event: 134.618 loading class 0x00007fd3888b2130
Event: 134.618 loading class 0x00007fd3888b2130 done
Event: 134.622 loading class 0x00007fd3888b0310
Event: 134.622 loading class 0x00007fd3888b0310 done
Event: 134.623 loading class 0x00007fd3888b0310
Event: 134.623 loading class 0x00007fd3888b0310 done
Event: 134.624 loading class 0x00007fd3888b0310
Event: 134.624 loading class 0x00007fd3888b0310 done
Event: 134.970 Executing VM operation: ParallelGCFailedAllocation


Dynamic libraries:
00400000-00401000 r-xp 00000000 08:01 1663021                            /usr/lib/jvm/java-7-openjdk-amd64/jre/bin/java
00600000-00601000 r--p 00000000 08:01 1663021                            /usr/lib/jvm/java-7-openjdk-amd64/jre/bin/java
00601000-00602000 rw-p 00001000 08:01 1663021                            /usr/lib/jvm/java-7-openjdk-amd64/jre/bin/java
00676000-00697000 rw-p 00000000 00:00 0                                  [heap]
baa00000-bbf00000 rw-p 00000000 00:00 0 
bbf00000-c5000000 rw-p 00000000 00:00 0 
c5000000-c7700000 rw-p 00000000 00:00 0 
c7700000-ec500000 rw-p 00000000 00:00 0 
ec500000-f0600000 rw-p 00000000 00:00 0 
f4d00000-100000000 rw-p 00000000 00:00 0 
7fd348000000-7fd348021000 rw-p 00000000 00:00 0 
7fd348021000-7fd34c000000 ---p 00000000 00:00 0 
7fd34c000000-7fd34c021000 rw-p 00000000 00:00 0 
7fd34c021000-7fd350000000 ---p 00000000 00:00 0 
7fd352691000-7fd352696000 r-xp 00000000 08:01 1572758                    /lib/x86_64-linux-gnu/libnss_dns-2.19.so
7fd352696000-7fd352895000 ---p 00005000 08:01 1572758                    /lib/x86_64-linux-gnu/libnss_dns-2.19.so
7fd352895000-7fd352896000 r--p 00004000 08:01 1572758                    /lib/x86_64-linux-gnu/libnss_dns-2.19.so
7fd352896000-7fd352897000 rw-p 00005000 08:01 1572758                    /lib/x86_64-linux-gnu/libnss_dns-2.19.so
7fd352897000-7fd352899000 r-xp 00000000 08:01 1572564                    /lib/x86_64-linux-gnu/libnss_mdns4_minimal.so.2
7fd352899000-7fd352a98000 ---p 00002000 08:01 1572564                    /lib/x86_64-linux-gnu/libnss_mdns4_minimal.so.2
7fd352a98000-7fd352a99000 r--p 00001000 08:01 1572564                    /lib/x86_64-linux-gnu/libnss_mdns4_minimal.so.2
7fd352a99000-7fd352a9a000 rw-p 00002000 08:01 1572564                    /lib/x86_64-linux-gnu/libnss_mdns4_minimal.so.2
7fd352a9a000-7fd352aaa000 r-xp 00000000 08:01 1662942                    /usr/lib/jvm/java-7-openjdk-amd64/jre/lib/amd64/libnio.so
7fd352aaa000-7fd352caa000 ---p 00010000 08:01 1662942                    /usr/lib/jvm/java-7-openjdk-amd64/jre/lib/amd64/libnio.so
7fd352caa000-7fd352cab000 r--p 00010000 08:01 1662942                    /usr/lib/jvm/java-7-openjdk-amd64/jre/lib/amd64/libnio.so
7fd352cab000-7fd352cac000 rw-p 00011000 08:01 1662942                    /usr/lib/jvm/java-7-openjdk-amd64/jre/lib/amd64/libnio.so
7fd352cac000-7fd352ce9000 r-xp 00000000 08:01 1572536                    /lib/x86_64-linux-gnu/libpcre.so.3.13.1
7fd352ce9000-7fd352ee8000 ---p 0003d000 08:01 1572536                    /lib/x86_64-linux-gnu/libpcre.so.3.13.1
7fd352ee8000-7fd352ee9000 r--p 0003c000 08:01 1572536                    /lib/x86_64-linux-gnu/libpcre.so.3.13.1
7fd352ee9000-7fd352eea000 rw-p 0003d000 08:01 1572536                    /lib/x86_64-linux-gnu/libpcre.so.3.13.1
7fd352eea000-7fd352ef1000 r-xp 00000000 08:01 1107289                    /usr/lib/x86_64-linux-gnu/libffi.so.6.0.1
7fd352ef1000-7fd3530f0000 ---p 00007000 08:01 1107289                    /usr/lib/x86_64-linux-gnu/libffi.so.6.0.1
7fd3530f0000-7fd3530f1000 r--p 00006000 08:01 1107289                    /usr/lib/x86_64-linux-gnu/libffi.so.6.0.1
7fd3530f1000-7fd3530f2000 rw-p 00007000 08:01 1107289                    /usr/lib/x86_64-linux-gnu/libffi.so.6.0.1
7fd3530f2000-7fd353109000 r-xp 00000000 08:01 1570902                    /lib/x86_64-linux-gnu/libresolv-2.19.so
7fd353109000-7fd353309000 ---p 00017000 08:01 1570902                    /lib/x86_64-linux-gnu/libresolv-2.19.so
7fd353309000-7fd35330a000 r--p 00017000 08:01 1570902                    /lib/x86_64-linux-gnu/libresolv-2.19.so
7fd35330a000-7fd35330b000 rw-p 00018000 08:01 1570902                    /lib/x86_64-linux-gnu/libresolv-2.19.so
7fd35330b000-7fd35330d000 rw-p 00000000 00:00 0 
7fd35330d000-7fd35332d000 r-xp 00000000 08:01 1572613                    /lib/x86_64-linux-gnu/libselinux.so.1
7fd35332d000-7fd35352c000 ---p 00020000 08:01 1572613                    /lib/x86_64-linux-gnu/libselinux.so.1
7fd35352c000-7fd35352d000 r--p 0001f000 08:01 1572613                    /lib/x86_64-linux-gnu/libselinux.so.1
7fd35352d000-7fd35352e000 rw-p 00020000 08:01 1572613                    /lib/x86_64-linux-gnu/libselinux.so.1
7fd35352e000-7fd353530000 rw-p 00000000 00:00 0 
7fd353530000-7fd353533000 r-xp 00000000 08:01 1107402                    /usr/lib/x86_64-linux-gnu/libgmodule-2.0.so.0.4002.0
7fd353533000-7fd353732000 ---p 00003000 08:01 1107402                    /usr/lib/x86_64-linux-gnu/libgmodule-2.0.so.0.4002.0
7fd353732000-7fd353733000 r--p 00002000 08:01 1107402                    /usr/lib/x86_64-linux-gnu/libgmodule-2.0.so.0.4002.0
7fd353733000-7fd353734000 rw-p 00003000 08:01 1107402                    /usr/lib/x86_64-linux-gnu/libgmodule-2.0.so.0.4002.0
7fd353734000-7fd35383a000 r-xp 00000000 08:01 1572514                    /lib/x86_64-linux-gnu/libglib-2.0.so.0.4002.0
7fd35383a000-7fd353a39000 ---p 00106000 08:01 1572514                    /lib/x86_64-linux-gnu/libglib-2.0.so.0.4002.0
7fd353a39000-7fd353a3a000 r--p 00105000 08:01 1572514                    /lib/x86_64-linux-gnu/libglib-2.0.so.0.4002.0
7fd353a3a000-7fd353a3b000 rw-p 00106000 08:01 1572514                    /lib/x86_64-linux-gnu/libglib-2.0.so.0.4002.0
7fd353a3b000-7fd353a3c000 rw-p 00000000 00:00 0 
7fd353a3c000-7fd353a8b000 r-xp 00000000 08:01 1107418                    /usr/lib/x86_64-linux-gnu/libgobject-2.0.so.0.4002.0
7fd353a8b000-7fd353c8b000 ---p 0004f000 08:01 1107418                    /usr/lib/x86_64-linux-gnu/libgobject-2.0.so.0.4002.0
7fd353c8b000-7fd353c8c000 r--p 0004f000 08:01 1107418                    /usr/lib/x86_64-linux-gnu/libgobject-2.0.so.0.4002.0
7fd353c8c000-7fd353c8d000 rw-p 00050000 08:01 1107418                    /usr/lib/x86_64-linux-gnu/libgobject-2.0.so.0.4002.0
7fd353c8d000-7fd353df9000 r-xp 00000000 08:01 1107390                    /usr/lib/x86_64-linux-gnu/libgio-2.0.so.0.4002.0
7fd353df9000-7fd353ff8000 ---p 0016c000 08:01 1107390                    /usr/lib/x86_64-linux-gnu/libgio-2.0.so.0.4002.0
7fd353ff8000-7fd353ffc000 r--p 0016b000 08:01 1107390                    /usr/lib/x86_64-linux-gnu/libgio-2.0.so.0.4002.0
7fd353ffc000-7fd353ffe000 rw-p 0016f000 08:01 1107390                    /usr/lib/x86_64-linux-gnu/libgio-2.0.so.0.4002.0
7fd353ffe000-7fd354000000 rw-p 00000000 00:00 0 
7fd354000000-7fd354635000 rw-p 00000000 00:00 0 
7fd354635000-7fd358000000 ---p 00000000 00:00 0 
7fd358000000-7fd358021000 rw-p 00000000 00:00 0 
7fd358021000-7fd35c000000 ---p 00000000 00:00 0 
7fd35c000000-7fd35c021000 rw-p 00000000 00:00 0 
7fd35c021000-7fd360000000 ---p 00000000 00:00 0 
7fd360000000-7fd360e7f000 rw-p 00000000 00:00 0 
7fd360e7f000-7fd364000000 ---p 00000000 00:00 0 
7fd364000000-7fd364021000 rw-p 00000000 00:00 0 
7fd364021000-7fd368000000 ---p 00000000 00:00 0 
7fd368000000-7fd368021000 rw-p 00000000 00:00 0 
7fd368021000-7fd36c000000 ---p 00000000 00:00 0 
7fd36c000000-7fd36c021000 rw-p 00000000 00:00 0 
7fd36c021000-7fd370000000 ---p 00000000 00:00 0 
7fd370000000-7fd370021000 rw-p 00000000 00:00 0 
7fd370021000-7fd374000000 ---p 00000000 00:00 0 
7fd374000000-7fd374021000 rw-p 00000000 00:00 0 
7fd374021000-7fd378000000 ---p 00000000 00:00 0 
7fd378000000-7fd378021000 rw-p 00000000 00:00 0 
7fd378021000-7fd37c000000 ---p 00000000 00:00 0 
7fd37c000000-7fd37c021000 rw-p 00000000 00:00 0 
7fd37c021000-7fd380000000 ---p 00000000 00:00 0 
7fd38002d000-7fd38002e000 rw-p 00000000 00:00 0 
7fd38002e000-7fd380031000 ---p 00000000 00:00 0 
7fd380031000-7fd38012f000 rw-p 00000000 00:00 0                          [stack:21846]
7fd38012f000-7fd380146000 r-xp 00000000 08:01 1662964                    /usr/lib/jvm/java-7-openjdk-amd64/jre/lib/amd64/libnet.so
7fd380146000-7fd380345000 ---p 00017000 08:01 1662964                    /usr/lib/jvm/java-7-openjdk-amd64/jre/lib/amd64/libnet.so
7fd380345000-7fd380346000 r--p 00016000 08:01 1662964                    /usr/lib/jvm/java-7-openjdk-amd64/jre/lib/amd64/libnet.so
7fd380346000-7fd380347000 rw-p 00017000 08:01 1662964                    /usr/lib/jvm/java-7-openjdk-amd64/jre/lib/amd64/libnet.so
7fd380347000-7fd380351000 r--s 000ae000 08:01 1662975                    /usr/lib/jvm/java-7-openjdk-amd64/jre/lib/resources.jar
7fd380351000-7fd380354000 r--s 00023000 08:01 2511636                    /home/sarnobat/github/groovy_libraries/.groovy/lib/maven-shared-utils-0.1.jar
7fd380354000-7fd380357000 r--s 0000b000 08:01 2511571                    /home/sarnobat/github/groovy_libraries/.groovy/lib/concurrentlinkedhashmap-lru-1.3.1.jar
7fd380357000-7fd380358000 r--s 0000a000 08:01 2511570                    /home/sarnobat/github/groovy_libraries/.groovy/lib/commons-logging-api-1.1.jar
7fd380358000-7fd38035a000 r--s 00008000 08:01 2511663                    /home/sarnobat/github/groovy_libraries/.groovy/lib/vget-1.1.5.jar
7fd38035a000-7fd38035b000 r--s 00004000 08:01 2511639                    /home/sarnobat/github/groovy_libraries/.groovy/lib/opencsv-2.3.jar
7fd38035b000-7fd380369000 r--s 000ad000 08:01 2511597                    /home/sarnobat/github/groovy_libraries/.groovy/lib/jackson-mapper-asl-1.9.2.jar
7fd380369000-7fd380376000 r--s 000a2000 08:01 2511566                    /home/sarnobat/github/groovy_libraries/.groovy/lib/commons-imaging-1.0-R1480221.jar
7fd380376000-7fd380378000 r--s 00000000 08:01 2511645                    /home/sarnobat/github/groovy_libraries/.groovy/lib/plexus-component-annotations-1.5.5.jar
7fd380378000-7fd38037c000 r--s 0000c000 08:01 2511662                    /home/sarnobat/github/groovy_libraries/.groovy/lib/validation-api-1.1.0.Final.jar
7fd38037c000-7fd38037e000 r--s 00005000 08:01 2511658                    /home/sarnobat/github/groovy_libraries/.groovy/lib/slf4j-api-1.7.5.jar
7fd38037e000-7fd380383000 r--s 0002a000 08:01 2511583                    /home/sarnobat/github/groovy_libraries/.groovy/lib/gson-2.2.4.jar
7fd380383000-7fd380384000 r--s 00002000 08:01 2511617                    /home/sarnobat/github/groovy_libraries/.groovy/lib/jsch.agentproxy.connector-factory-0.0.6.jar
7fd380384000-7fd380391000 r--s 00082000 08:01 2511605                    /home/sarnobat/github/groovy_libraries/.groovy/lib/jersey-common-2.0.jar
7fd380391000-7fd380393000 r--s 0000d000 08:01 2511647                    /home/sarnobat/github/groovy_libraries/.groovy/lib/plexus-interpolation-1.13.jar
7fd380393000-7fd3803b8000 r--s 002e3000 08:01 2511665                    /home/sarnobat/github/groovy_libraries/.groovy/lib/xalan-2.7.1.jar
7fd3803b8000-7fd3803bb000 r--s 0001b000 08:01 2511628                    /home/sarnobat/github/groovy_libraries/.groovy/lib/junit-3.8.2.jar
7fd3803bb000-7fd3803bc000 r--s 00001000 08:01 2511572                    /home/sarnobat/github/groovy_libraries/.groovy/lib/doxia-sink-api-1.0-alpha-7.jar
7fd3803bc000-7fd3803be000 r--s 00011000 08:01 2511615                    /home/sarnobat/github/groovy_libraries/.groovy/lib/jsch-extension-0.1.3.jar
7fd3803be000-7fd3803c2000 r--s 00040000 08:01 2511613                    /home/sarnobat/github/groovy_libraries/.groovy/lib/jsch-0.1.53-sources.jar
7fd3803c2000-7fd3803c5000 r--s 00023000 08:01 2511602                    /home/sarnobat/github/groovy_libraries/.groovy/lib/jdom-1.0.jar
7fd3803c5000-7fd3803c6000 r--s 00003000 08:01 2511574                    /home/sarnobat/github/groovy_libraries/.groovy/lib/geronimo-jta_1.1_spec-1.1.1.jar
7fd3803c6000-7fd3803c7000 r--s 00003000 08:01 2511606                    /home/sarnobat/github/groovy_libraries/.groovy/lib/jersey-container-jdk-http-2.0.jar
7fd3803c7000-7fd3803cb000 r--s 0003b000 08:01 2511612                    /home/sarnobat/github/groovy_libraries/.groovy/lib/jsch-0.1.50.jar.disabled
7fd3803cb000-7fd3803cf000 r--s 00032000 08:01 2511650                    /home/sarnobat/github/groovy_libraries/.groovy/lib/rome-1.0.jar
7fd3803cf000-7fd3803da000 r--s 00068000 08:01 2511607                    /home/sarnobat/github/groovy_libraries/.groovy/lib/jersey-core-1.17.1.jar
7fd3803da000-7fd3803db000 r--s 00007000 08:01 2511657                    /home/sarnobat/github/groovy_libraries/.groovy/lib/slf4j-api-1.7.12.jar
7fd3803db000-7fd3803dd000 r--s 0000a000 08:01 2511664                    /home/sarnobat/github/groovy_libraries/.groovy/lib/wget-1.2.9.jar
7fd3803dd000-7fd3803ec000 r--s 00095000 08:01 2511660                    /home/sarnobat/github/groovy_libraries/.groovy/lib/sshd-core-0.14.0.jar
7fd3803ec000-7fd3803ed000 r--s 00001000 08:01 2511622                    /home/sarnobat/github/groovy_libraries/.groovy/lib/jsch.agentproxy.usocket-jna-0.0.6.jar
7fd3803ed000-7fd3803ef000 r--s 00000000 08:01 2511619                    /home/sarnobat/github/groovy_libraries/.groovy/lib/jsch.agentproxy.jsch-0.0.6.jar
7fd3803ef000-7fd3803f3000 r--s 0001d000 08:01 2511666                    /home/sarnobat/github/groovy_libraries/.groovy/lib/xbean-reflect-3.4.jar
7fd3803f3000-7fd3803f8000 r--s 00047000 08:01 2511560                    /home/sarnobat/github/groovy_libraries/.groovy/lib/asm-all-repackaged-2.1.88.jar
7fd3803f8000-7fd3803fa000 r--s 00000000 08:01 2511644                    /home/sarnobat/github/groovy_libraries/.groovy/lib/plexus-compiler-manager-2.0.jar
7fd3803fa000-7fd3803fc000 r--s 00002000 08:01 2511635                    /home/sarnobat/github/groovy_libraries/.groovy/lib/maven-shared-incremental-1.0.jar
7fd3803fc000-7fd3803fe000 r--s 00001000 08:01 2511618                    /home/sarnobat/github/groovy_libraries/.groovy/lib/jsch.agentproxy.core-0.0.6.jar
7fd3803fe000-7fd380400000 r--s 00282000 08:01 2511654                    /home/sarnobat/github/groovy_libraries/.groovy/lib/selenium-firefox-driver-2.45.0.jar
7fd380400000-7fd380402000 r--s 00005000 08:01 2511598                    /home/sarnobat/github/groovy_libraries/.groovy/lib/javax.annotation-api-1.2.jar
7fd380402000-7fd380403000 r--s 00001000 08:01 2511620                    /home/sarnobat/github/groovy_libraries/.groovy/lib/jsch.agentproxy.pageant-0.0.6.jar
7fd380403000-7fd380405000 r--s 00000000 08:01 2511621                    /home/sarnobat/github/groovy_libraries/.groovy/lib/jsch.agentproxy.sshagent-0.0.6.jar
7fd380405000-7fd380407000 r--s 0000d000 08:01 2511580                    /home/sarnobat/github/groovy_libraries/.groovy/lib/google-oauth-client-1.17.0-rc.jar
7fd380407000-7fd38040b000 r--s 00025000 08:01 2511575                    /home/sarnobat/github/groovy_libraries/.groovy/lib/google-api-client-1.17.0-rc.jar
7fd38040b000-7fd38040c000 r--s 00001000 08:01 2511641                    /home/sarnobat/github/groovy_libraries/.groovy/lib/plexus-build-api-0.0.4.jar
7fd38040c000-7fd38040f000 r--s 0001b000 08:01 2511627                    /home/sarnobat/github/groovy_libraries/.groovy/lib/junit-3.8.1.jar
7fd38040f000-7fd380413000 r--s 00019000 08:01 2511604                    /home/sarnobat/github/groovy_libraries/.groovy/lib/jersey-client-2.0.jar
7fd380413000-7fd380415000 r--s 0000d000 08:01 2511616                    /home/sarnobat/github/groovy_libraries/.groovy/lib/jsch-nio-0.1.5.jar
7fd380415000-7fd38041b000 r--s 00033000 08:01 2511655                    /home/sarnobat/github/groovy_libraries/.groovy/lib/selenium-remote-driver-2.45.0.jar
7fd38041b000-7fd38041f000 r--s 0002f000 08:01 2511596                    /home/sarnobat/github/groovy_libraries/.groovy/lib/jackson-core-2.1.3.jar
7fd38041f000-7fd380448000 r--s 001ee000 08:01 2511584                    /home/sarnobat/github/groovy_libraries/.groovy/lib/guava-14.0.1.jar
7fd380448000-7fd38044b000 r--s 00015000 08:01 2511576                    /home/sarnobat/github/groovy_libraries/.groovy/lib/google-api-services-calendar-v3-rev72-1.17.0-rc.jar
7fd38044b000-7fd38044d000 r--s 0000b000 08:01 2511587                    /home/sarnobat/github/groovy_libraries/.groovy/lib/hk2-utils-2.1.88.jar
7fd38044d000-7fd380453000 r--s 00042000 08:01 2511625                    /home/sarnobat/github/groovy_libraries/.groovy/lib/jsoup-1.7.2.jar
7fd380453000-7fd380461000 r--s 0007f000 08:01 2511564                    /home/sarnobat/github/groovy_libraries/.groovy/lib/commons-collections-3.2.1.jar
7fd380461000-7fd38046c000 r--s 00085000 08:01 2511589                    /home/sarnobat/github/groovy_libraries/.groovy/lib/httpclient-4.3.3.jar
7fd38046c000-7fd38046d000 r--s 00002000 08:01 2511581                    /home/sarnobat/github/groovy_libraries/.groovy/lib/google-oauth-client-java6-1.17.0-rc.jar
7fd38046d000-7fd38046e000 r--s 00001000 08:01 2511623                    /home/sarnobat/github/groovy_libraries/.groovy/lib/jsch.agentproxy.usocket-nc-0.0.6.jar
7fd38046e000-7fd380472000 r--s 00017000 08:01 2511661                    /home/sarnobat/github/groovy_libraries/.groovy/lib/thumbnailator-0.4.8.jar
7fd380472000-7fd380474000 r--s 0001f000 08:01 2511656                    /home/sarnobat/github/groovy_libraries/.groovy/lib/servlet-api-2.5-20081211.jar
7fd380474000-7fd3804dd000 r--s 003e4000 08:01 2511637                    /home/sarnobat/github/groovy_libraries/.groovy/lib/neo4j-cypher-1.9.2.jar
7fd3804dd000-7fd3804df000 r--s 0001d000 08:01 2511586                    /home/sarnobat/github/groovy_libraries/.groovy/lib/hk2-locator-2.1.88.jar
7fd3804df000-7fd3804e3000 r--s 00018000 08:01 2511585                    /home/sarnobat/github/groovy_libraries/.groovy/lib/hk2-api-2.1.88.jar
7fd3804e3000-7fd3804e4000 r--s 00002000 08:01 2511653                    /home/sarnobat/github/groovy_libraries/.groovy/lib/selenium-chrome-driver-2.45.0.jar
7fd3804e4000-7fd3804e8000 r--s 00024000 08:01 2511608                    /home/sarnobat/github/groovy_libraries/.groovy/lib/jersey-json-1.17.1.jar
7fd3804e8000-7fd3804ec000 r--s 0002a000 08:01 2511567                    /home/sarnobat/github/groovy_libraries/.groovy/lib/commons-io-2.4.jar
7fd3804ec000-7fd38050b000 r--s 00153000 08:01 2511638                    /home/sarnobat/github/groovy_libraries/.groovy/lib/neo4j-kernel-1.9.2.jar
7fd38050b000-7fd380512000 r--s 00051000 08:01 2511629                    /home/sarnobat/github/groovy_libraries/.groovy/lib/log4j-1.2.12.jar
7fd380512000-7fd380516000 r--s 00018000 08:01 2511601                    /home/sarnobat/github/groovy_libraries/.groovy/lib/javax.ws.rs-api-2.0.jar
7fd380516000-7fd380518000 r--s 0000b000 08:01 2511565                    /home/sarnobat/github/groovy_libraries/.groovy/lib/commons-exec-1.1.jar
7fd380518000-7fd38051a000 r--s 00001000 08:01 2511659                    /home/sarnobat/github/groovy_libraries/.groovy/lib/slf4j-log4j12-1.7.12.jar
7fd38051a000-7fd38051c000 r--s 00005000 08:01 2511642                    /home/sarnobat/github/groovy_libraries/.groovy/lib/plexus-compiler-api-2.0.jar
7fd38051c000-7fd38051d000 r--s 00002000 08:01 2511633                    /home/sarnobat/github/groovy_libraries/.groovy/lib/maven-reporting-api-2.0.6.jar
7fd38051d000-7fd380523000 r--s 0003c000 08:01 2511578                    /home/sarnobat/github/groovy_libraries/.groovy/lib/google-http-client-1.17.0-rc.jar
7fd380523000-7fd380527000 r--s 00028000 08:01 2511611                    /home/sarnobat/github/groovy_libraries/.groovy/lib/jetty-util-6.1.26.jar
7fd380527000-7fd380529000 r--s 00009000 08:01 2511631                    /home/sarnobat/github/groovy_libraries/.groovy/lib/maven-compiler-plugin-3.0.jar
7fd380529000-7fd380530000 r--s 00058000 08:01 2511569                    /home/sarnobat/github/groovy_libraries/.groovy/lib/commons-lang3-3.2.1.jar
7fd380530000-7fd380532000 r--s 0000a000 08:01 2511563                    /home/sarnobat/github/groovy_libraries/.groovy/lib/commons-codec-1.3.jar
7fd380532000-7fd380534000 r--s 00007000 08:01 2511632                    /home/sarnobat/github/groovy_libraries/.groovy/lib/maven-filtering-1.0-beta-4.jar
7fd380534000-7fd380535000 r--s 00004000 08:01 2511643                    /home/sarnobat/github/groovy_libraries/.groovy/lib/plexus-compiler-javac-2.0.jar
7fd380535000-7fd38053c000 r--s 00048000 08:01 2511593                    /home/sarnobat/github/groovy_libraries/.groovy/lib/httpcore-4.4.1.jar
7fd38053c000-7fd380540000 r--s 000dc000 08:01 2512041                    /home/sarnobat/github/groovy_libraries/.groovy/lib/jna-4.1.0.jar
7fd380540000-7fd380546000 r--s 00043000 08:01 2511573                    /home/sarnobat/github/groovy_libraries/.groovy/lib/genson-0.98.jar
7fd380546000-7fd380547000 r--s 00005000 08:01 2511634                    /home/sarnobat/github/groovy_libraries/.groovy/lib/maven-resources-plugin-2.4.3.jar
7fd380547000-7fd380549000 r--s 00005000 08:01 2511595                    /home/sarnobat/github/groovy_libraries/.groovy/lib/httpmime-4.2.3.jar
7fd380549000-7fd38054d000 r--s 0003c000 08:01 2511568                    /home/sarnobat/github/groovy_libraries/.groovy/lib/commons-lang-2.4.jar
7fd38054d000-7fd380551000 r--s 00030000 08:01 2511648                    /home/sarnobat/github/groovy_libraries/.groovy/lib/plexus-utils-1.5.1.jar
7fd380551000-7fd380558000 r--s 0003f000 08:01 2511561                    /home/sarnobat/github/groovy_libraries/.groovy/lib/cglib-2.1.88.jar
7fd380558000-7fd38055a000 r--s 00006000 08:01 2511562                    /home/sarnobat/github/groovy_libraries/.groovy/lib/commons-cli-1.0.jar
7fd38055a000-7fd38055d000 r--s 00012000 08:01 2511600                    /home/sarnobat/github/groovy_libraries/.groovy/lib/javax.json-1.0.4.jar
7fd38055d000-7fd38055e000 r--s 0000f000 08:01 2511624                    /home/sarnobat/github/groovy_libraries/.groovy/lib/json-20131018.jar
7fd38055e000-7fd38055f000 r--s 00001000 08:01 2511582                    /home/sarnobat/github/groovy_libraries/.groovy/lib/google-oauth-client-jetty-1.17.0-rc.jar
7fd38055f000-7fd380564000 r--s 0002b000 08:01 2512040                    /home/sarnobat/github/groovy_libraries/.groovy/lib/fuse-jna-0.0.1-SNAPSHOT.jar
7fd380564000-7fd380576000 r--s 00099000 08:01 2511609                    /home/sarnobat/github/groovy_libraries/.groovy/lib/jersey-server-2.0.jar
7fd380576000-7fd380578000 r--s 00006000 08:01 2511626                    /home/sarnobat/github/groovy_libraries/.groovy/lib/jsr305-2.0.1.jar
7fd380578000-7fd380579000 r--s 00001000 08:01 2511579                    /home/sarnobat/github/groovy_libraries/.groovy/lib/google-http-client-jackson2-1.17.0-rc.jar
7fd380579000-7fd38057b000 r--s 00002000 08:01 2511646                    /home/sarnobat/github/groovy_libraries/.groovy/lib/plexus-interactivity-api-1.0-alpha-4.jar
7fd38057b000-7fd38057c000 r--s 00004000 08:01 2511640                    /home/sarnobat/github/groovy_libraries/.groovy/lib/osgi-resource-locator-1.0.1.jar
7fd38057c000-7fd380597000 r--s 0018b000 08:01 2512099                    /home/sarnobat/github/groovy_libraries/.groovy/lib/jetty-all-server-7.6.11.v20130520.jar
7fd380597000-7fd38059c000 r--s 0001d000 08:01 2511652                    /home/sarnobat/github/groovy_libraries/.groovy/lib/selenium-api-2.45.0.jar
7fd38059c000-7fd3805a3000 r--s 00064000 08:01 2511630                    /home/sarnobat/github/groovy_libraries/.groovy/lib/mail-1.4.2.jar
7fd3805a3000-7fd3805a4000 r--s 00001000 08:01 2511599                    /home/sarnobat/github/groovy_libraries/.groovy/lib/javax.inject-2.1.88.jar
7fd3805a4000-7fd3805ab000 r--s 00050000 08:01 2511594                    /home/sarnobat/github/groovy_libraries/.groovy/lib/httpcore-nio-4.4.1.jar
7fd3805ab000-7fd3805af000 r--s 00033000 08:01 2511649                    /home/sarnobat/github/groovy_libraries/.groovy/lib/plexus-utils-2.0.5.jar
7fd3805af000-7fd3805b2000 r--s 0001d000 08:01 2511603                    /home/sarnobat/github/groovy_libraries/.groovy/lib/jersey-client-1.17.1.jar
7fd3805b2000-7fd3805b9000 r--s 0007d000 08:01 2511610                    /home/sarnobat/github/groovy_libraries/.groovy/lib/jetty-6.1.26.jar
7fd3805b9000-7fd38062a000 r--s 00658000 08:01 2511651                    /home/sarnobat/github/groovy_libraries/.groovy/lib/scala-library-2.10.0.jar
7fd38062a000-7fd38062c000 r--s 00008000 08:01 1146709                    /usr/share/java/asm3-util-3.3.2.jar
7fd38062c000-7fd38062d000 r--s 00004000 08:01 1148502                    /usr/share/java/ant-launcher-1.9.6.jar
7fd38062d000-7fd38062e000 r--s 00004000 08:01 1146595                    /usr/share/java/asm3-analysis-3.3.2.jar
7fd38062e000-7fd380643000 r--s 00124000 08:01 1148695                    /usr/share/java/ivy-2.3.0.jar
7fd380643000-7fd380645000 r--s 00011000 08:01 1145203                    /usr/share/java/jsp-api-2.1.jar
7fd380645000-7fd380646000 r--s 00003000 08:01 1145178                    /usr/share/java/hawtjni-runtime-1.10.jar
7fd380646000-7fd380647000 r--s 00001000 08:01 1148613                    /usr/share/java/jansi-native-1.0.jar
7fd380647000-7fd380648000 r--s 00005000 08:01 1148616                    /usr/share/java/jansi-1.4.jar
7fd380648000-7fd380655000 r--s 00076000 08:01 1145205                    /usr/share/java/xstream-1.4.8.jar
7fd380655000-7fd380656000 r--s 0000d000 08:01 1146728                    /usr/share/java/commons-logging-1.2.jar
7fd380656000-7fd38065b000 r--s 00068000 08:01 1145167                    /usr/share/java/antlr.jar
7fd38065b000-7fd38065d000 r--s 0000a000 08:01 1145172                    /usr/share/java/commons-cli-1.3.1.jar
7fd38065d000-7fd38065f000 r--s 0000f000 08:01 1148594                    /usr/share/java/jline-1.0.jar
7fd38065f000-7fd380662000 r--s 00010000 08:01 1145187                    /usr/share/java/bsf-2.4.0.jar
7fd380662000-7fd380663000 r--s 0000a000 08:01 1146592                    /usr/share/java/asm3-3.3.2.jar
7fd380663000-7fd380665000 r--s 0001b000 08:01 1148200                    /usr/share/java/ant-junit-1.9.6.jar
7fd380665000-7fd380684000 r--s 001d1000 08:01 1148500                    /usr/share/java/ant-1.9.6.jar
7fd380684000-7fd3806d8000 r--s 004e8000 08:01 1668956                    /usr/share/groovy/lib/groovy-1.8.6.jar
7fd3806d8000-7fd3806d9000 ---p 00000000 00:00 0 
7fd3806d9000-7fd3807d9000 rw-p 00000000 00:00 0                          [stack:21718]
7fd3807d9000-7fd3807dc000 ---p 00000000 00:00 0 
7fd3807dc000-7fd3808da000 rw-p 00000000 00:00 0                          [stack:21717]
7fd3808da000-7fd3808dd000 ---p 00000000 00:00 0 
7fd3808dd000-7fd3809db000 rw-p 00000000 00:00 0                          [stack:21716]
7fd3809db000-7fd3809de000 ---p 00000000 00:00 0 
7fd3809de000-7fd380adc000 rw-p 00000000 00:00 0                          [stack:21714]
7fd380adc000-7fd380adf000 ---p 00000000 00:00 0 
7fd380adf000-7fd380bdd000 rw-p 00000000 00:00 0                          [stack:21705]
7fd380bdd000-7fd3812bf000 r--p 00000000 08:01 1106118                    /usr/lib/locale/locale-archive
7fd3812bf000-7fd3812c2000 ---p 00000000 00:00 0 
7fd3812c2000-7fd3813c0000 rw-p 00000000 00:00 0                          [stack:21665]
7fd3813c0000-7fd3813c3000 ---p 00000000 00:00 0 
7fd3813c3000-7fd3814c1000 rw-p 00000000 00:00 0                          [stack:21664]
7fd3814c1000-7fd3814c2000 ---p 00000000 00:00 0 
7fd3814c2000-7fd38259e000 rw-p 00000000 00:00 0                          [stack:21660]
7fd38259e000-7fd382751000 r--s 01d41000 08:01 1662976                    /usr/lib/jvm/java-7-openjdk-amd64/jre/lib/rt.jar
7fd382751000-7fd384cfd000 rw-p 00000000 00:00 0 
7fd384cfd000-7fd384cfe000 ---p 00000000 00:00 0 
7fd384cfe000-7fd384dfe000 rw-p 00000000 00:00 0                          [stack:21622]
7fd384dfe000-7fd384dff000 ---p 00000000 00:00 0 
7fd384dff000-7fd384eff000 rw-p 00000000 00:00 0                          [stack:21621]
7fd384eff000-7fd384f00000 ---p 00000000 00:00 0 
7fd384f00000-7fd385000000 rw-p 00000000 00:00 0                          [stack:21618]
7fd385000000-7fd385270000 rwxp 00000000 00:00 0 
7fd385270000-7fd38952f000 rw-p 00000000 00:00 0 
7fd38952f000-7fd38c000000 ---p 00000000 00:00 0 
7fd38c000000-7fd38c002000 r--s 00007000 08:01 1148589                    /usr/share/java/regexp-1.5.jar
7fd38c002000-7fd38c005000 r--s 0001e000 08:01 1145202                    /usr/share/java/servlet-api-2.5.jar
7fd38c005000-7fd38c00d000 r--s 00045000 08:01 1145199                    /usr/share/java/junit4-4.12.jar
7fd38c00d000-7fd38c056000 rw-p 00000000 00:00 0 
7fd38c056000-7fd38c057000 ---p 00000000 00:00 0 
7fd38c057000-7fd38c162000 rw-p 00000000 00:00 0                          [stack:21612]
7fd38c162000-7fd38c1aa000 rw-p 00000000 00:00 0 
7fd38c1aa000-7fd38c1be000 rw-p 00000000 00:00 0 
7fd38c1be000-7fd38c2e5000 rw-p 00000000 00:00 0 
7fd38c2e5000-7fd38c2f0000 rw-p 00000000 00:00 0 
7fd38c2f0000-7fd38c338000 rw-p 00000000 00:00 0 
7fd38c338000-7fd38c34c000 rw-p 00000000 00:00 0 
7fd38c34c000-7fd38c472000 rw-p 00000000 00:00 0 
7fd38c472000-7fd38c493000 rw-p 00000000 00:00 0 
7fd38c493000-7fd38c510000 rw-p 00000000 00:00 0 
7fd38c510000-7fd38c511000 rw-p 00000000 00:00 0 
7fd38c511000-7fd38c519000 r-xp 00000000 08:01 1662962                    /usr/lib/jvm/java-7-openjdk-amd64/jre/lib/amd64/libzip.so
7fd38c519000-7fd38c718000 ---p 00008000 08:01 1662962                    /usr/lib/jvm/java-7-openjdk-amd64/jre/lib/amd64/libzip.so
7fd38c718000-7fd38c719000 r--p 00007000 08:01 1662962                    /usr/lib/jvm/java-7-openjdk-amd64/jre/lib/amd64/libzip.so
7fd38c719000-7fd38c71a000 rw-p 00008000 08:01 1662962                    /usr/lib/jvm/java-7-openjdk-amd64/jre/lib/amd64/libzip.so
7fd38c71a000-7fd38c724000 r-xp 00000000 08:01 1572764                    /lib/x86_64-linux-gnu/libnss_files-2.19.so
7fd38c724000-7fd38c923000 ---p 0000a000 08:01 1572764                    /lib/x86_64-linux-gnu/libnss_files-2.19.so
7fd38c923000-7fd38c924000 r--p 00009000 08:01 1572764                    /lib/x86_64-linux-gnu/libnss_files-2.19.so
7fd38c924000-7fd38c925000 rw-p 0000a000 08:01 1572764                    /lib/x86_64-linux-gnu/libnss_files-2.19.so
7fd38c925000-7fd38c930000 r-xp 00000000 08:01 1572756                    /lib/x86_64-linux-gnu/libnss_nis-2.19.so
7fd38c930000-7fd38cb2f000 ---p 0000b000 08:01 1572756                    /lib/x86_64-linux-gnu/libnss_nis-2.19.so
7fd38cb2f000-7fd38cb30000 r--p 0000a000 08:01 1572756                    /lib/x86_64-linux-gnu/libnss_nis-2.19.so
7fd38cb30000-7fd38cb31000 rw-p 0000b000 08:01 1572756                    /lib/x86_64-linux-gnu/libnss_nis-2.19.so
7fd38cb31000-7fd38cb48000 r-xp 00000000 08:01 1572577                    /lib/x86_64-linux-gnu/libnsl-2.19.so
7fd38cb48000-7fd38cd47000 ---p 00017000 08:01 1572577                    /lib/x86_64-linux-gnu/libnsl-2.19.so
7fd38cd47000-7fd38cd48000 r--p 00016000 08:01 1572577                    /lib/x86_64-linux-gnu/libnsl-2.19.so
7fd38cd48000-7fd38cd49000 rw-p 00017000 08:01 1572577                    /lib/x86_64-linux-gnu/libnsl-2.19.so
7fd38cd49000-7fd38cd4b000 rw-p 00000000 00:00 0 
7fd38cd4b000-7fd38cd54000 r-xp 00000000 08:01 1572576                    /lib/x86_64-linux-gnu/libnss_compat-2.19.so
7fd38cd54000-7fd38cf53000 ---p 00009000 08:01 1572576                    /lib/x86_64-linux-gnu/libnss_compat-2.19.so
7fd38cf53000-7fd38cf54000 r--p 00008000 08:01 1572576                    /lib/x86_64-linux-gnu/libnss_compat-2.19.so
7fd38cf54000-7fd38cf55000 rw-p 00009000 08:01 1572576                    /lib/x86_64-linux-gnu/libnss_compat-2.19.so
7fd38cf55000-7fd38cf7f000 r-xp 00000000 08:01 1662961                    /usr/lib/jvm/java-7-openjdk-amd64/jre/lib/amd64/libjava.so
7fd38cf7f000-7fd38d17f000 ---p 0002a000 08:01 1662961                    /usr/lib/jvm/java-7-openjdk-amd64/jre/lib/amd64/libjava.so
7fd38d17f000-7fd38d180000 r--p 0002a000 08:01 1662961                    /usr/lib/jvm/java-7-openjdk-amd64/jre/lib/amd64/libjava.so
7fd38d180000-7fd38d182000 rw-p 0002b000 08:01 1662961                    /usr/lib/jvm/java-7-openjdk-amd64/jre/lib/amd64/libjava.so
7fd38d182000-7fd38d192000 r-xp 00000000 08:01 1662963                    /usr/lib/jvm/java-7-openjdk-amd64/jre/lib/amd64/libverify.so
7fd38d192000-7fd38d391000 ---p 00010000 08:01 1662963                    /usr/lib/jvm/java-7-openjdk-amd64/jre/lib/amd64/libverify.so
7fd38d391000-7fd38d393000 r--p 0000f000 08:01 1662963                    /usr/lib/jvm/java-7-openjdk-amd64/jre/lib/amd64/libverify.so
7fd38d393000-7fd38d394000 rw-p 00011000 08:01 1662963                    /usr/lib/jvm/java-7-openjdk-amd64/jre/lib/amd64/libverify.so
7fd38d394000-7fd38d39b000 r-xp 00000000 08:01 1572760                    /lib/x86_64-linux-gnu/librt-2.19.so
7fd38d39b000-7fd38d59a000 ---p 00007000 08:01 1572760                    /lib/x86_64-linux-gnu/librt-2.19.so
7fd38d59a000-7fd38d59b000 r--p 00006000 08:01 1572760                    /lib/x86_64-linux-gnu/librt-2.19.so
7fd38d59b000-7fd38d59c000 rw-p 00007000 08:01 1572760                    /lib/x86_64-linux-gnu/librt-2.19.so
7fd38d59c000-7fd38d5b2000 r-xp 00000000 08:01 1572510                    /lib/x86_64-linux-gnu/libgcc_s.so.1
7fd38d5b2000-7fd38d7b1000 ---p 00016000 08:01 1572510                    /lib/x86_64-linux-gnu/libgcc_s.so.1
7fd38d7b1000-7fd38d7b2000 rw-p 00015000 08:01 1572510                    /lib/x86_64-linux-gnu/libgcc_s.so.1
7fd38d7b2000-7fd38d8b7000 r-xp 00000000 08:01 1572453                    /lib/x86_64-linux-gnu/libm-2.19.so
7fd38d8b7000-7fd38dab6000 ---p 00105000 08:01 1572453                    /lib/x86_64-linux-gnu/libm-2.19.so
7fd38dab6000-7fd38dab7000 r--p 00104000 08:01 1572453                    /lib/x86_64-linux-gnu/libm-2.19.so
7fd38dab7000-7fd38dab8000 rw-p 00105000 08:01 1572453                    /lib/x86_64-linux-gnu/libm-2.19.so
7fd38dab8000-7fd38db9e000 r-xp 00000000 08:01 1108444                    /usr/lib/x86_64-linux-gnu/libstdc++.so.6.0.19
7fd38db9e000-7fd38dd9d000 ---p 000e6000 08:01 1108444                    /usr/lib/x86_64-linux-gnu/libstdc++.so.6.0.19
7fd38dd9d000-7fd38dda5000 r--p 000e5000 08:01 1108444                    /usr/lib/x86_64-linux-gnu/libstdc++.so.6.0.19
7fd38dda5000-7fd38dda7000 rw-p 000ed000 08:01 1108444                    /usr/lib/x86_64-linux-gnu/libstdc++.so.6.0.19
7fd38dda7000-7fd38ddbc000 rw-p 00000000 00:00 0 
7fd38ddbc000-7fd38e8ea000 r-xp 00000000 08:01 1662935                    /usr/lib/jvm/java-7-openjdk-amd64/jre/lib/amd64/server/libjvm.so
7fd38e8ea000-7fd38eaea000 ---p 00b2e000 08:01 1662935                    /usr/lib/jvm/java-7-openjdk-amd64/jre/lib/amd64/server/libjvm.so
7fd38eaea000-7fd38eb84000 r--p 00b2e000 08:01 1662935                    /usr/lib/jvm/java-7-openjdk-amd64/jre/lib/amd64/server/libjvm.so
7fd38eb84000-7fd38eba7000 rw-p 00bc8000 08:01 1662935                    /usr/lib/jvm/java-7-openjdk-amd64/jre/lib/amd64/server/libjvm.so
7fd38eba7000-7fd38ebd6000 rw-p 00000000 00:00 0 
7fd38ebd6000-7fd38ebee000 r-xp 00000000 08:01 1572646                    /lib/x86_64-linux-gnu/libz.so.1.2.8
7fd38ebee000-7fd38eded000 ---p 00018000 08:01 1572646                    /lib/x86_64-linux-gnu/libz.so.1.2.8
7fd38eded000-7fd38edee000 r--p 00017000 08:01 1572646                    /lib/x86_64-linux-gnu/libz.so.1.2.8
7fd38edee000-7fd38edef000 rw-p 00018000 08:01 1572646                    /lib/x86_64-linux-gnu/libz.so.1.2.8
7fd38edef000-7fd38ee08000 r-xp 00000000 08:01 1572578                    /lib/x86_64-linux-gnu/libpthread-2.19.so
7fd38ee08000-7fd38f007000 ---p 00019000 08:01 1572578                    /lib/x86_64-linux-gnu/libpthread-2.19.so
7fd38f007000-7fd38f008000 r--p 00018000 08:01 1572578                    /lib/x86_64-linux-gnu/libpthread-2.19.so
7fd38f008000-7fd38f009000 rw-p 00019000 08:01 1572578                    /lib/x86_64-linux-gnu/libpthread-2.19.so
7fd38f009000-7fd38f00d000 rw-p 00000000 00:00 0 
7fd38f00d000-7fd38f010000 r-xp 00000000 08:01 1572498                    /lib/x86_64-linux-gnu/libdl-2.19.so
7fd38f010000-7fd38f20f000 ---p 00003000 08:01 1572498                    /lib/x86_64-linux-gnu/libdl-2.19.so
7fd38f20f000-7fd38f210000 r--p 00002000 08:01 1572498                    /lib/x86_64-linux-gnu/libdl-2.19.so
7fd38f210000-7fd38f211000 rw-p 00003000 08:01 1572498                    /lib/x86_64-linux-gnu/libdl-2.19.so
7fd38f211000-7fd38f3cb000 r-xp 00000000 08:01 1572761                    /lib/x86_64-linux-gnu/libc-2.19.so
7fd38f3cb000-7fd38f5cb000 ---p 001ba000 08:01 1572761                    /lib/x86_64-linux-gnu/libc-2.19.so
7fd38f5cb000-7fd38f5cf000 r--p 001ba000 08:01 1572761                    /lib/x86_64-linux-gnu/libc-2.19.so
7fd38f5cf000-7fd38f5d1000 rw-p 001be000 08:01 1572761                    /lib/x86_64-linux-gnu/libc-2.19.so
7fd38f5d1000-7fd38f5d6000 rw-p 00000000 00:00 0 
7fd38f5d6000-7fd38f5e3000 r-xp 00000000 08:01 1662967                    /usr/lib/jvm/java-7-openjdk-amd64/jre/lib/amd64/jli/libjli.so
7fd38f5e3000-7fd38f7e2000 ---p 0000d000 08:01 1662967                    /usr/lib/jvm/java-7-openjdk-amd64/jre/lib/amd64/jli/libjli.so
7fd38f7e2000-7fd38f7e3000 r--p 0000c000 08:01 1662967                    /usr/lib/jvm/java-7-openjdk-amd64/jre/lib/amd64/jli/libjli.so
7fd38f7e3000-7fd38f7e4000 rw-p 0000d000 08:01 1662967                    /usr/lib/jvm/java-7-openjdk-amd64/jre/lib/amd64/jli/libjli.so
7fd38f7e4000-7fd38f807000 r-xp 00000000 08:01 1572579                    /lib/x86_64-linux-gnu/ld-2.19.so
7fd38f807000-7fd38f809000 r--s 0000c000 08:01 1148183                    /usr/share/java/mockobjects-core-0.09.jar
7fd38f809000-7fd38f80b000 r--s 00004000 08:01 1146594                    /usr/share/java/asm3-tree-3.3.2.jar
7fd38f80b000-7fd38f80d000 r--s 00012000 08:01 1662979                    /usr/lib/jvm/java-7-openjdk-amd64/jre/lib/ext/zipfs.jar
7fd38f80d000-7fd38f80e000 r--s 00002000 08:01 1662980                    /usr/lib/jvm/java-7-openjdk-amd64/jre/lib/ext/dnsns.jar
7fd38f80e000-7fd38f82e000 rw-p 00000000 00:00 0 
7fd38f82e000-7fd38f8e4000 rw-p 00000000 00:00 0 
7fd38f8e4000-7fd38f8e7000 ---p 00000000 00:00 0 
7fd38f8e7000-7fd38f9ea000 rw-p 00000000 00:00 0                          [stack:21606]
7fd38f9ea000-7fd38f9ee000 r--s 00034000 08:01 1662978                    /usr/lib/jvm/java-7-openjdk-amd64/jre/lib/ext/sunjce_provider.jar
7fd38f9ee000-7fd38f9f0000 r--s 00007000 08:01 1148835                    /usr/share/java/java-atk-wrapper.jar
7fd38f9f0000-7fd38f9f3000 r--s 0000f000 08:01 1662981                    /usr/lib/jvm/java-7-openjdk-amd64/jre/lib/ext/icedtea-sound.jar
7fd38f9f3000-7fd38f9f6000 r--s 0003d000 08:01 1662977                    /usr/lib/jvm/java-7-openjdk-amd64/jre/lib/ext/sunpkcs11.jar
7fd38f9f6000-7fd38f9fa000 r--s 00085000 08:01 1662982                    /usr/lib/jvm/java-7-openjdk-amd64/jre/lib/ext/localedata.jar
7fd38f9fa000-7fd38fa02000 rw-s 00000000 08:01 2739666                    /tmp/hsperfdata_sarnobat/21451
7fd38fa02000-7fd38fa03000 rw-p 00000000 00:00 0 
7fd38fa03000-7fd38fa04000 ---p 00000000 00:00 0 
7fd38fa04000-7fd38fa06000 rw-p 00000000 00:00 0 
7fd38fa06000-7fd38fa07000 r--p 00022000 08:01 1572579                    /lib/x86_64-linux-gnu/ld-2.19.so
7fd38fa07000-7fd38fa08000 rw-p 00023000 08:01 1572579                    /lib/x86_64-linux-gnu/ld-2.19.so
7fd38fa08000-7fd38fa09000 rw-p 00000000 00:00 0 
7ffd5fe88000-7ffd5fea9000 rw-p 00000000 00:00 0                          [stack]
7ffd5ff8f000-7ffd5ff91000 r--p 00000000 00:00 0                          [vvar]
7ffd5ff91000-7ffd5ff93000 r-xp 00000000 00:00 0                          [vdso]
ffffffffff600000-ffffffffff601000 r-xp 00000000 00:00 0                  [vsyscall]

VM Arguments:
jvm_args: -Dscript.name=/usr/bin/groovy -Dprogram.name=groovy -Dgroovy.starter.conf=/etc/groovy/groovy-starter.conf -Dgroovy.home=/usr/share/groovy -Dtools.jar=/usr/lib/jvm/java-7-openjdk-amd64/jre/lib/tools.jar 
java_command: org.codehaus.groovy.tools.GroovyStarter --main groovy.ui.GroovyMain --conf /etc/groovy/groovy-starter.conf --classpath . server.groovy /home/sarnobat/yurl
Launcher Type: SUN_STANDARD

Environment Variables:
JAVA_HOME=/usr/lib/jvm/java-7-openjdk-amd64/jre
PATH=/usr/bin:/bin
SHELL=/bin/sh

Signal Handlers:
SIGSEGV: [libjvm.so+0x95e310], sa_mask[0]=0x7ffbfeff, sa_flags=0x10000004
SIGBUS: [libjvm.so+0x95e310], sa_mask[0]=0x7ffbfeff, sa_flags=0x10000004
SIGFPE: [libjvm.so+0x7d1ef0], sa_mask[0]=0x7ffbfeff, sa_flags=0x10000004
SIGPIPE: [libjvm.so+0x7d1ef0], sa_mask[0]=0x7ffbfeff, sa_flags=0x10000004
SIGXFSZ: [libjvm.so+0x7d1ef0], sa_mask[0]=0x7ffbfeff, sa_flags=0x10000004
SIGILL: [libjvm.so+0x7d1ef0], sa_mask[0]=0x7ffbfeff, sa_flags=0x10000004
SIGUSR1: SIG_DFL, sa_mask[0]=0x00000000, sa_flags=0x00000000
SIGUSR2: [libjvm.so+0x7d2020], sa_mask[0]=0x00000000, sa_flags=0x10000004
SIGHUP: [libjvm.so+0x7d1f70], sa_mask[0]=0x7ffbfeff, sa_flags=0x10000004
SIGINT: [libjvm.so+0x7d1f70], sa_mask[0]=0x7ffbfeff, sa_flags=0x10000004
SIGTERM: [libjvm.so+0x7d1f70], sa_mask[0]=0x7ffbfeff, sa_flags=0x10000004
SIGQUIT: [libjvm.so+0x7d1f70], sa_mask[0]=0x7ffbfeff, sa_flags=0x10000004
SIGTRAP: SIG_DFL, sa_mask[0]=0x00000000, sa_flags=0x00000000


---------------  S Y S T E M  ---------------

OS:Ubuntu 14.04 (trusty)
uname:Linux 4.2.0-34-generic #39~14.04.1-Ubuntu SMP Fri Mar 11 11:38:02 UTC 2016 x86_64
libc:glibc 2.19 NPTL 2.19 
rlimit: STACK 8192k, CORE 0k, NPROC 15006, NOFILE 4096, AS infinity
load average:36.77 15.65 9.80

/proc/meminfo:
MemTotal:        3864416 kB
MemFree:           25544 kB
MemAvailable:      65908 kB
Buffers:            2580 kB
Cached:            48800 kB
SwapCached:        12172 kB
Active:          2672348 kB
Inactive:         810316 kB
Active(anon):    2665208 kB
Inactive(anon):   803488 kB
Active(file):       7140 kB
Inactive(file):     6828 kB
Unevictable:           0 kB
Mlocked:               0 kB
SwapTotal:       4007932 kB
SwapFree:              0 kB
Dirty:               164 kB
Writeback:           128 kB
AnonPages:       3420416 kB
Mapped:            13504 kB
Shmem:             36840 kB
Slab:             127684 kB
SReclaimable:      52740 kB
SUnreclaim:        74944 kB
KernelStack:       48960 kB
PageTables:       119860 kB
NFS_Unstable:          0 kB
Bounce:                0 kB
WritebackTmp:          0 kB
CommitLimit:     5940140 kB
Committed_AS:   23115580 kB
VmallocTotal:   34359738367 kB
VmallocUsed:      347960 kB
VmallocChunk:   34358947836 kB
HardwareCorrupted:     0 kB
AnonHugePages:    327680 kB
CmaTotal:              0 kB
CmaFree:               0 kB
HugePages_Total:       0
HugePages_Free:        0
HugePages_Rsvd:        0
HugePages_Surp:        0
Hugepagesize:       2048 kB
DirectMap4k:      546432 kB
DirectMap2M:     3463168 kB


CPU:total 4 (2 cores per cpu, 2 threads per core) family 6 model 58 stepping 9, cmov, cx8, fxsr, mmx, sse, sse2, sse3, ssse3, sse4.1, sse4.2, popcnt, avx, aes, erms, ht, tsc, tscinvbit, tscinv

/proc/cpuinfo:
processor	: 0
vendor_id	: GenuineIntel
cpu family	: 6
model		: 58
model name	: Intel(R) Core(TM) i5-3427U CPU @ 1.80GHz
stepping	: 9
microcode	: 0x17
cpu MHz		: 2524.878
cache size	: 3072 KB
physical id	: 0
siblings	: 4
core id		: 0
cpu cores	: 2
apicid		: 0
initial apicid	: 0
fpu		: yes
fpu_exception	: yes
cpuid level	: 13
wp		: yes
flags		: fpu vme de pse tsc msr pae mce cx8 apic sep mtrr pge mca cmov pat pse36 clflush dts acpi mmx fxsr sse sse2 ss ht tm pbe syscall nx rdtscp lm constant_tsc arch_perfmon pebs bts rep_good nopl xtopology nonstop_tsc aperfmperf eagerfpu pni pclmulqdq dtes64 monitor ds_cpl vmx smx est tm2 ssse3 cx16 xtpr pdcm pcid sse4_1 sse4_2 x2apic popcnt tsc_deadline_timer aes xsave avx f16c rdrand lahf_lm ida arat epb pln pts dtherm tpr_shadow vnmi flexpriority ept vpid fsgsbase smep erms xsaveopt
bugs		:
bogomips	: 4589.67
clflush size	: 64
cache_alignment	: 64
address sizes	: 36 bits physical, 48 bits virtual
power management:

processor	: 1
vendor_id	: GenuineIntel
cpu family	: 6
model		: 58
model name	: Intel(R) Core(TM) i5-3427U CPU @ 1.80GHz
stepping	: 9
microcode	: 0x17
cpu MHz		: 2506.820
cache size	: 3072 KB
physical id	: 0
siblings	: 4
core id		: 1
cpu cores	: 2
apicid		: 2
initial apicid	: 2
fpu		: yes
fpu_exception	: yes
cpuid level	: 13
wp		: yes
flags		: fpu vme de pse tsc msr pae mce cx8 apic sep mtrr pge mca cmov pat pse36 clflush dts acpi mmx fxsr sse sse2 ss ht tm pbe syscall nx rdtscp lm constant_tsc arch_perfmon pebs bts rep_good nopl xtopology nonstop_tsc aperfmperf eagerfpu pni pclmulqdq dtes64 monitor ds_cpl vmx smx est tm2 ssse3 cx16 xtpr pdcm pcid sse4_1 sse4_2 x2apic popcnt tsc_deadline_timer aes xsave avx f16c rdrand lahf_lm ida arat epb pln pts dtherm tpr_shadow vnmi flexpriority ept vpid fsgsbase smep erms xsaveopt
bugs		:
bogomips	: 4589.67
clflush size	: 64
cache_alignment	: 64
address sizes	: 36 bits physical, 48 bits virtual
power management:

processor	: 2
vendor_id	: GenuineIntel
cpu family	: 6
model		: 58
model name	: Intel(R) Core(TM) i5-3427U CPU @ 1.80GHz
stepping	: 9
microcode	: 0x17
cpu MHz		: 2534.671
cache size	: 3072 KB
physical id	: 0
siblings	: 4
core id		: 0
cpu cores	: 2
apicid		: 1
initial apicid	: 1
fpu		: yes
fpu_exception	: yes
cpuid level	: 13
wp		: yes
flags		: fpu vme de pse tsc msr pae mce cx8 apic sep mtrr pge mca cmov pat pse36 clflush dts acpi mmx fxsr sse sse2 ss ht tm pbe syscall nx rdtscp lm constant_tsc arch_perfmon pebs bts rep_good nopl xtopology nonstop_tsc aperfmperf eagerfpu pni pclmulqdq dtes64 monitor ds_cpl vmx smx est tm2 ssse3 cx16 xtpr pdcm pcid sse4_1 sse4_2 x2apic popcnt tsc_deadline_timer aes xsave avx f16c rdrand lahf_lm ida arat epb pln pts dtherm tpr_shadow vnmi flexpriority ept vpid fsgsbase smep erms xsaveopt
bugs		:
bogomips	: 4589.67
clflush size	: 64
cache_alignment	: 64
address sizes	: 36 bits physical, 48 bits virtual
power management:

processor	: 3
vendor_id	: GenuineIntel
cpu family	: 6
model		: 58
model name	: Intel(R) Core(TM) i5-3427U CPU @ 1.80GHz
stepping	: 9
microcode	: 0x17
cpu MHz		: 2545.812
cache size	: 3072 KB
physical id	: 0
siblings	: 4
core id		: 1
cpu cores	: 2
apicid		: 3
initial apicid	: 3
fpu		: yes
fpu_exception	: yes
cpuid level	: 13
wp		: yes
flags		: fpu vme de pse tsc msr pae mce cx8 apic sep mtrr pge mca cmov pat pse36 clflush dts acpi mmx fxsr sse sse2 ss ht tm pbe syscall nx rdtscp lm constant_tsc arch_perfmon pebs bts rep_good nopl xtopology nonstop_tsc aperfmperf eagerfpu pni pclmulqdq dtes64 monitor ds_cpl vmx smx est tm2 ssse3 cx16 xtpr pdcm pcid sse4_1 sse4_2 x2apic popcnt tsc_deadline_timer aes xsave avx f16c rdrand lahf_lm ida arat epb pln pts dtherm tpr_shadow vnmi flexpriority ept vpid fsgsbase smep erms xsaveopt
bugs		:
bogomips	: 4589.67
clflush size	: 64
cache_alignment	: 64
address sizes	: 36 bits physical, 48 bits virtual
power management:



Memory: 4k page, physical 3864416k(24496k free), swap 4007932k(0k free)

vm_info: OpenJDK 64-Bit Server VM (24.121-b00) for linux-amd64 JRE (1.7.0_121-b00), built on Nov 16 2016 00:46:21 by "buildd" with gcc 4.8.4

time: Wed Mar  8 07:22:18 2017
elapsed time: 136 seconds

