#
# There is insufficient memory for the Java Runtime Environment to continue.
# Native memory allocation (malloc) failed to allocate 82051072 bytes for committing reserved memory.
# Possible reasons:
#   The system is out of physical RAM or swap space
#   In 32 bit mode, the process size limit was hit
# Possible solutions:
#   Reduce memory load on the system
#   Increase physical memory or swap space
#   Check if swap backing store is full
#   Use 64 bit Java on a 64 bit OS
#   Decrease Java heap size (-Xmx/-Xms)
#   Decrease number of Java threads
#   Decrease Java thread stack sizes (-Xss)
#   Set larger code cache with -XX:ReservedCodeCacheSize=
# This output file may be truncated or incomplete.
#
#  Out of Memory Error (os_linux.cpp:2798), pid=18509, tid=1866464064
#
# JRE version: OpenJDK Runtime Environment (7.0_65-b32) (build 1.7.0_65-b32)
# Java VM: OpenJDK Server VM (24.65-b04 mixed mode linux-x86 )
# Derivative: IcedTea 2.5.3
# Distribution: Ubuntu 12.04 LTS, package 7u71-2.5.3-0ubuntu0.12.04.1
# Failed to write core dump. Core dumps have been disabled. To enable core dumping, try "ulimit -c unlimited" before starting Java again
#

---------------  T H R E A D  ---------------

Current thread (0x6f410400):  VMThread [stack: 0x6f37f000,0x6f400000] [id=18529]

Stack: [0x6f37f000,0x6f400000]

[error occurred during error reporting (printing native stack), id 0xb]

VM_Operation (0x6dd34188): ParallelGCFailedAllocation, mode: safepoint, requested by thread 0x71c5b800


---------------  P R O C E S S  ---------------

Java Threads: ( => current thread )
  0x71c5b800 JavaThread "Thread-21" [_thread_blocked, id=18591, stack(0x6d535000,0x6dd36000)]
  0x6f42c800 JavaThread "Service Thread" daemon [_thread_blocked, id=18535, stack(0x6ef8a000,0x6efdb000)]
  0x6f42ac00 JavaThread "C2 CompilerThread1" daemon [_thread_blocked, id=18534, stack(0x6efdb000,0x6f05c000)]
  0x6f428c00 JavaThread "C2 CompilerThread0" daemon [_thread_blocked, id=18533, stack(0x6f05c000,0x6f0dd000)]
  0x6f427000 JavaThread "Signal Dispatcher" daemon [_thread_blocked, id=18532, stack(0x6f0dd000,0x6f12e000)]
  0x6f414400 JavaThread "Finalizer" daemon [_thread_blocked, id=18531, stack(0x6f32e000,0x6f37f000)]
  0x6f412c00 JavaThread "Reference Handler" daemon [_thread_blocked, id=18530, stack(0x6f525000,0x6f576000)]
  0xb6407c00 JavaThread "main" [_thread_in_native, id=18526, stack(0xb65c1000,0xb6612000)]

Other Threads:
=>0x6f410400 VMThread [stack: 0x6f37f000,0x6f400000] [id=18529]
  0x6f42e400 WatcherThread [stack: 0x6ef09000,0x6ef8a000] [id=18536]

VM state:at safepoint (normal execution)

VM Mutex/Monitor currently owned by a thread:  ([mutex/lock_event])
[0xb6405358] Threads_lock - owner thread: 0x6f410400
[0xb6405768] Heap_lock - owner thread: 0x71c5b800

Heap
 PSYoungGen      total 125440K, used 6646K [0xa0340000, 0xa8440000, 0xb3340000)
  eden space 118784K, 0% used [0xa0340000,0xa0340000,0xa7740000)
  from space 6656K, 99% used [0xa7740000,0xa7dbda60,0xa7dc0000)
  to   space 6656K, 0% used [0xa7dc0000,0xa7dc0000,0xa8440000)
 ParOldGen       total 38912K, used 21837K [0x7a340000, 0x7c940000, 0xa0340000)
  object space 38912K, 56% used [0x7a340000,0x7b893700,0x7c940000)
 PSPermGen       total 16384K, used 14170K [0x72340000, 0x73340000, 0x7a340000)
  object space 16384K, 86% used [0x72340000,0x73116890,0x73340000)

Card table byte_map: [0x72137000,0x72340000] byte_map_base: 0x71da5600

Polling page: 0xb7773000

Code Cache  [0xb3400000, 0xb3640000, 0xb6400000)
 total_blobs=944 nmethods=557 adapters=341 free_code_cache=46990Kb largest_free_block=48035008

Compilation events (10 events):
Event: 143.872 Thread 0x6f42ac00  610             java.lang.StringCoding$StringEncoder::requestedCharsetName (5 bytes)
Event: 143.873 Thread 0x6f42ac00 nmethod 610 0xb3483c48 code [0xb3483d20, 0xb3483d70]
Event: 143.879 Thread 0x6f42ac00  611             java.lang.String::trim (77 bytes)
Event: 143.894 Thread 0x6f428c00 nmethod 608 0xb362c388 code [0xb362c580, 0xb362ce6c]
Event: 143.894 Thread 0x6f428c00  612             java.lang.ref.FinalReference::<init> (7 bytes)
Event: 143.896 Thread 0x6f428c00 nmethod 612 0xb36228c8 code [0xb36229c0, 0xb3622a30]
Event: 143.901 Thread 0x6f42ac00 nmethod 611 0xb3623d48 code [0xb3623e60, 0xb3624230]
Event: 144.075 Thread 0x6f428c00  613             org.codehaus.groovy.reflection.ParameterTypes::coerceArgumentsToClasses (55 bytes)
Event: 144.172 Thread 0x6f428c00 nmethod 613 0xb362fac8 code [0xb362fc60, 0xb3630298]
Event: 144.194 Thread 0x6f42ac00  614             FuseYurl::files (349 bytes)

GC Heap History (10 events):
Event: 9.069 GC heap after
Heap after GC invocations=4 (full 0):
 PSYoungGen      total 32000K, used 2296K [0xa0340000, 0xa24c0000, 0xb3340000)
  eden space 29696K, 0% used [0xa0340000,0xa0340000,0xa2040000)
  from space 2304K, 99% used [0xa2280000,0xa24be070,0xa24c0000)
  to   space 2304K, 0% used [0xa2040000,0xa2040000,0xa2280000)
 ParOldGen       total 38912K, used 2931K [0x7a340000, 0x7c940000, 0xa0340000)
  object space 38912K, 7% used [0x7a340000,0x7a61cf18,0x7c940000)
 PSPermGen       total 16384K, used 7433K [0x72340000, 0x73340000, 0x7a340000)
  object space 16384K, 45% used [0x72340000,0x72a82510,0x73340000)
}
Event: 14.105 GC heap before
{Heap before GC invocations=5 (full 0):
 PSYoungGen      total 32000K, used 31992K [0xa0340000, 0xa24c0000, 0xb3340000)
  eden space 29696K, 100% used [0xa0340000,0xa2040000,0xa2040000)
  from space 2304K, 99% used [0xa2280000,0xa24be070,0xa24c0000)
  to   space 2304K, 0% used [0xa2040000,0xa2040000,0xa2280000)
 ParOldGen       total 38912K, used 2931K [0x7a340000, 0x7c940000, 0xa0340000)
  object space 38912K, 7% used [0x7a340000,0x7a61cf18,0x7c940000)
 PSPermGen       total 16384K, used 8898K [0x72340000, 0x73340000, 0x7a340000)
  object space 16384K, 54% used [0x72340000,0x72bf0a40,0x73340000)
Event: 14.178 GC heap after
Heap after GC invocations=5 (full 0):
 PSYoungGen      total 32000K, used 2296K [0xa0340000, 0xa4a40000, 0xb3340000)
  eden space 29696K, 0% used [0xa0340000,0xa0340000,0xa2040000)
  from space 2304K, 99% used [0xa2040000,0xa227e0b0,0xa2280000)
  to   space 6656K, 0% used [0xa43c0000,0xa43c0000,0xa4a40000)
 ParOldGen       total 38912K, used 7269K [0x7a340000, 0x7c940000, 0xa0340000)
  object space 38912K, 18% used [0x7a340000,0x7aa59770,0x7c940000)
 PSPermGen       total 16384K, used 8898K [0x72340000, 0x73340000, 0x7a340000)
  object space 16384K, 54% used [0x72340000,0x72bf0a40,0x73340000)
}
Event: 16.218 GC heap before
{Heap before GC invocations=6 (full 0):
 PSYoungGen      total 32000K, used 31992K [0xa0340000, 0xa4a40000, 0xb3340000)
  eden space 29696K, 100% used [0xa0340000,0xa2040000,0xa2040000)
  from space 2304K, 99% used [0xa2040000,0xa227e0b0,0xa2280000)
  to   space 6656K, 0% used [0xa43c0000,0xa43c0000,0xa4a40000)
 ParOldGen       total 38912K, used 7269K [0x7a340000, 0x7c940000, 0xa0340000)
  object space 38912K, 18% used [0x7a340000,0x7aa59770,0x7c940000)
 PSPermGen       total 16384K, used 11032K [0x72340000, 0x73340000, 0x7a340000)
  object space 16384K, 67% used [0x72340000,0x72e06020,0x73340000)
Event: 16.293 GC heap after
Heap after GC invocations=6 (full 0):
 PSYoungGen      total 66048K, used 4498K [0xa0340000, 0xa4a40000, 0xb3340000)
  eden space 59392K, 0% used [0xa0340000,0xa0340000,0xa3d40000)
  from space 6656K, 67% used [0xa43c0000,0xa4824be8,0xa4a40000)
  to   space 6656K, 0% used [0xa3d40000,0xa3d40000,0xa43c0000)
 ParOldGen       total 38912K, used 7269K [0x7a340000, 0x7c940000, 0xa0340000)
  object space 38912K, 18% used [0x7a340000,0x7aa59770,0x7c940000)
 PSPermGen       total 16384K, used 11032K [0x72340000, 0x73340000, 0x7a340000)
  object space 16384K, 67% used [0x72340000,0x72e06020,0x73340000)
}
Event: 50.349 GC heap before
{Heap before GC invocations=7 (full 0):
 PSYoungGen      total 66048K, used 63890K [0xa0340000, 0xa4a40000, 0xb3340000)
  eden space 59392K, 100% used [0xa0340000,0xa3d40000,0xa3d40000)
  from space 6656K, 67% used [0xa43c0000,0xa4824be8,0xa4a40000)
  to   space 6656K, 0% used [0xa3d40000,0xa3d40000,0xa43c0000)
 ParOldGen       total 38912K, used 7269K [0x7a340000, 0x7c940000, 0xa0340000)
  object space 38912K, 18% used [0x7a340000,0x7aa59770,0x7c940000)
 PSPermGen       total 16384K, used 12826K [0x72340000, 0x73340000, 0x7a340000)
  object space 16384K, 78% used [0x72340000,0x72fc68a0,0x73340000)
Event: 50.440 GC heap after
Heap after GC invocations=7 (full 0):
 PSYoungGen      total 66048K, used 4816K [0xa0340000, 0xa8440000, 0xb3340000)
  eden space 59392K, 0% used [0xa0340000,0xa0340000,0xa3d40000)
  from space 6656K, 72% used [0xa3d40000,0xa41f43e0,0xa43c0000)
  to   space 6656K, 0% used [0xa7dc0000,0xa7dc0000,0xa8440000)
 ParOldGen       total 38912K, used 8629K [0x7a340000, 0x7c940000, 0xa0340000)
  object space 38912K, 22% used [0x7a340000,0x7abad730,0x7c940000)
 PSPermGen       total 16384K, used 12826K [0x72340000, 0x73340000, 0x7a340000)
  object space 16384K, 78% used [0x72340000,0x72fc68a0,0x73340000)
}
Event: 56.284 GC heap before
{Heap before GC invocations=8 (full 0):
 PSYoungGen      total 66048K, used 63714K [0xa0340000, 0xa8440000, 0xb3340000)
  eden space 59392K, 99% used [0xa0340000,0xa3cc47c8,0xa3d40000)
  from space 6656K, 72% used [0xa3d40000,0xa41f43e0,0xa43c0000)
  to   space 6656K, 0% used [0xa7dc0000,0xa7dc0000,0xa8440000)
 ParOldGen       total 38912K, used 8629K [0x7a340000, 0x7c940000, 0xa0340000)
  object space 38912K, 22% used [0x7a340000,0x7abad730,0x7c940000)
 PSPermGen       total 16384K, used 13225K [0x72340000, 0x73340000, 0x7a340000)
  object space 16384K, 80% used [0x72340000,0x7302a710,0x73340000)
Event: 56.391 GC heap after
Heap after GC invocations=8 (full 0):
 PSYoungGen      total 125440K, used 4851K [0xa0340000, 0xa8440000, 0xb3340000)
  eden space 118784K, 0% used [0xa0340000,0xa0340000,0xa7740000)
  from space 6656K, 72% used [0xa7dc0000,0xa827cdf8,0xa8440000)
  to   space 6656K, 0% used [0xa7740000,0xa7740000,0xa7dc0000)
 ParOldGen       total 38912K, used 12891K [0x7a340000, 0x7c940000, 0xa0340000)
  object space 38912K, 33% used [0x7a340000,0x7afd6f38,0x7c940000)
 PSPermGen       total 16384K, used 13225K [0x72340000, 0x73340000, 0x7a340000)
  object space 16384K, 80% used [0x72340000,0x7302a710,0x73340000)
}
Event: 144.366 GC heap before
{Heap before GC invocations=9 (full 0):
 PSYoungGen      total 125440K, used 123635K [0xa0340000, 0xa8440000, 0xb3340000)
  eden space 118784K, 100% used [0xa0340000,0xa7740000,0xa7740000)
  from space 6656K, 72% used [0xa7dc0000,0xa827cdf8,0xa8440000)
  to   space 6656K, 0% used [0xa7740000,0xa7740000,0xa7dc0000)
 ParOldGen       total 38912K, used 12891K [0x7a340000, 0x7c940000, 0xa0340000)
  object space 38912K, 33% used [0x7a340000,0x7afd6f38,0x7c940000)
 PSPermGen       total 16384K, used 14170K [0x72340000, 0x73340000, 0x7a340000)
  object space 16384K, 86% used [0x72340000,0x73116890,0x73340000)

Deoptimization events (10 events):
Event: 141.715 Thread 0x71e08800 Uncommon trap: reason=class_check action=maybe_recompile pc=0xb360fb74 method=org.codehaus.groovy.runtime.callsite.PojoMetaMethodSite$PojoMetaMethodSiteNoUnwrapNoCoerce.invoke(Ljava/lang/Object;[Ljava/lang/Object;)Ljava/lang/Object; @ 6
Event: 141.797 Thread 0x71e08800 Uncommon trap: reason=unloaded action=reinterpret pc=0xb3449b28 method=sun.nio.cs.UTF_8$Encoder.encode([CII[B)I @ 153
Event: 143.966 Thread 0x08b0bc00 Uncommon trap: reason=null_check action=make_not_entrant pc=0xb36230f0 method=com.sun.jna.Native.getNativeSize(Ljava/lang/Class;)I @ 4
Event: 143.967 Thread 0x6e353800 Uncommon trap: reason=null_check action=make_not_entrant pc=0xb36230f0 method=com.sun.jna.Native.getNativeSize(Ljava/lang/Class;)I @ 4
Event: 143.986 Thread 0x08b0bc00 Uncommon trap: reason=class_check action=maybe_recompile pc=0xb362ae64 method=org.codehaus.groovy.reflection.ParameterTypes.coerceArgumentsToClasses([Ljava/lang/Object;)[Ljava/lang/Object; @ 43
Event: 144.043 Thread 0x08b0bc00 Uncommon trap: reason=class_check action=maybe_recompile pc=0xb361f5c0 method=FuseYurl.files(Lorg/json/JSONObject;)Ljava/util/List; @ 332
Event: 144.048 Thread 0x08b0bc00 Uncommon trap: reason=class_check action=maybe_recompile pc=0xb362ae64 method=org.codehaus.groovy.reflection.ParameterTypes.coerceArgumentsToClasses([Ljava/lang/Object;)[Ljava/lang/Object; @ 43
Event: 144.050 Thread 0x08b0bc00 Uncommon trap: reason=class_check action=maybe_recompile pc=0xb362ae64 method=org.codehaus.groovy.reflection.ParameterTypes.coerceArgumentsToClasses([Ljava/lang/Object;)[Ljava/lang/Object; @ 43
Event: 144.053 Thread 0x08b0bc00 Uncommon trap: reason=class_check action=maybe_recompile pc=0xb362ae64 method=org.codehaus.groovy.reflection.ParameterTypes.coerceArgumentsToClasses([Ljava/lang/Object;)[Ljava/lang/Object; @ 43
Event: 144.156 Thread 0x71e08800 Uncommon trap: reason=class_check action=maybe_recompile pc=0xb361f5c0 method=FuseYurl.files(Lorg/json/JSONObject;)Ljava/util/List; @ 332

Internal exceptions (10 events):
Event: 141.687 Thread 0x71e08800 Threw 0xa67bd668 at /build/buildd/openjdk-7-7u71-2.5.3/build/openjdk/hotspot/src/share/vm/prims/jvm.cpp:1284
Event: 141.687 Thread 0x71e08800 Threw 0xa67bdb30 at /build/buildd/openjdk-7-7u71-2.5.3/build/openjdk/hotspot/src/share/vm/prims/jvm.cpp:1284
Event: 141.696 Thread 0x71e08800 Threw 0xa67c65d0 at /build/buildd/openjdk-7-7u71-2.5.3/build/openjdk/hotspot/src/share/vm/prims/jvm.cpp:1284
Event: 141.696 Thread 0x71e08800 Threw 0xa67c6b80 at /build/buildd/openjdk-7-7u71-2.5.3/build/openjdk/hotspot/src/share/vm/prims/jvm.cpp:1284
Event: 141.697 Thread 0x71e08800 Threw 0xa67c6de0 at /build/buildd/openjdk-7-7u71-2.5.3/build/openjdk/hotspot/src/share/vm/classfile/systemDictionary.cpp:185
Event: 141.697 Thread 0x71e08800 Threw 0xa67c7b28 at /build/buildd/openjdk-7-7u71-2.5.3/build/openjdk/hotspot/src/share/vm/prims/jvm.cpp:1284
Event: 141.697 Thread 0x71e08800 Threw 0xa67c80f0 at /build/buildd/openjdk-7-7u71-2.5.3/build/openjdk/hotspot/src/share/vm/prims/jvm.cpp:1284
Event: 141.697 Thread 0x71e08800 Threw 0xa67c8358 at /build/buildd/openjdk-7-7u71-2.5.3/build/openjdk/hotspot/src/share/vm/classfile/systemDictionary.cpp:185
Event: 143.962 Thread 0x6e353800 Implicit null exception at 0xb3622df0 to 0xb36230e5
Event: 143.966 Thread 0x08b0bc00 Implicit null exception at 0xb3622df0 to 0xb36230e5

Events (10 events):
Event: 144.172 Thread 0x6f428c00 flushing nmethod 0xb35e2748
Event: 144.172 Thread 0x6f428c00 flushing nmethod 0xb35e4888
Event: 144.172 Thread 0x6f428c00 flushing nmethod 0xb35e6908
Event: 144.172 Thread 0x6f428c00 flushing nmethod 0xb35e8088
Event: 144.172 Thread 0x6f428c00 flushing nmethod 0xb35ef248
Event: 144.179 Thread 0x71e08800 Thread exited: 0x71e08800
Event: 144.180 Thread 0x71c5b800 Thread added: 0x71c5b800
Event: 144.288 Thread 0x71c5b800 Thread exited: 0x71c5b800
Event: 144.289 Thread 0x71c5b800 Thread added: 0x71c5b800
Event: 144.365 Executing VM operation: ParallelGCFailedAllocation


Dynamic libraries:
08048000-08049000 r-xp 00000000 08:01 2234684    /usr/lib/jvm/java-7-openjdk-i386/jre/bin/java
08049000-0804a000 r--p 00000000 08:01 2234684    /usr/lib/jvm/java-7-openjdk-i386/jre/bin/java
0804a000-0804b000 rw-p 00001000 08:01 2234684    /usr/lib/jvm/java-7-openjdk-i386/jre/bin/java
088cf000-08cf3000 rw-p 00000000 00:00 0          [heap]
6c529000-6c52c000 ---p 00000000 00:00 0 
6c52c000-6cd2a000 rw-p 00000000 00:00 0          [stack:18667]
6cd2a000-6cd34000 r--s 00203000 08:01 2234603    /usr/lib/jvm/java-7-openjdk-i386/jre/lib/charsets.jar
6cd34000-6cd37000 ---p 00000000 00:00 0 
6cd37000-6d535000 rw-p 00000000 00:00 0          [stack:18592]
6d535000-6d538000 ---p 00000000 00:00 0 
6d538000-6dd36000 rw-p 00000000 00:00 0          [stack:18591]
6dd36000-6dd39000 ---p 00000000 00:00 0 
6dd39000-6dd87000 rw-p 00000000 00:00 0 
6dd87000-6dd8a000 ---p 00000000 00:00 0 
6dd8a000-6ddd8000 rw-p 00000000 00:00 0 
6ddd8000-6ddfc000 r-xp 00000000 08:01 2485537    /lib/libfuse.so.2.8.6
6ddfc000-6de05000 r--p 00023000 08:01 2485537    /lib/libfuse.so.2.8.6
6de05000-6de06000 rw-p 0002c000 08:01 2485537    /lib/libfuse.so.2.8.6
6de06000-6de1b000 r-xp 00000000 08:01 3422973    /tmp/jna-2116951376/jna8124755445836145436.tmp (deleted)
6de1b000-6de1c000 rw-p 00014000 08:01 3422973    /tmp/jna-2116951376/jna8124755445836145436.tmp (deleted)
6de1c000-6de1f000 ---p 00000000 00:00 0 
6de1f000-6de6d000 rw-p 00000000 00:00 0 
6de6d000-6dea7000 r-xp 00000000 08:01 2486485    /lib/i386-linux-gnu/libpcre.so.3.12.1
6dea7000-6dea8000 r--p 00039000 08:01 2486485    /lib/i386-linux-gnu/libpcre.so.3.12.1
6dea8000-6dea9000 rw-p 0003a000 08:01 2486485    /lib/i386-linux-gnu/libpcre.so.3.12.1
6dea9000-6dffc000 r-xp 00000000 08:01 2097826    /usr/lib/i386-linux-gnu/libgio-2.0.so.0.3200.4
6dffc000-6dffe000 r--p 00153000 08:01 2097826    /usr/lib/i386-linux-gnu/libgio-2.0.so.0.3200.4
6dffe000-6dfff000 rw-p 00155000 08:01 2097826    /usr/lib/i386-linux-gnu/libgio-2.0.so.0.3200.4
6dfff000-6e000000 rw-p 00000000 00:00 0 
6e000000-6e0f0000 rw-p 00000000 00:00 0 
6e0f0000-6e100000 ---p 00000000 00:00 0 
6e100000-6e1f2000 rw-p 00000000 00:00 0 
6e1f2000-6e200000 ---p 00000000 00:00 0 
6e200000-6e2ff000 rw-p 00000000 00:00 0 
6e2ff000-6e300000 ---p 00000000 00:00 0 
6e300000-6e3fe000 rw-p 00000000 00:00 0 
6e3fe000-6e400000 ---p 00000000 00:00 0 
6e400000-6e4ff000 rw-p 00000000 00:00 0 
6e4ff000-6e500000 ---p 00000000 00:00 0 
6e500000-6e5ff000 rw-p 00000000 00:00 0 
6e5ff000-6e600000 ---p 00000000 00:00 0 
6e607000-6e6fe000 r-xp 00000000 08:01 2486437    /lib/i386-linux-gnu/libglib-2.0.so.0.3200.4
6e6fe000-6e6ff000 r--p 000f6000 08:01 2486437    /lib/i386-linux-gnu/libglib-2.0.so.0.3200.4
6e6ff000-6e700000 rw-p 000f7000 08:01 2486437    /lib/i386-linux-gnu/libglib-2.0.so.0.3200.4
6e700000-6e7fe000 rw-p 00000000 00:00 0 
6e7fe000-6e800000 ---p 00000000 00:00 0 
6e803000-6e804000 rwxp 00000000 00:00 0 
6e804000-6e809000 r--s 0004c000 08:01 2234614    /usr/lib/jvm/java-7-openjdk-i386/jre/lib/jsse.jar
6e809000-6e80e000 r-xp 00000000 08:01 2486461    /lib/i386-linux-gnu/libnss_dns-2.15.so
6e80e000-6e80f000 r--p 00004000 08:01 2486461    /lib/i386-linux-gnu/libnss_dns-2.15.so
6e80f000-6e810000 rw-p 00005000 08:01 2486461    /lib/i386-linux-gnu/libnss_dns-2.15.so
6e810000-6e815000 r-xp 00000000 08:01 2097781    /usr/lib/i386-linux-gnu/libffi.so.6.0.0
6e815000-6e816000 r--p 00004000 08:01 2097781    /usr/lib/i386-linux-gnu/libffi.so.6.0.0
6e816000-6e817000 rw-p 00005000 08:01 2097781    /usr/lib/i386-linux-gnu/libffi.so.6.0.0
6e817000-6e82a000 r-xp 00000000 08:01 2486496    /lib/i386-linux-gnu/libresolv-2.15.so
6e82a000-6e82b000 ---p 00013000 08:01 2486496    /lib/i386-linux-gnu/libresolv-2.15.so
6e82b000-6e82c000 r--p 00013000 08:01 2486496    /lib/i386-linux-gnu/libresolv-2.15.so
6e82c000-6e82d000 rw-p 00014000 08:01 2486496    /lib/i386-linux-gnu/libresolv-2.15.so
6e82d000-6e82f000 rw-p 00000000 00:00 0 
6e82f000-6e84c000 r-xp 00000000 08:01 2486500    /lib/i386-linux-gnu/libselinux.so.1
6e84c000-6e84d000 r--p 0001c000 08:01 2486500    /lib/i386-linux-gnu/libselinux.so.1
6e84d000-6e84e000 rw-p 0001d000 08:01 2486500    /lib/i386-linux-gnu/libselinux.so.1
6e84e000-6e851000 r-xp 00000000 08:01 2097838    /usr/lib/i386-linux-gnu/libgmodule-2.0.so.0.3200.4
6e851000-6e852000 r--p 00002000 08:01 2097838    /usr/lib/i386-linux-gnu/libgmodule-2.0.so.0.3200.4
6e852000-6e853000 rw-p 00003000 08:01 2097838    /usr/lib/i386-linux-gnu/libgmodule-2.0.so.0.3200.4
6e853000-6e8a0000 r-xp 00000000 08:01 2097852    /usr/lib/i386-linux-gnu/libgobject-2.0.so.0.3200.4
6e8a0000-6e8a1000 r--p 0004c000 08:01 2097852    /usr/lib/i386-linux-gnu/libgobject-2.0.so.0.3200.4
6e8a1000-6e8a2000 rw-p 0004d000 08:01 2097852    /usr/lib/i386-linux-gnu/libgobject-2.0.so.0.3200.4
6e8a2000-6e8a4000 r-xp 00000000 08:01 2485558    /lib/libnss_mdns4_minimal.so.2
6e8a4000-6e8a5000 r--p 00001000 08:01 2485558    /lib/libnss_mdns4_minimal.so.2
6e8a5000-6e8a6000 rw-p 00002000 08:01 2485558    /lib/libnss_mdns4_minimal.so.2
6e8a6000-6e8b7000 r-xp 00000000 08:01 2234647    /usr/lib/jvm/java-7-openjdk-i386/jre/lib/i386/libnio.so
6e8b7000-6e8b8000 r--p 00010000 08:01 2234647    /usr/lib/jvm/java-7-openjdk-i386/jre/lib/i386/libnio.so
6e8b8000-6e8b9000 rw-p 00011000 08:01 2234647    /usr/lib/jvm/java-7-openjdk-i386/jre/lib/i386/libnio.so
6e8b9000-6e8d0000 r-xp 00000000 08:01 2234648    /usr/lib/jvm/java-7-openjdk-i386/jre/lib/i386/libnet.so
6e8d0000-6e8d1000 r--p 00016000 08:01 2234648    /usr/lib/jvm/java-7-openjdk-i386/jre/lib/i386/libnet.so
6e8d1000-6e8d2000 rw-p 00017000 08:01 2234648    /usr/lib/jvm/java-7-openjdk-i386/jre/lib/i386/libnet.so
6e8d2000-6e8db000 r--s 000b9000 08:01 2234626    /usr/lib/jvm/java-7-openjdk-i386/jre/lib/resources.jar
6e8db000-6e8df000 r--s 0001d000 08:11 10374      /media/sarnobat/ubuntu_valuables/ubuntu_valuables/github/groovy_libraries/.groovy/lib/xbean-reflect-3.4.jar
6e8df000-6e904000 r--s 002e3000 08:11 78822      /media/sarnobat/ubuntu_valuables/ubuntu_valuables/github/groovy_libraries/.groovy/lib/xalan-2.7.1.jar
6e904000-6e906000 r--s 0000a000 08:11 10362      /media/sarnobat/ubuntu_valuables/ubuntu_valuables/github/groovy_libraries/.groovy/lib/wget-1.2.9.jar
6e906000-6e908000 r--s 00008000 08:11 10347      /media/sarnobat/ubuntu_valuables/ubuntu_valuables/github/groovy_libraries/.groovy/lib/vget-1.1.5.jar
6e908000-6e90c000 r--s 0000c000 08:11 10330      /media/sarnobat/ubuntu_valuables/ubuntu_valuables/github/groovy_libraries/.groovy/lib/validation-api-1.1.0.Final.jar
6e90c000-6e910000 r--s 00017000 08:11 78252      /media/sarnobat/ubuntu_valuables/ubuntu_valuables/github/groovy_libraries/.groovy/lib/thumbnailator-0.4.8.jar
6e910000-6e91f000 r--s 00095000 08:11 77038      /media/sarnobat/ubuntu_valuables/ubuntu_valuables/github/groovy_libraries/.groovy/lib/sshd-core-0.14.0.jar
6e91f000-6e921000 r--s 00001000 08:11 79056      /media/sarnobat/ubuntu_valuables/ubuntu_valuables/github/groovy_libraries/.groovy/lib/slf4j-log4j12-1.7.12.jar
6e921000-6e923000 r--s 00005000 08:11 76603      /media/sarnobat/ubuntu_valuables/ubuntu_valuables/github/groovy_libraries/.groovy/lib/slf4j-api-1.7.5.jar
6e923000-6e924000 r--s 00007000 08:11 79022      /media/sarnobat/ubuntu_valuables/ubuntu_valuables/github/groovy_libraries/.groovy/lib/slf4j-api-1.7.12.jar
6e924000-6e926000 r--s 0001f000 08:11 10317      /media/sarnobat/ubuntu_valuables/ubuntu_valuables/github/groovy_libraries/.groovy/lib/servlet-api-2.5-20081211.jar
6e926000-6e98f000 r--s 003e4000 08:11 9893       /media/sarnobat/ubuntu_valuables/ubuntu_valuables/github/groovy_libraries/.groovy/lib/neo4j-cypher-1.9.2.jar
6e98f000-6ea00000 r--s 00658000 08:11 10061      /media/sarnobat/ubuntu_valuables/ubuntu_valuables/github/groovy_libraries/.groovy/lib/scala-library-2.10.0.jar
6ea00000-6eb00000 rw-p 00000000 00:00 0 
6eb00000-6ebfb000 rw-p 00000000 00:00 0 
6ebfb000-6ec00000 ---p 00000000 00:00 0 
6ec00000-6ec06000 r--s 00033000 08:11 78537      /media/sarnobat/ubuntu_valuables/ubuntu_valuables/github/groovy_libraries/.groovy/lib/selenium-remote-driver-2.45.0.jar
6ec06000-6ec08000 r--s 00282000 08:11 78817      /media/sarnobat/ubuntu_valuables/ubuntu_valuables/github/groovy_libraries/.groovy/lib/selenium-firefox-driver-2.45.0.jar
6ec08000-6ec27000 r--s 00153000 08:11 9967       /media/sarnobat/ubuntu_valuables/ubuntu_valuables/github/groovy_libraries/.groovy/lib/neo4j-kernel-1.9.2.jar
6ec27000-6ec2e000 r--s 0005b000 08:11 82509      /media/sarnobat/ubuntu_valuables/ubuntu_valuables/github/groovy_libraries/.groovy/lib/mongo-java-driver-2.10.1.jar
6ec2e000-6ec31000 r--s 00023000 08:11 9882       /media/sarnobat/ubuntu_valuables/ubuntu_valuables/github/groovy_libraries/.groovy/lib/maven-shared-utils-0.1.jar
6ec31000-6ec33000 r--s 00002000 08:11 9881       /media/sarnobat/ubuntu_valuables/ubuntu_valuables/github/groovy_libraries/.groovy/lib/maven-shared-incremental-1.0.jar
6ec33000-6ec34000 r--s 00005000 08:11 9878       /media/sarnobat/ubuntu_valuables/ubuntu_valuables/github/groovy_libraries/.groovy/lib/maven-resources-plugin-2.4.3.jar
6ec34000-6ec35000 r--s 00002000 08:11 9876       /media/sarnobat/ubuntu_valuables/ubuntu_valuables/github/groovy_libraries/.groovy/lib/maven-reporting-api-2.0.6.jar
6ec35000-6ec37000 r--s 00007000 08:11 9874       /media/sarnobat/ubuntu_valuables/ubuntu_valuables/github/groovy_libraries/.groovy/lib/maven-filtering-1.0-beta-4.jar
6ec37000-6ec39000 r--s 00009000 08:11 9871       /media/sarnobat/ubuntu_valuables/ubuntu_valuables/github/groovy_libraries/.groovy/lib/maven-compiler-plugin-3.0.jar
6ec39000-6ec40000 r--s 00064000 08:11 9862       /media/sarnobat/ubuntu_valuables/ubuntu_valuables/github/groovy_libraries/.groovy/lib/mail-1.4.2.jar
6ec40000-6ec47000 r--s 00051000 08:11 9851       /media/sarnobat/ubuntu_valuables/ubuntu_valuables/github/groovy_libraries/.groovy/lib/log4j-1.2.12.jar
6ec47000-6ec4a000 r--s 0001b000 08:11 9847       /media/sarnobat/ubuntu_valuables/ubuntu_valuables/github/groovy_libraries/.groovy/lib/junit-3.8.2.jar
6ec4a000-6ec4d000 r--s 0001b000 08:11 9838       /media/sarnobat/ubuntu_valuables/ubuntu_valuables/github/groovy_libraries/.groovy/lib/junit-3.8.1.jar
6ec4d000-6ec4f000 r--s 00006000 08:11 9836       /media/sarnobat/ubuntu_valuables/ubuntu_valuables/github/groovy_libraries/.groovy/lib/jsr305-2.0.1.jar
6ec4f000-6ec55000 r--s 00042000 08:11 9831       /media/sarnobat/ubuntu_valuables/ubuntu_valuables/github/groovy_libraries/.groovy/lib/jsoup-1.7.2.jar
6ec55000-6ec56000 r--s 00002000 08:11 78773      /media/sarnobat/ubuntu_valuables/ubuntu_valuables/github/groovy_libraries/.groovy/lib/selenium-chrome-driver-2.45.0.jar
6ec56000-6ec57000 r--s 00004000 08:11 10008      /media/sarnobat/ubuntu_valuables/ubuntu_valuables/github/groovy_libraries/.groovy/lib/opencsv-2.3.jar
6ec57000-6ec58000 r--s 0000f000 08:11 9822       /media/sarnobat/ubuntu_valuables/ubuntu_valuables/github/groovy_libraries/.groovy/lib/json-20131018.jar
6ec58000-6ec5c000 r--s 00028000 08:11 9817       /media/sarnobat/ubuntu_valuables/ubuntu_valuables/github/groovy_libraries/.groovy/lib/jetty-util-6.1.26.jar
6ec5c000-6ec5e000 r--s 00005000 08:11 9678       /media/sarnobat/ubuntu_valuables/ubuntu_valuables/github/groovy_libraries/.groovy/lib/httpmime-4.2.3.jar
6ec5e000-6ec62000 r--s 00025000 08:11 9579       /media/sarnobat/ubuntu_valuables/ubuntu_valuables/github/groovy_libraries/.groovy/lib/google-api-client-1.17.0-rc.jar
6ec62000-6ec67000 r--s 0001d000 08:11 78543      /media/sarnobat/ubuntu_valuables/ubuntu_valuables/github/groovy_libraries/.groovy/lib/selenium-api-2.45.0.jar
6ec67000-6ec6b000 r--s 00032000 08:11 10052      /media/sarnobat/ubuntu_valuables/ubuntu_valuables/github/groovy_libraries/.groovy/lib/rome-1.0.jar
6ec6b000-6ec6f000 r--s 00033000 08:11 10046      /media/sarnobat/ubuntu_valuables/ubuntu_valuables/github/groovy_libraries/.groovy/lib/plexus-utils-2.0.5.jar
6ec6f000-6ec73000 r--s 00030000 08:11 10041      /media/sarnobat/ubuntu_valuables/ubuntu_valuables/github/groovy_libraries/.groovy/lib/plexus-utils-1.5.1.jar
6ec73000-6ec75000 r--s 0000d000 08:11 10027      /media/sarnobat/ubuntu_valuables/ubuntu_valuables/github/groovy_libraries/.groovy/lib/plexus-interpolation-1.13.jar
6ec75000-6ec77000 r--s 00002000 08:11 10025      /media/sarnobat/ubuntu_valuables/ubuntu_valuables/github/groovy_libraries/.groovy/lib/plexus-interactivity-api-1.0-alpha-4.jar
6ec77000-6ec79000 r--s 00000000 08:11 10022      /media/sarnobat/ubuntu_valuables/ubuntu_valuables/github/groovy_libraries/.groovy/lib/plexus-component-annotations-1.5.5.jar
6ec79000-6ec7b000 r--s 00000000 08:11 10020      /media/sarnobat/ubuntu_valuables/ubuntu_valuables/github/groovy_libraries/.groovy/lib/plexus-compiler-manager-2.0.jar
6ec7b000-6ec7c000 r--s 00004000 08:11 10018      /media/sarnobat/ubuntu_valuables/ubuntu_valuables/github/groovy_libraries/.groovy/lib/plexus-compiler-javac-2.0.jar
6ec7c000-6ec7e000 r--s 00005000 08:11 10015      /media/sarnobat/ubuntu_valuables/ubuntu_valuables/github/groovy_libraries/.groovy/lib/plexus-compiler-api-2.0.jar
6ec7e000-6ec7f000 r--s 00001000 08:11 10014      /media/sarnobat/ubuntu_valuables/ubuntu_valuables/github/groovy_libraries/.groovy/lib/plexus-build-api-0.0.4.jar
6ec7f000-6ec80000 r--s 00004000 08:11 10012      /media/sarnobat/ubuntu_valuables/ubuntu_valuables/github/groovy_libraries/.groovy/lib/osgi-resource-locator-1.0.1.jar
6ec80000-6ec81000 r--s 00001000 08:11 77807      /media/sarnobat/ubuntu_valuables/ubuntu_valuables/github/groovy_libraries/.groovy/lib/jsch.agentproxy.usocket-nc-0.0.6.jar
6ec81000-6ec82000 r--s 00001000 08:11 77745      /media/sarnobat/ubuntu_valuables/ubuntu_valuables/github/groovy_libraries/.groovy/lib/jsch.agentproxy.usocket-jna-0.0.6.jar
6ec82000-6ec84000 r--s 00000000 08:11 77672      /media/sarnobat/ubuntu_valuables/ubuntu_valuables/github/groovy_libraries/.groovy/lib/jsch.agentproxy.sshagent-0.0.6.jar
6ec84000-6ec85000 r--s 00001000 08:11 77823      /media/sarnobat/ubuntu_valuables/ubuntu_valuables/github/groovy_libraries/.groovy/lib/jsch.agentproxy.pageant-0.0.6.jar
6ec85000-6ec87000 r--s 00000000 08:11 77822      /media/sarnobat/ubuntu_valuables/ubuntu_valuables/github/groovy_libraries/.groovy/lib/jsch.agentproxy.jsch-0.0.6.jar
6ec87000-6ec89000 r--s 00001000 08:11 77821      /media/sarnobat/ubuntu_valuables/ubuntu_valuables/github/groovy_libraries/.groovy/lib/jsch.agentproxy.core-0.0.6.jar
6ec89000-6ec8a000 r--s 00002000 08:11 77820      /media/sarnobat/ubuntu_valuables/ubuntu_valuables/github/groovy_libraries/.groovy/lib/jsch.agentproxy.connector-factory-0.0.6.jar
6ec8a000-6ec8c000 r--s 0000d000 08:11 78588      /media/sarnobat/ubuntu_valuables/ubuntu_valuables/github/groovy_libraries/.groovy/lib/jsch-nio-0.1.5.jar
6ec8c000-6ec8e000 r--s 00011000 08:11 77997      /media/sarnobat/ubuntu_valuables/ubuntu_valuables/github/groovy_libraries/.groovy/lib/jsch-extension-0.1.3.jar
6ec8e000-6ec92000 r--s 00040000 08:11 77842      /media/sarnobat/ubuntu_valuables/ubuntu_valuables/github/groovy_libraries/.groovy/lib/jsch-0.1.53-sources.jar
6ec92000-6ec96000 r--s 0003b000 08:11 77840      /media/sarnobat/ubuntu_valuables/ubuntu_valuables/github/groovy_libraries/.groovy/lib/jsch-0.1.50.jar.disabled
6ec96000-6ec9a000 r--s 000dc000 08:11 83120      /media/sarnobat/ubuntu_valuables/ubuntu_valuables/github/groovy_libraries/.groovy/lib/jna-4.1.0.jar
6ec9a000-6eca1000 r--s 0007d000 08:11 9804       /media/sarnobat/ubuntu_valuables/ubuntu_valuables/github/groovy_libraries/.groovy/lib/jetty-6.1.26.jar
6eca1000-6ecb3000 r--s 00099000 08:11 9790       /media/sarnobat/ubuntu_valuables/ubuntu_valuables/github/groovy_libraries/.groovy/lib/jersey-server-2.0.jar
6ecb3000-6ecb7000 r--s 00024000 08:11 9783       /media/sarnobat/ubuntu_valuables/ubuntu_valuables/github/groovy_libraries/.groovy/lib/jersey-json-1.17.1.jar
6ecb7000-6ecc2000 r--s 00068000 08:11 9769       /media/sarnobat/ubuntu_valuables/ubuntu_valuables/github/groovy_libraries/.groovy/lib/jersey-core-1.17.1.jar
6ecc2000-6ecc3000 r--s 00003000 08:11 9767       /media/sarnobat/ubuntu_valuables/ubuntu_valuables/github/groovy_libraries/.groovy/lib/jersey-container-jdk-http-2.0.jar
6ecc3000-6ecd0000 r--s 00082000 08:11 9753       /media/sarnobat/ubuntu_valuables/ubuntu_valuables/github/groovy_libraries/.groovy/lib/jersey-common-2.0.jar
6ecd0000-6ecd4000 r--s 00019000 08:11 9739       /media/sarnobat/ubuntu_valuables/ubuntu_valuables/github/groovy_libraries/.groovy/lib/jersey-client-2.0.jar
6ecd4000-6ecd7000 r--s 0001d000 08:11 9726       /media/sarnobat/ubuntu_valuables/ubuntu_valuables/github/groovy_libraries/.groovy/lib/jersey-client-1.17.1.jar
6ecd7000-6ecda000 r--s 00023000 08:11 9722       /media/sarnobat/ubuntu_valuables/ubuntu_valuables/github/groovy_libraries/.groovy/lib/jdom-1.0.jar
6ecda000-6ecde000 r--s 00018000 08:11 9717       /media/sarnobat/ubuntu_valuables/ubuntu_valuables/github/groovy_libraries/.groovy/lib/javax.ws.rs-api-2.0.jar
6ecde000-6ece1000 r--s 00012000 08:11 9712       /media/sarnobat/ubuntu_valuables/ubuntu_valuables/github/groovy_libraries/.groovy/lib/javax.json-1.0.4.jar
6ece1000-6ece2000 r--s 00001000 08:11 9711       /media/sarnobat/ubuntu_valuables/ubuntu_valuables/github/groovy_libraries/.groovy/lib/javax.inject-2.1.88.jar
6ece2000-6ece4000 r--s 00005000 08:11 9708       /media/sarnobat/ubuntu_valuables/ubuntu_valuables/github/groovy_libraries/.groovy/lib/javax.annotation-api-1.2.jar
6ece4000-6ecf2000 r--s 000ad000 08:11 9692       /media/sarnobat/ubuntu_valuables/ubuntu_valuables/github/groovy_libraries/.groovy/lib/jackson-mapper-asl-1.9.2.jar
6ecf2000-6ecf9000 r--s 00050000 08:11 79476      /media/sarnobat/ubuntu_valuables/ubuntu_valuables/github/groovy_libraries/.groovy/lib/httpcore-nio-4.4.1.jar
6ecf9000-6ed00000 r--s 00048000 08:11 79471      /media/sarnobat/ubuntu_valuables/ubuntu_valuables/github/groovy_libraries/.groovy/lib/httpcore-4.4.1.jar
6ed00000-6ee00000 rw-p 00000000 00:00 0 
6ee00000-6ee04000 r--s 0002f000 08:11 9681       /media/sarnobat/ubuntu_valuables/ubuntu_valuables/github/groovy_libraries/.groovy/lib/jackson-core-2.1.3.jar
6ee04000-6ee0f000 r--s 00085000 08:11 78774      /media/sarnobat/ubuntu_valuables/ubuntu_valuables/github/groovy_libraries/.groovy/lib/httpclient-4.3.3.jar
6ee0f000-6ee11000 r--s 0000b000 08:11 9658       /media/sarnobat/ubuntu_valuables/ubuntu_valuables/github/groovy_libraries/.groovy/lib/hk2-utils-2.1.88.jar
6ee11000-6ee13000 r--s 0001d000 08:11 9654       /media/sarnobat/ubuntu_valuables/ubuntu_valuables/github/groovy_libraries/.groovy/lib/hk2-locator-2.1.88.jar
6ee13000-6ee17000 r--s 00018000 08:11 9649       /media/sarnobat/ubuntu_valuables/ubuntu_valuables/github/groovy_libraries/.groovy/lib/hk2-api-2.1.88.jar
6ee17000-6ee40000 r--s 001ee000 08:11 9622       /media/sarnobat/ubuntu_valuables/ubuntu_valuables/github/groovy_libraries/.groovy/lib/guava-14.0.1.jar
6ee40000-6ee45000 r--s 0002a000 08:11 78778      /media/sarnobat/ubuntu_valuables/ubuntu_valuables/github/groovy_libraries/.groovy/lib/gson-2.2.4.jar
6ee45000-6ee46000 r--s 00001000 08:11 9621       /media/sarnobat/ubuntu_valuables/ubuntu_valuables/github/groovy_libraries/.groovy/lib/google-oauth-client-jetty-1.17.0-rc.jar
6ee46000-6ee47000 r--s 00002000 08:11 9618       /media/sarnobat/ubuntu_valuables/ubuntu_valuables/github/groovy_libraries/.groovy/lib/google-oauth-client-java6-1.17.0-rc.jar
6ee47000-6ee49000 r--s 0000d000 08:11 9613       /media/sarnobat/ubuntu_valuables/ubuntu_valuables/github/groovy_libraries/.groovy/lib/google-oauth-client-1.17.0-rc.jar
6ee49000-6ee4a000 r--s 00001000 08:11 9612       /media/sarnobat/ubuntu_valuables/ubuntu_valuables/github/groovy_libraries/.groovy/lib/google-http-client-jackson2-1.17.0-rc.jar
6ee4a000-6ee50000 r--s 0003c000 08:11 9606       /media/sarnobat/ubuntu_valuables/ubuntu_valuables/github/groovy_libraries/.groovy/lib/google-http-client-1.17.0-rc.jar
6ee50000-6ee53000 r--s 00015000 08:11 9584       /media/sarnobat/ubuntu_valuables/ubuntu_valuables/github/groovy_libraries/.groovy/lib/google-api-services-calendar-v3-rev72-1.17.0-rc.jar
6ee53000-6ee54000 r--s 00003000 08:11 9576       /media/sarnobat/ubuntu_valuables/ubuntu_valuables/github/groovy_libraries/.groovy/lib/geronimo-jta_1.1_spec-1.1.1.jar
6ee54000-6ee5a000 r--s 00043000 08:11 9568       /media/sarnobat/ubuntu_valuables/ubuntu_valuables/github/groovy_libraries/.groovy/lib/genson-0.98.jar
6ee5a000-6ee5f000 r--s 0002b000 08:11 83119      /media/sarnobat/ubuntu_valuables/ubuntu_valuables/github/groovy_libraries/.groovy/lib/fuse-jna-0.0.1-SNAPSHOT.jar
6ee5f000-6ee60000 r--s 00001000 08:11 9566       /media/sarnobat/ubuntu_valuables/ubuntu_valuables/github/groovy_libraries/.groovy/lib/doxia-sink-api-1.0-alpha-7.jar
6ee60000-6ee63000 r--s 0000b000 08:11 9562       /media/sarnobat/ubuntu_valuables/ubuntu_valuables/github/groovy_libraries/.groovy/lib/concurrentlinkedhashmap-lru-1.3.1.jar
6ee63000-6ee64000 r--s 0000a000 08:11 9557       /media/sarnobat/ubuntu_valuables/ubuntu_valuables/github/groovy_libraries/.groovy/lib/commons-logging-api-1.1.jar
6ee64000-6ee6b000 r--s 00058000 08:11 9548       /media/sarnobat/ubuntu_valuables/ubuntu_valuables/github/groovy_libraries/.groovy/lib/commons-lang3-3.2.1.jar
6ee6b000-6ee6f000 r--s 0003c000 08:11 9542       /media/sarnobat/ubuntu_valuables/ubuntu_valuables/github/groovy_libraries/.groovy/lib/commons-lang-2.4.jar
6ee6f000-6ee73000 r--s 0002a000 08:11 9535       /media/sarnobat/ubuntu_valuables/ubuntu_valuables/github/groovy_libraries/.groovy/lib/commons-io-2.4.jar
6ee73000-6ee80000 r--s 000a2000 08:11 75764      /media/sarnobat/ubuntu_valuables/ubuntu_valuables/github/groovy_libraries/.groovy/lib/commons-imaging-1.0-R1480221.jar
6ee80000-6ee82000 r--s 0000b000 08:11 78779      /media/sarnobat/ubuntu_valuables/ubuntu_valuables/github/groovy_libraries/.groovy/lib/commons-exec-1.1.jar
6ee82000-6ee90000 r--s 0007f000 08:11 9524       /media/sarnobat/ubuntu_valuables/ubuntu_valuables/github/groovy_libraries/.groovy/lib/commons-collections-3.2.1.jar
6ee90000-6ee92000 r--s 0000a000 08:11 9521       /media/sarnobat/ubuntu_valuables/ubuntu_valuables/github/groovy_libraries/.groovy/lib/commons-codec-1.3.jar
6ee92000-6ee94000 r--s 00006000 08:11 9518       /media/sarnobat/ubuntu_valuables/ubuntu_valuables/github/groovy_libraries/.groovy/lib/commons-cli-1.0.jar
6ee94000-6ee9b000 r--s 0003f000 08:11 9510       /media/sarnobat/ubuntu_valuables/ubuntu_valuables/github/groovy_libraries/.groovy/lib/cglib-2.1.88.jar
6ee9b000-6eea0000 r--s 00047000 08:11 9489       /media/sarnobat/ubuntu_valuables/ubuntu_valuables/github/groovy_libraries/.groovy/lib/asm-all-repackaged-2.1.88.jar
6eea0000-6eea4000 r--s 00034000 08:01 530617     /home/sarnobat/ubuntu_valuables_rsynced/ubuntu_valuables/groovy-2.3.9/lib/groovy-xml-2.3.9.jar
6eea4000-6eea5000 r--s 00005000 08:01 530611     /home/sarnobat/ubuntu_valuables_rsynced/ubuntu_valuables/groovy-2.3.9/lib/groovy-servlet-2.3.9.jar
6eea5000-6eea7000 r--s 00015000 08:01 530614     /home/sarnobat/ubuntu_valuables_rsynced/ubuntu_valuables/groovy-2.3.9/lib/groovy-templates-2.3.9.jar
6eea7000-6eead000 r--s 0006b000 08:01 530606     /home/sarnobat/ubuntu_valuables_rsynced/ubuntu_valuables/groovy-2.3.9/lib/groovy-groovysh-2.3.9.jar
6eead000-6eebb000 r--s 000bf000 08:01 530630     /home/sarnobat/ubuntu_valuables_rsynced/ubuntu_valuables/groovy-2.3.9/lib/testng-6.8.8.jar
6eebb000-6eebe000 r--s 00019000 08:01 530596     /home/sarnobat/ubuntu_valuables_rsynced/ubuntu_valuables/groovy-2.3.9/lib/bsf-2.4.0.jar
6eebe000-6eebf000 r--s 00002000 08:01 530593     /home/sarnobat/ubuntu_valuables_rsynced/ubuntu_valuables/groovy-2.3.9/lib/ant-antlr-1.9.3.jar
6eebf000-6ef09000 r--s 00406000 08:01 530600     /home/sarnobat/ubuntu_valuables_rsynced/ubuntu_valuables/groovy-2.3.9/lib/groovy-2.3.9.jar
6ef09000-6ef0a000 ---p 00000000 00:00 0 
6ef0a000-6ef8a000 rw-p 00000000 00:00 0          [stack:18536]
6ef8a000-6ef8d000 ---p 00000000 00:00 0 
6ef8d000-6efdb000 rw-p 00000000 00:00 0          [stack:18535]
6efdb000-6efde000 ---p 00000000 00:00 0 
6efde000-6f05c000 rw-p 00000000 00:00 0          [stack:18534]
6f05c000-6f05f000 ---p 00000000 00:00 0 
6f05f000-6f0dd000 rw-p 00000000 00:00 0          [stack:18533]
6f0dd000-6f0e0000 ---p 00000000 00:00 0 
6f0e0000-6f12e000 rw-p 00000000 00:00 0          [stack:18532]
6f12e000-6f32e000 r--p 00000000 08:01 2100697    /usr/lib/locale/locale-archive
6f32e000-6f331000 ---p 00000000 00:00 0 
6f331000-6f37f000 rw-p 00000000 00:00 0          [stack:18531]
6f37f000-6f380000 ---p 00000000 00:00 0 
6f380000-6f400000 rw-p 00000000 00:00 0          [stack:18529]
6f400000-6f500000 rw-p 00000000 00:00 0 
6f500000-6f501000 r--s 00003000 08:01 530609     /home/sarnobat/ubuntu_valuables_rsynced/ubuntu_valuables/groovy-2.3.9/lib/groovy-jsr223-2.3.9.jar
6f501000-6f503000 r--s 0000f000 08:01 530601     /home/sarnobat/ubuntu_valuables_rsynced/ubuntu_valuables/groovy-2.3.9/lib/groovy-ant-2.3.9.jar
6f503000-6f51f000 r--s 00136000 08:01 530599     /home/sarnobat/ubuntu_valuables_rsynced/ubuntu_valuables/groovy-2.3.9/lib/gpars-1.2.1.jar
6f51f000-6f525000 r--s 00068000 08:01 530613     /home/sarnobat/ubuntu_valuables_rsynced/ubuntu_valuables/groovy-2.3.9/lib/groovy-swing-2.3.9.jar
6f525000-6f528000 ---p 00000000 00:00 0 
6f528000-6f5bf000 rw-p 00000000 00:00 0          [stack:18530]
6f5bf000-6f770000 r--s 01d25000 08:01 2234612    /usr/lib/jvm/java-7-openjdk-i386/jre/lib/rt.jar
6f770000-71c00000 rw-p 00000000 00:00 0 
71c00000-71cfa000 rw-p 00000000 00:00 0 
71cfa000-71d00000 ---p 00000000 00:00 0 
71d00000-71d01000 r--s 0000e000 08:01 530625     /home/sarnobat/ubuntu_valuables_rsynced/ubuntu_valuables/groovy-2.3.9/lib/jsr166y-1.7.0.jar
71d01000-71d02000 r--s 00001000 08:01 530631     /home/sarnobat/ubuntu_valuables_rsynced/ubuntu_valuables/groovy-2.3.9/lib/xmlpull-1.1.3.1.jar
71d02000-71d04000 r--s 00015000 08:01 530615     /home/sarnobat/ubuntu_valuables_rsynced/ubuntu_valuables/groovy-2.3.9/lib/groovy-test-2.3.9.jar
71d04000-71d07000 r--s 0001c000 08:01 530605     /home/sarnobat/ubuntu_valuables_rsynced/ubuntu_valuables/groovy-2.3.9/lib/groovy-groovydoc-2.3.9.jar
71d07000-71d1c000 r--s 00116000 08:01 530620     /home/sarnobat/ubuntu_valuables_rsynced/ubuntu_valuables/groovy-2.3.9/lib/ivy-2.3.0.jar
71d1c000-71d1f000 r--s 00021000 08:01 530607     /home/sarnobat/ubuntu_valuables_rsynced/ubuntu_valuables/groovy-2.3.9/lib/groovy-jmx-2.3.9.jar
71d1f000-71d21000 r--s 00009000 08:01 530619     /home/sarnobat/ubuntu_valuables_rsynced/ubuntu_valuables/groovy-2.3.9/lib/hamcrest-core-1.3.jar
71d21000-71d22000 r--s 00001000 08:01 530602     /home/sarnobat/ubuntu_valuables_rsynced/ubuntu_valuables/groovy-2.3.9/lib/groovy-bsf-2.3.9.jar
71d22000-71d24000 r--s 0000d000 08:01 530598     /home/sarnobat/ubuntu_valuables_rsynced/ubuntu_valuables/groovy-2.3.9/lib/commons-logging-1.1.1.jar
71d24000-71d7f000 rw-p 00000000 00:00 0 
71d7f000-71d80000 ---p 00000000 00:00 0 
71d80000-71e00000 rw-p 00000000 00:00 0          [stack:18528]
71e00000-71eaa000 rw-p 00000000 00:00 0 
71eaa000-71f00000 ---p 00000000 00:00 0 
71f00000-71f0b000 r--s 000ad000 08:01 530603     /home/sarnobat/ubuntu_valuables_rsynced/ubuntu_valuables/groovy-2.3.9/lib/groovy-console-2.3.9.jar
71f0b000-71f0d000 r--s 0000d000 08:01 530622     /home/sarnobat/ubuntu_valuables_rsynced/ubuntu_valuables/groovy-2.3.9/lib/jcommander-1.35.jar
71f0d000-71f0e000 r--s 00003000 08:01 530610     /home/sarnobat/ubuntu_valuables_rsynced/ubuntu_valuables/groovy-2.3.9/lib/groovy-nio-2.3.9.jar
71f0e000-71f14000 r--s 00036000 08:01 530626     /home/sarnobat/ubuntu_valuables_rsynced/ubuntu_valuables/groovy-2.3.9/lib/junit-4.11.jar
71f14000-71f18000 r--s 00028000 08:01 530628     /home/sarnobat/ubuntu_valuables_rsynced/ubuntu_valuables/groovy-2.3.9/lib/qdox-1.12.1.jar
71f18000-71f1a000 r--s 00016000 08:01 530629     /home/sarnobat/ubuntu_valuables_rsynced/ubuntu_valuables/groovy-2.3.9/lib/servlet-api-2.4.jar
71f1a000-71f27000 r--s 00075000 08:01 530632     /home/sarnobat/ubuntu_valuables_rsynced/ubuntu_valuables/groovy-2.3.9/lib/xstream-1.4.7.jar
71f27000-71f46000 r--s 001cc000 08:01 530592     /home/sarnobat/ubuntu_valuables_rsynced/ubuntu_valuables/groovy-2.3.9/lib/ant-1.9.3.jar
71f46000-71f47000 ---p 00000000 00:00 0 
71f47000-71fcf000 rw-p 00000000 00:00 0          [stack:18527]
71fcf000-72007000 rw-p 00000000 00:00 0 
72007000-7201a000 rw-p 00000000 00:00 0 
7201a000-72137000 rw-p 00000000 00:00 0 
72137000-7213f000 rw-p 00000000 00:00 0 
7213f000-72177000 rw-p 00000000 00:00 0 
72177000-7218a000 rw-p 00000000 00:00 0 
7218a000-722a7000 rw-p 00000000 00:00 0 
722a7000-722e8000 rw-p 00000000 00:00 0 
722e8000-7233f000 rw-p 00000000 00:00 0 
7233f000-73340000 rw-p 00000000 00:00 0 
73340000-7a340000 rw-p 00000000 00:00 0 
7a340000-7c940000 rw-p 00000000 00:00 0 
7c940000-a0340000 rw-p 00000000 00:00 0 
a0340000-a8440000 rw-p 00000000 00:00 0 
ad280000-b3340000 rw-p 00000000 00:00 0 
b3340000-b3349000 rw-p 00000000 00:00 0 
b3349000-b3400000 rw-p 00000000 00:00 0 
b3400000-b3640000 rwxp 00000000 00:00 0 
b3640000-b64fd000 rw-p 00000000 00:00 0 
b64fd000-b6500000 ---p 00000000 00:00 0 
b6500000-b6506000 r--s 00037000 08:01 530627     /home/sarnobat/ubuntu_valuables_rsynced/ubuntu_valuables/groovy-2.3.9/lib/multiverse-core-0.7.0.jar
b6506000-b6509000 r--s 0001a000 08:01 530594     /home/sarnobat/ubuntu_valuables_rsynced/ubuntu_valuables/groovy-2.3.9/lib/ant-junit-1.9.3.jar
b6509000-b650b000 r--s 0001a000 08:01 530621     /home/sarnobat/ubuntu_valuables_rsynced/ubuntu_valuables/groovy-2.3.9/lib/jansi-1.11.jar
b650b000-b650d000 r--s 00011000 08:01 530612     /home/sarnobat/ubuntu_valuables_rsynced/ubuntu_valuables/groovy-2.3.9/lib/groovy-sql-2.3.9.jar
b650d000-b6510000 r--s 0001b000 08:01 530604     /home/sarnobat/ubuntu_valuables_rsynced/ubuntu_valuables/groovy-2.3.9/lib/groovy-docgenerator-2.3.9.jar
b6510000-b6512000 r--s 0000b000 08:01 530624     /home/sarnobat/ubuntu_valuables_rsynced/ubuntu_valuables/groovy-2.3.9/lib/jsp-api-2.0.jar
b6512000-b6514000 r--s 0001e000 08:01 530608     /home/sarnobat/ubuntu_valuables_rsynced/ubuntu_valuables/groovy-2.3.9/lib/groovy-json-2.3.9.jar
b6514000-b6517000 r--s 00030000 08:01 530623     /home/sarnobat/ubuntu_valuables_rsynced/ubuntu_valuables/groovy-2.3.9/lib/jline-2.11.jar
b6517000-b6519000 r--s 00009000 08:01 530597     /home/sarnobat/ubuntu_valuables_rsynced/ubuntu_valuables/groovy-2.3.9/lib/commons-cli-1.2.jar
b6519000-b651d000 r--s 00034000 08:01 2234606    /usr/lib/jvm/java-7-openjdk-i386/jre/lib/ext/sunjce_provider.jar
b651d000-b651f000 r--s 00012000 08:01 2234610    /usr/lib/jvm/java-7-openjdk-i386/jre/lib/ext/zipfs.jar
b651f000-b6523000 r--s 00085000 08:01 2234609    /usr/lib/jvm/java-7-openjdk-i386/jre/lib/ext/localedata.jar
b6523000-b653c000 rw-p 00000000 00:00 0 
b653c000-b6547000 r-xp 00000000 08:01 2486463    /lib/i386-linux-gnu/libnss_files-2.15.so
b6547000-b6548000 r--p 0000a000 08:01 2486463    /lib/i386-linux-gnu/libnss_files-2.15.so
b6548000-b6549000 rw-p 0000b000 08:01 2486463    /lib/i386-linux-gnu/libnss_files-2.15.so
b6549000-b6553000 r-xp 00000000 08:01 2486467    /lib/i386-linux-gnu/libnss_nis-2.15.so
b6553000-b6554000 r--p 00009000 08:01 2486467    /lib/i386-linux-gnu/libnss_nis-2.15.so
b6554000-b6555000 rw-p 0000a000 08:01 2486467    /lib/i386-linux-gnu/libnss_nis-2.15.so
b6555000-b656b000 r-xp 00000000 08:01 2486457    /lib/i386-linux-gnu/libnsl-2.15.so
b656b000-b656c000 r--p 00015000 08:01 2486457    /lib/i386-linux-gnu/libnsl-2.15.so
b656c000-b656d000 rw-p 00016000 08:01 2486457    /lib/i386-linux-gnu/libnsl-2.15.so
b656d000-b656f000 rw-p 00000000 00:00 0 
b656f000-b6576000 r-xp 00000000 08:01 2486459    /lib/i386-linux-gnu/libnss_compat-2.15.so
b6576000-b6577000 r--p 00006000 08:01 2486459    /lib/i386-linux-gnu/libnss_compat-2.15.so
b6577000-b6578000 rw-p 00007000 08:01 2486459    /lib/i386-linux-gnu/libnss_compat-2.15.so
b6578000-b6579000 r--s 00004000 08:01 530595     /home/sarnobat/ubuntu_valuables_rsynced/ubuntu_valuables/groovy-2.3.9/lib/ant-launcher-1.9.3.jar
b6579000-b657d000 r--s 0003c000 08:01 2234608    /usr/lib/jvm/java-7-openjdk-i386/jre/lib/ext/sunpkcs11.jar
b657d000-b6585000 r-xp 00000000 08:01 2234659    /usr/lib/jvm/java-7-openjdk-i386/jre/lib/i386/libzip.so
b6585000-b6586000 r--p 00007000 08:01 2234659    /usr/lib/jvm/java-7-openjdk-i386/jre/lib/i386/libzip.so
b6586000-b6587000 rw-p 00008000 08:01 2234659    /usr/lib/jvm/java-7-openjdk-i386/jre/lib/i386/libzip.so
b6587000-b658f000 rw-s 00000000 08:01 3422957    /tmp/hsperfdata_sarnobat/18509
b658f000-b65b6000 r-xp 00000000 08:01 2234639    /usr/lib/jvm/java-7-openjdk-i386/jre/lib/i386/libjava.so
b65b6000-b65b7000 r--p 00026000 08:01 2234639    /usr/lib/jvm/java-7-openjdk-i386/jre/lib/i386/libjava.so
b65b7000-b65b8000 rw-p 00027000 08:01 2234639    /usr/lib/jvm/java-7-openjdk-i386/jre/lib/i386/libjava.so
b65b8000-b65bf000 r-xp 00000000 08:01 2486498    /lib/i386-linux-gnu/librt-2.15.so
b65bf000-b65c0000 r--p 00006000 08:01 2486498    /lib/i386-linux-gnu/librt-2.15.so
b65c0000-b65c1000 rw-p 00007000 08:01 2486498    /lib/i386-linux-gnu/librt-2.15.so
b65c1000-b65c4000 ---p 00000000 00:00 0 
b65c4000-b6612000 rw-p 00000000 00:00 0          [stack:18526]
b6612000-b662e000 r-xp 00000000 08:01 2486433    /lib/i386-linux-gnu/libgcc_s.so.1
b662e000-b662f000 r--p 0001b000 08:01 2486433    /lib/i386-linux-gnu/libgcc_s.so.1
b662f000-b6630000 rw-p 0001c000 08:01 2486433    /lib/i386-linux-gnu/libgcc_s.so.1
b6630000-b665a000 r-xp 00000000 08:01 2486444    /lib/i386-linux-gnu/libm-2.15.so
b665a000-b665b000 r--p 00029000 08:01 2486444    /lib/i386-linux-gnu/libm-2.15.so
b665b000-b665c000 rw-p 0002a000 08:01 2486444    /lib/i386-linux-gnu/libm-2.15.so
b665c000-b6734000 r-xp 00000000 08:01 2098134    /usr/lib/i386-linux-gnu/libstdc++.so.6.0.16
b6734000-b6735000 ---p 000d8000 08:01 2098134    /usr/lib/i386-linux-gnu/libstdc++.so.6.0.16
b6735000-b6739000 r--p 000d8000 08:01 2098134    /usr/lib/i386-linux-gnu/libstdc++.so.6.0.16
b6739000-b673a000 rw-p 000dc000 08:01 2098134    /usr/lib/i386-linux-gnu/libstdc++.so.6.0.16
b673a000-b6741000 rw-p 00000000 00:00 0 
b6741000-b7102000 r-xp 00000000 08:01 2234633    /usr/lib/jvm/java-7-openjdk-i386/jre/lib/i386/server/libjvm.so
b7102000-b7157000 r--p 009c1000 08:01 2234633    /usr/lib/jvm/java-7-openjdk-i386/jre/lib/i386/server/libjvm.so
b7157000-b716b000 rw-p 00a16000 08:01 2234633    /usr/lib/jvm/java-7-openjdk-i386/jre/lib/i386/server/libjvm.so
b716b000-b7589000 rw-p 00000000 00:00 0 
b7589000-b759d000 r-xp 00000000 08:01 2486523    /lib/i386-linux-gnu/libz.so.1.2.3.4
b759d000-b759e000 r--p 00013000 08:01 2486523    /lib/i386-linux-gnu/libz.so.1.2.3.4
b759e000-b759f000 rw-p 00014000 08:01 2486523    /lib/i386-linux-gnu/libz.so.1.2.3.4
b759f000-b75b6000 r-xp 00000000 08:01 2486492    /lib/i386-linux-gnu/libpthread-2.15.so
b75b6000-b75b7000 r--p 00016000 08:01 2486492    /lib/i386-linux-gnu/libpthread-2.15.so
b75b7000-b75b8000 rw-p 00017000 08:01 2486492    /lib/i386-linux-gnu/libpthread-2.15.so
b75b8000-b75ba000 rw-p 00000000 00:00 0 
b75ba000-b75bd000 r-xp 00000000 08:01 2486425    /lib/i386-linux-gnu/libdl-2.15.so
b75bd000-b75be000 r--p 00002000 08:01 2486425    /lib/i386-linux-gnu/libdl-2.15.so
b75be000-b75bf000 rw-p 00003000 08:01 2486425    /lib/i386-linux-gnu/libdl-2.15.so
b75bf000-b7763000 r-xp 00000000 08:01 2486412    /lib/i386-linux-gnu/libc-2.15.so
b7763000-b7764000 ---p 001a4000 08:01 2486412    /lib/i386-linux-gnu/libc-2.15.so
b7764000-b7766000 r--p 001a4000 08:01 2486412    /lib/i386-linux-gnu/libc-2.15.so
b7766000-b7767000 rw-p 001a6000 08:01 2486412    /lib/i386-linux-gnu/libc-2.15.so
b7767000-b776b000 rw-p 00000000 00:00 0 
b776b000-b776c000 r--s 00000000 08:01 530616     /home/sarnobat/ubuntu_valuables_rsynced/ubuntu_valuables/groovy-2.3.9/lib/groovy-testng-2.3.9.jar
b776c000-b776f000 r--s 0000f000 08:01 2234607    /usr/lib/jvm/java-7-openjdk-i386/jre/lib/ext/icedtea-sound.jar
b776f000-b7770000 r--s 00007000 08:01 2366915    /usr/share/java/java-atk-wrapper.jar
b7770000-b7771000 r--s 00002000 08:01 2234605    /usr/lib/jvm/java-7-openjdk-i386/jre/lib/ext/dnsns.jar
b7771000-b7772000 r--p 005e0000 08:01 2100697    /usr/lib/locale/locale-archive
b7772000-b7773000 rw-p 00000000 00:00 0 
b7773000-b7774000 ---p 00000000 00:00 0 
b7774000-b7780000 r-xp 00000000 08:01 2234650    /usr/lib/jvm/java-7-openjdk-i386/jre/lib/i386/libverify.so
b7780000-b7781000 r--p 0000b000 08:01 2234650    /usr/lib/jvm/java-7-openjdk-i386/jre/lib/i386/libverify.so
b7781000-b7782000 rw-p 0000c000 08:01 2234650    /usr/lib/jvm/java-7-openjdk-i386/jre/lib/i386/libverify.so
b7782000-b778f000 r-xp 00000000 08:01 2234641    /usr/lib/jvm/java-7-openjdk-i386/jre/lib/i386/jli/libjli.so
b778f000-b7790000 r--p 0000c000 08:01 2234641    /usr/lib/jvm/java-7-openjdk-i386/jre/lib/i386/jli/libjli.so
b7790000-b7791000 rw-p 0000d000 08:01 2234641    /usr/lib/jvm/java-7-openjdk-i386/jre/lib/i386/jli/libjli.so
b7791000-b7793000 rw-p 00000000 00:00 0 
b7793000-b7794000 r-xp 00000000 00:00 0          [vdso]
b7794000-b77b4000 r-xp 00000000 08:01 2486392    /lib/i386-linux-gnu/ld-2.15.so
b77b4000-b77b5000 r--p 0001f000 08:01 2486392    /lib/i386-linux-gnu/ld-2.15.so
b77b5000-b77b6000 rw-p 00020000 08:01 2486392    /lib/i386-linux-gnu/ld-2.15.so
bff5e000-bff5f000 rwxp 00000000 00:00 0 
bff91000-bffb2000 rw-p 00000000 00:00 0          [stack]

VM Arguments:
jvm_args: -Dscript.name=/usr/bin/groovy -Dprogram.name=groovy -Dgroovy.starter.conf=/home/sarnobat/ubuntu_valuables_rsynced/ubuntu_valuables/groovy-2.3.9/conf/groovy-starter.conf -Dgroovy.home=/home/sarnobat/ubuntu_valuables_rsynced/ubuntu_valuables/groovy-2.3.9 -Dtools.jar=/usr/lib/jvm/java-7-openjdk-i386/jre/lib/tools.jar 
java_command: org.codehaus.groovy.tools.GroovyStarter --main groovy.ui.GroovyMain --conf /home/sarnobat/ubuntu_valuables_rsynced/ubuntu_valuables/groovy-2.3.9/conf/groovy-starter.conf --classpath . server.groovy /yurl
Launcher Type: SUN_STANDARD

Environment Variables:
JAVA_HOME=/usr/lib/jvm/java-7-openjdk-i386/jre
PATH=/home/sarnobat/ubuntu_valuables/mongodb/bin/::/home/sarnobat/bin:/home/sarnobat/gradle-1.12/bin:/home/sarnobat/mongodb/bin/:/usr/local/opt/coreutils/libexec/gnubin::/home/sarnobat/bin:/home/sarnobat/gradle-1.12/bin:/home/sarnobat/mongodb/bin/:/usr/local/Cellar/findutils/4.4.2/bin::/home/sarnobat/bin:/home/sarnobat/gradle-1.12/bin:/home/sarnobat/mongodb/bin/:/usr/local/opt/coreutils/libexec/gnubin::/home/sarnobat/bin:/home/sarnobat/gradle-1.12/bin:/home/sarnobat/mongodb/bin/:/usr/local/Cellar/findutils/4.6.0/bin::/home/sarnobat/bin:/home/sarnobat/gradle-1.12/bin:/home/sarnobat/mongodb/bin/:/usr/local/opt/coreutils/libexec/gnubin::/home/sarnobat/bin:/home/sarnobat/gradle-1.12/bin:/home/sarnobat/mongodb/bin/:/usr/local/Cellar/findutils/4.4.2/bin::/home/sarnobat/bin:/home/sarnobat/gradle-1.12/bin:/home/sarnobat/mongodb/bin/:/usr/local/opt/coreutils/libexec/gnubin::/home/sarnobat/bin:/home/sarnobat/gradle-1.12/bin:/home/sarnobat/mongodb/bin/:/usr/local/bin:/opt/local/libexec/gnubin:/usr/local/bin:/usr/local/sbin:/usr/local/mysql/bin:/opt/local/bin:/opt/local/sbin:/usr/bin:/bin:/usr/sbin:/sbin:/usr/local/bin:/usr/X11/bin:/usr/lib:/sw/bin:/usr/local/lib/ruby/gems/1.9.1/gems/viddl-rb-0.95/bin/:/etc/init.d/
SHELL=/usr/bin/zsh

Signal Handlers:
SIGSEGV: [libjvm.so+0x80a100], sa_mask[0]=0x7ffbfeff, sa_flags=0x10000004
SIGBUS: [libjvm.so+0x80a100], sa_mask[0]=0x7ffbfeff, sa_flags=0x10000004
SIGFPE: [libjvm.so+0x675010], sa_mask[0]=0x7ffbfeff, sa_flags=0x10000004
SIGPIPE: [libjvm.so+0x675010], sa_mask[0]=0x7ffbfeff, sa_flags=0x10000004
SIGXFSZ: [libjvm.so+0x675010], sa_mask[0]=0x7ffbfeff, sa_flags=0x10000004
SIGILL: [libjvm.so+0x675010], sa_mask[0]=0x7ffbfeff, sa_flags=0x10000004
SIGUSR1: SIG_DFL, sa_mask[0]=0x00000000, sa_flags=0x00000000
SIGUSR2: [libjvm.so+0x6752c0], sa_mask[0]=0x00000000, sa_flags=0x10000004
SIGHUP: [libjvm.so+0x675480], sa_mask[0]=0x7ffbfeff, sa_flags=0x10000004
SIGINT: [libjvm.so+0x675480], sa_mask[0]=0x7ffbfeff, sa_flags=0x10000004
SIGTERM: [libjvm.so+0x675480], sa_mask[0]=0x7ffbfeff, sa_flags=0x10000004
SIGQUIT: [libjvm.so+0x675480], sa_mask[0]=0x7ffbfeff, sa_flags=0x10000004
SIGTRAP: SIG_DFL, sa_mask[0]=0x00000000, sa_flags=0x00000000


---------------  S Y S T E M  ---------------

OS:Ubuntu 12.04 (precise)
uname:Linux 3.13.0-61-generic #100~precise1-Ubuntu SMP Wed Jul 29 12:07:07 UTC 2015 i686
libc:glibc 2.15 NPTL 2.15 
rlimit: STACK 8192k, CORE 0k, NPROC 29013, NOFILE 4096, AS infinity
load average:3.29 3.09 2.45

/proc/meminfo:
MemTotal:        3732748 kB
MemFree:          219304 kB
Buffers:             416 kB
Cached:            24872 kB
SwapCached:            0 kB
Active:          3380236 kB
Inactive:          15792 kB
Active(anon):    3371728 kB
Inactive(anon):     6080 kB
Active(file):       8508 kB
Inactive(file):     9712 kB
Unevictable:           0 kB
Mlocked:               0 kB
HighTotal:       2883288 kB
HighFree:          42512 kB
LowTotal:         849460 kB
LowFree:          176792 kB
SwapTotal:             0 kB
SwapFree:              0 kB
Dirty:               304 kB
Writeback:             0 kB
AnonPages:       3370968 kB
Mapped:            21728 kB
Shmem:              6840 kB
Slab:              50176 kB
SReclaimable:      16452 kB
SUnreclaim:        33724 kB
KernelStack:        7216 kB
PageTables:        18660 kB
NFS_Unstable:          0 kB
Bounce:                0 kB
WritebackTmp:          0 kB
CommitLimit:     1866372 kB
Committed_AS:    6534092 kB
VmallocTotal:     122880 kB
VmallocUsed:       21816 kB
VmallocChunk:      71784 kB
HardwareCorrupted:     0 kB
AnonHugePages:   2027520 kB
HugePages_Total:       0
HugePages_Free:        0
HugePages_Rsvd:        0
HugePages_Surp:        0
Hugepagesize:       2048 kB
DirectMap4k:       26616 kB
DirectMap2M:      886784 kB


CPU:total 2 (2 cores per cpu, 1 threads per core) family 20 model 1 stepping 0, cmov, cx8, fxsr, mmx, sse, sse2, sse3, ssse3, popcnt, mmxext, lzcnt, sse4a, tsc, tscinvbit, tscinv

/proc/cpuinfo:
processor	: 0
vendor_id	: AuthenticAMD
cpu family	: 20
model		: 1
model name	: AMD E-350 Processor
stepping	: 0
microcode	: 0x5000028
cpu MHz		: 1600.000
cache size	: 512 KB
physical id	: 0
siblings	: 2
core id		: 0
cpu cores	: 2
apicid		: 0
initial apicid	: 0
fdiv_bug	: no
f00f_bug	: no
coma_bug	: no
fpu		: yes
fpu_exception	: yes
cpuid level	: 6
wp		: yes
flags		: fpu vme de pse tsc msr pae mce cx8 apic sep mtrr pge mca cmov pat pse36 clflush mmx fxsr sse sse2 ht syscall nx mmxext fxsr_opt pdpe1gb rdtscp lm constant_tsc nonstop_tsc extd_apicid aperfmperf pni monitor ssse3 cx16 popcnt lahf_lm cmp_legacy svm extapic cr8_legacy abm sse4a misalignsse 3dnowprefetch ibs skinit wdt arat hw_pstate npt lbrv svm_lock nrip_save pausefilter vmmcall
bogomips	: 3199.85
clflush size	: 64
cache_alignment	: 64
address sizes	: 36 bits physical, 48 bits virtual
power management: ts ttp tm stc 100mhzsteps hwpstate

processor	: 1
vendor_id	: AuthenticAMD
cpu family	: 20
model		: 1
model name	: AMD E-350 Processor
stepping	: 0
microcode	: 0x5000028
cpu MHz		: 1600.000
cache size	: 512 KB
physical id	: 0
siblings	: 2
core id		: 1
cpu cores	: 2
apicid		: 1
initial apicid	: 1
fdiv_bug	: no
f00f_bug	: no
coma_bug	: no
fpu		: yes
fpu_exception	: yes
cpuid level	: 6
wp		: yes
flags		: fpu vme de pse tsc msr pae mce cx8 apic sep mtrr pge mca cmov pat pse36 clflush mmx fxsr sse sse2 ht syscall nx mmxext fxsr_opt pdpe1gb rdtscp lm constant_tsc nonstop_tsc extd_apicid aperfmperf pni monitor ssse3 cx16 popcnt lahf_lm cmp_legacy svm extapic cr8_legacy abm sse4a misalignsse 3dnowprefetch ibs skinit wdt arat hw_pstate npt lbrv svm_lock nrip_save pausefilter vmmcall
bogomips	: 3199.85
clflush size	: 64
cache_alignment	: 64
address sizes	: 36 bits physical, 48 bits virtual
power management: ts ttp tm stc 100mhzsteps hwpstate



Memory: 4k page, physical 3732748k(217200k free), swap 0k(0k free)

vm_info: OpenJDK Server VM (24.65-b04) for linux-x86 JRE (1.7.0_65-b32), built on Oct 22 2014 05:09:39 by "buildd" with gcc 4.6.3

time: Thu Aug 11 21:37:39 2016
elapsed time: 145 seconds

