#
# There is insufficient memory for the Java Runtime Environment to continue.
# Native memory allocation (malloc) failed to allocate 74448896 bytes for committing reserved memory.
# Possible reasons:
#   The system is out of physical RAM or swap space
#   In 32 bit mode, the process size limit was hit
# Possible solutions:
#   Reduce memory load on the system
#   Increase physical memory or swap space
#   Check if swap backing store is full
#   Use 64 bit Java on a 64 bit OS
#   Decrease Java heap size (-Xmx/-Xms)
#   Decrease number of Java threads
#   Decrease Java thread stack sizes (-Xss)
#   Set larger code cache with -XX:ReservedCodeCacheSize=
# This output file may be truncated or incomplete.
#
#  Out of Memory Error (os_linux.cpp:2827), pid=8039, tid=140326948828928
#
# JRE version: OpenJDK Runtime Environment (7.0_121) (build 1.7.0_121-b00)
# Java VM: OpenJDK 64-Bit Server VM (24.121-b00 mixed mode linux-amd64 compressed oops)
# Derivative: IcedTea 2.6.8
# Distribution: Ubuntu 14.04 LTS, package 7u121-2.6.8-1ubuntu0.14.04.1
# Failed to write core dump. Core dumps have been disabled. To enable core dumping, try "ulimit -c unlimited" before starting Java again
#

---------------  T H R E A D  ---------------

Current thread (0x00007fa070076000):  VMThread [stack: 0x00007fa069dff000,0x00007fa069f00000] [id=8215]

Stack: [0x00007fa069dff000,0x00007fa069f00000],  sp=0x00007fa069efe490,  free space=1021k
Native frames: (J=compiled Java code, j=interpreted, Vv=VM code, C=native code)
V  [libjvm.so+0x95d825]
V  [libjvm.so+0x497994]
V  [libjvm.so+0x7d692b]
V  [libjvm.so+0x7d12ef]
V  [libjvm.so+0x8465eb]
V  [libjvm.so+0x847460]
V  [libjvm.so+0x847b4b]
V  [libjvm.so+0x843538]
V  [libjvm.so+0x843da8]
V  [libjvm.so+0x7f9443]
V  [libjvm.so+0x95f234]
V  [libjvm.so+0x963337]
V  [libjvm.so+0x961df8]
V  [libjvm.so+0x962259]
V  [libjvm.so+0x9626a2]
V  [libjvm.so+0x7d3722]

VM_Operation (0x00007fa07831e640): ParallelGCFailedAllocation, mode: safepoint, requested by thread 0x00007fa07000a800


---------------  P R O C E S S  ---------------

Java Threads: ( => current thread )
  0x00007fa0707e4000 JavaThread "Keep-Alive-Timer" daemon [_thread_blocked, id=8466, stack(0x00007fa068086000,0x00007fa068187000)]
  0x00007fa0700b1000 JavaThread "Service Thread" daemon [_thread_blocked, id=8262, stack(0x00007fa069117000,0x00007fa069218000)]
  0x00007fa0700ae800 JavaThread "C2 CompilerThread1" daemon [_thread_blocked, id=8261, stack(0x00007fa069218000,0x00007fa069319000)]
  0x00007fa0700ab800 JavaThread "C2 CompilerThread0" daemon [_thread_blocked, id=8254, stack(0x00007fa069319000,0x00007fa06941a000)]
  0x00007fa0700a9800 JavaThread "Signal Dispatcher" daemon [_thread_blocked, id=8253, stack(0x00007fa06941a000,0x00007fa06951b000)]
  0x00007fa07007c000 JavaThread "Finalizer" daemon [_thread_blocked, id=8226, stack(0x00007fa069bfd000,0x00007fa069cfe000)]
  0x00007fa07007a000 JavaThread "Reference Handler" daemon [_thread_blocked, id=8225, stack(0x00007fa069cfe000,0x00007fa069dff000)]
  0x00007fa07000a800 JavaThread "main" [_thread_blocked, id=8180, stack(0x00007fa078222000,0x00007fa078323000)]

Other Threads:
=>0x00007fa070076000 VMThread [stack: 0x00007fa069dff000,0x00007fa069f00000] [id=8215]
  0x00007fa0700bb800 WatcherThread [stack: 0x00007fa069016000,0x00007fa069117000] [id=8263]

VM state:at safepoint (normal execution)

VM Mutex/Monitor currently owned by a thread:  ([mutex/lock_event])
[0x00007fa0700068a0] Threads_lock - owner thread: 0x00007fa070076000
[0x00007fa070006da0] Heap_lock - owner thread: 0x00007fa07000a800

Heap
 PSYoungGen      total 64000K, used 2544K [0x00000000ec500000, 0x00000000f0600000, 0x0000000100000000)
  eden space 61440K, 0% used [0x00000000ec500000,0x00000000ec500000,0x00000000f0100000)
  from space 2560K, 99% used [0x00000000f0100000,0x00000000f037c010,0x00000000f0380000)
  to   space 2560K, 0% used [0x00000000f0380000,0x00000000f0380000,0x00000000f0600000)
 ParOldGen       total 39936K, used 10767K [0x00000000c5000000, 0x00000000c7700000, 0x00000000ec500000)
  object space 39936K, 26% used [0x00000000c5000000,0x00000000c5a83f70,0x00000000c7700000)
 PSPermGen       total 21504K, used 16784K [0x00000000baa00000, 0x00000000bbf00000, 0x00000000c5000000)
  object space 21504K, 78% used [0x00000000baa00000,0x00000000bba64010,0x00000000bbf00000)

Card table byte_map: [0x00007fa074c23000,0x00007fa074e4f000] byte_map_base: 0x00007fa07464e000

Polling page: 0x00007fa078341000

Code Cache  [0x00007fa06d000000, 0x00007fa06d270000, 0x00007fa070000000)
 total_blobs=807 nmethods=276 adapters=483 free_code_cache=47125Kb largest_free_block=48214592

Compilation events (10 events):
Event: 160.768 Thread 0x00007fa0700ab800  304             java.lang.reflect.Method::getParameterTypes (14 bytes)
Event: 174.080 Thread 0x00007fa0700ae800  305 %           sun.misc.URLClassPath::findResource @ 3 (38 bytes)
Event: 174.350 Thread 0x00007fa0700ab800 nmethod 304 0x00007fa06d1f6310 code [0x00007fa06d1f6460, 0x00007fa06d1f6578]
Event: 207.980 Thread 0x00007fa0700ae800 nmethod 305% 0x00007fa06d1e2250 code [0x00007fa06d1e23c0, 0x00007fa06d1e2578]
Event: 210.843 Thread 0x00007fa0700ab800  306             org.codehaus.groovy.reflection.ParameterTypes::getParameterTypes (16 bytes)
Event: 210.966 Thread 0x00007fa0700ae800  307             sun.misc.URLClassPath::findResource (38 bytes)
Event: 211.170 Thread 0x00007fa0700ab800 nmethod 306 0x00007fa06d202250 code [0x00007fa06d2024e0, 0x00007fa06d203530]
Event: 211.171 Thread 0x00007fa0700ae800 nmethod 307 0x00007fa06d1e1e10 code [0x00007fa06d1e1f80, 0x00007fa06d1e20a8]
Event: 212.295 Thread 0x00007fa0700ab800  308  s!         sun.misc.URLClassPath::getLoader (154 bytes)
Event: 212.363 Thread 0x00007fa0700ae800  309             java.net.URLStreamHandler::parseURL (1158 bytes)

GC Heap History (9 events):
Event: 2.414 GC heap before
{Heap before GC invocations=1 (full 0):
 PSYoungGen      total 17920K, used 15360K [0x00000000ec500000, 0x00000000ed900000, 0x0000000100000000)
  eden space 15360K, 100% used [0x00000000ec500000,0x00000000ed400000,0x00000000ed400000)
  from space 2560K, 0% used [0x00000000ed680000,0x00000000ed680000,0x00000000ed900000)
  to   space 2560K, 0% used [0x00000000ed400000,0x00000000ed400000,0x00000000ed680000)
 ParOldGen       total 39936K, used 0K [0x00000000c5000000, 0x00000000c7700000, 0x00000000ec500000)
  object space 39936K, 0% used [0x00000000c5000000,0x00000000c5000000,0x00000000c7700000)
 PSPermGen       total 21504K, used 6540K [0x00000000baa00000, 0x00000000bbf00000, 0x00000000c5000000)
  object space 21504K, 30% used [0x00000000baa00000,0x00000000bb063110,0x00000000bbf00000)
Event: 2.469 GC heap after
Heap after GC invocations=1 (full 0):
 PSYoungGen      total 17920K, used 2550K [0x00000000ec500000, 0x00000000ee800000, 0x0000000100000000)
  eden space 15360K, 0% used [0x00000000ec500000,0x00000000ec500000,0x00000000ed400000)
  from space 2560K, 99% used [0x00000000ed400000,0x00000000ed67db40,0x00000000ed680000)
  to   space 2560K, 0% used [0x00000000ee580000,0x00000000ee580000,0x00000000ee800000)
 ParOldGen       total 39936K, used 0K [0x00000000c5000000, 0x00000000c7700000, 0x00000000ec500000)
  object space 39936K, 0% used [0x00000000c5000000,0x00000000c5000000,0x00000000c7700000)
 PSPermGen       total 21504K, used 6540K [0x00000000baa00000, 0x00000000bbf00000, 0x00000000c5000000)
  object space 21504K, 30% used [0x00000000baa00000,0x00000000bb063110,0x00000000bbf00000)
}
Event: 7.650 GC heap before
{Heap before GC invocations=2 (full 0):
 PSYoungGen      total 17920K, used 17910K [0x00000000ec500000, 0x00000000ee800000, 0x0000000100000000)
  eden space 15360K, 100% used [0x00000000ec500000,0x00000000ed400000,0x00000000ed400000)
  from space 2560K, 99% used [0x00000000ed400000,0x00000000ed67db40,0x00000000ed680000)
  to   space 2560K, 0% used [0x00000000ee580000,0x00000000ee580000,0x00000000ee800000)
 ParOldGen       total 39936K, used 0K [0x00000000c5000000, 0x00000000c7700000, 0x00000000ec500000)
  object space 39936K, 0% used [0x00000000c5000000,0x00000000c5000000,0x00000000c7700000)
 PSPermGen       total 21504K, used 9063K [0x00000000baa00000, 0x00000000bbf00000, 0x00000000c5000000)
  object space 21504K, 42% used [0x00000000baa00000,0x00000000bb2d9d00,0x00000000bbf00000)
Event: 7.750 GC heap after
Heap after GC invocations=2 (full 0):
 PSYoungGen      total 33280K, used 2538K [0x00000000ec500000, 0x00000000ee800000, 0x0000000100000000)
  eden space 30720K, 0% used [0x00000000ec500000,0x00000000ec500000,0x00000000ee300000)
  from space 2560K, 99% used [0x00000000ee580000,0x00000000ee7fa9f0,0x00000000ee800000)
  to   space 2560K, 0% used [0x00000000ee300000,0x00000000ee300000,0x00000000ee580000)
 ParOldGen       total 39936K, used 1518K [0x00000000c5000000, 0x00000000c7700000, 0x00000000ec500000)
  object space 39936K, 3% used [0x00000000c5000000,0x00000000c517b890,0x00000000c7700000)
 PSPermGen       total 21504K, used 9063K [0x00000000baa00000, 0x00000000bbf00000, 0x00000000c5000000)
  object space 21504K, 42% used [0x00000000baa00000,0x00000000bb2d9d00,0x00000000bbf00000)
}
Event: 14.044 GC heap before
{Heap before GC invocations=3 (full 0):
 PSYoungGen      total 33280K, used 33258K [0x00000000ec500000, 0x00000000ee800000, 0x0000000100000000)
  eden space 30720K, 100% used [0x00000000ec500000,0x00000000ee300000,0x00000000ee300000)
  from space 2560K, 99% used [0x00000000ee580000,0x00000000ee7fa9f0,0x00000000ee800000)
  to   space 2560K, 0% used [0x00000000ee300000,0x00000000ee300000,0x00000000ee580000)
 ParOldGen       total 39936K, used 1518K [0x00000000c5000000, 0x00000000c7700000, 0x00000000ec500000)
  object space 39936K, 3% used [0x00000000c5000000,0x00000000c517b890,0x00000000c7700000)
 PSPermGen       total 21504K, used 9835K [0x00000000baa00000, 0x00000000bbf00000, 0x00000000c5000000)
  object space 21504K, 45% used [0x00000000baa00000,0x00000000bb39ad48,0x00000000bbf00000)
Event: 14.095 GC heap after
Heap after GC invocations=3 (full 0):
 PSYoungGen      total 33280K, used 2550K [0x00000000ec500000, 0x00000000f0600000, 0x0000000100000000)
  eden space 30720K, 0% used [0x00000000ec500000,0x00000000ec500000,0x00000000ee300000)
  from space 2560K, 99% used [0x00000000ee300000,0x00000000ee57d9c0,0x00000000ee580000)
  to   space 2560K, 0% used [0x00000000f0380000,0x00000000f0380000,0x00000000f0600000)
 ParOldGen       total 39936K, used 2876K [0x00000000c5000000, 0x00000000c7700000, 0x00000000ec500000)
  object space 39936K, 7% used [0x00000000c5000000,0x00000000c52cf178,0x00000000c7700000)
 PSPermGen       total 21504K, used 9835K [0x00000000baa00000, 0x00000000bbf00000, 0x00000000c5000000)
  object space 21504K, 45% used [0x00000000baa00000,0x00000000bb39ad48,0x00000000bbf00000)
}
Event: 22.864 GC heap before
{Heap before GC invocations=4 (full 0):
 PSYoungGen      total 33280K, used 33270K [0x00000000ec500000, 0x00000000f0600000, 0x0000000100000000)
  eden space 30720K, 100% used [0x00000000ec500000,0x00000000ee300000,0x00000000ee300000)
  from space 2560K, 99% used [0x00000000ee300000,0x00000000ee57d9c0,0x00000000ee580000)
  to   space 2560K, 0% used [0x00000000f0380000,0x00000000f0380000,0x00000000f0600000)
 ParOldGen       total 39936K, used 2876K [0x00000000c5000000, 0x00000000c7700000, 0x00000000ec500000)
  object space 39936K, 7% used [0x00000000c5000000,0x00000000c52cf178,0x00000000c7700000)
 PSPermGen       total 21504K, used 12308K [0x00000000baa00000, 0x00000000bbf00000, 0x00000000c5000000)
  object space 21504K, 57% used [0x00000000baa00000,0x00000000bb605230,0x00000000bbf00000)
Event: 22.901 GC heap after
Heap after GC invocations=4 (full 0):
 PSYoungGen      total 64000K, used 2560K [0x00000000ec500000, 0x00000000f0600000, 0x0000000100000000)
  eden space 61440K, 0% used [0x00000000ec500000,0x00000000ec500000,0x00000000f0100000)
  from space 2560K, 100% used [0x00000000f0380000,0x00000000f0600000,0x00000000f0600000)
  to   space 2560K, 0% used [0x00000000f0100000,0x00000000f0100000,0x00000000f0380000)
 ParOldGen       total 39936K, used 6343K [0x00000000c5000000, 0x00000000c7700000, 0x00000000ec500000)
  object space 39936K, 15% used [0x00000000c5000000,0x00000000c5631e50,0x00000000c7700000)
 PSPermGen       total 21504K, used 12308K [0x00000000baa00000, 0x00000000bbf00000, 0x00000000c5000000)
  object space 21504K, 57% used [0x00000000baa00000,0x00000000bb605230,0x00000000bbf00000)
}
Event: 212.556 GC heap before
{Heap before GC invocations=5 (full 0):
 PSYoungGen      total 64000K, used 64000K [0x00000000ec500000, 0x00000000f0600000, 0x0000000100000000)
  eden space 61440K, 100% used [0x00000000ec500000,0x00000000f0100000,0x00000000f0100000)
  from space 2560K, 100% used [0x00000000f0380000,0x00000000f0600000,0x00000000f0600000)
  to   space 2560K, 0% used [0x00000000f0100000,0x00000000f0100000,0x00000000f0380000)
 ParOldGen       total 39936K, used 6343K [0x00000000c5000000, 0x00000000c7700000, 0x00000000ec500000)
  object space 39936K, 15% used [0x00000000c5000000,0x00000000c5631e50,0x00000000c7700000)
 PSPermGen       total 21504K, used 16784K [0x00000000baa00000, 0x00000000bbf00000, 0x00000000c5000000)
  object space 21504K, 78% used [0x00000000baa00000,0x00000000bba64010,0x00000000bbf00000)

Deoptimization events (10 events):
Event: 23.096 Thread 0x00007fa07000a800 Uncommon trap: reason=unstable_if action=reinterpret pc=0x00007fa06d0a1680 method=java.lang.Class.newInstance()Ljava/lang/Object; @ 19
Event: 23.167 Thread 0x00007fa07000a800 Uncommon trap: reason=unstable_if action=reinterpret pc=0x00007fa06d072ec0 method=java.io.DataInputStream.readUTF(Ljava/io/DataInput;)Ljava/lang/String; @ 31
Event: 23.557 Thread 0x00007fa07000a800 Uncommon trap: reason=unstable_if action=reinterpret pc=0x00007fa06d069084 method=java.util.jar.Manifest$FastInputStream.readLine([BII)I @ 87
Event: 23.854 Thread 0x00007fa07000a800 Uncommon trap: reason=bimorphic action=maybe_recompile pc=0x00007fa06d1e74bc method=java.util.HashMap.<init>(IF)V @ 115
Event: 23.917 Thread 0x00007fa07000a800 Uncommon trap: reason=null_check action=make_not_entrant pc=0x00007fa06d1eef48 method=java.util.LinkedHashMap.get(Ljava/lang/Object;)Ljava/lang/Object; @ 5
Event: 24.008 Thread 0x00007fa07000a800 Uncommon trap: reason=unstable_if action=reinterpret pc=0x00007fa06d064cec method=java.net.URI.match(CJJ)Z @ 45
Event: 24.202 Thread 0x00007fa07000a800 Uncommon trap: reason=bimorphic action=maybe_recompile pc=0x00007fa06d0b2790 method=java.net.URL.<init>(Ljava/net/URL;Ljava/lang/String;Ljava/net/URLStreamHandler;)V @ 504
Event: 24.303 Thread 0x00007fa07000a800 Uncommon trap: reason=bimorphic action=maybe_recompile pc=0x00007fa06d1e74bc method=java.util.HashMap.<init>(IF)V @ 115
Event: 24.394 Thread 0x00007fa07000a800 Uncommon trap: reason=unstable_if action=reinterpret pc=0x00007fa06d07d7d4 method=java.lang.String.regionMatches(ZILjava/lang/String;II)Z @ 123
Event: 131.225 Thread 0x00007fa07000a800 Uncommon trap: reason=unstable_if action=reinterpret pc=0x00007fa06d0a3d08 method=java.util.HashMap.put(Ljava/lang/Object;Ljava/lang/Object;)Ljava/lang/Object; @ 19

Internal exceptions (10 events):
Event: 212.426 Thread 0x00007fa07000a800 Threw 0x00000000eff46378 at /build/openjdk-7-A9DpoP/openjdk-7-7u121-2.6.8/build/openjdk/hotspot/src/share/vm/prims/jvm.cpp:1322
Event: 212.426 Thread 0x00007fa07000a800 Threw 0x00000000eff472f8 at /build/openjdk-7-A9DpoP/openjdk-7-7u121-2.6.8/build/openjdk/hotspot/src/share/vm/prims/jvm.cpp:1322
Event: 212.426 Thread 0x00007fa07000a800 Threw 0x00000000eff47b38 at /build/openjdk-7-A9DpoP/openjdk-7-7u121-2.6.8/build/openjdk/hotspot/src/share/vm/prims/jvm.cpp:1322
Event: 212.426 Thread 0x00007fa07000a800 Threw 0x00000000eff48250 at /build/openjdk-7-A9DpoP/openjdk-7-7u121-2.6.8/build/openjdk/hotspot/src/share/vm/prims/jvm.cpp:1322
Event: 212.427 Thread 0x00007fa07000a800 Threw 0x00000000eff6b730 at /build/openjdk-7-A9DpoP/openjdk-7-7u121-2.6.8/build/openjdk/hotspot/src/share/vm/prims/jvm.cpp:1322
Event: 212.427 Thread 0x00007fa07000a800 Threw 0x00000000eff6c670 at /build/openjdk-7-A9DpoP/openjdk-7-7u121-2.6.8/build/openjdk/hotspot/src/share/vm/prims/jvm.cpp:1322
Event: 212.427 Thread 0x00007fa07000a800 Threw 0x00000000eff6ceb0 at /build/openjdk-7-A9DpoP/openjdk-7-7u121-2.6.8/build/openjdk/hotspot/src/share/vm/prims/jvm.cpp:1322
Event: 212.427 Thread 0x00007fa07000a800 Threw 0x00000000eff6d5c8 at /build/openjdk-7-A9DpoP/openjdk-7-7u121-2.6.8/build/openjdk/hotspot/src/share/vm/prims/jvm.cpp:1322
Event: 212.428 Thread 0x00007fa07000a800 Threw 0x00000000eff851d0 at /build/openjdk-7-A9DpoP/openjdk-7-7u121-2.6.8/build/openjdk/hotspot/src/share/vm/classfile/systemDictionary.cpp:185
Event: 212.527 Thread 0x00007fa07000a800 Threw 0x00000000f00c2b98 at /build/openjdk-7-A9DpoP/openjdk-7-7u121-2.6.8/build/openjdk/hotspot/src/share/vm/prims/jvm.cpp:1322

Events (10 events):
Event: 212.425 loading class 0x00007fa0707e2a80 done
Event: 212.426 loading class 0x00007fa0707e2a80
Event: 212.426 loading class 0x00007fa0707e2a80 done
Event: 212.426 loading class 0x00007fa0707de3d0
Event: 212.426 loading class 0x00007fa0707de3d0 done
Event: 212.427 loading class 0x00007fa0707de3d0
Event: 212.427 loading class 0x00007fa0707de3d0 done
Event: 212.427 loading class 0x00007fa0707de3d0
Event: 212.427 loading class 0x00007fa0707de3d0 done
Event: 212.547 Executing VM operation: ParallelGCFailedAllocation


Dynamic libraries:
00400000-00401000 r-xp 00000000 08:01 1663021                            /usr/lib/jvm/java-7-openjdk-amd64/jre/bin/java
00600000-00601000 r--p 00000000 08:01 1663021                            /usr/lib/jvm/java-7-openjdk-amd64/jre/bin/java
00601000-00602000 rw-p 00001000 08:01 1663021                            /usr/lib/jvm/java-7-openjdk-amd64/jre/bin/java
00af1000-00b12000 rw-p 00000000 00:00 0                                  [heap]
baa00000-bbf00000 rw-p 00000000 00:00 0 
bbf00000-c5000000 rw-p 00000000 00:00 0 
c5000000-c7700000 rw-p 00000000 00:00 0 
c7700000-ec500000 rw-p 00000000 00:00 0 
ec500000-f0600000 rw-p 00000000 00:00 0 
f4d00000-100000000 rw-p 00000000 00:00 0 
7fa030000000-7fa030021000 rw-p 00000000 00:00 0 
7fa030021000-7fa034000000 ---p 00000000 00:00 0 
7fa034000000-7fa034021000 rw-p 00000000 00:00 0 
7fa034021000-7fa038000000 ---p 00000000 00:00 0 
7fa03af5d000-7fa03af62000 r-xp 00000000 08:01 1572758                    /lib/x86_64-linux-gnu/libnss_dns-2.19.so
7fa03af62000-7fa03b161000 ---p 00005000 08:01 1572758                    /lib/x86_64-linux-gnu/libnss_dns-2.19.so
7fa03b161000-7fa03b162000 r--p 00004000 08:01 1572758                    /lib/x86_64-linux-gnu/libnss_dns-2.19.so
7fa03b162000-7fa03b163000 rw-p 00005000 08:01 1572758                    /lib/x86_64-linux-gnu/libnss_dns-2.19.so
7fa03b163000-7fa03b165000 r-xp 00000000 08:01 1572564                    /lib/x86_64-linux-gnu/libnss_mdns4_minimal.so.2
7fa03b165000-7fa03b364000 ---p 00002000 08:01 1572564                    /lib/x86_64-linux-gnu/libnss_mdns4_minimal.so.2
7fa03b364000-7fa03b365000 r--p 00001000 08:01 1572564                    /lib/x86_64-linux-gnu/libnss_mdns4_minimal.so.2
7fa03b365000-7fa03b366000 rw-p 00002000 08:01 1572564                    /lib/x86_64-linux-gnu/libnss_mdns4_minimal.so.2
7fa03b366000-7fa03b376000 r-xp 00000000 08:01 1662942                    /usr/lib/jvm/java-7-openjdk-amd64/jre/lib/amd64/libnio.so
7fa03b376000-7fa03b576000 ---p 00010000 08:01 1662942                    /usr/lib/jvm/java-7-openjdk-amd64/jre/lib/amd64/libnio.so
7fa03b576000-7fa03b577000 r--p 00010000 08:01 1662942                    /usr/lib/jvm/java-7-openjdk-amd64/jre/lib/amd64/libnio.so
7fa03b577000-7fa03b578000 rw-p 00011000 08:01 1662942                    /usr/lib/jvm/java-7-openjdk-amd64/jre/lib/amd64/libnio.so
7fa03b578000-7fa03b5b5000 r-xp 00000000 08:01 1572536                    /lib/x86_64-linux-gnu/libpcre.so.3.13.1
7fa03b5b5000-7fa03b7b4000 ---p 0003d000 08:01 1572536                    /lib/x86_64-linux-gnu/libpcre.so.3.13.1
7fa03b7b4000-7fa03b7b5000 r--p 0003c000 08:01 1572536                    /lib/x86_64-linux-gnu/libpcre.so.3.13.1
7fa03b7b5000-7fa03b7b6000 rw-p 0003d000 08:01 1572536                    /lib/x86_64-linux-gnu/libpcre.so.3.13.1
7fa03b7b6000-7fa03b7bd000 r-xp 00000000 08:01 1107289                    /usr/lib/x86_64-linux-gnu/libffi.so.6.0.1
7fa03b7bd000-7fa03b9bc000 ---p 00007000 08:01 1107289                    /usr/lib/x86_64-linux-gnu/libffi.so.6.0.1
7fa03b9bc000-7fa03b9bd000 r--p 00006000 08:01 1107289                    /usr/lib/x86_64-linux-gnu/libffi.so.6.0.1
7fa03b9bd000-7fa03b9be000 rw-p 00007000 08:01 1107289                    /usr/lib/x86_64-linux-gnu/libffi.so.6.0.1
7fa03b9be000-7fa03b9d5000 r-xp 00000000 08:01 1570902                    /lib/x86_64-linux-gnu/libresolv-2.19.so
7fa03b9d5000-7fa03bbd5000 ---p 00017000 08:01 1570902                    /lib/x86_64-linux-gnu/libresolv-2.19.so
7fa03bbd5000-7fa03bbd6000 r--p 00017000 08:01 1570902                    /lib/x86_64-linux-gnu/libresolv-2.19.so
7fa03bbd6000-7fa03bbd7000 rw-p 00018000 08:01 1570902                    /lib/x86_64-linux-gnu/libresolv-2.19.so
7fa03bbd7000-7fa03bbd9000 rw-p 00000000 00:00 0 
7fa03bbd9000-7fa03bbf9000 r-xp 00000000 08:01 1572613                    /lib/x86_64-linux-gnu/libselinux.so.1
7fa03bbf9000-7fa03bdf8000 ---p 00020000 08:01 1572613                    /lib/x86_64-linux-gnu/libselinux.so.1
7fa03bdf8000-7fa03bdf9000 r--p 0001f000 08:01 1572613                    /lib/x86_64-linux-gnu/libselinux.so.1
7fa03bdf9000-7fa03bdfa000 rw-p 00020000 08:01 1572613                    /lib/x86_64-linux-gnu/libselinux.so.1
7fa03bdfa000-7fa03bdfc000 rw-p 00000000 00:00 0 
7fa03bdfc000-7fa03bdff000 r-xp 00000000 08:01 1107402                    /usr/lib/x86_64-linux-gnu/libgmodule-2.0.so.0.4002.0
7fa03bdff000-7fa03bffe000 ---p 00003000 08:01 1107402                    /usr/lib/x86_64-linux-gnu/libgmodule-2.0.so.0.4002.0
7fa03bffe000-7fa03bfff000 r--p 00002000 08:01 1107402                    /usr/lib/x86_64-linux-gnu/libgmodule-2.0.so.0.4002.0
7fa03bfff000-7fa03c000000 rw-p 00003000 08:01 1107402                    /usr/lib/x86_64-linux-gnu/libgmodule-2.0.so.0.4002.0
7fa03c000000-7fa03cfca000 rw-p 00000000 00:00 0 
7fa03cfca000-7fa040000000 ---p 00000000 00:00 0 
7fa040000000-7fa040021000 rw-p 00000000 00:00 0 
7fa040021000-7fa044000000 ---p 00000000 00:00 0 
7fa044000000-7fa044021000 rw-p 00000000 00:00 0 
7fa044021000-7fa048000000 ---p 00000000 00:00 0 
7fa048000000-7fa0486ec000 rw-p 00000000 00:00 0 
7fa0486ec000-7fa04c000000 ---p 00000000 00:00 0 
7fa04c000000-7fa04c021000 rw-p 00000000 00:00 0 
7fa04c021000-7fa050000000 ---p 00000000 00:00 0 
7fa050000000-7fa050021000 rw-p 00000000 00:00 0 
7fa050021000-7fa054000000 ---p 00000000 00:00 0 
7fa054000000-7fa054021000 rw-p 00000000 00:00 0 
7fa054021000-7fa058000000 ---p 00000000 00:00 0 
7fa058000000-7fa058021000 rw-p 00000000 00:00 0 
7fa058021000-7fa05c000000 ---p 00000000 00:00 0 
7fa05c000000-7fa05c021000 rw-p 00000000 00:00 0 
7fa05c021000-7fa060000000 ---p 00000000 00:00 0 
7fa060000000-7fa060021000 rw-p 00000000 00:00 0 
7fa060021000-7fa064000000 ---p 00000000 00:00 0 
7fa064000000-7fa064021000 rw-p 00000000 00:00 0 
7fa064021000-7fa068000000 ---p 00000000 00:00 0 
7fa068086000-7fa068089000 ---p 00000000 00:00 0 
7fa068089000-7fa068187000 rw-p 00000000 00:00 0                          [stack:8466]
7fa068187000-7fa06828d000 r-xp 00000000 08:01 1572514                    /lib/x86_64-linux-gnu/libglib-2.0.so.0.4002.0
7fa06828d000-7fa06848c000 ---p 00106000 08:01 1572514                    /lib/x86_64-linux-gnu/libglib-2.0.so.0.4002.0
7fa06848c000-7fa06848d000 r--p 00105000 08:01 1572514                    /lib/x86_64-linux-gnu/libglib-2.0.so.0.4002.0
7fa06848d000-7fa06848e000 rw-p 00106000 08:01 1572514                    /lib/x86_64-linux-gnu/libglib-2.0.so.0.4002.0
7fa06848e000-7fa06848f000 rw-p 00000000 00:00 0 
7fa06848f000-7fa0684de000 r-xp 00000000 08:01 1107418                    /usr/lib/x86_64-linux-gnu/libgobject-2.0.so.0.4002.0
7fa0684de000-7fa0686de000 ---p 0004f000 08:01 1107418                    /usr/lib/x86_64-linux-gnu/libgobject-2.0.so.0.4002.0
7fa0686de000-7fa0686df000 r--p 0004f000 08:01 1107418                    /usr/lib/x86_64-linux-gnu/libgobject-2.0.so.0.4002.0
7fa0686df000-7fa0686e0000 rw-p 00050000 08:01 1107418                    /usr/lib/x86_64-linux-gnu/libgobject-2.0.so.0.4002.0
7fa0686e0000-7fa06884c000 r-xp 00000000 08:01 1107390                    /usr/lib/x86_64-linux-gnu/libgio-2.0.so.0.4002.0
7fa06884c000-7fa068a4b000 ---p 0016c000 08:01 1107390                    /usr/lib/x86_64-linux-gnu/libgio-2.0.so.0.4002.0
7fa068a4b000-7fa068a4f000 r--p 0016b000 08:01 1107390                    /usr/lib/x86_64-linux-gnu/libgio-2.0.so.0.4002.0
7fa068a4f000-7fa068a51000 rw-p 0016f000 08:01 1107390                    /usr/lib/x86_64-linux-gnu/libgio-2.0.so.0.4002.0
7fa068a51000-7fa068a53000 rw-p 00000000 00:00 0 
7fa068a6c000-7fa068a6d000 rw-p 00000000 00:00 0 
7fa068a6d000-7fa068a84000 r-xp 00000000 08:01 1662964                    /usr/lib/jvm/java-7-openjdk-amd64/jre/lib/amd64/libnet.so
7fa068a84000-7fa068c83000 ---p 00017000 08:01 1662964                    /usr/lib/jvm/java-7-openjdk-amd64/jre/lib/amd64/libnet.so
7fa068c83000-7fa068c84000 r--p 00016000 08:01 1662964                    /usr/lib/jvm/java-7-openjdk-amd64/jre/lib/amd64/libnet.so
7fa068c84000-7fa068c85000 rw-p 00017000 08:01 1662964                    /usr/lib/jvm/java-7-openjdk-amd64/jre/lib/amd64/libnet.so
7fa068c85000-7fa068c8f000 r--s 000ae000 08:01 1662975                    /usr/lib/jvm/java-7-openjdk-amd64/jre/lib/resources.jar
7fa068c8f000-7fa068c92000 r--s 00023000 08:01 2511636                    /home/sarnobat/github/groovy_libraries/.groovy/lib/maven-shared-utils-0.1.jar
7fa068c92000-7fa068c95000 r--s 0000b000 08:01 2511571                    /home/sarnobat/github/groovy_libraries/.groovy/lib/concurrentlinkedhashmap-lru-1.3.1.jar
7fa068c95000-7fa068c96000 r--s 0000a000 08:01 2511570                    /home/sarnobat/github/groovy_libraries/.groovy/lib/commons-logging-api-1.1.jar
7fa068c96000-7fa068c98000 r--s 00008000 08:01 2511663                    /home/sarnobat/github/groovy_libraries/.groovy/lib/vget-1.1.5.jar
7fa068c98000-7fa068c99000 r--s 00004000 08:01 2511639                    /home/sarnobat/github/groovy_libraries/.groovy/lib/opencsv-2.3.jar
7fa068c99000-7fa068ca7000 r--s 000ad000 08:01 2511597                    /home/sarnobat/github/groovy_libraries/.groovy/lib/jackson-mapper-asl-1.9.2.jar
7fa068ca7000-7fa068cb4000 r--s 000a2000 08:01 2511566                    /home/sarnobat/github/groovy_libraries/.groovy/lib/commons-imaging-1.0-R1480221.jar
7fa068cb4000-7fa068cb6000 r--s 00000000 08:01 2511645                    /home/sarnobat/github/groovy_libraries/.groovy/lib/plexus-component-annotations-1.5.5.jar
7fa068cb6000-7fa068cba000 r--s 0000c000 08:01 2511662                    /home/sarnobat/github/groovy_libraries/.groovy/lib/validation-api-1.1.0.Final.jar
7fa068cba000-7fa068cbc000 r--s 00005000 08:01 2511658                    /home/sarnobat/github/groovy_libraries/.groovy/lib/slf4j-api-1.7.5.jar
7fa068cbc000-7fa068cc1000 r--s 0002a000 08:01 2511583                    /home/sarnobat/github/groovy_libraries/.groovy/lib/gson-2.2.4.jar
7fa068cc1000-7fa068cc2000 r--s 00002000 08:01 2511617                    /home/sarnobat/github/groovy_libraries/.groovy/lib/jsch.agentproxy.connector-factory-0.0.6.jar
7fa068cc2000-7fa068ccf000 r--s 00082000 08:01 2511605                    /home/sarnobat/github/groovy_libraries/.groovy/lib/jersey-common-2.0.jar
7fa068ccf000-7fa068cd1000 r--s 0000d000 08:01 2511647                    /home/sarnobat/github/groovy_libraries/.groovy/lib/plexus-interpolation-1.13.jar
7fa068cd1000-7fa068cf6000 r--s 002e3000 08:01 2511665                    /home/sarnobat/github/groovy_libraries/.groovy/lib/xalan-2.7.1.jar
7fa068cf6000-7fa068cf9000 r--s 0001b000 08:01 2511628                    /home/sarnobat/github/groovy_libraries/.groovy/lib/junit-3.8.2.jar
7fa068cf9000-7fa068cfa000 r--s 00001000 08:01 2511572                    /home/sarnobat/github/groovy_libraries/.groovy/lib/doxia-sink-api-1.0-alpha-7.jar
7fa068cfa000-7fa068cfc000 r--s 00011000 08:01 2511615                    /home/sarnobat/github/groovy_libraries/.groovy/lib/jsch-extension-0.1.3.jar
7fa068cfc000-7fa068d00000 r--s 00040000 08:01 2511613                    /home/sarnobat/github/groovy_libraries/.groovy/lib/jsch-0.1.53-sources.jar
7fa068d00000-7fa068d03000 r--s 00023000 08:01 2511602                    /home/sarnobat/github/groovy_libraries/.groovy/lib/jdom-1.0.jar
7fa068d03000-7fa068d04000 r--s 00003000 08:01 2511574                    /home/sarnobat/github/groovy_libraries/.groovy/lib/geronimo-jta_1.1_spec-1.1.1.jar
7fa068d04000-7fa068d05000 r--s 00003000 08:01 2511606                    /home/sarnobat/github/groovy_libraries/.groovy/lib/jersey-container-jdk-http-2.0.jar
7fa068d05000-7fa068d09000 r--s 0003b000 08:01 2511612                    /home/sarnobat/github/groovy_libraries/.groovy/lib/jsch-0.1.50.jar.disabled
7fa068d09000-7fa068d0d000 r--s 00032000 08:01 2511650                    /home/sarnobat/github/groovy_libraries/.groovy/lib/rome-1.0.jar
7fa068d0d000-7fa068d18000 r--s 00068000 08:01 2511607                    /home/sarnobat/github/groovy_libraries/.groovy/lib/jersey-core-1.17.1.jar
7fa068d18000-7fa068d19000 r--s 00007000 08:01 2511657                    /home/sarnobat/github/groovy_libraries/.groovy/lib/slf4j-api-1.7.12.jar
7fa068d19000-7fa068d1b000 r--s 0000a000 08:01 2511664                    /home/sarnobat/github/groovy_libraries/.groovy/lib/wget-1.2.9.jar
7fa068d1b000-7fa068d2a000 r--s 00095000 08:01 2511660                    /home/sarnobat/github/groovy_libraries/.groovy/lib/sshd-core-0.14.0.jar
7fa068d2a000-7fa068d2b000 r--s 00001000 08:01 2511622                    /home/sarnobat/github/groovy_libraries/.groovy/lib/jsch.agentproxy.usocket-jna-0.0.6.jar
7fa068d2b000-7fa068d2d000 r--s 00000000 08:01 2511619                    /home/sarnobat/github/groovy_libraries/.groovy/lib/jsch.agentproxy.jsch-0.0.6.jar
7fa068d2d000-7fa068d31000 r--s 0001d000 08:01 2511666                    /home/sarnobat/github/groovy_libraries/.groovy/lib/xbean-reflect-3.4.jar
7fa068d31000-7fa068d36000 r--s 00047000 08:01 2511560                    /home/sarnobat/github/groovy_libraries/.groovy/lib/asm-all-repackaged-2.1.88.jar
7fa068d36000-7fa068d38000 r--s 00000000 08:01 2511644                    /home/sarnobat/github/groovy_libraries/.groovy/lib/plexus-compiler-manager-2.0.jar
7fa068d38000-7fa068d3a000 r--s 00002000 08:01 2511635                    /home/sarnobat/github/groovy_libraries/.groovy/lib/maven-shared-incremental-1.0.jar
7fa068d3a000-7fa068d3c000 r--s 00001000 08:01 2511618                    /home/sarnobat/github/groovy_libraries/.groovy/lib/jsch.agentproxy.core-0.0.6.jar
7fa068d3c000-7fa068d3e000 r--s 00282000 08:01 2511654                    /home/sarnobat/github/groovy_libraries/.groovy/lib/selenium-firefox-driver-2.45.0.jar
7fa068d3e000-7fa068d40000 r--s 00005000 08:01 2511598                    /home/sarnobat/github/groovy_libraries/.groovy/lib/javax.annotation-api-1.2.jar
7fa068d40000-7fa068d41000 r--s 00001000 08:01 2511620                    /home/sarnobat/github/groovy_libraries/.groovy/lib/jsch.agentproxy.pageant-0.0.6.jar
7fa068d41000-7fa068d43000 r--s 00000000 08:01 2511621                    /home/sarnobat/github/groovy_libraries/.groovy/lib/jsch.agentproxy.sshagent-0.0.6.jar
7fa068d43000-7fa068d45000 r--s 0000d000 08:01 2511580                    /home/sarnobat/github/groovy_libraries/.groovy/lib/google-oauth-client-1.17.0-rc.jar
7fa068d45000-7fa068d49000 r--s 00025000 08:01 2511575                    /home/sarnobat/github/groovy_libraries/.groovy/lib/google-api-client-1.17.0-rc.jar
7fa068d49000-7fa068d4a000 r--s 00001000 08:01 2511641                    /home/sarnobat/github/groovy_libraries/.groovy/lib/plexus-build-api-0.0.4.jar
7fa068d4a000-7fa068d4d000 r--s 0001b000 08:01 2511627                    /home/sarnobat/github/groovy_libraries/.groovy/lib/junit-3.8.1.jar
7fa068d4d000-7fa068d51000 r--s 00019000 08:01 2511604                    /home/sarnobat/github/groovy_libraries/.groovy/lib/jersey-client-2.0.jar
7fa068d51000-7fa068d53000 r--s 0000d000 08:01 2511616                    /home/sarnobat/github/groovy_libraries/.groovy/lib/jsch-nio-0.1.5.jar
7fa068d53000-7fa068d59000 r--s 00033000 08:01 2511655                    /home/sarnobat/github/groovy_libraries/.groovy/lib/selenium-remote-driver-2.45.0.jar
7fa068d59000-7fa068d5d000 r--s 0002f000 08:01 2511596                    /home/sarnobat/github/groovy_libraries/.groovy/lib/jackson-core-2.1.3.jar
7fa068d5d000-7fa068d86000 r--s 001ee000 08:01 2511584                    /home/sarnobat/github/groovy_libraries/.groovy/lib/guava-14.0.1.jar
7fa068d86000-7fa068d89000 r--s 00015000 08:01 2511576                    /home/sarnobat/github/groovy_libraries/.groovy/lib/google-api-services-calendar-v3-rev72-1.17.0-rc.jar
7fa068d89000-7fa068d8b000 r--s 0000b000 08:01 2511587                    /home/sarnobat/github/groovy_libraries/.groovy/lib/hk2-utils-2.1.88.jar
7fa068d8b000-7fa068d91000 r--s 00042000 08:01 2511625                    /home/sarnobat/github/groovy_libraries/.groovy/lib/jsoup-1.7.2.jar
7fa068d91000-7fa068d9f000 r--s 0007f000 08:01 2511564                    /home/sarnobat/github/groovy_libraries/.groovy/lib/commons-collections-3.2.1.jar
7fa068d9f000-7fa068daa000 r--s 00085000 08:01 2511589                    /home/sarnobat/github/groovy_libraries/.groovy/lib/httpclient-4.3.3.jar
7fa068daa000-7fa068dab000 r--s 00002000 08:01 2511581                    /home/sarnobat/github/groovy_libraries/.groovy/lib/google-oauth-client-java6-1.17.0-rc.jar
7fa068dab000-7fa068dac000 r--s 00001000 08:01 2511623                    /home/sarnobat/github/groovy_libraries/.groovy/lib/jsch.agentproxy.usocket-nc-0.0.6.jar
7fa068dac000-7fa068db0000 r--s 00017000 08:01 2511661                    /home/sarnobat/github/groovy_libraries/.groovy/lib/thumbnailator-0.4.8.jar
7fa068db0000-7fa068db2000 r--s 0001f000 08:01 2511656                    /home/sarnobat/github/groovy_libraries/.groovy/lib/servlet-api-2.5-20081211.jar
7fa068db2000-7fa068e1b000 r--s 003e4000 08:01 2511637                    /home/sarnobat/github/groovy_libraries/.groovy/lib/neo4j-cypher-1.9.2.jar
7fa068e1b000-7fa068e1d000 r--s 0001d000 08:01 2511586                    /home/sarnobat/github/groovy_libraries/.groovy/lib/hk2-locator-2.1.88.jar
7fa068e1d000-7fa068e21000 r--s 00018000 08:01 2511585                    /home/sarnobat/github/groovy_libraries/.groovy/lib/hk2-api-2.1.88.jar
7fa068e21000-7fa068e22000 r--s 00002000 08:01 2511653                    /home/sarnobat/github/groovy_libraries/.groovy/lib/selenium-chrome-driver-2.45.0.jar
7fa068e22000-7fa068e26000 r--s 00024000 08:01 2511608                    /home/sarnobat/github/groovy_libraries/.groovy/lib/jersey-json-1.17.1.jar
7fa068e26000-7fa068e2a000 r--s 0002a000 08:01 2511567                    /home/sarnobat/github/groovy_libraries/.groovy/lib/commons-io-2.4.jar
7fa068e2a000-7fa068e49000 r--s 00153000 08:01 2511638                    /home/sarnobat/github/groovy_libraries/.groovy/lib/neo4j-kernel-1.9.2.jar
7fa068e49000-7fa068e50000 r--s 00051000 08:01 2511629                    /home/sarnobat/github/groovy_libraries/.groovy/lib/log4j-1.2.12.jar
7fa068e50000-7fa068e54000 r--s 00018000 08:01 2511601                    /home/sarnobat/github/groovy_libraries/.groovy/lib/javax.ws.rs-api-2.0.jar
7fa068e54000-7fa068e56000 r--s 0000b000 08:01 2511565                    /home/sarnobat/github/groovy_libraries/.groovy/lib/commons-exec-1.1.jar
7fa068e56000-7fa068e58000 r--s 00001000 08:01 2511659                    /home/sarnobat/github/groovy_libraries/.groovy/lib/slf4j-log4j12-1.7.12.jar
7fa068e58000-7fa068e5a000 r--s 00005000 08:01 2511642                    /home/sarnobat/github/groovy_libraries/.groovy/lib/plexus-compiler-api-2.0.jar
7fa068e5a000-7fa068e5b000 r--s 00002000 08:01 2511633                    /home/sarnobat/github/groovy_libraries/.groovy/lib/maven-reporting-api-2.0.6.jar
7fa068e5b000-7fa068e61000 r--s 0003c000 08:01 2511578                    /home/sarnobat/github/groovy_libraries/.groovy/lib/google-http-client-1.17.0-rc.jar
7fa068e61000-7fa068e65000 r--s 00028000 08:01 2511611                    /home/sarnobat/github/groovy_libraries/.groovy/lib/jetty-util-6.1.26.jar
7fa068e65000-7fa068e67000 r--s 00009000 08:01 2511631                    /home/sarnobat/github/groovy_libraries/.groovy/lib/maven-compiler-plugin-3.0.jar
7fa068e67000-7fa068e6e000 r--s 00058000 08:01 2511569                    /home/sarnobat/github/groovy_libraries/.groovy/lib/commons-lang3-3.2.1.jar
7fa068e6e000-7fa068e70000 r--s 0000a000 08:01 2511563                    /home/sarnobat/github/groovy_libraries/.groovy/lib/commons-codec-1.3.jar
7fa068e70000-7fa068e72000 r--s 00007000 08:01 2511632                    /home/sarnobat/github/groovy_libraries/.groovy/lib/maven-filtering-1.0-beta-4.jar
7fa068e72000-7fa068e73000 r--s 00004000 08:01 2511643                    /home/sarnobat/github/groovy_libraries/.groovy/lib/plexus-compiler-javac-2.0.jar
7fa068e73000-7fa068e7a000 r--s 00048000 08:01 2511593                    /home/sarnobat/github/groovy_libraries/.groovy/lib/httpcore-4.4.1.jar
7fa068e7a000-7fa068e7e000 r--s 000dc000 08:01 2512041                    /home/sarnobat/github/groovy_libraries/.groovy/lib/jna-4.1.0.jar
7fa068e7e000-7fa068e84000 r--s 00043000 08:01 2511573                    /home/sarnobat/github/groovy_libraries/.groovy/lib/genson-0.98.jar
7fa068e84000-7fa068e85000 r--s 00005000 08:01 2511634                    /home/sarnobat/github/groovy_libraries/.groovy/lib/maven-resources-plugin-2.4.3.jar
7fa068e85000-7fa068e87000 r--s 00005000 08:01 2511595                    /home/sarnobat/github/groovy_libraries/.groovy/lib/httpmime-4.2.3.jar
7fa068e87000-7fa068e8b000 r--s 0003c000 08:01 2511568                    /home/sarnobat/github/groovy_libraries/.groovy/lib/commons-lang-2.4.jar
7fa068e8b000-7fa068e8f000 r--s 00030000 08:01 2511648                    /home/sarnobat/github/groovy_libraries/.groovy/lib/plexus-utils-1.5.1.jar
7fa068e8f000-7fa068e96000 r--s 0003f000 08:01 2511561                    /home/sarnobat/github/groovy_libraries/.groovy/lib/cglib-2.1.88.jar
7fa068e96000-7fa068e98000 r--s 00006000 08:01 2511562                    /home/sarnobat/github/groovy_libraries/.groovy/lib/commons-cli-1.0.jar
7fa068e98000-7fa068e9b000 r--s 00012000 08:01 2511600                    /home/sarnobat/github/groovy_libraries/.groovy/lib/javax.json-1.0.4.jar
7fa068e9b000-7fa068e9c000 r--s 0000f000 08:01 2511624                    /home/sarnobat/github/groovy_libraries/.groovy/lib/json-20131018.jar
7fa068e9c000-7fa068e9d000 r--s 00001000 08:01 2511582                    /home/sarnobat/github/groovy_libraries/.groovy/lib/google-oauth-client-jetty-1.17.0-rc.jar
7fa068e9d000-7fa068ea2000 r--s 0002b000 08:01 2512040                    /home/sarnobat/github/groovy_libraries/.groovy/lib/fuse-jna-0.0.1-SNAPSHOT.jar
7fa068ea2000-7fa068eb4000 r--s 00099000 08:01 2511609                    /home/sarnobat/github/groovy_libraries/.groovy/lib/jersey-server-2.0.jar
7fa068eb4000-7fa068eb6000 r--s 00006000 08:01 2511626                    /home/sarnobat/github/groovy_libraries/.groovy/lib/jsr305-2.0.1.jar
7fa068eb6000-7fa068eb7000 r--s 00001000 08:01 2511579                    /home/sarnobat/github/groovy_libraries/.groovy/lib/google-http-client-jackson2-1.17.0-rc.jar
7fa068eb7000-7fa068eb9000 r--s 00002000 08:01 2511646                    /home/sarnobat/github/groovy_libraries/.groovy/lib/plexus-interactivity-api-1.0-alpha-4.jar
7fa068eb9000-7fa068eba000 r--s 00004000 08:01 2511640                    /home/sarnobat/github/groovy_libraries/.groovy/lib/osgi-resource-locator-1.0.1.jar
7fa068eba000-7fa068ed5000 r--s 0018b000 08:01 2512099                    /home/sarnobat/github/groovy_libraries/.groovy/lib/jetty-all-server-7.6.11.v20130520.jar
7fa068ed5000-7fa068eda000 r--s 0001d000 08:01 2511652                    /home/sarnobat/github/groovy_libraries/.groovy/lib/selenium-api-2.45.0.jar
7fa068eda000-7fa068ee1000 r--s 00064000 08:01 2511630                    /home/sarnobat/github/groovy_libraries/.groovy/lib/mail-1.4.2.jar
7fa068ee1000-7fa068ee2000 r--s 00001000 08:01 2511599                    /home/sarnobat/github/groovy_libraries/.groovy/lib/javax.inject-2.1.88.jar
7fa068ee2000-7fa068ee9000 r--s 00050000 08:01 2511594                    /home/sarnobat/github/groovy_libraries/.groovy/lib/httpcore-nio-4.4.1.jar
7fa068ee9000-7fa068eed000 r--s 00033000 08:01 2511649                    /home/sarnobat/github/groovy_libraries/.groovy/lib/plexus-utils-2.0.5.jar
7fa068eed000-7fa068ef0000 r--s 0001d000 08:01 2511603                    /home/sarnobat/github/groovy_libraries/.groovy/lib/jersey-client-1.17.1.jar
7fa068ef0000-7fa068ef7000 r--s 0007d000 08:01 2511610                    /home/sarnobat/github/groovy_libraries/.groovy/lib/jetty-6.1.26.jar
7fa068ef7000-7fa068f68000 r--s 00658000 08:01 2511651                    /home/sarnobat/github/groovy_libraries/.groovy/lib/scala-library-2.10.0.jar
7fa068f68000-7fa068f6a000 r--s 00008000 08:01 1146709                    /usr/share/java/asm3-util-3.3.2.jar
7fa068f6a000-7fa068f6b000 r--s 00004000 08:01 1148502                    /usr/share/java/ant-launcher-1.9.6.jar
7fa068f6b000-7fa068f6c000 r--s 00004000 08:01 1146595                    /usr/share/java/asm3-analysis-3.3.2.jar
7fa068f6c000-7fa068f81000 r--s 00124000 08:01 1148695                    /usr/share/java/ivy-2.3.0.jar
7fa068f81000-7fa068f83000 r--s 00011000 08:01 1145203                    /usr/share/java/jsp-api-2.1.jar
7fa068f83000-7fa068f84000 r--s 00003000 08:01 1145178                    /usr/share/java/hawtjni-runtime-1.10.jar
7fa068f84000-7fa068f85000 r--s 00001000 08:01 1148613                    /usr/share/java/jansi-native-1.0.jar
7fa068f85000-7fa068f86000 r--s 00005000 08:01 1148616                    /usr/share/java/jansi-1.4.jar
7fa068f86000-7fa068f93000 r--s 00076000 08:01 1145205                    /usr/share/java/xstream-1.4.8.jar
7fa068f93000-7fa068f94000 r--s 0000d000 08:01 1146728                    /usr/share/java/commons-logging-1.2.jar
7fa068f94000-7fa068f99000 r--s 00068000 08:01 1145167                    /usr/share/java/antlr.jar
7fa068f99000-7fa068f9b000 r--s 0000a000 08:01 1145172                    /usr/share/java/commons-cli-1.3.1.jar
7fa068f9b000-7fa068f9d000 r--s 0000f000 08:01 1148594                    /usr/share/java/jline-1.0.jar
7fa068f9d000-7fa068fa0000 r--s 00010000 08:01 1145187                    /usr/share/java/bsf-2.4.0.jar
7fa068fa0000-7fa068fa1000 r--s 0000a000 08:01 1146592                    /usr/share/java/asm3-3.3.2.jar
7fa068fa1000-7fa068fa3000 r--s 0001b000 08:01 1148200                    /usr/share/java/ant-junit-1.9.6.jar
7fa068fa3000-7fa068fc2000 r--s 001d1000 08:01 1148500                    /usr/share/java/ant-1.9.6.jar
7fa068fc2000-7fa069016000 r--s 004e8000 08:01 1668956                    /usr/share/groovy/lib/groovy-1.8.6.jar
7fa069016000-7fa069017000 ---p 00000000 00:00 0 
7fa069017000-7fa069117000 rw-p 00000000 00:00 0                          [stack:8263]
7fa069117000-7fa06911a000 ---p 00000000 00:00 0 
7fa06911a000-7fa069218000 rw-p 00000000 00:00 0                          [stack:8262]
7fa069218000-7fa06921b000 ---p 00000000 00:00 0 
7fa06921b000-7fa069319000 rw-p 00000000 00:00 0                          [stack:8261]
7fa069319000-7fa06931c000 ---p 00000000 00:00 0 
7fa06931c000-7fa06941a000 rw-p 00000000 00:00 0                          [stack:8254]
7fa06941a000-7fa06941d000 ---p 00000000 00:00 0 
7fa06941d000-7fa06951b000 rw-p 00000000 00:00 0                          [stack:8253]
7fa06951b000-7fa069bfd000 r--p 00000000 08:01 1106118                    /usr/lib/locale/locale-archive
7fa069bfd000-7fa069c00000 ---p 00000000 00:00 0 
7fa069c00000-7fa069cfe000 rw-p 00000000 00:00 0                          [stack:8226]
7fa069cfe000-7fa069d01000 ---p 00000000 00:00 0 
7fa069d01000-7fa069dff000 rw-p 00000000 00:00 0                          [stack:8225]
7fa069dff000-7fa069e00000 ---p 00000000 00:00 0 
7fa069e00000-7fa06d000000 rw-p 00000000 00:00 0                          [stack:8215]
7fa06d000000-7fa06d270000 rwxp 00000000 00:00 0 
7fa06d270000-7fa071500000 rw-p 00000000 00:00 0 
7fa071500000-7fa074000000 ---p 00000000 00:00 0 
7fa074000000-7fa074002000 r--s 00007000 08:01 1148589                    /usr/share/java/regexp-1.5.jar
7fa074002000-7fa074005000 r--s 0001e000 08:01 1145202                    /usr/share/java/servlet-api-2.5.jar
7fa074005000-7fa07400d000 r--s 00045000 08:01 1145199                    /usr/share/java/junit4-4.12.jar
7fa07400d000-7fa0741ba000 rw-p 00000000 00:00 0 
7fa0741ba000-7fa07436d000 r--s 01d41000 08:01 1662976                    /usr/lib/jvm/java-7-openjdk-amd64/jre/lib/rt.jar
7fa07436d000-7fa074691000 rw-p 00000000 00:00 0 
7fa074691000-7fa074692000 ---p 00000000 00:00 0 
7fa074692000-7fa074792000 rw-p 00000000 00:00 0                          [stack:8196]
7fa074792000-7fa074793000 ---p 00000000 00:00 0 
7fa074793000-7fa074893000 rw-p 00000000 00:00 0                          [stack:8195]
7fa074893000-7fa074894000 ---p 00000000 00:00 0 
7fa074894000-7fa074994000 rw-p 00000000 00:00 0                          [stack:8194]
7fa074994000-7fa074995000 ---p 00000000 00:00 0 
7fa074995000-7fa074aa0000 rw-p 00000000 00:00 0                          [stack:8182]
7fa074aa0000-7fa074ae8000 rw-p 00000000 00:00 0 
7fa074ae8000-7fa074afc000 rw-p 00000000 00:00 0 
7fa074afc000-7fa074c23000 rw-p 00000000 00:00 0 
7fa074c23000-7fa074c2e000 rw-p 00000000 00:00 0 
7fa074c2e000-7fa074c76000 rw-p 00000000 00:00 0 
7fa074c76000-7fa074c8a000 rw-p 00000000 00:00 0 
7fa074c8a000-7fa074db0000 rw-p 00000000 00:00 0 
7fa074db0000-7fa074dd1000 rw-p 00000000 00:00 0 
7fa074dd1000-7fa074e4e000 rw-p 00000000 00:00 0 
7fa074e4e000-7fa074e4f000 rw-p 00000000 00:00 0 
7fa074e4f000-7fa074e57000 r-xp 00000000 08:01 1662962                    /usr/lib/jvm/java-7-openjdk-amd64/jre/lib/amd64/libzip.so
7fa074e57000-7fa075056000 ---p 00008000 08:01 1662962                    /usr/lib/jvm/java-7-openjdk-amd64/jre/lib/amd64/libzip.so
7fa075056000-7fa075057000 r--p 00007000 08:01 1662962                    /usr/lib/jvm/java-7-openjdk-amd64/jre/lib/amd64/libzip.so
7fa075057000-7fa075058000 rw-p 00008000 08:01 1662962                    /usr/lib/jvm/java-7-openjdk-amd64/jre/lib/amd64/libzip.so
7fa075058000-7fa075062000 r-xp 00000000 08:01 1572764                    /lib/x86_64-linux-gnu/libnss_files-2.19.so
7fa075062000-7fa075261000 ---p 0000a000 08:01 1572764                    /lib/x86_64-linux-gnu/libnss_files-2.19.so
7fa075261000-7fa075262000 r--p 00009000 08:01 1572764                    /lib/x86_64-linux-gnu/libnss_files-2.19.so
7fa075262000-7fa075263000 rw-p 0000a000 08:01 1572764                    /lib/x86_64-linux-gnu/libnss_files-2.19.so
7fa075263000-7fa07526e000 r-xp 00000000 08:01 1572756                    /lib/x86_64-linux-gnu/libnss_nis-2.19.so
7fa07526e000-7fa07546d000 ---p 0000b000 08:01 1572756                    /lib/x86_64-linux-gnu/libnss_nis-2.19.so
7fa07546d000-7fa07546e000 r--p 0000a000 08:01 1572756                    /lib/x86_64-linux-gnu/libnss_nis-2.19.so
7fa07546e000-7fa07546f000 rw-p 0000b000 08:01 1572756                    /lib/x86_64-linux-gnu/libnss_nis-2.19.so
7fa07546f000-7fa075486000 r-xp 00000000 08:01 1572577                    /lib/x86_64-linux-gnu/libnsl-2.19.so
7fa075486000-7fa075685000 ---p 00017000 08:01 1572577                    /lib/x86_64-linux-gnu/libnsl-2.19.so
7fa075685000-7fa075686000 r--p 00016000 08:01 1572577                    /lib/x86_64-linux-gnu/libnsl-2.19.so
7fa075686000-7fa075687000 rw-p 00017000 08:01 1572577                    /lib/x86_64-linux-gnu/libnsl-2.19.so
7fa075687000-7fa075689000 rw-p 00000000 00:00 0 
7fa075689000-7fa075692000 r-xp 00000000 08:01 1572576                    /lib/x86_64-linux-gnu/libnss_compat-2.19.so
7fa075692000-7fa075891000 ---p 00009000 08:01 1572576                    /lib/x86_64-linux-gnu/libnss_compat-2.19.so
7fa075891000-7fa075892000 r--p 00008000 08:01 1572576                    /lib/x86_64-linux-gnu/libnss_compat-2.19.so
7fa075892000-7fa075893000 rw-p 00009000 08:01 1572576                    /lib/x86_64-linux-gnu/libnss_compat-2.19.so
7fa075893000-7fa0758bd000 r-xp 00000000 08:01 1662961                    /usr/lib/jvm/java-7-openjdk-amd64/jre/lib/amd64/libjava.so
7fa0758bd000-7fa075abd000 ---p 0002a000 08:01 1662961                    /usr/lib/jvm/java-7-openjdk-amd64/jre/lib/amd64/libjava.so
7fa075abd000-7fa075abe000 r--p 0002a000 08:01 1662961                    /usr/lib/jvm/java-7-openjdk-amd64/jre/lib/amd64/libjava.so
7fa075abe000-7fa075ac0000 rw-p 0002b000 08:01 1662961                    /usr/lib/jvm/java-7-openjdk-amd64/jre/lib/amd64/libjava.so
7fa075ac0000-7fa075ad0000 r-xp 00000000 08:01 1662963                    /usr/lib/jvm/java-7-openjdk-amd64/jre/lib/amd64/libverify.so
7fa075ad0000-7fa075ccf000 ---p 00010000 08:01 1662963                    /usr/lib/jvm/java-7-openjdk-amd64/jre/lib/amd64/libverify.so
7fa075ccf000-7fa075cd1000 r--p 0000f000 08:01 1662963                    /usr/lib/jvm/java-7-openjdk-amd64/jre/lib/amd64/libverify.so
7fa075cd1000-7fa075cd2000 rw-p 00011000 08:01 1662963                    /usr/lib/jvm/java-7-openjdk-amd64/jre/lib/amd64/libverify.so
7fa075cd2000-7fa075cd9000 r-xp 00000000 08:01 1572760                    /lib/x86_64-linux-gnu/librt-2.19.so
7fa075cd9000-7fa075ed8000 ---p 00007000 08:01 1572760                    /lib/x86_64-linux-gnu/librt-2.19.so
7fa075ed8000-7fa075ed9000 r--p 00006000 08:01 1572760                    /lib/x86_64-linux-gnu/librt-2.19.so
7fa075ed9000-7fa075eda000 rw-p 00007000 08:01 1572760                    /lib/x86_64-linux-gnu/librt-2.19.so
7fa075eda000-7fa075ef0000 r-xp 00000000 08:01 1572510                    /lib/x86_64-linux-gnu/libgcc_s.so.1
7fa075ef0000-7fa0760ef000 ---p 00016000 08:01 1572510                    /lib/x86_64-linux-gnu/libgcc_s.so.1
7fa0760ef000-7fa0760f0000 rw-p 00015000 08:01 1572510                    /lib/x86_64-linux-gnu/libgcc_s.so.1
7fa0760f0000-7fa0761f5000 r-xp 00000000 08:01 1572453                    /lib/x86_64-linux-gnu/libm-2.19.so
7fa0761f5000-7fa0763f4000 ---p 00105000 08:01 1572453                    /lib/x86_64-linux-gnu/libm-2.19.so
7fa0763f4000-7fa0763f5000 r--p 00104000 08:01 1572453                    /lib/x86_64-linux-gnu/libm-2.19.so
7fa0763f5000-7fa0763f6000 rw-p 00105000 08:01 1572453                    /lib/x86_64-linux-gnu/libm-2.19.so
7fa0763f6000-7fa0764dc000 r-xp 00000000 08:01 1108444                    /usr/lib/x86_64-linux-gnu/libstdc++.so.6.0.19
7fa0764dc000-7fa0766db000 ---p 000e6000 08:01 1108444                    /usr/lib/x86_64-linux-gnu/libstdc++.so.6.0.19
7fa0766db000-7fa0766e3000 r--p 000e5000 08:01 1108444                    /usr/lib/x86_64-linux-gnu/libstdc++.so.6.0.19
7fa0766e3000-7fa0766e5000 rw-p 000ed000 08:01 1108444                    /usr/lib/x86_64-linux-gnu/libstdc++.so.6.0.19
7fa0766e5000-7fa0766fa000 rw-p 00000000 00:00 0 
7fa0766fa000-7fa077228000 r-xp 00000000 08:01 1662935                    /usr/lib/jvm/java-7-openjdk-amd64/jre/lib/amd64/server/libjvm.so
7fa077228000-7fa077428000 ---p 00b2e000 08:01 1662935                    /usr/lib/jvm/java-7-openjdk-amd64/jre/lib/amd64/server/libjvm.so
7fa077428000-7fa0774c2000 r--p 00b2e000 08:01 1662935                    /usr/lib/jvm/java-7-openjdk-amd64/jre/lib/amd64/server/libjvm.so
7fa0774c2000-7fa0774e5000 rw-p 00bc8000 08:01 1662935                    /usr/lib/jvm/java-7-openjdk-amd64/jre/lib/amd64/server/libjvm.so
7fa0774e5000-7fa077514000 rw-p 00000000 00:00 0 
7fa077514000-7fa07752c000 r-xp 00000000 08:01 1572646                    /lib/x86_64-linux-gnu/libz.so.1.2.8
7fa07752c000-7fa07772b000 ---p 00018000 08:01 1572646                    /lib/x86_64-linux-gnu/libz.so.1.2.8
7fa07772b000-7fa07772c000 r--p 00017000 08:01 1572646                    /lib/x86_64-linux-gnu/libz.so.1.2.8
7fa07772c000-7fa07772d000 rw-p 00018000 08:01 1572646                    /lib/x86_64-linux-gnu/libz.so.1.2.8
7fa07772d000-7fa077746000 r-xp 00000000 08:01 1572578                    /lib/x86_64-linux-gnu/libpthread-2.19.so
7fa077746000-7fa077945000 ---p 00019000 08:01 1572578                    /lib/x86_64-linux-gnu/libpthread-2.19.so
7fa077945000-7fa077946000 r--p 00018000 08:01 1572578                    /lib/x86_64-linux-gnu/libpthread-2.19.so
7fa077946000-7fa077947000 rw-p 00019000 08:01 1572578                    /lib/x86_64-linux-gnu/libpthread-2.19.so
7fa077947000-7fa07794b000 rw-p 00000000 00:00 0 
7fa07794b000-7fa07794e000 r-xp 00000000 08:01 1572498                    /lib/x86_64-linux-gnu/libdl-2.19.so
7fa07794e000-7fa077b4d000 ---p 00003000 08:01 1572498                    /lib/x86_64-linux-gnu/libdl-2.19.so
7fa077b4d000-7fa077b4e000 r--p 00002000 08:01 1572498                    /lib/x86_64-linux-gnu/libdl-2.19.so
7fa077b4e000-7fa077b4f000 rw-p 00003000 08:01 1572498                    /lib/x86_64-linux-gnu/libdl-2.19.so
7fa077b4f000-7fa077d09000 r-xp 00000000 08:01 1572761                    /lib/x86_64-linux-gnu/libc-2.19.so
7fa077d09000-7fa077f09000 ---p 001ba000 08:01 1572761                    /lib/x86_64-linux-gnu/libc-2.19.so
7fa077f09000-7fa077f0d000 r--p 001ba000 08:01 1572761                    /lib/x86_64-linux-gnu/libc-2.19.so
7fa077f0d000-7fa077f0f000 rw-p 001be000 08:01 1572761                    /lib/x86_64-linux-gnu/libc-2.19.so
7fa077f0f000-7fa077f14000 rw-p 00000000 00:00 0 
7fa077f14000-7fa077f21000 r-xp 00000000 08:01 1662967                    /usr/lib/jvm/java-7-openjdk-amd64/jre/lib/amd64/jli/libjli.so
7fa077f21000-7fa078120000 ---p 0000d000 08:01 1662967                    /usr/lib/jvm/java-7-openjdk-amd64/jre/lib/amd64/jli/libjli.so
7fa078120000-7fa078121000 r--p 0000c000 08:01 1662967                    /usr/lib/jvm/java-7-openjdk-amd64/jre/lib/amd64/jli/libjli.so
7fa078121000-7fa078122000 rw-p 0000d000 08:01 1662967                    /usr/lib/jvm/java-7-openjdk-amd64/jre/lib/amd64/jli/libjli.so
7fa078122000-7fa078145000 r-xp 00000000 08:01 1572579                    /lib/x86_64-linux-gnu/ld-2.19.so
7fa078145000-7fa078147000 r--s 0000c000 08:01 1148183                    /usr/share/java/mockobjects-core-0.09.jar
7fa078147000-7fa078149000 r--s 00004000 08:01 1146594                    /usr/share/java/asm3-tree-3.3.2.jar
7fa078149000-7fa07814b000 r--s 00012000 08:01 1662979                    /usr/lib/jvm/java-7-openjdk-amd64/jre/lib/ext/zipfs.jar
7fa07814b000-7fa07814c000 r--s 00002000 08:01 1662980                    /usr/lib/jvm/java-7-openjdk-amd64/jre/lib/ext/dnsns.jar
7fa07814c000-7fa07816c000 rw-p 00000000 00:00 0 
7fa07816c000-7fa078222000 rw-p 00000000 00:00 0 
7fa078222000-7fa078225000 ---p 00000000 00:00 0 
7fa078225000-7fa078328000 rw-p 00000000 00:00 0                          [stack:8180]
7fa078328000-7fa07832c000 r--s 00034000 08:01 1662978                    /usr/lib/jvm/java-7-openjdk-amd64/jre/lib/ext/sunjce_provider.jar
7fa07832c000-7fa07832e000 r--s 00007000 08:01 1148835                    /usr/share/java/java-atk-wrapper.jar
7fa07832e000-7fa078331000 r--s 0000f000 08:01 1662981                    /usr/lib/jvm/java-7-openjdk-amd64/jre/lib/ext/icedtea-sound.jar
7fa078331000-7fa078334000 r--s 0003d000 08:01 1662977                    /usr/lib/jvm/java-7-openjdk-amd64/jre/lib/ext/sunpkcs11.jar
7fa078334000-7fa078338000 r--s 00085000 08:01 1662982                    /usr/lib/jvm/java-7-openjdk-amd64/jre/lib/ext/localedata.jar
7fa078338000-7fa078340000 rw-s 00000000 08:01 2740064                    /tmp/hsperfdata_sarnobat/8039
7fa078340000-7fa078341000 rw-p 00000000 00:00 0 
7fa078341000-7fa078342000 ---p 00000000 00:00 0 
7fa078342000-7fa078344000 rw-p 00000000 00:00 0 
7fa078344000-7fa078345000 r--p 00022000 08:01 1572579                    /lib/x86_64-linux-gnu/ld-2.19.so
7fa078345000-7fa078346000 rw-p 00023000 08:01 1572579                    /lib/x86_64-linux-gnu/ld-2.19.so
7fa078346000-7fa078347000 rw-p 00000000 00:00 0 
7ffc4bf26000-7ffc4bf47000 rw-p 00000000 00:00 0                          [stack]
7ffc4bf9b000-7ffc4bf9d000 r--p 00000000 00:00 0                          [vvar]
7ffc4bf9d000-7ffc4bf9f000 r-xp 00000000 00:00 0                          [vdso]
ffffffffff600000-ffffffffff601000 r-xp 00000000 00:00 0                  [vsyscall]

VM Arguments:
jvm_args: -Dscript.name=/usr/bin/groovy -Dprogram.name=groovy -Dgroovy.starter.conf=/etc/groovy/groovy-starter.conf -Dgroovy.home=/usr/share/groovy -Dtools.jar=/usr/lib/jvm/java-7-openjdk-amd64/jre/lib/tools.jar 
java_command: org.codehaus.groovy.tools.GroovyStarter --main groovy.ui.GroovyMain --conf /etc/groovy/groovy-starter.conf --classpath . server.groovy /home/sarnobat/yurl
Launcher Type: SUN_STANDARD

Environment Variables:
JAVA_HOME=/usr/lib/jvm/java-7-openjdk-amd64/jre
PATH=/usr/bin:/bin
SHELL=/bin/sh

Signal Handlers:
SIGSEGV: [libjvm.so+0x95e310], sa_mask[0]=0x7ffbfeff, sa_flags=0x10000004
SIGBUS: [libjvm.so+0x95e310], sa_mask[0]=0x7ffbfeff, sa_flags=0x10000004
SIGFPE: [libjvm.so+0x7d1ef0], sa_mask[0]=0x7ffbfeff, sa_flags=0x10000004
SIGPIPE: [libjvm.so+0x7d1ef0], sa_mask[0]=0x7ffbfeff, sa_flags=0x10000004
SIGXFSZ: [libjvm.so+0x7d1ef0], sa_mask[0]=0x7ffbfeff, sa_flags=0x10000004
SIGILL: [libjvm.so+0x7d1ef0], sa_mask[0]=0x7ffbfeff, sa_flags=0x10000004
SIGUSR1: SIG_DFL, sa_mask[0]=0x00000000, sa_flags=0x00000000
SIGUSR2: [libjvm.so+0x7d2020], sa_mask[0]=0x00000000, sa_flags=0x10000004
SIGHUP: [libjvm.so+0x7d1f70], sa_mask[0]=0x7ffbfeff, sa_flags=0x10000004
SIGINT: [libjvm.so+0x7d1f70], sa_mask[0]=0x7ffbfeff, sa_flags=0x10000004
SIGTERM: [libjvm.so+0x7d1f70], sa_mask[0]=0x7ffbfeff, sa_flags=0x10000004
SIGQUIT: [libjvm.so+0x7d1f70], sa_mask[0]=0x7ffbfeff, sa_flags=0x10000004
SIGTRAP: SIG_DFL, sa_mask[0]=0x00000000, sa_flags=0x00000000


---------------  S Y S T E M  ---------------

OS:Ubuntu 14.04 (trusty)
uname:Linux 4.2.0-34-generic #39~14.04.1-Ubuntu SMP Fri Mar 11 11:38:02 UTC 2016 x86_64
libc:glibc 2.19 NPTL 2.19 
rlimit: STACK 8192k, CORE 0k, NPROC 15006, NOFILE 4096, AS infinity
load average:34.53 17.62 8.20

/proc/meminfo:
MemTotal:        3864416 kB
MemFree:           26428 kB
MemAvailable:      68596 kB
Buffers:            2132 kB
Cached:            32800 kB
SwapCached:          916 kB
Active:          2672148 kB
Inactive:         811368 kB
Active(anon):    2666664 kB
Inactive(anon):   805240 kB
Active(file):       5484 kB
Inactive(file):     6128 kB
Unevictable:           0 kB
Mlocked:               0 kB
SwapTotal:       4007932 kB
SwapFree:              0 kB
Dirty:               420 kB
Writeback:             0 kB
AnonPages:       3448544 kB
Mapped:            10048 kB
Shmem:             23256 kB
Slab:             129192 kB
SReclaimable:      55720 kB
SUnreclaim:        73472 kB
KernelStack:       47872 kB
PageTables:       118396 kB
NFS_Unstable:          0 kB
Bounce:                0 kB
WritebackTmp:          0 kB
CommitLimit:     5940140 kB
Committed_AS:   24195276 kB
VmallocTotal:   34359738367 kB
VmallocUsed:      347928 kB
VmallocChunk:   34358947836 kB
HardwareCorrupted:     0 kB
AnonHugePages:    657408 kB
CmaTotal:              0 kB
CmaFree:               0 kB
HugePages_Total:       0
HugePages_Free:        0
HugePages_Rsvd:        0
HugePages_Surp:        0
Hugepagesize:       2048 kB
DirectMap4k:      517760 kB
DirectMap2M:     3491840 kB


CPU:total 4 (2 cores per cpu, 2 threads per core) family 6 model 58 stepping 9, cmov, cx8, fxsr, mmx, sse, sse2, sse3, ssse3, sse4.1, sse4.2, popcnt, avx, aes, erms, ht, tsc, tscinvbit, tscinv

/proc/cpuinfo:
processor	: 0
vendor_id	: GenuineIntel
cpu family	: 6
model		: 58
model name	: Intel(R) Core(TM) i5-3427U CPU @ 1.80GHz
stepping	: 9
microcode	: 0x17
cpu MHz		: 2599.988
cache size	: 3072 KB
physical id	: 0
siblings	: 4
core id		: 0
cpu cores	: 2
apicid		: 0
initial apicid	: 0
fpu		: yes
fpu_exception	: yes
cpuid level	: 13
wp		: yes
flags		: fpu vme de pse tsc msr pae mce cx8 apic sep mtrr pge mca cmov pat pse36 clflush dts acpi mmx fxsr sse sse2 ss ht tm pbe syscall nx rdtscp lm constant_tsc arch_perfmon pebs bts rep_good nopl xtopology nonstop_tsc aperfmperf eagerfpu pni pclmulqdq dtes64 monitor ds_cpl vmx smx est tm2 ssse3 cx16 xtpr pdcm pcid sse4_1 sse4_2 x2apic popcnt tsc_deadline_timer aes xsave avx f16c rdrand lahf_lm ida arat epb pln pts dtherm tpr_shadow vnmi flexpriority ept vpid fsgsbase smep erms xsaveopt
bugs		:
bogomips	: 4589.67
clflush size	: 64
cache_alignment	: 64
address sizes	: 36 bits physical, 48 bits virtual
power management:

processor	: 1
vendor_id	: GenuineIntel
cpu family	: 6
model		: 58
model name	: Intel(R) Core(TM) i5-3427U CPU @ 1.80GHz
stepping	: 9
microcode	: 0x17
cpu MHz		: 2599.988
cache size	: 3072 KB
physical id	: 0
siblings	: 4
core id		: 1
cpu cores	: 2
apicid		: 2
initial apicid	: 2
fpu		: yes
fpu_exception	: yes
cpuid level	: 13
wp		: yes
flags		: fpu vme de pse tsc msr pae mce cx8 apic sep mtrr pge mca cmov pat pse36 clflush dts acpi mmx fxsr sse sse2 ss ht tm pbe syscall nx rdtscp lm constant_tsc arch_perfmon pebs bts rep_good nopl xtopology nonstop_tsc aperfmperf eagerfpu pni pclmulqdq dtes64 monitor ds_cpl vmx smx est tm2 ssse3 cx16 xtpr pdcm pcid sse4_1 sse4_2 x2apic popcnt tsc_deadline_timer aes xsave avx f16c rdrand lahf_lm ida arat epb pln pts dtherm tpr_shadow vnmi flexpriority ept vpid fsgsbase smep erms xsaveopt
bugs		:
bogomips	: 4589.67
clflush size	: 64
cache_alignment	: 64
address sizes	: 36 bits physical, 48 bits virtual
power management:

processor	: 2
vendor_id	: GenuineIntel
cpu family	: 6
model		: 58
model name	: Intel(R) Core(TM) i5-3427U CPU @ 1.80GHz
stepping	: 9
microcode	: 0x17
cpu MHz		: 2599.988
cache size	: 3072 KB
physical id	: 0
siblings	: 4
core id		: 0
cpu cores	: 2
apicid		: 1
initial apicid	: 1
fpu		: yes
fpu_exception	: yes
cpuid level	: 13
wp		: yes
flags		: fpu vme de pse tsc msr pae mce cx8 apic sep mtrr pge mca cmov pat pse36 clflush dts acpi mmx fxsr sse sse2 ss ht tm pbe syscall nx rdtscp lm constant_tsc arch_perfmon pebs bts rep_good nopl xtopology nonstop_tsc aperfmperf eagerfpu pni pclmulqdq dtes64 monitor ds_cpl vmx smx est tm2 ssse3 cx16 xtpr pdcm pcid sse4_1 sse4_2 x2apic popcnt tsc_deadline_timer aes xsave avx f16c rdrand lahf_lm ida arat epb pln pts dtherm tpr_shadow vnmi flexpriority ept vpid fsgsbase smep erms xsaveopt
bugs		:
bogomips	: 4589.67
clflush size	: 64
cache_alignment	: 64
address sizes	: 36 bits physical, 48 bits virtual
power management:

processor	: 3
vendor_id	: GenuineIntel
cpu family	: 6
model		: 58
model name	: Intel(R) Core(TM) i5-3427U CPU @ 1.80GHz
stepping	: 9
microcode	: 0x17
cpu MHz		: 2599.988
cache size	: 3072 KB
physical id	: 0
siblings	: 4
core id		: 1
cpu cores	: 2
apicid		: 3
initial apicid	: 3
fpu		: yes
fpu_exception	: yes
cpuid level	: 13
wp		: yes
flags		: fpu vme de pse tsc msr pae mce cx8 apic sep mtrr pge mca cmov pat pse36 clflush dts acpi mmx fxsr sse sse2 ss ht tm pbe syscall nx rdtscp lm constant_tsc arch_perfmon pebs bts rep_good nopl xtopology nonstop_tsc aperfmperf eagerfpu pni pclmulqdq dtes64 monitor ds_cpl vmx smx est tm2 ssse3 cx16 xtpr pdcm pcid sse4_1 sse4_2 x2apic popcnt tsc_deadline_timer aes xsave avx f16c rdrand lahf_lm ida arat epb pln pts dtherm tpr_shadow vnmi flexpriority ept vpid fsgsbase smep erms xsaveopt
bugs		:
bogomips	: 4589.67
clflush size	: 64
cache_alignment	: 64
address sizes	: 36 bits physical, 48 bits virtual
power management:



Memory: 4k page, physical 3864416k(26352k free), swap 4007932k(0k free)

vm_info: OpenJDK 64-Bit Server VM (24.121-b00) for linux-amd64 JRE (1.7.0_121-b00), built on Nov 16 2016 00:46:21 by "buildd" with gcc 4.8.4

time: Tue Mar  7 20:43:35 2017
elapsed time: 213 seconds

