#
# There is insufficient memory for the Java Runtime Environment to continue.
# Native memory allocation (malloc) failed to allocate 74448896 bytes for committing reserved memory.
# Possible reasons:
#   The system is out of physical RAM or swap space
#   In 32 bit mode, the process size limit was hit
# Possible solutions:
#   Reduce memory load on the system
#   Increase physical memory or swap space
#   Check if swap backing store is full
#   Use 64 bit Java on a 64 bit OS
#   Decrease Java heap size (-Xmx/-Xms)
#   Decrease number of Java threads
#   Decrease Java thread stack sizes (-Xss)
#   Set larger code cache with -XX:ReservedCodeCacheSize=
# This output file may be truncated or incomplete.
#
#  Out of Memory Error (os_linux.cpp:2827), pid=5618, tid=140666348746496
#
# JRE version: OpenJDK Runtime Environment (7.0_121) (build 1.7.0_121-b00)
# Java VM: OpenJDK 64-Bit Server VM (24.121-b00 mixed mode linux-amd64 compressed oops)
# Derivative: IcedTea 2.6.8
# Distribution: Ubuntu 14.04 LTS, package 7u121-2.6.8-1ubuntu0.14.04.1
# Failed to write core dump. Core dumps have been disabled. To enable core dumping, try "ulimit -c unlimited" before starting Java again
#

---------------  T H R E A D  ---------------

Current thread (0x00007fef80076000):  VMThread [stack: 0x00007fef6fafb000,0x00007fef6fbfc000] [id=5806]

Stack: [0x00007fef6fafb000,0x00007fef6fbfc000],  sp=0x00007fef6fbfa490,  free space=1021k
Native frames: (J=compiled Java code, j=interpreted, Vv=VM code, C=native code)
V  [libjvm.so+0x95d825]
V  [libjvm.so+0x497994]
V  [libjvm.so+0x7d692b]
V  [libjvm.so+0x7d12ef]
V  [libjvm.so+0x8465eb]
V  [libjvm.so+0x847460]
V  [libjvm.so+0x847b4b]
V  [libjvm.so+0x843538]
V  [libjvm.so+0x843da8]
V  [libjvm.so+0x7f9443]
V  [libjvm.so+0x95f234]
V  [libjvm.so+0x963337]
V  [libjvm.so+0x961df8]
V  [libjvm.so+0x962259]
V  [libjvm.so+0x9626a2]
V  [libjvm.so+0x7d3722]

VM_Operation (0x00007fef8a06e760): ParallelGCFailedAllocation, mode: safepoint, requested by thread 0x00007fef8000a800


---------------  P R O C E S S  ---------------

Java Threads: ( => current thread )
  0x00007fef808e0000 JavaThread "Keep-Alive-Timer" daemon [_thread_blocked, id=5886, stack(0x00007fef6cd29000,0x00007fef6ce2a000)]
  0x00007fef800b1000 JavaThread "Service Thread" daemon [_thread_blocked, id=5834, stack(0x00007fef6ee13000,0x00007fef6ef14000)]
  0x00007fef800ae800 JavaThread "C2 CompilerThread1" daemon [_thread_blocked, id=5833, stack(0x00007fef6ef14000,0x00007fef6f015000)]
  0x00007fef800ab800 JavaThread "C2 CompilerThread0" daemon [_thread_blocked, id=5832, stack(0x00007fef6f015000,0x00007fef6f116000)]
  0x00007fef800a9800 JavaThread "Signal Dispatcher" daemon [_thread_blocked, id=5831, stack(0x00007fef6f116000,0x00007fef6f217000)]
  0x00007fef8007c000 JavaThread "Finalizer" daemon [_thread_blocked, id=5819, stack(0x00007fef6f8f9000,0x00007fef6f9fa000)]
  0x00007fef8007a000 JavaThread "Reference Handler" daemon [_thread_blocked, id=5817, stack(0x00007fef6f9fa000,0x00007fef6fafb000)]
  0x00007fef8000a800 JavaThread "main" [_thread_blocked, id=5762, stack(0x00007fef89f72000,0x00007fef8a073000)]

Other Threads:
=>0x00007fef80076000 VMThread [stack: 0x00007fef6fafb000,0x00007fef6fbfc000] [id=5806]
  0x00007fef800bb800 WatcherThread [stack: 0x00007fef6ed12000,0x00007fef6ee13000] [id=5836]

VM state:at safepoint (normal execution)

VM Mutex/Monitor currently owned by a thread:  ([mutex/lock_event])
[0x00007fef800068a0] Threads_lock - owner thread: 0x00007fef80076000
[0x00007fef80006da0] Heap_lock - owner thread: 0x00007fef8000a800

Heap
 PSYoungGen      total 64000K, used 2544K [0x00000000ec500000, 0x00000000f0600000, 0x0000000100000000)
  eden space 61440K, 0% used [0x00000000ec500000,0x00000000ec500000,0x00000000f0100000)
  from space 2560K, 99% used [0x00000000f0100000,0x00000000f037c010,0x00000000f0380000)
  to   space 2560K, 0% used [0x00000000f0380000,0x00000000f0380000,0x00000000f0600000)
 ParOldGen       total 39936K, used 10726K [0x00000000c5000000, 0x00000000c7700000, 0x00000000ec500000)
  object space 39936K, 26% used [0x00000000c5000000,0x00000000c5a79860,0x00000000c7700000)
 PSPermGen       total 21504K, used 16780K [0x00000000baa00000, 0x00000000bbf00000, 0x00000000c5000000)
  object space 21504K, 78% used [0x00000000baa00000,0x00000000bba63038,0x00000000bbf00000)

Card table byte_map: [0x00007fef86973000,0x00007fef86b9f000] byte_map_base: 0x00007fef8639e000

Polling page: 0x00007fef8a091000

Code Cache  [0x00007fef7d000000, 0x00007fef7d270000, 0x00007fef80000000)
 total_blobs=816 nmethods=286 adapters=483 free_code_cache=47093Kb largest_free_block=48188288

Compilation events (10 events):
Event: 37.871 Thread 0x00007fef800ab800 nmethod 311 0x00007fef7d065790 code [0x00007fef7d065900, 0x00007fef7d065a28]
Event: 37.887 Thread 0x00007fef800ae800  312             org.codehaus.groovy.reflection.ParameterTypes::getParameterTypes (16 bytes)
Event: 37.906 Thread 0x00007fef800ab800  313  s!         sun.misc.URLClassPath::getLoader (154 bytes)
Event: 37.919 Thread 0x00007fef800ae800 nmethod 312 0x00007fef7d206a90 code [0x00007fef7d206d20, 0x00007fef7d207d70]
Event: 37.933 Thread 0x00007fef800ab800 nmethod 313 0x00007fef7d209610 code [0x00007fef7d209820, 0x00007fef7d20a920]
Event: 37.933 Thread 0x00007fef800ae800  314             java.net.URLStreamHandler::parseURL (1158 bytes)
Event: 37.960 Thread 0x00007fef800ab800  315   !         org.json.JSONTokener::next (144 bytes)
Event: 37.964 Thread 0x00007fef800ab800 nmethod 315 0x00007fef7d1fced0 code [0x00007fef7d1fd040, 0x00007fef7d1fd458]
Event: 37.993 Thread 0x00007fef800ab800  316             java.net.URL::getHost (5 bytes)
Event: 37.993 Thread 0x00007fef800ab800 nmethod 316 0x00007fef7d0652d0 code [0x00007fef7d065400, 0x00007fef7d065458]

GC Heap History (9 events):
Event: 5.440 GC heap before
{Heap before GC invocations=1 (full 0):
 PSYoungGen      total 17920K, used 15360K [0x00000000ec500000, 0x00000000ed900000, 0x0000000100000000)
  eden space 15360K, 100% used [0x00000000ec500000,0x00000000ed400000,0x00000000ed400000)
  from space 2560K, 0% used [0x00000000ed680000,0x00000000ed680000,0x00000000ed900000)
  to   space 2560K, 0% used [0x00000000ed400000,0x00000000ed400000,0x00000000ed680000)
 ParOldGen       total 39936K, used 0K [0x00000000c5000000, 0x00000000c7700000, 0x00000000ec500000)
  object space 39936K, 0% used [0x00000000c5000000,0x00000000c5000000,0x00000000c7700000)
 PSPermGen       total 21504K, used 6502K [0x00000000baa00000, 0x00000000bbf00000, 0x00000000c5000000)
  object space 21504K, 30% used [0x00000000baa00000,0x00000000bb059b20,0x00000000bbf00000)
Event: 5.533 GC heap after
Heap after GC invocations=1 (full 0):
 PSYoungGen      total 17920K, used 2534K [0x00000000ec500000, 0x00000000ee800000, 0x0000000100000000)
  eden space 15360K, 0% used [0x00000000ec500000,0x00000000ec500000,0x00000000ed400000)
  from space 2560K, 99% used [0x00000000ed400000,0x00000000ed679b50,0x00000000ed680000)
  to   space 2560K, 0% used [0x00000000ee580000,0x00000000ee580000,0x00000000ee800000)
 ParOldGen       total 39936K, used 8K [0x00000000c5000000, 0x00000000c7700000, 0x00000000ec500000)
  object space 39936K, 0% used [0x00000000c5000000,0x00000000c5002000,0x00000000c7700000)
 PSPermGen       total 21504K, used 6502K [0x00000000baa00000, 0x00000000bbf00000, 0x00000000c5000000)
  object space 21504K, 30% used [0x00000000baa00000,0x00000000bb059b20,0x00000000bbf00000)
}
Event: 8.706 GC heap before
{Heap before GC invocations=2 (full 0):
 PSYoungGen      total 17920K, used 17894K [0x00000000ec500000, 0x00000000ee800000, 0x0000000100000000)
  eden space 15360K, 100% used [0x00000000ec500000,0x00000000ed400000,0x00000000ed400000)
  from space 2560K, 99% used [0x00000000ed400000,0x00000000ed679b50,0x00000000ed680000)
  to   space 2560K, 0% used [0x00000000ee580000,0x00000000ee580000,0x00000000ee800000)
 ParOldGen       total 39936K, used 8K [0x00000000c5000000, 0x00000000c7700000, 0x00000000ec500000)
  object space 39936K, 0% used [0x00000000c5000000,0x00000000c5002000,0x00000000c7700000)
 PSPermGen       total 21504K, used 9055K [0x00000000baa00000, 0x00000000bbf00000, 0x00000000c5000000)
  object space 21504K, 42% used [0x00000000baa00000,0x00000000bb2d7d28,0x00000000bbf00000)
Event: 8.781 GC heap after
Heap after GC invocations=2 (full 0):
 PSYoungGen      total 33280K, used 2538K [0x00000000ec500000, 0x00000000ee800000, 0x0000000100000000)
  eden space 30720K, 0% used [0x00000000ec500000,0x00000000ec500000,0x00000000ee300000)
  from space 2560K, 99% used [0x00000000ee580000,0x00000000ee7fa9d0,0x00000000ee800000)
  to   space 2560K, 0% used [0x00000000ee300000,0x00000000ee300000,0x00000000ee580000)
 ParOldGen       total 39936K, used 1266K [0x00000000c5000000, 0x00000000c7700000, 0x00000000ec500000)
  object space 39936K, 3% used [0x00000000c5000000,0x00000000c513cb88,0x00000000c7700000)
 PSPermGen       total 21504K, used 9055K [0x00000000baa00000, 0x00000000bbf00000, 0x00000000c5000000)
  object space 21504K, 42% used [0x00000000baa00000,0x00000000bb2d7d28,0x00000000bbf00000)
}
Event: 10.929 GC heap before
{Heap before GC invocations=3 (full 0):
 PSYoungGen      total 33280K, used 33258K [0x00000000ec500000, 0x00000000ee800000, 0x0000000100000000)
  eden space 30720K, 100% used [0x00000000ec500000,0x00000000ee300000,0x00000000ee300000)
  from space 2560K, 99% used [0x00000000ee580000,0x00000000ee7fa9d0,0x00000000ee800000)
  to   space 2560K, 0% used [0x00000000ee300000,0x00000000ee300000,0x00000000ee580000)
 ParOldGen       total 39936K, used 1266K [0x00000000c5000000, 0x00000000c7700000, 0x00000000ec500000)
  object space 39936K, 3% used [0x00000000c5000000,0x00000000c513cb88,0x00000000c7700000)
 PSPermGen       total 21504K, used 9834K [0x00000000baa00000, 0x00000000bbf00000, 0x00000000c5000000)
  object space 21504K, 45% used [0x00000000baa00000,0x00000000bb39ab50,0x00000000bbf00000)
Event: 10.994 GC heap after
Heap after GC invocations=3 (full 0):
 PSYoungGen      total 33280K, used 2538K [0x00000000ec500000, 0x00000000f0600000, 0x0000000100000000)
  eden space 30720K, 0% used [0x00000000ec500000,0x00000000ec500000,0x00000000ee300000)
  from space 2560K, 99% used [0x00000000ee300000,0x00000000ee57a930,0x00000000ee580000)
  to   space 2560K, 0% used [0x00000000f0380000,0x00000000f0380000,0x00000000f0600000)
 ParOldGen       total 39936K, used 2895K [0x00000000c5000000, 0x00000000c7700000, 0x00000000ec500000)
  object space 39936K, 7% used [0x00000000c5000000,0x00000000c52d3ef0,0x00000000c7700000)
 PSPermGen       total 21504K, used 9834K [0x00000000baa00000, 0x00000000bbf00000, 0x00000000c5000000)
  object space 21504K, 45% used [0x00000000baa00000,0x00000000bb39ab50,0x00000000bbf00000)
}
Event: 15.394 GC heap before
{Heap before GC invocations=4 (full 0):
 PSYoungGen      total 33280K, used 33258K [0x00000000ec500000, 0x00000000f0600000, 0x0000000100000000)
  eden space 30720K, 100% used [0x00000000ec500000,0x00000000ee300000,0x00000000ee300000)
  from space 2560K, 99% used [0x00000000ee300000,0x00000000ee57a930,0x00000000ee580000)
  to   space 2560K, 0% used [0x00000000f0380000,0x00000000f0380000,0x00000000f0600000)
 ParOldGen       total 39936K, used 2895K [0x00000000c5000000, 0x00000000c7700000, 0x00000000ec500000)
  object space 39936K, 7% used [0x00000000c5000000,0x00000000c52d3ef0,0x00000000c7700000)
 PSPermGen       total 21504K, used 12237K [0x00000000baa00000, 0x00000000bbf00000, 0x00000000c5000000)
  object space 21504K, 56% used [0x00000000baa00000,0x00000000bb5f3500,0x00000000bbf00000)
Event: 15.486 GC heap after
Heap after GC invocations=4 (full 0):
 PSYoungGen      total 64000K, used 2560K [0x00000000ec500000, 0x00000000f0600000, 0x0000000100000000)
  eden space 61440K, 0% used [0x00000000ec500000,0x00000000ec500000,0x00000000f0100000)
  from space 2560K, 100% used [0x00000000f0380000,0x00000000f0600000,0x00000000f0600000)
  to   space 2560K, 0% used [0x00000000f0100000,0x00000000f0100000,0x00000000f0380000)
 ParOldGen       total 39936K, used 6278K [0x00000000c5000000, 0x00000000c7700000, 0x00000000ec500000)
  object space 39936K, 15% used [0x00000000c5000000,0x00000000c5621940,0x00000000c7700000)
 PSPermGen       total 21504K, used 12237K [0x00000000baa00000, 0x00000000bbf00000, 0x00000000c5000000)
  object space 21504K, 56% used [0x00000000baa00000,0x00000000bb5f3500,0x00000000bbf00000)
}
Event: 38.003 GC heap before
{Heap before GC invocations=5 (full 0):
 PSYoungGen      total 64000K, used 64000K [0x00000000ec500000, 0x00000000f0600000, 0x0000000100000000)
  eden space 61440K, 100% used [0x00000000ec500000,0x00000000f0100000,0x00000000f0100000)
  from space 2560K, 100% used [0x00000000f0380000,0x00000000f0600000,0x00000000f0600000)
  to   space 2560K, 0% used [0x00000000f0100000,0x00000000f0100000,0x00000000f0380000)
 ParOldGen       total 39936K, used 6278K [0x00000000c5000000, 0x00000000c7700000, 0x00000000ec500000)
  object space 39936K, 15% used [0x00000000c5000000,0x00000000c5621940,0x00000000c7700000)
 PSPermGen       total 21504K, used 16780K [0x00000000baa00000, 0x00000000bbf00000, 0x00000000c5000000)
  object space 21504K, 78% used [0x00000000baa00000,0x00000000bba63038,0x00000000bbf00000)

Deoptimization events (10 events):
Event: 15.769 Thread 0x00007fef8000a800 Uncommon trap: reason=unstable_if action=reinterpret pc=0x00007fef7d074580 method=java.io.DataInputStream.readUTF(Ljava/io/DataInput;)Ljava/lang/String; @ 31
Event: 16.360 Thread 0x00007fef8000a800 Uncommon trap: reason=unstable_if action=reinterpret pc=0x00007fef7d0688c4 method=java.util.jar.Manifest$FastInputStream.readLine([BII)I @ 87
Event: 16.748 Thread 0x00007fef8000a800 Uncommon trap: reason=bimorphic action=maybe_recompile pc=0x00007fef7d1ed5fc method=java.util.HashMap.<init>(IF)V @ 115
Event: 16.831 Thread 0x00007fef8000a800 Uncommon trap: reason=null_check action=make_not_entrant pc=0x00007fef7d1fbd88 method=java.util.LinkedHashMap.get(Ljava/lang/Object;)Ljava/lang/Object; @ 5
Event: 16.917 Thread 0x00007fef8000a800 Uncommon trap: reason=unstable_if action=reinterpret pc=0x00007fef7d064cec method=java.net.URI.match(CJJ)Z @ 45
Event: 17.126 Thread 0x00007fef8000a800 Uncommon trap: reason=bimorphic action=maybe_recompile pc=0x00007fef7d0bf498 method=java.net.URL.<init>(Ljava/net/URL;Ljava/lang/String;Ljava/net/URLStreamHandler;)V @ 504
Event: 17.208 Thread 0x00007fef8000a800 Uncommon trap: reason=bimorphic action=maybe_recompile pc=0x00007fef7d1ed5fc method=java.util.HashMap.<init>(IF)V @ 115
Event: 17.296 Thread 0x00007fef8000a800 Uncommon trap: reason=unstable_if action=reinterpret pc=0x00007fef7d07a5f0 method=java.lang.String.regionMatches(ZILjava/lang/String;II)Z @ 123
Event: 37.854 Thread 0x00007fef8000a800 Uncommon trap: reason=unstable_if action=reinterpret pc=0x00007fef7d0b57c8 method=java.util.HashMap.put(Ljava/lang/Object;Ljava/lang/Object;)Ljava/lang/Object; @ 19
Event: 37.965 Thread 0x00007fef8000a800 Uncommon trap: reason=unstable_if action=reinterpret pc=0x00007fef7d1fd348 method=org.json.JSONTokener.next()C @ 102

Internal exceptions (10 events):
Event: 37.994 Thread 0x00007fef8000a800 Threw 0x00000000f0043130 at /build/openjdk-7-A9DpoP/openjdk-7-7u121-2.6.8/build/openjdk/hotspot/src/share/vm/classfile/systemDictionary.cpp:185
Event: 37.994 Thread 0x00007fef8000a800 Threw 0x00000000f004f030 at /build/openjdk-7-A9DpoP/openjdk-7-7u121-2.6.8/build/openjdk/hotspot/src/share/vm/prims/jvm.cpp:1322
Event: 37.994 Thread 0x00007fef8000a800 Threw 0x00000000f004ffb0 at /build/openjdk-7-A9DpoP/openjdk-7-7u121-2.6.8/build/openjdk/hotspot/src/share/vm/prims/jvm.cpp:1322
Event: 37.994 Thread 0x00007fef8000a800 Threw 0x00000000f00507f0 at /build/openjdk-7-A9DpoP/openjdk-7-7u121-2.6.8/build/openjdk/hotspot/src/share/vm/prims/jvm.cpp:1322
Event: 37.994 Thread 0x00007fef8000a800 Threw 0x00000000f0050f08 at /build/openjdk-7-A9DpoP/openjdk-7-7u121-2.6.8/build/openjdk/hotspot/src/share/vm/prims/jvm.cpp:1322
Event: 37.995 Thread 0x00007fef8000a800 Threw 0x00000000f00747d8 at /build/openjdk-7-A9DpoP/openjdk-7-7u121-2.6.8/build/openjdk/hotspot/src/share/vm/prims/jvm.cpp:1322
Event: 37.995 Thread 0x00007fef8000a800 Threw 0x00000000f0075718 at /build/openjdk-7-A9DpoP/openjdk-7-7u121-2.6.8/build/openjdk/hotspot/src/share/vm/prims/jvm.cpp:1322
Event: 37.995 Thread 0x00007fef8000a800 Threw 0x00000000f0075f58 at /build/openjdk-7-A9DpoP/openjdk-7-7u121-2.6.8/build/openjdk/hotspot/src/share/vm/prims/jvm.cpp:1322
Event: 37.995 Thread 0x00007fef8000a800 Threw 0x00000000f0076670 at /build/openjdk-7-A9DpoP/openjdk-7-7u121-2.6.8/build/openjdk/hotspot/src/share/vm/prims/jvm.cpp:1322
Event: 37.996 Thread 0x00007fef8000a800 Threw 0x00000000f008e518 at /build/openjdk-7-A9DpoP/openjdk-7-7u121-2.6.8/build/openjdk/hotspot/src/share/vm/classfile/systemDictionary.cpp:185

Events (10 events):
Event: 37.993 loading class 0x00007fef808e6420 done
Event: 37.994 loading class 0x00007fef808e6420
Event: 37.994 loading class 0x00007fef808e6420 done
Event: 37.994 loading class 0x00007fef808e63e0
Event: 37.994 loading class 0x00007fef808e63e0 done
Event: 37.995 loading class 0x00007fef808e63e0
Event: 37.995 loading class 0x00007fef808e63e0 done
Event: 37.996 loading class 0x00007fef808e63e0
Event: 37.996 loading class 0x00007fef808e63e0 done
Event: 38.003 Executing VM operation: ParallelGCFailedAllocation


Dynamic libraries:
00400000-00401000 r-xp 00000000 08:01 1663021                            /usr/lib/jvm/java-7-openjdk-amd64/jre/bin/java
00600000-00601000 r--p 00000000 08:01 1663021                            /usr/lib/jvm/java-7-openjdk-amd64/jre/bin/java
00601000-00602000 rw-p 00001000 08:01 1663021                            /usr/lib/jvm/java-7-openjdk-amd64/jre/bin/java
0248e000-024af000 rw-p 00000000 00:00 0                                  [heap]
baa00000-bbf00000 rw-p 00000000 00:00 0 
bbf00000-c5000000 rw-p 00000000 00:00 0 
c5000000-c7700000 rw-p 00000000 00:00 0 
c7700000-ec500000 rw-p 00000000 00:00 0 
ec500000-f0600000 rw-p 00000000 00:00 0 
f4d00000-100000000 rw-p 00000000 00:00 0 
7fef44000000-7fef44021000 rw-p 00000000 00:00 0 
7fef44021000-7fef48000000 ---p 00000000 00:00 0 
7fef48000000-7fef48021000 rw-p 00000000 00:00 0 
7fef48021000-7fef4c000000 ---p 00000000 00:00 0 
7fef4c000000-7fef4d06b000 rw-p 00000000 00:00 0 
7fef4d06b000-7fef50000000 ---p 00000000 00:00 0 
7fef50000000-7fef50021000 rw-p 00000000 00:00 0 
7fef50021000-7fef54000000 ---p 00000000 00:00 0 
7fef54000000-7fef54021000 rw-p 00000000 00:00 0 
7fef54021000-7fef58000000 ---p 00000000 00:00 0 
7fef58000000-7fef585b5000 rw-p 00000000 00:00 0 
7fef585b5000-7fef5c000000 ---p 00000000 00:00 0 
7fef5c000000-7fef5c021000 rw-p 00000000 00:00 0 
7fef5c021000-7fef60000000 ---p 00000000 00:00 0 
7fef60000000-7fef60021000 rw-p 00000000 00:00 0 
7fef60021000-7fef64000000 ---p 00000000 00:00 0 
7fef64000000-7fef64021000 rw-p 00000000 00:00 0 
7fef64021000-7fef68000000 ---p 00000000 00:00 0 
7fef68000000-7fef68021000 rw-p 00000000 00:00 0 
7fef68021000-7fef6c000000 ---p 00000000 00:00 0 
7fef6cd29000-7fef6cd2c000 ---p 00000000 00:00 0 
7fef6cd2c000-7fef6ce2a000 rw-p 00000000 00:00 0                          [stack:5886]
7fef6ce2a000-7fef6ce2f000 r-xp 00000000 08:01 1572758                    /lib/x86_64-linux-gnu/libnss_dns-2.19.so
7fef6ce2f000-7fef6d02e000 ---p 00005000 08:01 1572758                    /lib/x86_64-linux-gnu/libnss_dns-2.19.so
7fef6d02e000-7fef6d02f000 r--p 00004000 08:01 1572758                    /lib/x86_64-linux-gnu/libnss_dns-2.19.so
7fef6d02f000-7fef6d030000 rw-p 00005000 08:01 1572758                    /lib/x86_64-linux-gnu/libnss_dns-2.19.so
7fef6d030000-7fef6d032000 r-xp 00000000 08:01 1572564                    /lib/x86_64-linux-gnu/libnss_mdns4_minimal.so.2
7fef6d032000-7fef6d231000 ---p 00002000 08:01 1572564                    /lib/x86_64-linux-gnu/libnss_mdns4_minimal.so.2
7fef6d231000-7fef6d232000 r--p 00001000 08:01 1572564                    /lib/x86_64-linux-gnu/libnss_mdns4_minimal.so.2
7fef6d232000-7fef6d233000 rw-p 00002000 08:01 1572564                    /lib/x86_64-linux-gnu/libnss_mdns4_minimal.so.2
7fef6d233000-7fef6d243000 r-xp 00000000 08:01 1662942                    /usr/lib/jvm/java-7-openjdk-amd64/jre/lib/amd64/libnio.so
7fef6d243000-7fef6d443000 ---p 00010000 08:01 1662942                    /usr/lib/jvm/java-7-openjdk-amd64/jre/lib/amd64/libnio.so
7fef6d443000-7fef6d444000 r--p 00010000 08:01 1662942                    /usr/lib/jvm/java-7-openjdk-amd64/jre/lib/amd64/libnio.so
7fef6d444000-7fef6d445000 rw-p 00011000 08:01 1662942                    /usr/lib/jvm/java-7-openjdk-amd64/jre/lib/amd64/libnio.so
7fef6d445000-7fef6d482000 r-xp 00000000 08:01 1572536                    /lib/x86_64-linux-gnu/libpcre.so.3.13.1
7fef6d482000-7fef6d681000 ---p 0003d000 08:01 1572536                    /lib/x86_64-linux-gnu/libpcre.so.3.13.1
7fef6d681000-7fef6d682000 r--p 0003c000 08:01 1572536                    /lib/x86_64-linux-gnu/libpcre.so.3.13.1
7fef6d682000-7fef6d683000 rw-p 0003d000 08:01 1572536                    /lib/x86_64-linux-gnu/libpcre.so.3.13.1
7fef6d683000-7fef6d68a000 r-xp 00000000 08:01 1107289                    /usr/lib/x86_64-linux-gnu/libffi.so.6.0.1
7fef6d68a000-7fef6d889000 ---p 00007000 08:01 1107289                    /usr/lib/x86_64-linux-gnu/libffi.so.6.0.1
7fef6d889000-7fef6d88a000 r--p 00006000 08:01 1107289                    /usr/lib/x86_64-linux-gnu/libffi.so.6.0.1
7fef6d88a000-7fef6d88b000 rw-p 00007000 08:01 1107289                    /usr/lib/x86_64-linux-gnu/libffi.so.6.0.1
7fef6d88b000-7fef6d8a2000 r-xp 00000000 08:01 1570902                    /lib/x86_64-linux-gnu/libresolv-2.19.so
7fef6d8a2000-7fef6daa2000 ---p 00017000 08:01 1570902                    /lib/x86_64-linux-gnu/libresolv-2.19.so
7fef6daa2000-7fef6daa3000 r--p 00017000 08:01 1570902                    /lib/x86_64-linux-gnu/libresolv-2.19.so
7fef6daa3000-7fef6daa4000 rw-p 00018000 08:01 1570902                    /lib/x86_64-linux-gnu/libresolv-2.19.so
7fef6daa4000-7fef6daa6000 rw-p 00000000 00:00 0 
7fef6daa6000-7fef6dac6000 r-xp 00000000 08:01 1572613                    /lib/x86_64-linux-gnu/libselinux.so.1
7fef6dac6000-7fef6dcc5000 ---p 00020000 08:01 1572613                    /lib/x86_64-linux-gnu/libselinux.so.1
7fef6dcc5000-7fef6dcc6000 r--p 0001f000 08:01 1572613                    /lib/x86_64-linux-gnu/libselinux.so.1
7fef6dcc6000-7fef6dcc7000 rw-p 00020000 08:01 1572613                    /lib/x86_64-linux-gnu/libselinux.so.1
7fef6dcc7000-7fef6dcc9000 rw-p 00000000 00:00 0 
7fef6dcc9000-7fef6dccc000 r-xp 00000000 08:01 1107402                    /usr/lib/x86_64-linux-gnu/libgmodule-2.0.so.0.4002.0
7fef6dccc000-7fef6decb000 ---p 00003000 08:01 1107402                    /usr/lib/x86_64-linux-gnu/libgmodule-2.0.so.0.4002.0
7fef6decb000-7fef6decc000 r--p 00002000 08:01 1107402                    /usr/lib/x86_64-linux-gnu/libgmodule-2.0.so.0.4002.0
7fef6decc000-7fef6decd000 rw-p 00003000 08:01 1107402                    /usr/lib/x86_64-linux-gnu/libgmodule-2.0.so.0.4002.0
7fef6decd000-7fef6dfd3000 r-xp 00000000 08:01 1572514                    /lib/x86_64-linux-gnu/libglib-2.0.so.0.4002.0
7fef6dfd3000-7fef6e1d2000 ---p 00106000 08:01 1572514                    /lib/x86_64-linux-gnu/libglib-2.0.so.0.4002.0
7fef6e1d2000-7fef6e1d3000 r--p 00105000 08:01 1572514                    /lib/x86_64-linux-gnu/libglib-2.0.so.0.4002.0
7fef6e1d3000-7fef6e1d4000 rw-p 00106000 08:01 1572514                    /lib/x86_64-linux-gnu/libglib-2.0.so.0.4002.0
7fef6e1d4000-7fef6e1d5000 rw-p 00000000 00:00 0 
7fef6e1d5000-7fef6e224000 r-xp 00000000 08:01 1107418                    /usr/lib/x86_64-linux-gnu/libgobject-2.0.so.0.4002.0
7fef6e224000-7fef6e424000 ---p 0004f000 08:01 1107418                    /usr/lib/x86_64-linux-gnu/libgobject-2.0.so.0.4002.0
7fef6e424000-7fef6e425000 r--p 0004f000 08:01 1107418                    /usr/lib/x86_64-linux-gnu/libgobject-2.0.so.0.4002.0
7fef6e425000-7fef6e426000 rw-p 00050000 08:01 1107418                    /usr/lib/x86_64-linux-gnu/libgobject-2.0.so.0.4002.0
7fef6e426000-7fef6e592000 r-xp 00000000 08:01 1107390                    /usr/lib/x86_64-linux-gnu/libgio-2.0.so.0.4002.0
7fef6e592000-7fef6e791000 ---p 0016c000 08:01 1107390                    /usr/lib/x86_64-linux-gnu/libgio-2.0.so.0.4002.0
7fef6e791000-7fef6e795000 r--p 0016b000 08:01 1107390                    /usr/lib/x86_64-linux-gnu/libgio-2.0.so.0.4002.0
7fef6e795000-7fef6e797000 rw-p 0016f000 08:01 1107390                    /usr/lib/x86_64-linux-gnu/libgio-2.0.so.0.4002.0
7fef6e797000-7fef6e799000 rw-p 00000000 00:00 0 
7fef6e7b2000-7fef6e7b3000 rw-p 00000000 00:00 0 
7fef6e7b3000-7fef6e7ca000 r-xp 00000000 08:01 1662964                    /usr/lib/jvm/java-7-openjdk-amd64/jre/lib/amd64/libnet.so
7fef6e7ca000-7fef6e9c9000 ---p 00017000 08:01 1662964                    /usr/lib/jvm/java-7-openjdk-amd64/jre/lib/amd64/libnet.so
7fef6e9c9000-7fef6e9ca000 r--p 00016000 08:01 1662964                    /usr/lib/jvm/java-7-openjdk-amd64/jre/lib/amd64/libnet.so
7fef6e9ca000-7fef6e9cb000 rw-p 00017000 08:01 1662964                    /usr/lib/jvm/java-7-openjdk-amd64/jre/lib/amd64/libnet.so
7fef6e9cb000-7fef6e9d5000 r--s 000ae000 08:01 1662975                    /usr/lib/jvm/java-7-openjdk-amd64/jre/lib/resources.jar
7fef6e9d5000-7fef6e9d8000 r--s 00023000 08:01 2511636                    /home/sarnobat/github/groovy_libraries/.groovy/lib/maven-shared-utils-0.1.jar
7fef6e9d8000-7fef6e9db000 r--s 0000b000 08:01 2511571                    /home/sarnobat/github/groovy_libraries/.groovy/lib/concurrentlinkedhashmap-lru-1.3.1.jar
7fef6e9db000-7fef6e9dc000 r--s 0000a000 08:01 2511570                    /home/sarnobat/github/groovy_libraries/.groovy/lib/commons-logging-api-1.1.jar
7fef6e9dc000-7fef6e9de000 r--s 00008000 08:01 2511663                    /home/sarnobat/github/groovy_libraries/.groovy/lib/vget-1.1.5.jar
7fef6e9de000-7fef6e9df000 r--s 00004000 08:01 2511639                    /home/sarnobat/github/groovy_libraries/.groovy/lib/opencsv-2.3.jar
7fef6e9df000-7fef6e9ed000 r--s 000ad000 08:01 2511597                    /home/sarnobat/github/groovy_libraries/.groovy/lib/jackson-mapper-asl-1.9.2.jar
7fef6e9ed000-7fef6e9fa000 r--s 000a2000 08:01 2511566                    /home/sarnobat/github/groovy_libraries/.groovy/lib/commons-imaging-1.0-R1480221.jar
7fef6e9fa000-7fef6e9fc000 r--s 00000000 08:01 2511645                    /home/sarnobat/github/groovy_libraries/.groovy/lib/plexus-component-annotations-1.5.5.jar
7fef6e9fc000-7fef6ea00000 r--s 0000c000 08:01 2511662                    /home/sarnobat/github/groovy_libraries/.groovy/lib/validation-api-1.1.0.Final.jar
7fef6ea00000-7fef6ea02000 r--s 00005000 08:01 2511658                    /home/sarnobat/github/groovy_libraries/.groovy/lib/slf4j-api-1.7.5.jar
7fef6ea02000-7fef6ea07000 r--s 0002a000 08:01 2511583                    /home/sarnobat/github/groovy_libraries/.groovy/lib/gson-2.2.4.jar
7fef6ea07000-7fef6ea08000 r--s 00002000 08:01 2511617                    /home/sarnobat/github/groovy_libraries/.groovy/lib/jsch.agentproxy.connector-factory-0.0.6.jar
7fef6ea08000-7fef6ea15000 r--s 00082000 08:01 2511605                    /home/sarnobat/github/groovy_libraries/.groovy/lib/jersey-common-2.0.jar
7fef6ea15000-7fef6ea17000 r--s 0000d000 08:01 2511647                    /home/sarnobat/github/groovy_libraries/.groovy/lib/plexus-interpolation-1.13.jar
7fef6ea17000-7fef6ea3c000 r--s 002e3000 08:01 2511665                    /home/sarnobat/github/groovy_libraries/.groovy/lib/xalan-2.7.1.jar
7fef6ea3c000-7fef6ea3f000 r--s 0001b000 08:01 2511628                    /home/sarnobat/github/groovy_libraries/.groovy/lib/junit-3.8.2.jar
7fef6ea3f000-7fef6ea40000 r--s 00001000 08:01 2511572                    /home/sarnobat/github/groovy_libraries/.groovy/lib/doxia-sink-api-1.0-alpha-7.jar
7fef6ea40000-7fef6ea42000 r--s 00011000 08:01 2511615                    /home/sarnobat/github/groovy_libraries/.groovy/lib/jsch-extension-0.1.3.jar
7fef6ea42000-7fef6ea46000 r--s 00040000 08:01 2511613                    /home/sarnobat/github/groovy_libraries/.groovy/lib/jsch-0.1.53-sources.jar
7fef6ea46000-7fef6ea49000 r--s 00023000 08:01 2511602                    /home/sarnobat/github/groovy_libraries/.groovy/lib/jdom-1.0.jar
7fef6ea49000-7fef6ea4a000 r--s 00003000 08:01 2511574                    /home/sarnobat/github/groovy_libraries/.groovy/lib/geronimo-jta_1.1_spec-1.1.1.jar
7fef6ea4a000-7fef6ea4b000 r--s 00003000 08:01 2511606                    /home/sarnobat/github/groovy_libraries/.groovy/lib/jersey-container-jdk-http-2.0.jar
7fef6ea4b000-7fef6ea4f000 r--s 0003b000 08:01 2511612                    /home/sarnobat/github/groovy_libraries/.groovy/lib/jsch-0.1.50.jar.disabled
7fef6ea4f000-7fef6ea53000 r--s 00032000 08:01 2511650                    /home/sarnobat/github/groovy_libraries/.groovy/lib/rome-1.0.jar
7fef6ea53000-7fef6ea5e000 r--s 00068000 08:01 2511607                    /home/sarnobat/github/groovy_libraries/.groovy/lib/jersey-core-1.17.1.jar
7fef6ea5e000-7fef6ea5f000 r--s 00007000 08:01 2511657                    /home/sarnobat/github/groovy_libraries/.groovy/lib/slf4j-api-1.7.12.jar
7fef6ea5f000-7fef6ea61000 r--s 0000a000 08:01 2511664                    /home/sarnobat/github/groovy_libraries/.groovy/lib/wget-1.2.9.jar
7fef6ea61000-7fef6ea70000 r--s 00095000 08:01 2511660                    /home/sarnobat/github/groovy_libraries/.groovy/lib/sshd-core-0.14.0.jar
7fef6ea70000-7fef6ea71000 r--s 00001000 08:01 2511622                    /home/sarnobat/github/groovy_libraries/.groovy/lib/jsch.agentproxy.usocket-jna-0.0.6.jar
7fef6ea71000-7fef6ea73000 r--s 00000000 08:01 2511619                    /home/sarnobat/github/groovy_libraries/.groovy/lib/jsch.agentproxy.jsch-0.0.6.jar
7fef6ea73000-7fef6ea77000 r--s 0001d000 08:01 2511666                    /home/sarnobat/github/groovy_libraries/.groovy/lib/xbean-reflect-3.4.jar
7fef6ea77000-7fef6ea7c000 r--s 00047000 08:01 2511560                    /home/sarnobat/github/groovy_libraries/.groovy/lib/asm-all-repackaged-2.1.88.jar
7fef6ea7c000-7fef6ea7e000 r--s 00000000 08:01 2511644                    /home/sarnobat/github/groovy_libraries/.groovy/lib/plexus-compiler-manager-2.0.jar
7fef6ea7e000-7fef6ea80000 r--s 00002000 08:01 2511635                    /home/sarnobat/github/groovy_libraries/.groovy/lib/maven-shared-incremental-1.0.jar
7fef6ea80000-7fef6ea82000 r--s 00001000 08:01 2511618                    /home/sarnobat/github/groovy_libraries/.groovy/lib/jsch.agentproxy.core-0.0.6.jar
7fef6ea82000-7fef6ea84000 r--s 00282000 08:01 2511654                    /home/sarnobat/github/groovy_libraries/.groovy/lib/selenium-firefox-driver-2.45.0.jar
7fef6ea84000-7fef6ea86000 r--s 00005000 08:01 2511598                    /home/sarnobat/github/groovy_libraries/.groovy/lib/javax.annotation-api-1.2.jar
7fef6ea86000-7fef6ea87000 r--s 00001000 08:01 2511620                    /home/sarnobat/github/groovy_libraries/.groovy/lib/jsch.agentproxy.pageant-0.0.6.jar
7fef6ea87000-7fef6ea89000 r--s 00000000 08:01 2511621                    /home/sarnobat/github/groovy_libraries/.groovy/lib/jsch.agentproxy.sshagent-0.0.6.jar
7fef6ea89000-7fef6ea8b000 r--s 0000d000 08:01 2511580                    /home/sarnobat/github/groovy_libraries/.groovy/lib/google-oauth-client-1.17.0-rc.jar
7fef6ea8b000-7fef6ea8f000 r--s 00025000 08:01 2511575                    /home/sarnobat/github/groovy_libraries/.groovy/lib/google-api-client-1.17.0-rc.jar
7fef6ea8f000-7fef6ea90000 r--s 00001000 08:01 2511641                    /home/sarnobat/github/groovy_libraries/.groovy/lib/plexus-build-api-0.0.4.jar
7fef6ea90000-7fef6ea93000 r--s 0001b000 08:01 2511627                    /home/sarnobat/github/groovy_libraries/.groovy/lib/junit-3.8.1.jar
7fef6ea93000-7fef6ea97000 r--s 00019000 08:01 2511604                    /home/sarnobat/github/groovy_libraries/.groovy/lib/jersey-client-2.0.jar
7fef6ea97000-7fef6ea99000 r--s 0000d000 08:01 2511616                    /home/sarnobat/github/groovy_libraries/.groovy/lib/jsch-nio-0.1.5.jar
7fef6ea99000-7fef6ea9f000 r--s 00033000 08:01 2511655                    /home/sarnobat/github/groovy_libraries/.groovy/lib/selenium-remote-driver-2.45.0.jar
7fef6ea9f000-7fef6eaa3000 r--s 0002f000 08:01 2511596                    /home/sarnobat/github/groovy_libraries/.groovy/lib/jackson-core-2.1.3.jar
7fef6eaa3000-7fef6eacc000 r--s 001ee000 08:01 2511584                    /home/sarnobat/github/groovy_libraries/.groovy/lib/guava-14.0.1.jar
7fef6eacc000-7fef6eacf000 r--s 00015000 08:01 2511576                    /home/sarnobat/github/groovy_libraries/.groovy/lib/google-api-services-calendar-v3-rev72-1.17.0-rc.jar
7fef6eacf000-7fef6ead1000 r--s 0000b000 08:01 2511587                    /home/sarnobat/github/groovy_libraries/.groovy/lib/hk2-utils-2.1.88.jar
7fef6ead1000-7fef6ead7000 r--s 00042000 08:01 2511625                    /home/sarnobat/github/groovy_libraries/.groovy/lib/jsoup-1.7.2.jar
7fef6ead7000-7fef6eae5000 r--s 0007f000 08:01 2511564                    /home/sarnobat/github/groovy_libraries/.groovy/lib/commons-collections-3.2.1.jar
7fef6eae5000-7fef6eaf0000 r--s 00085000 08:01 2511589                    /home/sarnobat/github/groovy_libraries/.groovy/lib/httpclient-4.3.3.jar
7fef6eaf0000-7fef6eaf1000 r--s 00002000 08:01 2511581                    /home/sarnobat/github/groovy_libraries/.groovy/lib/google-oauth-client-java6-1.17.0-rc.jar
7fef6eaf1000-7fef6eaf2000 r--s 00001000 08:01 2511623                    /home/sarnobat/github/groovy_libraries/.groovy/lib/jsch.agentproxy.usocket-nc-0.0.6.jar
7fef6eaf2000-7fef6eaf6000 r--s 00017000 08:01 2511661                    /home/sarnobat/github/groovy_libraries/.groovy/lib/thumbnailator-0.4.8.jar
7fef6eaf6000-7fef6eaf8000 r--s 0001f000 08:01 2511656                    /home/sarnobat/github/groovy_libraries/.groovy/lib/servlet-api-2.5-20081211.jar
7fef6eaf8000-7fef6eb61000 r--s 003e4000 08:01 2511637                    /home/sarnobat/github/groovy_libraries/.groovy/lib/neo4j-cypher-1.9.2.jar
7fef6eb61000-7fef6eb63000 r--s 0001d000 08:01 2511586                    /home/sarnobat/github/groovy_libraries/.groovy/lib/hk2-locator-2.1.88.jar
7fef6eb63000-7fef6eb67000 r--s 00018000 08:01 2511585                    /home/sarnobat/github/groovy_libraries/.groovy/lib/hk2-api-2.1.88.jar
7fef6eb67000-7fef6eb68000 r--s 00002000 08:01 2511653                    /home/sarnobat/github/groovy_libraries/.groovy/lib/selenium-chrome-driver-2.45.0.jar
7fef6eb68000-7fef6eb6c000 r--s 00024000 08:01 2511608                    /home/sarnobat/github/groovy_libraries/.groovy/lib/jersey-json-1.17.1.jar
7fef6eb6c000-7fef6eb70000 r--s 0002a000 08:01 2511567                    /home/sarnobat/github/groovy_libraries/.groovy/lib/commons-io-2.4.jar
7fef6eb70000-7fef6eb8f000 r--s 00153000 08:01 2511638                    /home/sarnobat/github/groovy_libraries/.groovy/lib/neo4j-kernel-1.9.2.jar
7fef6eb8f000-7fef6eb96000 r--s 00051000 08:01 2511629                    /home/sarnobat/github/groovy_libraries/.groovy/lib/log4j-1.2.12.jar
7fef6eb96000-7fef6eb9a000 r--s 00018000 08:01 2511601                    /home/sarnobat/github/groovy_libraries/.groovy/lib/javax.ws.rs-api-2.0.jar
7fef6eb9a000-7fef6eb9c000 r--s 0000b000 08:01 2511565                    /home/sarnobat/github/groovy_libraries/.groovy/lib/commons-exec-1.1.jar
7fef6eb9c000-7fef6eb9e000 r--s 00001000 08:01 2511659                    /home/sarnobat/github/groovy_libraries/.groovy/lib/slf4j-log4j12-1.7.12.jar
7fef6eb9e000-7fef6eba0000 r--s 00005000 08:01 2511642                    /home/sarnobat/github/groovy_libraries/.groovy/lib/plexus-compiler-api-2.0.jar
7fef6eba0000-7fef6eba1000 r--s 00002000 08:01 2511633                    /home/sarnobat/github/groovy_libraries/.groovy/lib/maven-reporting-api-2.0.6.jar
7fef6eba1000-7fef6eba7000 r--s 0003c000 08:01 2511578                    /home/sarnobat/github/groovy_libraries/.groovy/lib/google-http-client-1.17.0-rc.jar
7fef6eba7000-7fef6ebab000 r--s 00028000 08:01 2511611                    /home/sarnobat/github/groovy_libraries/.groovy/lib/jetty-util-6.1.26.jar
7fef6ebab000-7fef6ebad000 r--s 00009000 08:01 2511631                    /home/sarnobat/github/groovy_libraries/.groovy/lib/maven-compiler-plugin-3.0.jar
7fef6ebad000-7fef6ebb4000 r--s 00058000 08:01 2511569                    /home/sarnobat/github/groovy_libraries/.groovy/lib/commons-lang3-3.2.1.jar
7fef6ebb4000-7fef6ebb6000 r--s 0000a000 08:01 2511563                    /home/sarnobat/github/groovy_libraries/.groovy/lib/commons-codec-1.3.jar
7fef6ebb6000-7fef6ebb8000 r--s 00007000 08:01 2511632                    /home/sarnobat/github/groovy_libraries/.groovy/lib/maven-filtering-1.0-beta-4.jar
7fef6ebb8000-7fef6ebb9000 r--s 00004000 08:01 2511643                    /home/sarnobat/github/groovy_libraries/.groovy/lib/plexus-compiler-javac-2.0.jar
7fef6ebb9000-7fef6ebc0000 r--s 00048000 08:01 2511593                    /home/sarnobat/github/groovy_libraries/.groovy/lib/httpcore-4.4.1.jar
7fef6ebc0000-7fef6ebc4000 r--s 000dc000 08:01 2512041                    /home/sarnobat/github/groovy_libraries/.groovy/lib/jna-4.1.0.jar
7fef6ebc4000-7fef6ebca000 r--s 00043000 08:01 2511573                    /home/sarnobat/github/groovy_libraries/.groovy/lib/genson-0.98.jar
7fef6ebca000-7fef6ebcb000 r--s 00005000 08:01 2511634                    /home/sarnobat/github/groovy_libraries/.groovy/lib/maven-resources-plugin-2.4.3.jar
7fef6ebcb000-7fef6ebcd000 r--s 00005000 08:01 2511595                    /home/sarnobat/github/groovy_libraries/.groovy/lib/httpmime-4.2.3.jar
7fef6ebcd000-7fef6ebd1000 r--s 0003c000 08:01 2511568                    /home/sarnobat/github/groovy_libraries/.groovy/lib/commons-lang-2.4.jar
7fef6ebd1000-7fef6ebd5000 r--s 00030000 08:01 2511648                    /home/sarnobat/github/groovy_libraries/.groovy/lib/plexus-utils-1.5.1.jar
7fef6ebd5000-7fef6ebdc000 r--s 0003f000 08:01 2511561                    /home/sarnobat/github/groovy_libraries/.groovy/lib/cglib-2.1.88.jar
7fef6ebdc000-7fef6ebde000 r--s 00006000 08:01 2511562                    /home/sarnobat/github/groovy_libraries/.groovy/lib/commons-cli-1.0.jar
7fef6ebde000-7fef6ebe1000 r--s 00012000 08:01 2511600                    /home/sarnobat/github/groovy_libraries/.groovy/lib/javax.json-1.0.4.jar
7fef6ebe1000-7fef6ebe2000 r--s 0000f000 08:01 2511624                    /home/sarnobat/github/groovy_libraries/.groovy/lib/json-20131018.jar
7fef6ebe2000-7fef6ebe3000 r--s 00001000 08:01 2511582                    /home/sarnobat/github/groovy_libraries/.groovy/lib/google-oauth-client-jetty-1.17.0-rc.jar
7fef6ebe3000-7fef6ebe8000 r--s 0002b000 08:01 2512040                    /home/sarnobat/github/groovy_libraries/.groovy/lib/fuse-jna-0.0.1-SNAPSHOT.jar
7fef6ebe8000-7fef6ebfa000 r--s 00099000 08:01 2511609                    /home/sarnobat/github/groovy_libraries/.groovy/lib/jersey-server-2.0.jar
7fef6ebfa000-7fef6ebfc000 r--s 00006000 08:01 2511626                    /home/sarnobat/github/groovy_libraries/.groovy/lib/jsr305-2.0.1.jar
7fef6ebfc000-7fef6ebfd000 r--s 00001000 08:01 2511579                    /home/sarnobat/github/groovy_libraries/.groovy/lib/google-http-client-jackson2-1.17.0-rc.jar
7fef6ebfd000-7fef6ebff000 r--s 00002000 08:01 2511646                    /home/sarnobat/github/groovy_libraries/.groovy/lib/plexus-interactivity-api-1.0-alpha-4.jar
7fef6ebff000-7fef6ec00000 r--s 00004000 08:01 2511640                    /home/sarnobat/github/groovy_libraries/.groovy/lib/osgi-resource-locator-1.0.1.jar
7fef6ec00000-7fef6ec05000 r--s 0001d000 08:01 2511652                    /home/sarnobat/github/groovy_libraries/.groovy/lib/selenium-api-2.45.0.jar
7fef6ec05000-7fef6ec0c000 r--s 00064000 08:01 2511630                    /home/sarnobat/github/groovy_libraries/.groovy/lib/mail-1.4.2.jar
7fef6ec0c000-7fef6ec0d000 r--s 00001000 08:01 2511599                    /home/sarnobat/github/groovy_libraries/.groovy/lib/javax.inject-2.1.88.jar
7fef6ec0d000-7fef6ec14000 r--s 00050000 08:01 2511594                    /home/sarnobat/github/groovy_libraries/.groovy/lib/httpcore-nio-4.4.1.jar
7fef6ec14000-7fef6ec18000 r--s 00033000 08:01 2511649                    /home/sarnobat/github/groovy_libraries/.groovy/lib/plexus-utils-2.0.5.jar
7fef6ec18000-7fef6ec1b000 r--s 0001d000 08:01 2511603                    /home/sarnobat/github/groovy_libraries/.groovy/lib/jersey-client-1.17.1.jar
7fef6ec1b000-7fef6ec22000 r--s 0007d000 08:01 2511610                    /home/sarnobat/github/groovy_libraries/.groovy/lib/jetty-6.1.26.jar
7fef6ec22000-7fef6ec93000 r--s 00658000 08:01 2511651                    /home/sarnobat/github/groovy_libraries/.groovy/lib/scala-library-2.10.0.jar
7fef6ec93000-7fef6ec95000 r--s 00008000 08:01 1146709                    /usr/share/java/asm3-util-3.3.2.jar
7fef6ec95000-7fef6ec96000 r--s 00004000 08:01 1148502                    /usr/share/java/ant-launcher-1.9.6.jar
7fef6ec96000-7fef6ec97000 r--s 00004000 08:01 1146595                    /usr/share/java/asm3-analysis-3.3.2.jar
7fef6ec97000-7fef6ecac000 r--s 00124000 08:01 1148695                    /usr/share/java/ivy-2.3.0.jar
7fef6ecac000-7fef6ecae000 r--s 00011000 08:01 1145203                    /usr/share/java/jsp-api-2.1.jar
7fef6ecae000-7fef6ecaf000 r--s 00003000 08:01 1145178                    /usr/share/java/hawtjni-runtime-1.10.jar
7fef6ecaf000-7fef6ecb0000 r--s 00001000 08:01 1148613                    /usr/share/java/jansi-native-1.0.jar
7fef6ecb0000-7fef6ecb1000 r--s 00005000 08:01 1148616                    /usr/share/java/jansi-1.4.jar
7fef6ecb1000-7fef6ecbe000 r--s 00076000 08:01 1145205                    /usr/share/java/xstream-1.4.8.jar
7fef6ecbe000-7fef6ed12000 r--s 004e8000 08:01 1668956                    /usr/share/groovy/lib/groovy-1.8.6.jar
7fef6ed12000-7fef6ed13000 ---p 00000000 00:00 0 
7fef6ed13000-7fef6ee13000 rw-p 00000000 00:00 0                          [stack:5836]
7fef6ee13000-7fef6ee16000 ---p 00000000 00:00 0 
7fef6ee16000-7fef6ef14000 rw-p 00000000 00:00 0                          [stack:5834]
7fef6ef14000-7fef6ef17000 ---p 00000000 00:00 0 
7fef6ef17000-7fef6f015000 rw-p 00000000 00:00 0                          [stack:5833]
7fef6f015000-7fef6f018000 ---p 00000000 00:00 0 
7fef6f018000-7fef6f116000 rw-p 00000000 00:00 0                          [stack:5832]
7fef6f116000-7fef6f119000 ---p 00000000 00:00 0 
7fef6f119000-7fef6f217000 rw-p 00000000 00:00 0                          [stack:5831]
7fef6f217000-7fef6f8f9000 r--p 00000000 08:01 1106118                    /usr/lib/locale/locale-archive
7fef6f8f9000-7fef6f8fc000 ---p 00000000 00:00 0 
7fef6f8fc000-7fef6f9fa000 rw-p 00000000 00:00 0                          [stack:5819]
7fef6f9fa000-7fef6f9fd000 ---p 00000000 00:00 0 
7fef6f9fd000-7fef6fafb000 rw-p 00000000 00:00 0                          [stack:5817]
7fef6fafb000-7fef6fafc000 ---p 00000000 00:00 0 
7fef6fafc000-7fef70000000 rw-p 00000000 00:00 0                          [stack:5806]
7fef70000000-7fef70021000 rw-p 00000000 00:00 0 
7fef70021000-7fef74000000 ---p 00000000 00:00 0 
7fef74000000-7fef74021000 rw-p 00000000 00:00 0 
7fef74021000-7fef78000000 ---p 00000000 00:00 0 
7fef78000000-7fef78021000 rw-p 00000000 00:00 0 
7fef78021000-7fef7c000000 ---p 00000000 00:00 0 
7fef7c000000-7fef7c001000 r--s 0000d000 08:01 1146728                    /usr/share/java/commons-logging-1.2.jar
7fef7c001000-7fef7c006000 r--s 00068000 08:01 1145167                    /usr/share/java/antlr.jar
7fef7c006000-7fef7c008000 r--s 0000a000 08:01 1145172                    /usr/share/java/commons-cli-1.3.1.jar
7fef7c008000-7fef7c00a000 r--s 0000f000 08:01 1148594                    /usr/share/java/jline-1.0.jar
7fef7c00a000-7fef7c00d000 r--s 00010000 08:01 1145187                    /usr/share/java/bsf-2.4.0.jar
7fef7c00d000-7fef7c00f000 r--s 0001b000 08:01 1148200                    /usr/share/java/ant-junit-1.9.6.jar
7fef7c00f000-7fef7c02b000 r--s 00364000 08:01 1149455                    /usr/share/java/CodeNarc-0.17.jar
7fef7c02b000-7fef7c04a000 r--s 001d1000 08:01 1148500                    /usr/share/java/ant-1.9.6.jar
7fef7c04a000-7fef7cc22000 rw-p 00000000 00:00 0 
7fef7cc22000-7fef7cdd5000 r--s 01d41000 08:01 1662976                    /usr/lib/jvm/java-7-openjdk-amd64/jre/lib/rt.jar
7fef7cdd5000-7fef7d000000 rw-p 00000000 00:00 0 
7fef7d000000-7fef7d270000 rwxp 00000000 00:00 0 
7fef7d270000-7fef81559000 rw-p 00000000 00:00 0 
7fef81559000-7fef84000000 ---p 00000000 00:00 0 
7fef84000000-7fef84001000 r--s 0000a000 08:01 1146592                    /usr/share/java/asm3-3.3.2.jar
7fef84001000-7fef84003000 r--s 00007000 08:01 1148589                    /usr/share/java/regexp-1.5.jar
7fef84003000-7fef84006000 r--s 0001e000 08:01 1145202                    /usr/share/java/servlet-api-2.5.jar
7fef84006000-7fef8400f000 r--s 00091000 08:01 1149453                    /usr/share/java/GMetrics-0.5.jar
7fef8400f000-7fef84017000 r--s 00045000 08:01 1145199                    /usr/share/java/junit4-4.12.jar
7fef84017000-7fef863e1000 rw-p 00000000 00:00 0 
7fef863e1000-7fef863e2000 ---p 00000000 00:00 0 
7fef863e2000-7fef864e2000 rw-p 00000000 00:00 0                          [stack:5796]
7fef864e2000-7fef864e3000 ---p 00000000 00:00 0 
7fef864e3000-7fef865e3000 rw-p 00000000 00:00 0                          [stack:5795]
7fef865e3000-7fef865e4000 ---p 00000000 00:00 0 
7fef865e4000-7fef866e4000 rw-p 00000000 00:00 0                          [stack:5794]
7fef866e4000-7fef866e5000 ---p 00000000 00:00 0 
7fef866e5000-7fef867f0000 rw-p 00000000 00:00 0                          [stack:5793]
7fef867f0000-7fef86838000 rw-p 00000000 00:00 0 
7fef86838000-7fef8684c000 rw-p 00000000 00:00 0 
7fef8684c000-7fef86973000 rw-p 00000000 00:00 0 
7fef86973000-7fef8697e000 rw-p 00000000 00:00 0 
7fef8697e000-7fef869c6000 rw-p 00000000 00:00 0 
7fef869c6000-7fef869da000 rw-p 00000000 00:00 0 
7fef869da000-7fef86b00000 rw-p 00000000 00:00 0 
7fef86b00000-7fef86b21000 rw-p 00000000 00:00 0 
7fef86b21000-7fef86b9e000 rw-p 00000000 00:00 0 
7fef86b9e000-7fef86b9f000 rw-p 00000000 00:00 0 
7fef86b9f000-7fef86ba7000 r-xp 00000000 08:01 1662962                    /usr/lib/jvm/java-7-openjdk-amd64/jre/lib/amd64/libzip.so
7fef86ba7000-7fef86da6000 ---p 00008000 08:01 1662962                    /usr/lib/jvm/java-7-openjdk-amd64/jre/lib/amd64/libzip.so
7fef86da6000-7fef86da7000 r--p 00007000 08:01 1662962                    /usr/lib/jvm/java-7-openjdk-amd64/jre/lib/amd64/libzip.so
7fef86da7000-7fef86da8000 rw-p 00008000 08:01 1662962                    /usr/lib/jvm/java-7-openjdk-amd64/jre/lib/amd64/libzip.so
7fef86da8000-7fef86db2000 r-xp 00000000 08:01 1572764                    /lib/x86_64-linux-gnu/libnss_files-2.19.so
7fef86db2000-7fef86fb1000 ---p 0000a000 08:01 1572764                    /lib/x86_64-linux-gnu/libnss_files-2.19.so
7fef86fb1000-7fef86fb2000 r--p 00009000 08:01 1572764                    /lib/x86_64-linux-gnu/libnss_files-2.19.so
7fef86fb2000-7fef86fb3000 rw-p 0000a000 08:01 1572764                    /lib/x86_64-linux-gnu/libnss_files-2.19.so
7fef86fb3000-7fef86fbe000 r-xp 00000000 08:01 1572756                    /lib/x86_64-linux-gnu/libnss_nis-2.19.so
7fef86fbe000-7fef871bd000 ---p 0000b000 08:01 1572756                    /lib/x86_64-linux-gnu/libnss_nis-2.19.so
7fef871bd000-7fef871be000 r--p 0000a000 08:01 1572756                    /lib/x86_64-linux-gnu/libnss_nis-2.19.so
7fef871be000-7fef871bf000 rw-p 0000b000 08:01 1572756                    /lib/x86_64-linux-gnu/libnss_nis-2.19.so
7fef871bf000-7fef871d6000 r-xp 00000000 08:01 1572577                    /lib/x86_64-linux-gnu/libnsl-2.19.so
7fef871d6000-7fef873d5000 ---p 00017000 08:01 1572577                    /lib/x86_64-linux-gnu/libnsl-2.19.so
7fef873d5000-7fef873d6000 r--p 00016000 08:01 1572577                    /lib/x86_64-linux-gnu/libnsl-2.19.so
7fef873d6000-7fef873d7000 rw-p 00017000 08:01 1572577                    /lib/x86_64-linux-gnu/libnsl-2.19.so
7fef873d7000-7fef873d9000 rw-p 00000000 00:00 0 
7fef873d9000-7fef873e2000 r-xp 00000000 08:01 1572576                    /lib/x86_64-linux-gnu/libnss_compat-2.19.so
7fef873e2000-7fef875e1000 ---p 00009000 08:01 1572576                    /lib/x86_64-linux-gnu/libnss_compat-2.19.so
7fef875e1000-7fef875e2000 r--p 00008000 08:01 1572576                    /lib/x86_64-linux-gnu/libnss_compat-2.19.so
7fef875e2000-7fef875e3000 rw-p 00009000 08:01 1572576                    /lib/x86_64-linux-gnu/libnss_compat-2.19.so
7fef875e3000-7fef8760d000 r-xp 00000000 08:01 1662961                    /usr/lib/jvm/java-7-openjdk-amd64/jre/lib/amd64/libjava.so
7fef8760d000-7fef8780d000 ---p 0002a000 08:01 1662961                    /usr/lib/jvm/java-7-openjdk-amd64/jre/lib/amd64/libjava.so
7fef8780d000-7fef8780e000 r--p 0002a000 08:01 1662961                    /usr/lib/jvm/java-7-openjdk-amd64/jre/lib/amd64/libjava.so
7fef8780e000-7fef87810000 rw-p 0002b000 08:01 1662961                    /usr/lib/jvm/java-7-openjdk-amd64/jre/lib/amd64/libjava.so
7fef87810000-7fef87820000 r-xp 00000000 08:01 1662963                    /usr/lib/jvm/java-7-openjdk-amd64/jre/lib/amd64/libverify.so
7fef87820000-7fef87a1f000 ---p 00010000 08:01 1662963                    /usr/lib/jvm/java-7-openjdk-amd64/jre/lib/amd64/libverify.so
7fef87a1f000-7fef87a21000 r--p 0000f000 08:01 1662963                    /usr/lib/jvm/java-7-openjdk-amd64/jre/lib/amd64/libverify.so
7fef87a21000-7fef87a22000 rw-p 00011000 08:01 1662963                    /usr/lib/jvm/java-7-openjdk-amd64/jre/lib/amd64/libverify.so
7fef87a22000-7fef87a29000 r-xp 00000000 08:01 1572760                    /lib/x86_64-linux-gnu/librt-2.19.so
7fef87a29000-7fef87c28000 ---p 00007000 08:01 1572760                    /lib/x86_64-linux-gnu/librt-2.19.so
7fef87c28000-7fef87c29000 r--p 00006000 08:01 1572760                    /lib/x86_64-linux-gnu/librt-2.19.so
7fef87c29000-7fef87c2a000 rw-p 00007000 08:01 1572760                    /lib/x86_64-linux-gnu/librt-2.19.so
7fef87c2a000-7fef87c40000 r-xp 00000000 08:01 1572510                    /lib/x86_64-linux-gnu/libgcc_s.so.1
7fef87c40000-7fef87e3f000 ---p 00016000 08:01 1572510                    /lib/x86_64-linux-gnu/libgcc_s.so.1
7fef87e3f000-7fef87e40000 rw-p 00015000 08:01 1572510                    /lib/x86_64-linux-gnu/libgcc_s.so.1
7fef87e40000-7fef87f45000 r-xp 00000000 08:01 1572453                    /lib/x86_64-linux-gnu/libm-2.19.so
7fef87f45000-7fef88144000 ---p 00105000 08:01 1572453                    /lib/x86_64-linux-gnu/libm-2.19.so
7fef88144000-7fef88145000 r--p 00104000 08:01 1572453                    /lib/x86_64-linux-gnu/libm-2.19.so
7fef88145000-7fef88146000 rw-p 00105000 08:01 1572453                    /lib/x86_64-linux-gnu/libm-2.19.so
7fef88146000-7fef8822c000 r-xp 00000000 08:01 1108444                    /usr/lib/x86_64-linux-gnu/libstdc++.so.6.0.19
7fef8822c000-7fef8842b000 ---p 000e6000 08:01 1108444                    /usr/lib/x86_64-linux-gnu/libstdc++.so.6.0.19
7fef8842b000-7fef88433000 r--p 000e5000 08:01 1108444                    /usr/lib/x86_64-linux-gnu/libstdc++.so.6.0.19
7fef88433000-7fef88435000 rw-p 000ed000 08:01 1108444                    /usr/lib/x86_64-linux-gnu/libstdc++.so.6.0.19
7fef88435000-7fef8844a000 rw-p 00000000 00:00 0 
7fef8844a000-7fef88f78000 r-xp 00000000 08:01 1662935                    /usr/lib/jvm/java-7-openjdk-amd64/jre/lib/amd64/server/libjvm.so
7fef88f78000-7fef89178000 ---p 00b2e000 08:01 1662935                    /usr/lib/jvm/java-7-openjdk-amd64/jre/lib/amd64/server/libjvm.so
7fef89178000-7fef89212000 r--p 00b2e000 08:01 1662935                    /usr/lib/jvm/java-7-openjdk-amd64/jre/lib/amd64/server/libjvm.so
7fef89212000-7fef89235000 rw-p 00bc8000 08:01 1662935                    /usr/lib/jvm/java-7-openjdk-amd64/jre/lib/amd64/server/libjvm.so
7fef89235000-7fef89264000 rw-p 00000000 00:00 0 
7fef89264000-7fef8927c000 r-xp 00000000 08:01 1572646                    /lib/x86_64-linux-gnu/libz.so.1.2.8
7fef8927c000-7fef8947b000 ---p 00018000 08:01 1572646                    /lib/x86_64-linux-gnu/libz.so.1.2.8
7fef8947b000-7fef8947c000 r--p 00017000 08:01 1572646                    /lib/x86_64-linux-gnu/libz.so.1.2.8
7fef8947c000-7fef8947d000 rw-p 00018000 08:01 1572646                    /lib/x86_64-linux-gnu/libz.so.1.2.8
7fef8947d000-7fef89496000 r-xp 00000000 08:01 1572578                    /lib/x86_64-linux-gnu/libpthread-2.19.so
7fef89496000-7fef89695000 ---p 00019000 08:01 1572578                    /lib/x86_64-linux-gnu/libpthread-2.19.so
7fef89695000-7fef89696000 r--p 00018000 08:01 1572578                    /lib/x86_64-linux-gnu/libpthread-2.19.so
7fef89696000-7fef89697000 rw-p 00019000 08:01 1572578                    /lib/x86_64-linux-gnu/libpthread-2.19.so
7fef89697000-7fef8969b000 rw-p 00000000 00:00 0 
7fef8969b000-7fef8969e000 r-xp 00000000 08:01 1572498                    /lib/x86_64-linux-gnu/libdl-2.19.so
7fef8969e000-7fef8989d000 ---p 00003000 08:01 1572498                    /lib/x86_64-linux-gnu/libdl-2.19.so
7fef8989d000-7fef8989e000 r--p 00002000 08:01 1572498                    /lib/x86_64-linux-gnu/libdl-2.19.so
7fef8989e000-7fef8989f000 rw-p 00003000 08:01 1572498                    /lib/x86_64-linux-gnu/libdl-2.19.so
7fef8989f000-7fef89a59000 r-xp 00000000 08:01 1572761                    /lib/x86_64-linux-gnu/libc-2.19.so
7fef89a59000-7fef89c59000 ---p 001ba000 08:01 1572761                    /lib/x86_64-linux-gnu/libc-2.19.so
7fef89c59000-7fef89c5d000 r--p 001ba000 08:01 1572761                    /lib/x86_64-linux-gnu/libc-2.19.so
7fef89c5d000-7fef89c5f000 rw-p 001be000 08:01 1572761                    /lib/x86_64-linux-gnu/libc-2.19.so
7fef89c5f000-7fef89c64000 rw-p 00000000 00:00 0 
7fef89c64000-7fef89c71000 r-xp 00000000 08:01 1662967                    /usr/lib/jvm/java-7-openjdk-amd64/jre/lib/amd64/jli/libjli.so
7fef89c71000-7fef89e70000 ---p 0000d000 08:01 1662967                    /usr/lib/jvm/java-7-openjdk-amd64/jre/lib/amd64/jli/libjli.so
7fef89e70000-7fef89e71000 r--p 0000c000 08:01 1662967                    /usr/lib/jvm/java-7-openjdk-amd64/jre/lib/amd64/jli/libjli.so
7fef89e71000-7fef89e72000 rw-p 0000d000 08:01 1662967                    /usr/lib/jvm/java-7-openjdk-amd64/jre/lib/amd64/jli/libjli.so
7fef89e72000-7fef89e95000 r-xp 00000000 08:01 1572579                    /lib/x86_64-linux-gnu/ld-2.19.so
7fef89e95000-7fef89e97000 r--s 0000c000 08:01 1148183                    /usr/share/java/mockobjects-core-0.09.jar
7fef89e97000-7fef89e99000 r--s 00004000 08:01 1146594                    /usr/share/java/asm3-tree-3.3.2.jar
7fef89e99000-7fef89e9b000 r--s 00012000 08:01 1662979                    /usr/lib/jvm/java-7-openjdk-amd64/jre/lib/ext/zipfs.jar
7fef89e9b000-7fef89e9c000 r--s 00002000 08:01 1662980                    /usr/lib/jvm/java-7-openjdk-amd64/jre/lib/ext/dnsns.jar
7fef89e9c000-7fef89ebc000 rw-p 00000000 00:00 0 
7fef89ebc000-7fef89f72000 rw-p 00000000 00:00 0 
7fef89f72000-7fef89f75000 ---p 00000000 00:00 0 
7fef89f75000-7fef8a078000 rw-p 00000000 00:00 0                          [stack:5762]
7fef8a078000-7fef8a07c000 r--s 00034000 08:01 1662978                    /usr/lib/jvm/java-7-openjdk-amd64/jre/lib/ext/sunjce_provider.jar
7fef8a07c000-7fef8a07e000 r--s 00007000 08:01 1148835                    /usr/share/java/java-atk-wrapper.jar
7fef8a07e000-7fef8a081000 r--s 0000f000 08:01 1662981                    /usr/lib/jvm/java-7-openjdk-amd64/jre/lib/ext/icedtea-sound.jar
7fef8a081000-7fef8a084000 r--s 0003d000 08:01 1662977                    /usr/lib/jvm/java-7-openjdk-amd64/jre/lib/ext/sunpkcs11.jar
7fef8a084000-7fef8a088000 r--s 00085000 08:01 1662982                    /usr/lib/jvm/java-7-openjdk-amd64/jre/lib/ext/localedata.jar
7fef8a088000-7fef8a090000 rw-s 00000000 08:01 2739613                    /tmp/hsperfdata_sarnobat/5618
7fef8a090000-7fef8a091000 rw-p 00000000 00:00 0 
7fef8a091000-7fef8a092000 ---p 00000000 00:00 0 
7fef8a092000-7fef8a094000 rw-p 00000000 00:00 0 
7fef8a094000-7fef8a095000 r--p 00022000 08:01 1572579                    /lib/x86_64-linux-gnu/ld-2.19.so
7fef8a095000-7fef8a096000 rw-p 00023000 08:01 1572579                    /lib/x86_64-linux-gnu/ld-2.19.so
7fef8a096000-7fef8a097000 rw-p 00000000 00:00 0 
7ffde9186000-7ffde91a7000 rw-p 00000000 00:00 0                          [stack]
7ffde91a9000-7ffde91ab000 r--p 00000000 00:00 0                          [vvar]
7ffde91ab000-7ffde91ad000 r-xp 00000000 00:00 0                          [vdso]
ffffffffff600000-ffffffffff601000 r-xp 00000000 00:00 0                  [vsyscall]

VM Arguments:
jvm_args: -Dscript.name=/usr/bin/groovy -Dprogram.name=groovy -Dgroovy.starter.conf=/etc/groovy/groovy-starter.conf -Dgroovy.home=/usr/share/groovy -Dtools.jar=/usr/lib/jvm/java-7-openjdk-amd64/jre/lib/tools.jar 
java_command: org.codehaus.groovy.tools.GroovyStarter --main groovy.ui.GroovyMain --conf /etc/groovy/groovy-starter.conf --classpath . server.groovy /home/sarnobat/yurl
Launcher Type: SUN_STANDARD

Environment Variables:
JAVA_HOME=/usr/lib/jvm/java-7-openjdk-amd64/jre
PATH=/usr/bin:/bin
SHELL=/bin/sh

Signal Handlers:
SIGSEGV: [libjvm.so+0x95e310], sa_mask[0]=0x7ffbfeff, sa_flags=0x10000004
SIGBUS: [libjvm.so+0x95e310], sa_mask[0]=0x7ffbfeff, sa_flags=0x10000004
SIGFPE: [libjvm.so+0x7d1ef0], sa_mask[0]=0x7ffbfeff, sa_flags=0x10000004
SIGPIPE: [libjvm.so+0x7d1ef0], sa_mask[0]=0x7ffbfeff, sa_flags=0x10000004
SIGXFSZ: [libjvm.so+0x7d1ef0], sa_mask[0]=0x7ffbfeff, sa_flags=0x10000004
SIGILL: [libjvm.so+0x7d1ef0], sa_mask[0]=0x7ffbfeff, sa_flags=0x10000004
SIGUSR1: SIG_DFL, sa_mask[0]=0x00000000, sa_flags=0x00000000
SIGUSR2: [libjvm.so+0x7d2020], sa_mask[0]=0x00000000, sa_flags=0x10000004
SIGHUP: [libjvm.so+0x7d1f70], sa_mask[0]=0x7ffbfeff, sa_flags=0x10000004
SIGINT: [libjvm.so+0x7d1f70], sa_mask[0]=0x7ffbfeff, sa_flags=0x10000004
SIGTERM: [libjvm.so+0x7d1f70], sa_mask[0]=0x7ffbfeff, sa_flags=0x10000004
SIGQUIT: [libjvm.so+0x7d1f70], sa_mask[0]=0x7ffbfeff, sa_flags=0x10000004
SIGTRAP: SIG_DFL, sa_mask[0]=0x00000000, sa_flags=0x00000000


---------------  S Y S T E M  ---------------

OS:Ubuntu 14.04 (trusty)
uname:Linux 4.2.0-34-generic #39~14.04.1-Ubuntu SMP Fri Mar 11 11:38:02 UTC 2016 x86_64
libc:glibc 2.19 NPTL 2.19 
rlimit: STACK 8192k, CORE 0k, NPROC 15006, NOFILE 4096, AS infinity
load average:3.72 2.27 1.96

/proc/meminfo:
MemTotal:        3864416 kB
MemFree:           26996 kB
MemAvailable:      64164 kB
Buffers:            2180 kB
Cached:            17328 kB
SwapCached:         6728 kB
Active:          2873092 kB
Inactive:         736412 kB
Active(anon):    2863932 kB
Inactive(anon):   727492 kB
Active(file):       9160 kB
Inactive(file):     8920 kB
Unevictable:           0 kB
Mlocked:               0 kB
SwapTotal:       4007932 kB
SwapFree:              0 kB
Dirty:               512 kB
Writeback:             0 kB
AnonPages:       3584024 kB
Mapped:            15424 kB
Shmem:              1468 kB
Slab:              96868 kB
SReclaimable:      47488 kB
SUnreclaim:        49380 kB
KernelStack:       15568 kB
PageTables:        70588 kB
NFS_Unstable:          0 kB
Bounce:                0 kB
WritebackTmp:          0 kB
CommitLimit:     5940140 kB
Committed_AS:   15844088 kB
VmallocTotal:   34359738367 kB
VmallocUsed:      348064 kB
VmallocChunk:   34358947836 kB
HardwareCorrupted:     0 kB
AnonHugePages:    600064 kB
CmaTotal:              0 kB
CmaFree:               0 kB
HugePages_Total:       0
HugePages_Free:        0
HugePages_Rsvd:        0
HugePages_Surp:        0
Hugepagesize:       2048 kB
DirectMap4k:     1152640 kB
DirectMap2M:     2856960 kB


CPU:total 4 (2 cores per cpu, 2 threads per core) family 6 model 58 stepping 9, cmov, cx8, fxsr, mmx, sse, sse2, sse3, ssse3, sse4.1, sse4.2, popcnt, avx, aes, erms, ht, tsc, tscinvbit, tscinv

/proc/cpuinfo:
processor	: 0
vendor_id	: GenuineIntel
cpu family	: 6
model		: 58
model name	: Intel(R) Core(TM) i5-3427U CPU @ 1.80GHz
stepping	: 9
microcode	: 0x17
cpu MHz		: 2599.988
cache size	: 3072 KB
physical id	: 0
siblings	: 4
core id		: 0
cpu cores	: 2
apicid		: 0
initial apicid	: 0
fpu		: yes
fpu_exception	: yes
cpuid level	: 13
wp		: yes
flags		: fpu vme de pse tsc msr pae mce cx8 apic sep mtrr pge mca cmov pat pse36 clflush dts acpi mmx fxsr sse sse2 ss ht tm pbe syscall nx rdtscp lm constant_tsc arch_perfmon pebs bts rep_good nopl xtopology nonstop_tsc aperfmperf eagerfpu pni pclmulqdq dtes64 monitor ds_cpl vmx smx est tm2 ssse3 cx16 xtpr pdcm pcid sse4_1 sse4_2 x2apic popcnt tsc_deadline_timer aes xsave avx f16c rdrand lahf_lm ida arat epb pln pts dtherm tpr_shadow vnmi flexpriority ept vpid fsgsbase smep erms xsaveopt
bugs		:
bogomips	: 4589.89
clflush size	: 64
cache_alignment	: 64
address sizes	: 36 bits physical, 48 bits virtual
power management:

processor	: 1
vendor_id	: GenuineIntel
cpu family	: 6
model		: 58
model name	: Intel(R) Core(TM) i5-3427U CPU @ 1.80GHz
stepping	: 9
microcode	: 0x17
cpu MHz		: 2599.988
cache size	: 3072 KB
physical id	: 0
siblings	: 4
core id		: 1
cpu cores	: 2
apicid		: 2
initial apicid	: 2
fpu		: yes
fpu_exception	: yes
cpuid level	: 13
wp		: yes
flags		: fpu vme de pse tsc msr pae mce cx8 apic sep mtrr pge mca cmov pat pse36 clflush dts acpi mmx fxsr sse sse2 ss ht tm pbe syscall nx rdtscp lm constant_tsc arch_perfmon pebs bts rep_good nopl xtopology nonstop_tsc aperfmperf eagerfpu pni pclmulqdq dtes64 monitor ds_cpl vmx smx est tm2 ssse3 cx16 xtpr pdcm pcid sse4_1 sse4_2 x2apic popcnt tsc_deadline_timer aes xsave avx f16c rdrand lahf_lm ida arat epb pln pts dtherm tpr_shadow vnmi flexpriority ept vpid fsgsbase smep erms xsaveopt
bugs		:
bogomips	: 4589.89
clflush size	: 64
cache_alignment	: 64
address sizes	: 36 bits physical, 48 bits virtual
power management:

processor	: 2
vendor_id	: GenuineIntel
cpu family	: 6
model		: 58
model name	: Intel(R) Core(TM) i5-3427U CPU @ 1.80GHz
stepping	: 9
microcode	: 0x17
cpu MHz		: 2599.988
cache size	: 3072 KB
physical id	: 0
siblings	: 4
core id		: 0
cpu cores	: 2
apicid		: 1
initial apicid	: 1
fpu		: yes
fpu_exception	: yes
cpuid level	: 13
wp		: yes
flags		: fpu vme de pse tsc msr pae mce cx8 apic sep mtrr pge mca cmov pat pse36 clflush dts acpi mmx fxsr sse sse2 ss ht tm pbe syscall nx rdtscp lm constant_tsc arch_perfmon pebs bts rep_good nopl xtopology nonstop_tsc aperfmperf eagerfpu pni pclmulqdq dtes64 monitor ds_cpl vmx smx est tm2 ssse3 cx16 xtpr pdcm pcid sse4_1 sse4_2 x2apic popcnt tsc_deadline_timer aes xsave avx f16c rdrand lahf_lm ida arat epb pln pts dtherm tpr_shadow vnmi flexpriority ept vpid fsgsbase smep erms xsaveopt
bugs		:
bogomips	: 4589.89
clflush size	: 64
cache_alignment	: 64
address sizes	: 36 bits physical, 48 bits virtual
power management:

processor	: 3
vendor_id	: GenuineIntel
cpu family	: 6
model		: 58
model name	: Intel(R) Core(TM) i5-3427U CPU @ 1.80GHz
stepping	: 9
microcode	: 0x17
cpu MHz		: 2599.988
cache size	: 3072 KB
physical id	: 0
siblings	: 4
core id		: 1
cpu cores	: 2
apicid		: 3
initial apicid	: 3
fpu		: yes
fpu_exception	: yes
cpuid level	: 13
wp		: yes
flags		: fpu vme de pse tsc msr pae mce cx8 apic sep mtrr pge mca cmov pat pse36 clflush dts acpi mmx fxsr sse sse2 ss ht tm pbe syscall nx rdtscp lm constant_tsc arch_perfmon pebs bts rep_good nopl xtopology nonstop_tsc aperfmperf eagerfpu pni pclmulqdq dtes64 monitor ds_cpl vmx smx est tm2 ssse3 cx16 xtpr pdcm pcid sse4_1 sse4_2 x2apic popcnt tsc_deadline_timer aes xsave avx f16c rdrand lahf_lm ida arat epb pln pts dtherm tpr_shadow vnmi flexpriority ept vpid fsgsbase smep erms xsaveopt
bugs		:
bogomips	: 4589.89
clflush size	: 64
cache_alignment	: 64
address sizes	: 36 bits physical, 48 bits virtual
power management:



Memory: 4k page, physical 3864416k(26996k free), swap 4007932k(0k free)

vm_info: OpenJDK 64-Bit Server VM (24.121-b00) for linux-amd64 JRE (1.7.0_121-b00), built on Nov 16 2016 00:46:21 by "buildd" with gcc 4.8.4

time: Wed Feb 15 17:20:40 2017
elapsed time: 38 seconds

